#
# A fatal error has been detected by the Java Runtime Environment:
#
#  SIGSEGV (0xb) at pc=0x00007f4e51ba4440, pid=17903, tid=139976890881808
#
# JRE version: 6.0_18-b07
# Java VM: Java HotSpot(TM) 64-Bit Server VM (16.0-b13 mixed mode linux-amd64 )
# Problematic frame:
# C  [libGL.so.1+0x7f440]
#
# If you would like to submit a bug report, please visit:
#   http://java.sun.com/webapps/bugreport/crash.jsp
# The crash happened outside the Java Virtual Machine in native code.
# See problematic frame for where to report the bug.
#

---------------  T H R E A D  ---------------

Current thread (0x000000000245b000):  JavaThread "main" [_thread_in_native, id=17903, stack(0x00007fff5089d000,0x00007fff5099d000)]

siginfo:si_signo=SIGSEGV: si_errno=0, si_code=1 (SEGV_MAPERR), si_addr=0x0000000000000000

Registers:
RAX=0x0000000000000000, RBX=0x000000000266ffe0, RCX=0x0000003be3769e88, RDX=0x0000000000000000
RSP=0x00007fff5099bb40, RBP=0x00007f4e51ce6020, RSI=0x0000000000000000, RDI=0x0000003be3769e80
R8 =0x0000000000000000, R9 =0x0000000000000000, R10=0x00007fff5099b8e0, R11=0x0000000000000000
R12=0x0000003bf0420790, R13=0x00007f4e51cfc360, R14=0x00000000029dac00, R15=0x0000000000000050
RIP=0x00007f4e51ba4440, EFL=0x0000000000010246, CSGSFS=0x0000000000000033, ERR=0x0000000000000004
  TRAPNO=0x000000000000000e

Top of Stack: (sp=0x00007fff5099bb40)
0x00007fff5099bb40:   00007f4e51ce6020 00000000000045ef
0x00007fff5099bb50:   0000003bf0420790 00007f4e51b954e5
0x00007fff5099bb60:   00007fff5099bb70 000000000000008a
0x00007fff5099bb70:   00007fff5099c060 0000000000000000
0x00007fff5099bb80:   0000003be301f008 0000003be2e0f0cc
0x00007fff5099bb90:   00007f4ef3a13000 00007f4ef3a13590
0x00007fff5099bba0:   00007f4ef306c508 00007f4eedd1f000
0x00007fff5099bbb0:   00007f4ef3a12a38 00007f4ef3806510
0x00007fff5099bbc0:   00007f4ef3806a30 00007f4ef1a5ea30
0x00007fff5099bbd0:   00007f4ef306c000 00007f4ef306ca18
0x00007fff5099bbe0:   00007f4ef2993000 00007f4ef2993520
0x00007fff5099bbf0:   00007f4ef2993a40 00007f4ef21ff000
0x00007fff5099bc00:   00007f4ef21ff530 00007f4ef21ffa48
0x00007fff5099bc10:   00007f4ef1a5e520 00007f4ef134f000
0x00007fff5099bc20:   00007f4ef134f518 00007f4ef134fa28
0x00007fff5099bc30:   00007f4ef0abb000 00007f4ef0abb520
0x00007fff5099bc40:   00007f4ef0abba58 00007f4ef036d000
0x00007fff5099bc50:   00007f4ef036d530 00007f4ef036da58
0x00007fff5099bc60:   00007f4eefad3000 00007f4eefad3518
0x00007fff5099bc70:   00007f4eef2bb000 00007f4eef2bb510
0x00007fff5099bc80:   00007f4eef2bba30 00007f4eeeb61520
0x00007fff5099bc90:   00007f4eeeb61a38 00007f4eee4eaa60
0x00007fff5099bca0:   00007f4eedd1f528 00007f4eedd1fa60
0x00007fff5099bcb0:   00007f4eed6fe000 00007f4eed6fe510
0x00007fff5099bcc0:   00007f4eed6fea30 00007f4eecff6530
0x00007fff5099bcd0:   00007f4eecff6a50 00007f4eec851a48
0x00007fff5099bce0:   00007f4eec239000 00007f4ef3806000
0x00007fff5099bcf0:   00007f4ef1a5e000 00007f4eefad3a28
0x00007fff5099bd00:   00007f4eeeb61000 00007f4eee4ea000
0x00007fff5099bd10:   00007f4eee4ea528 00007f4eecff6000
0x00007fff5099bd20:   00007f4eec851000 00007f4eec851520
0x00007fff5099bd30:   00007f4eec239508 00007f4eec239a18 

Instructions: (pc=0x00007f4e51ba4440)
0x00007f4e51ba4430:   10 48 85 d2 74 43 48 8b 42 10 48 8b 5a 08 31 d2
0x00007f4e51ba4440:   44 8b 20 48 89 df 44 89 e6 e8 42 a9 fb ff 31 d2 

Stack: [0x00007fff5089d000,0x00007fff5099d000],  sp=0x00007fff5099bb40,  free space=3fa0000000000000018k
Native frames: (J=compiled Java code, j=interpreted, Vv=VM code, C=native code)
C  [libGL.so.1+0x7f440]


---------------  P R O C E S S  ---------------

Java Threads: ( => current thread )
  0x00007f4e44005000 JavaThread "Thread-39" [_thread_blocked, id=18177, stack(0x00007f4e535ff000,0x00007f4e54000000)]
  0x00007f4e4c017800 JavaThread "Thread-19" [_thread_in_native, id=18077, stack(0x00007f4e535ff000,0x00007f4e54000000)]
  0x00007f4e4c016800 JavaThread "Thread-18" [_thread_in_native, id=18076, stack(0x00007f4e535ff000,0x00007f4e54000000)]
  0x00007f4e4c014800 JavaThread "Thread-17" [_thread_in_native, id=18075, stack(0x00007f4e535ff000,0x00007f4e54000000)]
  0x00007f4e4c011000 JavaThread "Thread-16" [_thread_in_native, id=18074, stack(0x00007f4e535ff000,0x00007f4e54000000)]
  0x00007f4e4c010000 JavaThread "Thread-15" [_thread_in_native, id=18073, stack(0x00007f4e535ff000,0x00007f4e54000000)]
  0x00007f4e4c00b800 JavaThread "Thread-14" [_thread_in_native, id=18072, stack(0x00007f4e535ff000,0x00007f4e54000000)]
  0x00007f4e4c003800 JavaThread "Thread-13" [_thread_in_native, id=18071, stack(0x00007f4e535ff000,0x00007f4e54000000)]
  0x00007f4e4c002800 JavaThread "Thread-12" [_thread_in_native, id=18047, stack(0x00007f4e535ff000,0x00007f4e54000000)]
  0x00007f4e4c00a800 JavaThread "Thread-11" [_thread_in_native, id=18046, stack(0x00007f4e535ff000,0x00007f4e54000000)]
  0x00007f4e4c009000 JavaThread "Thread-10" [_thread_in_native, id=18011, stack(0x00007f4e535ff000,0x00007f4e54000000)]
  0x00007f4e4c008000 JavaThread "Thread-9" [_thread_in_native, id=17977, stack(0x00007f4e535ff000,0x00007f4e54000000)]
  0x00007f4e4c006800 JavaThread "Thread-8" [_thread_in_native, id=17975, stack(0x00007f4e535ff000,0x00007f4e54000000)]
  0x00007f4e4c001000 JavaThread "Thread-5" [_thread_in_native, id=17939, stack(0x00007f4e535ff000,0x00007f4e54000000)]
  0x00000000029d5000 JavaThread "TimerQueue" daemon [_thread_blocked, id=17937, stack(0x00007f4ec0ac8000,0x00007f4ec0bc9000)]
  0x000000000291c000 JavaThread "AWT-EventQueue-0" [_thread_blocked, id=17936, stack(0x00007f4ec0bc9000,0x00007f4ec0cca000)]
  0x0000000002908000 JavaThread "AWT-Shutdown" [_thread_blocked, id=17935, stack(0x00007f4ec1121000,0x00007f4ec1222000)]
  0x00000000026eb800 JavaThread "AWT-XAWT" daemon [_thread_in_native, id=17929, stack(0x00007f4ec17fc000,0x00007f4ec18fd000)]
  0x000000000269d000 JavaThread "Java2D Disposer" daemon [_thread_blocked, id=17928, stack(0x00007f4ec1b1c000,0x00007f4ec1c1d000)]
  0x0000000002550000 JavaThread "Low Memory Detector" daemon [_thread_blocked, id=17926, stack(0x00007f4ec2251000,0x00007f4ec2352000)]
  0x000000000254e000 JavaThread "CompilerThread1" daemon [_thread_blocked, id=17925, stack(0x00007f4ec2352000,0x00007f4ec2453000)]
  0x000000000254b000 JavaThread "CompilerThread0" daemon [_thread_blocked, id=17924, stack(0x00007f4ec2453000,0x00007f4ec2554000)]
  0x0000000002549000 JavaThread "Signal Dispatcher" daemon [_thread_blocked, id=17923, stack(0x00007f4ec2554000,0x00007f4ec2655000)]
  0x000000000252c800 JavaThread "Finalizer" daemon [_thread_blocked, id=17922, stack(0x00007f4ec2655000,0x00007f4ec2756000)]
  0x000000000252a800 JavaThread "Reference Handler" daemon [_thread_blocked, id=17921, stack(0x00007f4ec2756000,0x00007f4ec2857000)]
=>0x000000000245b000 JavaThread "main" [_thread_in_native, id=17903, stack(0x00007fff5089d000,0x00007fff5099d000)]

Other Threads:
  0x0000000002526000 VMThread [stack: 0x00007f4ec2857000,0x00007f4ec2958000] [id=17920]
  0x0000000002552800 WatcherThread [stack: 0x00007f4ec2150000,0x00007f4ec2251000] [id=17927]

VM state:not at safepoint (normal execution)

VM Mutex/Monitor currently owned by a thread: None

Heap
 PSYoungGen      total 74880K, used 37839K [0x00007f4ed3ab0000, 0x00007f4ed9000000, 0x00007f4ed9000000)
  eden space 64000K, 59% used [0x00007f4ed3ab0000,0x00007f4ed5fa3e98,0x00007f4ed7930000)
  from space 10880K, 0% used [0x00007f4ed7ac0000,0x00007f4ed7ac0000,0x00007f4ed8560000)
  to   space 10880K, 0% used [0x00007f4ed8560000,0x00007f4ed8560000,0x00007f4ed9000000)
 PSOldGen        total 174784K, used 55061K [0x00007f4ec9000000, 0x00007f4ed3ab0000, 0x00007f4ed3ab0000)
  object space 174784K, 31% used [0x00007f4ec9000000,0x00007f4ecc5c5440,0x00007f4ed3ab0000)
 PSPermGen       total 68480K, used 34356K [0x00007f4ec3c00000, 0x00007f4ec7ee0000, 0x00007f4ec9000000)
  object space 68480K, 50% used [0x00007f4ec3c00000,0x00007f4ec5d8d060,0x00007f4ec7ee0000)

Dynamic libraries:
00400000-00402000 r-xp 00000000 09:00 2526212                            /usr/local/lib/scilab-5.2.2/bin/scilab-bin
00601000-00602000 r--p 00001000 09:00 2526212                            /usr/local/lib/scilab-5.2.2/bin/scilab-bin
00602000-00603000 rw-p 00002000 09:00 2526212                            /usr/local/lib/scilab-5.2.2/bin/scilab-bin
0244b000-03343000 rw-p 00000000 00:00 0                                  [heap]
410ab000-410ad000 rwxp 00000000 00:0f 703                                /dev/zero
3be2e00000-3be2e1f000 r-xp 00000000 09:00 3622                           /lib64/ld-2.10.1.so
3be301e000-3be301f000 r--p 0001e000 09:00 3622                           /lib64/ld-2.10.1.so
3be301f000-3be3020000 rw-p 0001f000 09:00 3622                           /lib64/ld-2.10.1.so
3be3200000-3be3201000 r-xp 00000000 09:00 55465                          /usr/lib64/nvidia/tls/libnvidia-tls.so.185.18.36
3be3201000-3be3301000 ---p 00001000 09:00 55465                          /usr/lib64/nvidia/tls/libnvidia-tls.so.185.18.36
3be3301000-3be3302000 rw-p 00001000 09:00 55465                          /usr/lib64/nvidia/tls/libnvidia-tls.so.185.18.36
3be3400000-3be3564000 r-xp 00000000 09:00 6311                           /lib64/libc-2.10.1.so
3be3564000-3be3764000 ---p 00164000 09:00 6311                           /lib64/libc-2.10.1.so
3be3764000-3be3768000 r--p 00164000 09:00 6311                           /lib64/libc-2.10.1.so
3be3768000-3be3769000 rw-p 00168000 09:00 6311                           /lib64/libc-2.10.1.so
3be3769000-3be376e000 rw-p 00000000 00:00 0 
3be3800000-3be3802000 r-xp 00000000 09:00 270374                         /lib64/libdl-2.10.1.so
3be3802000-3be3a02000 ---p 00002000 09:00 270374                         /lib64/libdl-2.10.1.so
3be3a02000-3be3a03000 r--p 00002000 09:00 270374                         /lib64/libdl-2.10.1.so
3be3a03000-3be3a04000 rw-p 00003000 09:00 270374                         /lib64/libdl-2.10.1.so
3be3c00000-3be3c82000 r-xp 00000000 09:00 11622                          /lib64/libm-2.10.1.so
3be3c82000-3be3e82000 ---p 00082000 09:00 11622                          /lib64/libm-2.10.1.so
3be3e82000-3be3e83000 r--p 00082000 09:00 11622                          /lib64/libm-2.10.1.so
3be3e83000-3be3e84000 rw-p 00083000 09:00 11622                          /lib64/libm-2.10.1.so
3be4000000-3be4017000 r-xp 00000000 09:00 262769                         /lib64/libpthread-2.10.1.so
3be4017000-3be4216000 ---p 00017000 09:00 262769                         /lib64/libpthread-2.10.1.so
3be4216000-3be4217000 r--p 00016000 09:00 262769                         /lib64/libpthread-2.10.1.so
3be4217000-3be4218000 rw-p 00017000 09:00 262769                         /lib64/libpthread-2.10.1.so
3be4218000-3be421c000 rw-p 00000000 00:00 0 
3be4800000-3be4934000 r-xp 00000000 09:00 262666                         /usr/lib64/libX11.so.6.2.0
3be4934000-3be4b33000 ---p 00134000 09:00 262666                         /usr/lib64/libX11.so.6.2.0
3be4b33000-3be4b39000 rw-p 00133000 09:00 262666                         /usr/lib64/libX11.so.6.2.0
3be4c00000-3be4c02000 r-xp 00000000 09:00 262162                         /usr/lib64/libXau.so.6.0.0
3be4c02000-3be4e01000 ---p 00002000 09:00 262162                         /usr/lib64/libXau.so.6.0.0
3be4e01000-3be4e02000 rw-p 00001000 09:00 262162                         /usr/lib64/libXau.so.6.0.0
3be5000000-3be501a000 r-xp 00000000 09:00 262665                         /usr/lib64/libxcb.so.1.1.0
3be501a000-3be521a000 ---p 0001a000 09:00 262665                         /usr/lib64/libxcb.so.1.1.0
3be521a000-3be521b000 rw-p 0001a000 09:00 262665                         /usr/lib64/libxcb.so.1.1.0
3be5400000-3be541c000 r-xp 00000000 09:00 262763                         /lib64/libselinux.so.1
3be541c000-3be561b000 ---p 0001c000 09:00 262763                         /lib64/libselinux.so.1
3be561b000-3be561c000 r--p 0001b000 09:00 262763                         /lib64/libselinux.so.1
3be561c000-3be561d000 rw-p 0001c000 09:00 262763                         /lib64/libselinux.so.1
3be561d000-3be561e000 rw-p 00000000 00:00 0 
3be5800000-3be5811000 r-xp 00000000 09:00 262755                         /usr/lib64/libXext.so.6.4.0
3be5811000-3be5a11000 ---p 00011000 09:00 262755                         /usr/lib64/libXext.so.6.4.0
3be5a11000-3be5a12000 rw-p 00011000 09:00 262755                         /usr/lib64/libXext.so.6.4.0
3be5c00000-3be5cdd000 r-xp 00000000 09:00 262670                         /lib64/libglib-2.0.so.0.2000.5
3be5cdd000-3be5edc000 ---p 000dd000 09:00 262670                         /lib64/libglib-2.0.so.0.2000.5
3be5edc000-3be5ede000 rw-p 000dc000 09:00 262670                         /lib64/libglib-2.0.so.0.2000.5
3be6000000-3be6007000 r-xp 00000000 09:00 262770                         /lib64/librt-2.10.1.so
3be6007000-3be6206000 ---p 00007000 09:00 262770                         /lib64/librt-2.10.1.so
3be6206000-3be6207000 r--p 00006000 09:00 262770                         /lib64/librt-2.10.1.so
3be6207000-3be6208000 rw-p 00007000 09:00 262770                         /lib64/librt-2.10.1.so
3be6400000-3be6441000 r-xp 00000000 09:00 262671                         /lib64/libgobject-2.0.so.0.2000.5
3be6441000-3be6641000 ---p 00041000 09:00 262671                         /lib64/libgobject-2.0.so.0.2000.5
3be6641000-3be6643000 rw-p 00041000 09:00 262671                         /lib64/libgobject-2.0.so.0.2000.5
3be6800000-3be6826000 r-xp 00000000 09:00 95997                          /lib64/libexpat.so.1.5.2
3be6826000-3be6a25000 ---p 00026000 09:00 95997                          /lib64/libexpat.so.1.5.2
3be6a25000-3be6a28000 rw-p 00025000 09:00 95997                          /lib64/libexpat.so.1.5.2
3be6c00000-3be6c03000 r-xp 00000000 09:00 262672                         /lib64/libgmodule-2.0.so.0.2000.5
3be6c03000-3be6e02000 ---p 00003000 09:00 262672                         /lib64/libgmodule-2.0.so.0.2000.5
3be6e02000-3be6e03000 rw-p 00002000 09:00 262672                         /lib64/libgmodule-2.0.so.0.2000.5
3be7000000-3be7093000 r-xp 00000000 09:00 95977                          /usr/lib64/libfreetype.so.6.3.20
3be7093000-3be7293000 ---p 00093000 09:00 95977                          /usr/lib64/libfreetype.so.6.3.20
3be7293000-3be7299000 rw-p 00093000 09:00 95977                          /usr/lib64/libfreetype.so.6.3.20
3be7400000-3be7425000 r-xp 00000000 09:00 270373                         /usr/lib64/libpng12.so.0.37.0
3be7425000-3be7624000 ---p 00025000 09:00 270373                         /usr/lib64/libpng12.so.0.37.0
3be7624000-3be7625000 rw-p 00024000 09:00 270373                         /usr/lib64/libpng12.so.0.37.0
3be7800000-3be7833000 r-xp 00000000 09:00 130668                         /usr/lib64/libfontconfig.so.1.4.1
3be7833000-3be7a32000 ---p 00033000 09:00 130668                         /usr/lib64/libfontconfig.so.1.4.1
3be7a32000-3be7a34000 rw-p 00032000 09:00 130668                         /usr/lib64/libfontconfig.so.1.4.1
3be7c00000-3be7c75000 r-xp 00000000 09:00 262764                         /lib64/libgio-2.0.so.0.2000.5
3be7c75000-3be7e75000 ---p 00075000 09:00 262764                         /lib64/libgio-2.0.so.0.2000.5
3be7e75000-3be7e77000 rw-p 00075000 09:00 262764                         /lib64/libgio-2.0.so.0.2000.5
3be7e77000-3be7e78000 rw-p 00000000 00:00 0 
3be8000000-3be803b000 r-xp 00000000 09:00 125888                         /usr/lib64/libibus.so.1.0.0
3be803b000-3be823b000 ---p 0003b000 09:00 125888                         /usr/lib64/libibus.so.1.0.0
3be823b000-3be823e000 rw-p 0003b000 09:00 125888                         /usr/lib64/libibus.so.1.0.0
3be8400000-3be8409000 r-xp 00000000 09:00 262668                         /usr/lib64/libXrender.so.1.3.0
3be8409000-3be8608000 ---p 00009000 09:00 262668                         /usr/lib64/libXrender.so.1.3.0
3be8608000-3be8609000 rw-p 00008000 09:00 262668                         /usr/lib64/libXrender.so.1.3.0
3be8800000-3be8802000 r-xp 00000000 09:00 262756                         /usr/lib64/libXinerama.so.1.0.0
3be8802000-3be8a01000 ---p 00002000 09:00 262756                         /usr/lib64/libXinerama.so.1.0.0
3be8a01000-3be8a02000 rw-p 00001000 09:00 262756                         /usr/lib64/libXinerama.so.1.0.0
3be8c00000-3be8c08000 r-xp 00000000 09:00 262758                         /usr/lib64/libXrandr.so.2.2.0
3be8c08000-3be8e07000 ---p 00008000 09:00 262758                         /usr/lib64/libXrandr.so.2.2.0
3be8e07000-3be8e08000 rw-p 00007000 09:00 262758                         /usr/lib64/libXrandr.so.2.2.0
3be9000000-3be9004000 r-xp 00000000 09:00 262771                         /lib64/libgthread-2.0.so.0.2000.5
3be9004000-3be9203000 ---p 00004000 09:00 262771                         /lib64/libgthread-2.0.so.0.2000.5
3be9203000-3be9204000 rw-p 00003000 09:00 262771                         /lib64/libgthread-2.0.so.0.2000.5
3be9400000-3be9409000 r-xp 00000000 09:00 262760                         /usr/lib64/libXcursor.so.1.0.2
3be9409000-3be9609000 ---p 00009000 09:00 262760                         /usr/lib64/libXcursor.so.1.0.2
3be9609000-3be960a000 rw-p 00009000 09:00 262760                         /usr/lib64/libXcursor.so.1.0.2
3be9800000-3be9805000 r-xp 00000000 09:00 262759                         /usr/lib64/libXfixes.so.3.1.0
3be9805000-3be9a04000 ---p 00005000 09:00 262759                         /usr/lib64/libXfixes.so.3.1.0
3be9a04000-3be9a05000 rw-p 00004000 09:00 262759                         /usr/lib64/libXfixes.so.3.1.0
3bea400000-3bea409000 r-xp 00000000 09:00 262757                         /usr/lib64/libXi.so.6.0.0
3bea409000-3bea609000 ---p 00009000 09:00 262757                         /usr/lib64/libXi.so.6.0.0
3bea609000-3bea60a000 rw-p 00009000 09:00 262757                         /usr/lib64/libXi.so.6.0.0
3bea800000-3bea804000 r-xp 00000000 09:00 27035                          /lib64/libattr.so.1.1.0
3bea804000-3beaa03000 ---p 00004000 09:00 27035                          /lib64/libattr.so.1.1.0
3beaa03000-3beaa04000 rw-p 00003000 09:00 27035                          /lib64/libattr.so.1.1.0
3beac00000-3beac1d000 r-xp 00000000 09:00 262765                         /usr/lib64/libgdk_pixbuf-2.0.so.0.1600.6
3beac1d000-3beae1d000 ---p 0001d000 09:00 262765                         /usr/lib64/libgdk_pixbuf-2.0.so.0.1600.6
3beae1d000-3beae1e000 rw-p 0001d000 09:00 262765                         /usr/lib64/libgdk_pixbuf-2.0.so.0.1600.6
3beb000000-3beb004000 r-xp 00000000 09:00 270409                         /lib64/libcap.so.2.16
3beb004000-3beb203000 ---p 00004000 09:00 270409                         /lib64/libcap.so.2.16
3beb203000-3beb204000 rw-p 00003000 09:00 270409                         /lib64/libcap.so.2.16
3beb400000-3beb43c000 r-xp 00000000 09:00 262781                         /lib64/libdbus-1.so.3.4.0
3beb43c000-3beb63c000 ---p 0003c000 09:00 262781                         /lib64/libdbus-1.so.3.4.0
3beb63c000-3beb63d000 r--p 0003c000 09:00 262781                         /lib64/libdbus-1.so.3.4.0
3beb63d000-3beb63e000 rw-p 0003d000 09:00 262781                         /lib64/libdbus-1.so.3.4.0
3beb800000-3beb802000 r-xp 00000000 09:00 262761                         /usr/lib64/libXcomposite.so.1.0.0
3beb802000-3beba01000 ---p 00002000 09:00 262761                         /usr/lib64/libXcomposite.so.1.0.0
3beba01000-3beba02000 rw-p 00001000 09:00 262761                         /usr/lib64/libXcomposite.so.1.0.0
3bebc00000-3bebc2c000 r-xp 00000000 09:00 262674                         /usr/lib64/libpangoft2-1.0.so.0.2400.5
3bebc2c000-3bebe2b000 ---p 0002c000 09:00 262674                         /usr/lib64/libpangoft2-1.0.so.0.2400.5
3bebe2b000-3bebe2d000 rw-p 0002b000 09:00 262674                         /usr/lib64/libpangoft2-1.0.so.0.2400.5
3bec000000-3bec00b000 r-xp 00000000 09:00 262675                         /usr/lib64/libpangocairo-1.0.so.0.2400.5
3bec00b000-3bec20a000 ---p 0000b000 09:00 262675                         /usr/lib64/libpangocairo-1.0.so.0.2400.5
3bec20a000-3bec20b000 rw-p 0000a000 09:00 262675                         /usr/lib64/libpangocairo-1.0.so.0.2400.5
3bec400000-3bec41d000 r-xp 00000000 09:00 262767                         /usr/lib64/libatk-1.0.so.0.2511.1
3bec41d000-3bec61c000 ---p 0001d000 09:00 262767                         /usr/lib64/libatk-1.0.so.0.2511.1
3bec61c000-3bec61f000 rw-p 0001c000 09:00 262767                         /usr/lib64/libatk-1.0.so.0.2511.1
3bec800000-3becc21000 r-xp 00000000 09:00 262768                         /usr/lib64/libgtk-x11-2.0.so.0.1600.6
3becc21000-3bece20000 ---p 00421000 09:00 262768                         /usr/lib64/libgtk-x11-2.0.so.0.1600.6
3bece20000-3bece2b000 rw-p 00420000 09:00 262768                         /usr/lib64/libgtk-x11-2.0.so.0.1600.6
3bece2b000-3bece2d000 rw-p 00000000 00:00 0 
3bed000000-3bed043000 r-xp 00000000 09:00 66380                          /usr/lib64/libpixman-1.so.0.14.0
3bed043000-3bed242000 ---p 00043000 09:00 66380                          /usr/lib64/libpixman-1.so.0.14.0
3bed242000-3bed245000 rw-p 00042000 09:00 66380                          /usr/lib64/libpixman-1.so.0.14.0
3bed400000-3bed4a5000 r-xp 00000000 09:00 262766                         /usr/lib64/libgdk-x11-2.0.so.0.1600.6
3bed4a5000-3bed6a5000 ---p 000a5000 09:00 262766                         /usr/lib64/libgdk-x11-2.0.so.0.1600.6
3bed6a5000-3bed6aa000 rw-p 000a5000 09:00 262766                         /usr/lib64/libgdk-x11-2.0.so.0.1600.6
3bed800000-3bed846000 r-xp 00000000 09:00 262673                         /usr/lib64/libpango-1.0.so.0.2400.5
3bed846000-3beda46000 ---p 00046000 09:00 262673                         /usr/lib64/libpango-1.0.so.0.2400.5
3beda46000-3beda49000 rw-p 00046000 09:00 262673                         /usr/lib64/libpango-1.0.so.0.2400.5
3bedc00000-3bedc74000 r-xp 00000000 09:00 262669                         /usr/lib64/libcairo.so.2.10800.8
3bedc74000-3bede73000 ---p 00074000 09:00 262669                         /usr/lib64/libcairo.so.2.10800.8
3bede73000-3bede76000 rw-p 00073000 09:00 262669                         /usr/lib64/libcairo.so.2.10800.8
3bee000000-3bee002000 r-xp 00000000 09:00 262762                         /usr/lib64/libXdamage.so.1.1.0
3bee002000-3bee201000 ---p 00002000 09:00 262762                         /usr/lib64/libXdamage.so.1.1.0
3bee201000-3bee202000 rw-p 00001000 09:00 262762                         /usr/lib64/libXdamage.so.1.1.0
3bef000000-3bef016000 r-xp 00000000 09:00 6957                           /lib64/libnsl-2.10.1.so
3bef016000-3bef216000 ---p 00016000 09:00 6957                           /lib64/libnsl-2.10.1.so
3bef216000-3bef217000 r--p 00016000 09:00 6957                           /lib64/libnsl-2.10.1.so
3bef217000-3bef218000 rw-p 00017000 09:00 6957                           /lib64/libnsl-2.10.1.so
3bef218000-3bef21a000 rw-p 00000000 00:00 0 
3bef800000-3bef805000 r-xp 00000000 09:00 262772                         /usr/lib64/libXxf86vm.so.1.0.0
3bef805000-3befa04000 ---p 00005000 09:00 262772                         /usr/lib64/libXxf86vm.so.1.0.0
3befa04000-3befa05000 rw-p 00004000 09:00 262772                         /usr/lib64/libXxf86vm.so.1.0.0
3befc00000-3bf09da000 r-xp 00000000 09:00 34119                          /usr/lib64/nvidia/libGLcore.so.185.18.36
3bf09da000-3bf0ada000 ---p 00dda000 09:00 34119                          /usr/lib64/nvidia/libGLcore.so.185.18.36
3bf0ada000-3bf0f13000 rwxp 00dda000 09:00 34119                          /usr/lib64/nvidia/libGLcore.so.185.18.36
3bf0f13000-3bf0f26000 rwxp 00000000 00:00 0 
3bf2800000-3bf2802000 r-xp 00000000 09:00 107166                         /lib64/libutil-2.10.1.so
3bf2802000-3bf2a01000 ---p 00002000 09:00 107166                         /lib64/libutil-2.10.1.so
3bf2a01000-3bf2a02000 r--p 00001000 09:00 107166                         /lib64/libutil-2.10.1.so
3bf2a02000-3bf2a03000 rw-p 00002000 09:00 107166                         /lib64/libutil-2.10.1.so
3bf3000000-3bf3005000 r-xp 00000000 09:00 270436                         /usr/lib64/libXtst.so.6.1.0
3bf3005000-3bf3205000 ---p 00005000 09:00 270436                         /usr/lib64/libXtst.so.6.1.0
3bf3205000-3bf3206000 rw-p 00005000 09:00 270436                         /usr/lib64/libXtst.so.6.1.0
3bf6400000-3bf6414000 r-xp 00000000 09:00 29307                          /usr/lib64/libXft.so.2.1.13
3bf6414000-3bf6613000 ---p 00014000 09:00 29307                          /usr/lib64/libXft.so.2.1.13
3bf6613000-3bf6614000 rw-p 00013000 09:00 29307                          /usr/lib64/libXft.so.2.1.13
3bf6e00000-3bf6e02000 r-xp 00000000 09:00 81010                          /usr/lib64/libXss.so.1.0.0
3bf6e02000-3bf7002000 ---p 00002000 09:00 81010                          /usr/lib64/libXss.so.1.0.0
3bf7002000-3bf7003000 rw-p 00002000 09:00 81010                          /usr/lib64/libXss.so.1.0.0
7f4e3c000000-7f4e3c05c000 rw-p 00000000 00:00 0 
7f4e3c05c000-7f4e40000000 ---p 00000000 00:00 0 
7f4e44000000-7f4e44021000 rw-p 00000000 00:00 0 
7f4e44021000-7f4e48000000 ---p 00000000 00:00 0 
7f4e482f3000-7f4e4aa7b000 rw-p 00000000 00:00 0 
7f4e4c000000-7f4e4c063000 rw-p 00000000 00:00 0 
7f4e4c063000-7f4e50000000 ---p 00000000 00:00 0 
7f4e514e4000-7f4e514e7000 ---p 00000000 00:00 0 
7f4e514e7000-7f4e515e5000 rwxp 00000000 00:00 0 
7f4e51732000-7f4e51734000 r-xp 00000000 09:00 2525838                    /usr/local/lib/scilab-5.2.2/lib/thirdparty/libjogl_awt.so
7f4e51734000-7f4e51833000 ---p 00002000 09:00 2525838                    /usr/local/lib/scilab-5.2.2/lib/thirdparty/libjogl_awt.so
7f4e51833000-7f4e51834000 rw-p 00001000 09:00 2525838                    /usr/local/lib/scilab-5.2.2/lib/thirdparty/libjogl_awt.so
7f4e51834000-7f4e51835000 r-xp 00000000 09:00 2526431                    /usr/local/lib/scilab-5.2.2/thirdparty/java/lib/amd64/libjawt.so
7f4e51835000-7f4e51934000 ---p 00001000 09:00 2526431                    /usr/local/lib/scilab-5.2.2/thirdparty/java/lib/amd64/libjawt.so
7f4e51934000-7f4e51935000 rw-p 00000000 09:00 2526431                    /usr/local/lib/scilab-5.2.2/thirdparty/java/lib/amd64/libjawt.so
7f4e51935000-7f4e51a24000 r-xp 00000000 09:00 2525930                    /usr/local/lib/scilab-5.2.2/lib/thirdparty/libjogl.so
7f4e51a24000-7f4e51b24000 ---p 000ef000 09:00 2525930                    /usr/local/lib/scilab-5.2.2/lib/thirdparty/libjogl.so
7f4e51b24000-7f4e51b25000 rw-p 000ef000 09:00 2525930                    /usr/local/lib/scilab-5.2.2/lib/thirdparty/libjogl.so
7f4e51b25000-7f4e51bb2000 r-xp 00000000 09:00 55479                      /usr/lib64/nvidia/libGL.so.185.18.36
7f4e51bb2000-7f4e51cb1000 ---p 0008d000 09:00 55479                      /usr/lib64/nvidia/libGL.so.185.18.36
7f4e51cb1000-7f4e51ce6000 rwxp 0008c000 09:00 55479                      /usr/lib64/nvidia/libGL.so.185.18.36
7f4e51ce6000-7f4e51cfd000 rwxp 00000000 00:00 0 
7f4e51cfd000-7f4e51cfe000 r-xp 00000000 09:00 2525767                    /usr/local/lib/scilab-5.2.2/lib/thirdparty/libgluegen-rt.so
7f4e51cfe000-7f4e51dfd000 ---p 00001000 09:00 2525767                    /usr/local/lib/scilab-5.2.2/lib/thirdparty/libgluegen-rt.so
7f4e51dfd000-7f4e51dfe000 rw-p 00000000 09:00 2525767                    /usr/local/lib/scilab-5.2.2/lib/thirdparty/libgluegen-rt.so
7f4e51dfe000-7f4e52578000 r--p 00000000 09:00 11469                      /usr/share/icons/hicolor/icon-theme.cache
7f4e52578000-7f4e52bfe000 r--p 00000000 09:00 14306                      /usr/share/icons/gnome/icon-theme.cache
7f4e52bfe000-7f4e52bff000 ---p 00000000 00:00 0 
7f4e52bff000-7f4e535ff000 rwxp 00000000 00:00 0 
7f4e535ff000-7f4e53602000 ---p 00000000 00:00 0 
7f4e53602000-7f4e54000000 rwxp 00000000 00:00 0 
7f4e54000000-7f4e546d6000 rw-p 00000000 00:00 0 
7f4e546d6000-7f4e58000000 ---p 00000000 00:00 0 
7f4e58000000-7f4e58021000 rw-p 00000000 00:00 0 
7f4e58021000-7f4e5c000000 ---p 00000000 00:00 0 
7f4e5c000000-7f4e5c165000 rw-p 00000000 00:00 0 
7f4e5c165000-7f4e60000000 ---p 00000000 00:00 0 
7f4e60000000-7f4e60021000 rw-p 00000000 00:00 0 
7f4e60021000-7f4e64000000 ---p 00000000 00:00 0 
7f4e64000000-7f4e64021000 rw-p 00000000 00:00 0 
7f4e64021000-7f4e68000000 ---p 00000000 00:00 0 
7f4e68000000-7f4e68021000 rw-p 00000000 00:00 0 
7f4e68021000-7f4e6c000000 ---p 00000000 00:00 0 
7f4e6c000000-7f4e6c021000 rw-p 00000000 00:00 0 
7f4e6c021000-7f4e70000000 ---p 00000000 00:00 0 
7f4e70000000-7f4e70021000 rw-p 00000000 00:00 0 
7f4e70021000-7f4e74000000 ---p 00000000 00:00 0 
7f4e74000000-7f4e7611f000 rw-p 00000000 00:00 0 
7f4e7611f000-7f4e78000000 ---p 00000000 00:00 0 
7f4e78000000-7f4e78f7e000 rw-p 00000000 00:00 0 
7f4e78f7e000-7f4e7c000000 ---p 00000000 00:00 0 
7f4e7c000000-7f4e7c021000 rw-p 00000000 00:00 0 
7f4e7c021000-7f4e80000000 ---p 00000000 00:00 0 
7f4e80000000-7f4e80021000 rw-p 00000000 00:00 0 
7f4e80021000-7f4e84000000 ---p 00000000 00:00 0 
7f4e84000000-7f4e840a8000 rw-p 00000000 00:00 0 
7f4e840a8000-7f4e88000000 ---p 00000000 00:00 0 
7f4e88000000-7f4e88021000 rw-p 00000000 00:00 0 
7f4e88021000-7f4e8c000000 ---p 00000000 00:00 0 
7f4e8c000000-7f4e8c021000 rw-p 00000000 00:00 0 
7f4e8c021000-7f4e90000000 ---p 00000000 00:00 0 
7f4e90000000-7f4e90021000 rw-p 00000000 00:00 0 
7f4e90021000-7f4e94000000 ---p 00000000 00:00 0 
7f4e94000000-7f4e94021000 rw-p 00000000 00:00 0 
7f4e94021000-7f4e98000000 ---p 00000000 00:00 0 
7f4e98000000-7f4e98021000 rw-p 00000000 00:00 0 
7f4e98021000-7f4e9c000000 ---p 00000000 00:00 0 
7f4e9c000000-7f4e9c021000 rw-p 00000000 00:00 0 
7f4e9c021000-7f4ea0000000 ---p 00000000 00:00 0 
7f4ea0000000-7f4ea0021000 rw-p 00000000 00:00 0 
7f4ea0021000-7f4ea4000000 ---p 00000000 00:00 0 
7f4ea4000000-7f4ea4021000 rw-p 00000000 00:00 0 
7f4ea4021000-7f4ea8000000 ---p 00000000 00:00 0 
7f4ea8000000-7f4ea8021000 rw-p 00000000 00:00 0 
7f4ea8021000-7f4eac000000 ---p 00000000 00:00 0 
7f4eac000000-7f4eac021000 rw-p 00000000 00:00 0 
7f4eac021000-7f4eb0000000 ---p 00000000 00:00 0 
7f4eb0000000-7f4eb0021000 rw-p 00000000 00:00 0 
7f4eb0021000-7f4eb4000000 ---p 00000000 00:00 0 
7f4eb4000000-7f4eb4021000 rw-p 00000000 00:00 0 
7f4eb4021000-7f4eb8000000 ---p 00000000 00:00 0 
7f4eb8000000-7f4eb8021000 rw-p 00000000 00:00 0 
7f4eb8021000-7f4ebc000000 ---p 00000000 00:00 0 
7f4ebc000000-7f4ebc021000 rw-p 00000000 00:00 0 
7f4ebc021000-7f4ec0000000 ---p 00000000 00:00 0 
7f4ec000c000-7f4ec0042000 r--s 0071a000 09:00 3495562                    /usr/local/lib/scilab-5.2.2/share/scilab/modules/helptools/jar/scilab_fr_FR_help.jar
7f4ec0042000-7f4ec0091000 rw-s 00000000 00:08 654016676                  /SYSV00000000 (deleted)
7f4ec0091000-7f4ec01de000 rw-s 00000000 00:08 653852841                  /SYSV00000000 (deleted)
7f4ec01de000-7f4ec01e1000 ---p 00000000 00:00 0 
7f4ec01e1000-7f4ec02df000 rwxp 00000000 00:00 0 
7f4ec02df000-7f4ec042b000 rw-s 00000000 00:08 647266471                  /SYSV00000000 (deleted)
7f4ec0568000-7f4ec0679000 rw-s 00000000 00:08 661029032                  /SYSV00000000 (deleted)
7f4ec0679000-7f4ec0689000 r-xp 00000000 09:00 139155                     /usr/lib64/gio/modules/libgioremote-volume-monitor.so
7f4ec0689000-7f4ec0889000 ---p 00010000 09:00 139155                     /usr/lib64/gio/modules/libgioremote-volume-monitor.so
7f4ec0889000-7f4ec088a000 rw-p 00010000 09:00 139155                     /usr/lib64/gio/modules/libgioremote-volume-monitor.so
7f4ec0893000-7f4ec08a2000 r--s 00658000 09:00 2526478                    /usr/local/lib/scilab-5.2.2/thirdparty/java/lib/charsets.jar
7f4ec08a2000-7f4ec08b1000 r--s 00658000 09:00 2526478                    /usr/local/lib/scilab-5.2.2/thirdparty/java/lib/charsets.jar
7f4ec08c7000-7f4ec08e1000 r--s 00000000 09:00 10778                      /usr/share/mime/mime.cache
7f4ec08e1000-7f4ec093d000 r--p 00000000 09:00 48957                      /usr/share/icons/Fedora/icon-theme.cache
7f4ec094c000-7f4ec0955000 r--s 0004f000 09:00 3497141                    /usr/local/lib/scilab-5.2.2/share/scilab/modules/xcos/jar/org.scilab.modules.xcos.jar
7f4ec0955000-7f4ec0957000 r--s 0000b000 09:00 2526229                    /usr/local/lib/scilab-5.2.2/thirdparty/jhdf5.jar
7f4ec0957000-7f4ec095d000 r--s 0004a000 09:00 2526540                    /usr/local/lib/scilab-5.2.2/thirdparty/jgraphx.jar
7f4ec0963000-7f4ec0967000 r--s 000c8000 09:00 3486237                    /usr/local/lib/scilab-5.2.2/thirdparty/java/lib/ext/localedata.jar
7f4ec0967000-7f4ec09c7000 rw-s 00000000 00:08 647200905                  /SYSV00000000 (deleted)
7f4ec09c7000-7f4ec09ca000 ---p 00000000 00:00 0 
7f4ec09ca000-7f4ec0ac8000 rwxp 00000000 00:00 0 
7f4ec0ac8000-7f4ec0acb000 ---p 00000000 00:00 0 
7f4ec0acb000-7f4ec0bc9000 rwxp 00000000 00:00 0 
7f4ec0bc9000-7f4ec0bcc000 ---p 00000000 00:00 0 
7f4ec0bcc000-7f4ec0cca000 rwxp 00000000 00:00 0 
7f4ec0cca000-7f4ec0cdf000 r-xp 00000000 09:00 10016                      /usr/lib64/libgvfscommon.so.0.0.0
7f4ec0cdf000-7f4ec0edf000 ---p 00015000 09:00 10016                      /usr/lib64/libgvfscommon.so.0.0.0
7f4ec0edf000-7f4ec0ee0000 rw-p 00015000 09:00 10016                      /usr/lib64/libgvfscommon.so.0.0.0
7f4ec0ee2000-7f4ec0eef000 r--p 00000000 09:00 32977                      /usr/share/icons/Mist/icon-theme.cache
7f4ec0ef0000-7f4ec0ef1000 rw-p 00000000 00:00 0 
7f4ec0ef1000-7f4ec0ef2000 r--s 00004000 09:00 2526508                    /usr/local/lib/scilab-5.2.2/thirdparty/gluegen-rt.jar
7f4ec0ef2000-7f4ec0efd000 r--s 00108000 09:00 2526551                    /usr/local/lib/scilab-5.2.2/thirdparty/jogl.jar
7f4ec0efe000-7f4ec0f02000 r--s 00024000 09:00 3498597                    /usr/local/lib/scilab-5.2.2/share/scilab/modules/xpad/jar/org.scilab.modules.xpad.jar
7f4ec0f02000-7f4ec0f1f000 r-xp 00000000 09:00 139156                     /usr/lib64/gio/modules/libgvfsdbus.so
7f4ec0f1f000-7f4ec111f000 ---p 0001d000 09:00 139156                     /usr/lib64/gio/modules/libgvfsdbus.so
7f4ec111f000-7f4ec1120000 rw-p 0001d000 09:00 139156                     /usr/lib64/gio/modules/libgvfsdbus.so
7f4ec1121000-7f4ec1124000 ---p 00000000 00:00 0 
7f4ec1124000-7f4ec1222000 rwxp 00000000 00:00 0 
7f4ec1222000-7f4ec1225000 ---p 00000000 00:00 0 
7f4ec1225000-7f4ec1323000 rwxp 00000000 00:00 0 
7f4ec1323000-7f4ec1328000 r-xp 00000000 09:00 94558                      /usr/lib64/gtk-2.0/2.10.0/immodules/im-ibus.so
7f4ec1328000-7f4ec1528000 ---p 00005000 09:00 94558                      /usr/lib64/gtk-2.0/2.10.0/immodules/im-ibus.so
7f4ec1528000-7f4ec1529000 rw-p 00005000 09:00 94558                      /usr/lib64/gtk-2.0/2.10.0/immodules/im-ibus.so
7f4ec1529000-7f4ec15c1000 r--p 00000000 09:00 11249                      /usr/share/fonts/dejavu/DejaVuSans.ttf
7f4ec15c1000-7f4ec15d3000 r-xp 00000000 09:00 45401                      /usr/lib64/gtk-2.0/2.10.0/engines/libnodoka.so
7f4ec15d3000-7f4ec17d3000 ---p 00012000 09:00 45401                      /usr/lib64/gtk-2.0/2.10.0/engines/libnodoka.so
7f4ec17d3000-7f4ec17d4000 rw-p 00012000 09:00 45401                      /usr/lib64/gtk-2.0/2.10.0/engines/libnodoka.so
7f4ec17d4000-7f4ec17fc000 r--p 00000000 09:00 532351                     /usr/share/locale/fr/LC_MESSAGES/gtk20-properties.mo
7f4ec17fc000-7f4ec17ff000 ---p 00000000 00:00 0 
7f4ec17ff000-7f4ec18fd000 rwxp 00000000 00:00 0 
7f4ec18fd000-7f4ec1904000 r-xp 00000000 09:00 2526404                    /usr/local/lib/scilab-5.2.2/thirdparty/java/lib/amd64/libnio.so
7f4ec1904000-7f4ec1a03000 ---p 00007000 09:00 2526404                    /usr/local/lib/scilab-5.2.2/thirdparty/java/lib/amd64/libnio.so
7f4ec1a03000-7f4ec1a05000 rw-p 00006000 09:00 2526404                    /usr/local/lib/scilab-5.2.2/thirdparty/java/lib/amd64/libnio.so
7f4ec1a05000-7f4ec1a18000 r-xp 00000000 09:00 2526432                    /usr/local/lib/scilab-5.2.2/thirdparty/java/lib/amd64/libnet.so
7f4ec1a18000-7f4ec1b19000 ---p 00013000 09:00 2526432                    /usr/local/lib/scilab-5.2.2/thirdparty/java/lib/amd64/libnet.so
7f4ec1b19000-7f4ec1b1c000 rw-p 00014000 09:00 2526432                    /usr/local/lib/scilab-5.2.2/thirdparty/java/lib/amd64/libnet.so
7f4ec1b1c000-7f4ec1b1f000 ---p 00000000 00:00 0 
7f4ec1b1f000-7f4ec1c1d000 rwxp 00000000 00:00 0 
7f4ec1c1d000-7f4ec1c9b000 r-xp 00000000 09:00 2526407                    /usr/local/lib/scilab-5.2.2/thirdparty/java/lib/amd64/libfontmanager.so
7f4ec1c9b000-7f4ec1d9a000 ---p 0007e000 09:00 2526407                    /usr/local/lib/scilab-5.2.2/thirdparty/java/lib/amd64/libfontmanager.so
7f4ec1d9a000-7f4ec1db0000 rw-p 0007d000 09:00 2526407                    /usr/local/lib/scilab-5.2.2/thirdparty/java/lib/amd64/libfontmanager.so
7f4ec1db0000-7f4ec1dc1000 rw-p 00000000 00:00 0 
7f4ec1dc1000-7f4ec1e03000 r-xp 00000000 09:00 2526426                    /usr/local/lib/scilab-5.2.2/thirdparty/java/lib/amd64/xawt/libmawt.so
7f4ec1e03000-7f4ec1f02000 ---p 00042000 09:00 2526426                    /usr/local/lib/scilab-5.2.2/thirdparty/java/lib/amd64/xawt/libmawt.so
7f4ec1f02000-7f4ec1f0d000 rw-p 00041000 09:00 2526426                    /usr/local/lib/scilab-5.2.2/thirdparty/java/lib/amd64/xawt/libmawt.so
7f4ec1f0d000-7f4ec1f0f000 rw-p 00000000 00:00 0 
7f4ec1f0f000-7f4ec1fa1000 r-xp 00000000 09:00 2526408                    /usr/local/lib/scilab-5.2.2/thirdparty/java/lib/amd64/libawt.so
7f4ec1fa1000-7f4ec20a0000 ---p 00092000 09:00 2526408                    /usr/local/lib/scilab-5.2.2/thirdparty/java/lib/amd64/libawt.so
7f4ec20a0000-7f4ec20b9000 rw-p 00091000 09:00 2526408                    /usr/local/lib/scilab-5.2.2/thirdparty/java/lib/amd64/libawt.so
7f4ec20b9000-7f4ec20de000 rw-p 00000000 00:00 0 
7f4ec20de000-7f4ec20e5000 r--s 00000000 09:00 5866                       /usr/lib64/gconv/gconv-modules.cache
7f4ec20e5000-7f4ec214e000 r--p 00000000 09:00 3488255                    /usr/local/lib/scilab-5.2.2/share/locale/fr_FR/LC_MESSAGES/scilab.mo
7f4ec214e000-7f4ec2150000 r--s 00001000 09:00 3499088                    /usr/local/lib/scilab-5.2.2/share/scilab/modules/jvm/jar/org.scilab.modules.jvm.jar
7f4ec2150000-7f4ec2151000 ---p 00000000 00:00 0 
7f4ec2151000-7f4ec2251000 rwxp 00000000 00:00 0 
7f4ec2251000-7f4ec2254000 ---p 00000000 00:00 0 
7f4ec2254000-7f4ec2352000 rwxp 00000000 00:00 0 
7f4ec2352000-7f4ec2355000 ---p 00000000 00:00 0 
7f4ec2355000-7f4ec2453000 rwxp 00000000 00:00 0 
7f4ec2453000-7f4ec2456000 ---p 00000000 00:00 0 
7f4ec2456000-7f4ec2554000 rwxp 00000000 00:00 0 
7f4ec2554000-7f4ec2557000 ---p 00000000 00:00 0 
7f4ec2557000-7f4ec2655000 rwxp 00000000 00:00 0 
7f4ec2655000-7f4ec2658000 ---p 00000000 00:00 0 
7f4ec2658000-7f4ec2756000 rwxp 00000000 00:00 0 
7f4ec2756000-7f4ec2759000 ---p 00000000 00:00 0 
7f4ec2759000-7f4ec2857000 rwxp 00000000 00:00 0 
7f4ec2857000-7f4ec2858000 ---p 00000000 00:00 0 
7f4ec2858000-7f4ec2958000 rwxp 00000000 00:00 0 
7f4ec2958000-7f4ec3766000 rw-p 00000000 00:00 0 
7f4ec3766000-7f4ec38fd000 r--s 02ab6000 09:00 2526467                    /usr/local/lib/scilab-5.2.2/thirdparty/java/lib/rt.jar
7f4ec38fd000-7f4ec38fe000 ---p 00000000 00:00 0 
7f4ec38fe000-7f4ec39fe000 rwxp 00000000 00:00 0 
7f4ec39fe000-7f4ec39ff000 ---p 00000000 00:00 0 
7f4ec39ff000-7f4ec3aff000 rwxp 00000000 00:00 0 
7f4ec3aff000-7f4ec3b00000 ---p 00000000 00:00 0 
7f4ec3b00000-7f4ec3c00000 rwxp 00000000 00:00 0 
7f4ec3c00000-7f4ec7ee0000 rw-p 00000000 00:00 0 
7f4ec7ee0000-7f4ec9000000 rw-p 00000000 00:00 0 
7f4ec9000000-7f4ed9000000 rw-p 00000000 00:00 0 
7f4ed9000000-7f4ed92b0000 rwxp 00000000 00:00 0 
7f4ed92b0000-7f4edc273000 rw-p 00000000 00:00 0 
7f4edc273000-7f4ee0000000 ---p 00000000 00:00 0 
7f4ee0000000-7f4ee0007000 r--s 00111000 09:00 2526355                    /usr/local/lib/scilab-5.2.2/thirdparty/java/lib/resources.jar
7f4ee0007000-7f4ee000d000 r--s 00024000 09:00 3504846                    /usr/local/lib/scilab-5.2.2/share/scilab/modules/renderer/jar/org.scilab.modules.renderer.jar
7f4ee000d000-7f4ee0018000 r--p 00000000 09:00 94600                      /usr/share/locale/fr/LC_MESSAGES/glib20.mo
7f4ee0018000-7f4ee002b000 r--p 00000000 09:00 94773                      /usr/share/locale/fr/LC_MESSAGES/gtk20.mo
7f4ee002b000-7f4ee0035000 r--s 0004a000 09:00 3489405                    /usr/local/lib/scilab-5.2.2/share/scilab/modules/gui/jar/org.scilab.modules.gui.jar
7f4ee0035000-7f4ee0036000 r--s 00000000 09:00 3500272                    /usr/local/lib/scilab-5.2.2/share/scilab/modules/action_binding/jar/org.scilab.modules.action_binding.jar
7f4ee0036000-7f4ee0037000 r--s 00000000 09:00 3490441                    /usr/local/lib/scilab-5.2.2/share/scilab/modules/localization/jar/org.scilab.modules.localization.jar
7f4ee0037000-7f4ee0039000 r--s 0000a000 09:00 3497021                    /usr/local/lib/scilab-5.2.2/share/scilab/modules/console/jar/org.scilab.modules.console.jar
7f4ee0039000-7f4ee003a000 r--s 00000000 09:00 3494430                    /usr/local/lib/scilab-5.2.2/share/scilab/modules/completion/jar/org.scilab.modules.completion.jar
7f4ee003a000-7f4ee003b000 r--s 00000000 09:00 3499431                    /usr/local/lib/scilab-5.2.2/share/scilab/modules/history_manager/jar/org.scilab.modules.history_manager.jar
7f4ee003b000-7f4ee003c000 r--s 00000000 09:00 3498556                    /usr/local/lib/scilab-5.2.2/share/scilab/modules/shell/jar/org.scilab.modules.shell.jar
7f4ee003c000-7f4ee003e000 r--s 00006000 09:00 3488337                    /usr/local/lib/scilab-5.2.2/share/scilab/modules/hdf5/jar/org.scilab.modules.hdf5.jar
7f4ee003e000-7f4ee0048000 r--s 00087000 09:00 2526239                    /usr/local/lib/scilab-5.2.2/thirdparty/jhall.jar
7f4ee0048000-7f4ee0049000 r--s 0000c000 09:00 2526238                    /usr/local/lib/scilab-5.2.2/thirdparty/commons-logging.jar
7f4ee0049000-7f4ee0052000 r--s 0005b000 09:00 2526230                    /usr/local/lib/scilab-5.2.2/thirdparty/looks-2.1.1.jar
7f4ee0052000-7f4ee0075000 r--p 00000000 09:00 270348                     /usr/share/locale/fr/LC_MESSAGES/libc.mo
7f4ee0075000-7f4ee0076000 ---p 00000000 00:00 0 
7f4ee0076000-7f4ee0176000 rwxp 00000000 00:00 0 
7f4ee0176000-7f4ee0177000 ---p 00000000 00:00 0 
7f4ee0177000-7f4ee0277000 rwxp 00000000 00:00 0 
7f4ee0277000-7f4ee0278000 ---p 00000000 00:00 0 
7f4ee0278000-7f4ee0378000 rwxp 00000000 00:00 0 
7f4ee0378000-7f4ee0379000 ---p 00000000 00:00 0 
7f4ee0379000-7f4ee0479000 rwxp 00000000 00:00 0 
7f4ee0479000-7f4ee047a000 ---p 00000000 00:00 0 
7f4ee047a000-7f4ee057a000 rwxp 00000000 00:00 0 
7f4ee057a000-7f4ee057b000 ---p 00000000 00:00 0 
7f4ee057b000-7f4ee067b000 rwxp 00000000 00:00 0 
7f4ee067b000-7f4ee067c000 ---p 00000000 00:00 0 
7f4ee067c000-7f4ee077c000 rwxp 00000000 00:00 0 
7f4ee077c000-7f4ee077d000 ---p 00000000 00:00 0 
7f4ee077d000-7f4ee087d000 rwxp 00000000 00:00 0 
7f4ee087d000-7f4ee087e000 ---p 00000000 00:00 0 
7f4ee087e000-7f4ee097e000 rwxp 00000000 00:00 0 
7f4ee097e000-7f4ee097f000 ---p 00000000 00:00 0 
7f4ee097f000-7f4ee0a7f000 rwxp 00000000 00:00 0 
7f4ee0a7f000-7f4ee0aa1000 rw-p 00000000 00:00 0 
7f4ee0aa1000-7f4ee0aa9000 rw-p 00000000 00:00 0 
7f4ee0aa9000-7f4ee0acb000 rw-p 00000000 00:00 0 
7f4ee0acb000-7f4ee0ad3000 rw-p 00000000 00:00 0 
7f4ee0ad3000-7f4ee0b5f000 rw-p 00000000 00:00 0 
7f4ee0b5f000-7f4ee0c14000 rw-p 00000000 00:00 0 
7f4ee0c14000-7f4ee0c22000 r-xp 00000000 09:00 2526429                    /usr/local/lib/scilab-5.2.2/thirdparty/java/lib/amd64/libzip.so
7f4ee0c22000-7f4ee0d24000 ---p 0000e000 09:00 2526429                    /usr/local/lib/scilab-5.2.2/thirdparty/java/lib/amd64/libzip.so
7f4ee0d24000-7f4ee0d27000 rw-p 00010000 09:00 2526429                    /usr/local/lib/scilab-5.2.2/thirdparty/java/lib/amd64/libzip.so
7f4ee0d27000-7f4ee0d28000 rw-p 00000000 00:00 0 
7f4ee0d28000-7f4ee0d2f000 r-xp 00000000 09:00 2526439                    /usr/local/lib/scilab-5.2.2/thirdparty/java/lib/amd64/native_threads/libhpi.so
7f4ee0d2f000-7f4ee0e30000 ---p 00007000 09:00 2526439                    /usr/local/lib/scilab-5.2.2/thirdparty/java/lib/amd64/native_threads/libhpi.so
7f4ee0e30000-7f4ee0e32000 rw-p 00008000 09:00 2526439                    /usr/local/lib/scilab-5.2.2/thirdparty/java/lib/amd64/native_threads/libhpi.so
7f4ee0e32000-7f4ee0e33000 rw-p 00000000 00:00 0 
7f4ee0e33000-7f4ee0e5c000 r-xp 00000000 09:00 2526423                    /usr/local/lib/scilab-5.2.2/thirdparty/java/lib/amd64/libjava.so
7f4ee0e5c000-7f4ee0f5b000 ---p 00029000 09:00 2526423                    /usr/local/lib/scilab-5.2.2/thirdparty/java/lib/amd64/libjava.so
7f4ee0f5b000-7f4ee0f62000 rw-p 00028000 09:00 2526423                    /usr/local/lib/scilab-5.2.2/thirdparty/java/lib/amd64/libjava.so
7f4ee0f62000-7f4ee0f6f000 r-xp 00000000 09:00 2526411                    /usr/local/lib/scilab-5.2.2/thirdparty/java/lib/amd64/libverify.so
7f4ee0f6f000-7f4ee106e000 ---p 0000d000 09:00 2526411                    /usr/local/lib/scilab-5.2.2/thirdparty/java/lib/amd64/libverify.so
7f4ee106e000-7f4ee1071000 rw-p 0000c000 09:00 2526411                    /usr/local/lib/scilab-5.2.2/thirdparty/java/lib/amd64/libverify.so
7f4ee1071000-7f4ee1825000 r-xp 00000000 09:00 2526395                    /usr/local/lib/scilab-5.2.2/thirdparty/java/lib/amd64/server/libjvm.so
7f4ee1825000-7f4ee1925000 ---p 007b4000 09:00 2526395                    /usr/local/lib/scilab-5.2.2/thirdparty/java/lib/amd64/server/libjvm.so
7f4ee1925000-7f4ee1aaf000 rw-p 007b4000 09:00 2526395                    /usr/local/lib/scilab-5.2.2/thirdparty/java/lib/amd64/server/libjvm.so
7f4ee1aaf000-7f4ee1ae8000 rw-p 00000000 00:00 0 
7f4ee1ae8000-7f4ee1ae9000 ---p 00000000 00:00 0 
7f4ee1ae9000-7f4ee24e9000 rwxp 00000000 00:00 0 
7f4ee24e9000-7f4ee2581000 r--p 00000000 09:00 11249                      /usr/share/fonts/dejavu/DejaVuSans.ttf
7f4ee2581000-7f4ee25ce000 rw-p 00000000 00:00 0 
7f4ee25cf000-7f4ee25d0000 r--p 00000000 00:00 0 
7f4ee25d0000-7f4ee25d1000 r--s 00007000 09:00 3494023                    /usr/local/lib/scilab-5.2.2/share/scilab/modules/graphic_export/jar/org.scilab.modules.graphic_export.jar
7f4ee25d1000-7f4ee25d7000 r--s 0004c000 09:00 2526231                    /usr/local/lib/scilab-5.2.2/thirdparty/skinlf.jar
7f4ee25d7000-7f4ee25d8000 r--s 00001000 09:00 2526548                    /usr/local/lib/scilab-5.2.2/thirdparty/jrosetta-API.jar
7f4ee25d8000-7f4ee25da000 r--s 00008000 09:00 2526514                    /usr/local/lib/scilab-5.2.2/thirdparty/jrosetta-engine.jar
7f4ee25da000-7f4ee25db000 r--s 00001000 09:00 2526548                    /usr/local/lib/scilab-5.2.2/thirdparty/jrosetta-API.jar
7f4ee25db000-7f4ee25e5000 r--s 0006a000 09:00 2526542                    /usr/local/lib/scilab-5.2.2/thirdparty/flexdock-0.5.1.jar
7f4ee25e5000-7f4ee263b000 rw-p 00000000 00:00 0 
7f4ee263b000-7f4ee2643000 rw-s 00000000 09:00 3516247                    /tmp/hsperfdata_delanoue/17903
7f4ee2643000-7f4ee2644000 rw-p 00000000 00:00 0 
7f4ee2644000-7f4ee2645000 r--p 00000000 00:00 0 
7f4ee2645000-7f4ee2649000 r--s 00000000 09:00 94081                      /var/cache/fontconfig/87f5e051180a7a75f16eb6fe7dbd3749-x86-64.cache-2
7f4ee2649000-7f4ee2652000 r--s 00000000 09:00 94080                      /var/cache/fontconfig/b79f3aaa7d385a141ab53ec885cc22a8-x86-64.cache-2
7f4ee2652000-7f4ee2657000 r--s 00000000 09:00 1323005                    /var/cache/fontconfig/103e7fb1ea2629e851f0af6e29d50d14-x86-64.cache-2
7f4ee2657000-7f4ee265c000 r--s 00000000 09:00 1323004                    /var/cache/fontconfig/c4c72d5f47a988aa2d2b5e019553fb0a-x86-64.cache-2
7f4ee265c000-7f4ee2661000 r--s 00000000 09:00 1323003                    /var/cache/fontconfig/f51c2ebd7e636ed1629dff932acec21b-x86-64.cache-2
7f4ee2661000-7f4ee2663000 r--s 00000000 09:00 93647                      /var/cache/fontconfig/2e1514a9fdd499050989183bb65136db-x86-64.cache-2
7f4ee2663000-7f4ee267c000 r--s 00000000 09:00 94090                      /var/cache/fontconfig/7a7f22e4c6b2236c525eb458794c6fd2-x86-64.cache-2
7f4ee267c000-7f4ee2688000 r-xp 00000000 09:00 129671                     /lib64/libnss_files-2.10.1.so
7f4ee2688000-7f4ee2887000 ---p 0000c000 09:00 129671                     /lib64/libnss_files-2.10.1.so
7f4ee2887000-7f4ee2888000 r--p 0000b000 09:00 129671                     /lib64/libnss_files-2.10.1.so
7f4ee2888000-7f4ee2889000 rw-p 0000c000 09:00 129671                     /lib64/libnss_files-2.10.1.so
7f4ee2889000-7f4ee288b000 r--s 00000000 09:00 94096                      /var/cache/fontconfig/5c755b2f27115486aa6359c84dd3cbda-x86-64.cache-2
7f4ee288b000-7f4ee288d000 r--s 00000000 09:00 94095                      /var/cache/fontconfig/3f821257dd33660ba7bbb45c32deb84c-x86-64.cache-2
7f4ee288d000-7f4ee288f000 r--s 00000000 09:00 94094                      /var/cache/fontconfig/830f035fa84a65ce80e050178dbb630d-x86-64.cache-2
7f4ee288f000-7f4ee2890000 r--s 00000000 09:00 94093                      /var/cache/fontconfig/81a173283b451552b599cfaafd6236bd-x86-64.cache-2
7f4ee2890000-7f4ee2893000 r--s 00000000 09:00 10702                      /var/cache/fontconfig/cfde08ab28ad1d91784abb10973575e3-x86-64.cache-2
7f4ee2893000-7f4ee2896000 r--s 00000000 09:00 128494                     /var/cache/fontconfig/6082f993537e886e2b8c280984f3ae67-x86-64.cache-2
7f4ee2896000-7f4ee2897000 r--s 00000000 09:00 94087                      /var/cache/fontconfig/e61abf8156cc476151baa07d67337cae-x86-64.cache-2
7f4ee2897000-7f4ee289b000 r--s 00000000 09:00 94086                      /var/cache/fontconfig/b67b32625a2bb51b023d3814a918f351-x86-64.cache-2
7f4ee289b000-7f4ee289d000 r--s 00000000 09:00 94085                      /var/cache/fontconfig/d3379abda271c4acd2ad0c01f565d0b0-x86-64.cache-2
7f4ee289d000-7f4ee28a2000 r--s 00000000 09:00 94084                      /var/cache/fontconfig/46b47dbc682d2ca4191e148ea7bde7f2-x86-64.cache-2
7f4ee28a2000-7f4ee28ab000 r--s 00000000 09:00 94082                      /var/cache/fontconfig/12b26b760a24f8b4feb03ad48a333a72-x86-64.cache-2
7f4ee28ab000-7f4ee28ac000 ---p 00000000 00:00 0 
7f4ee28ac000-7f4ee32ac000 rwxp 00000000 00:00 0 
7f4ee32ac000-7f4ee32ad000 ---p 00000000 00:00 0 
7f4ee32ad000-7f4ee3cad000 rwxp 00000000 00:00 0 
7f4ee3ce6000-7f4ee8db9000 r--p 00000000 09:00 270371                     /usr/lib/locale/locale-archive
7f4ee8db9000-7f4ee8dc3000 rw-p 00000000 00:00 0 
7f4ee8dc3000-7f4ee8eb5000 r-xp 00000000 09:00 2525855                    /usr/local/lib/scilab-5.2.2/lib/thirdparty/libstdc++.so.6.0.13
7f4ee8eb5000-7f4ee90b5000 ---p 000f2000 09:00 2525855                    /usr/local/lib/scilab-5.2.2/lib/thirdparty/libstdc++.so.6.0.13
7f4ee90b5000-7f4ee90bc000 r--p 000f2000 09:00 2525855                    /usr/local/lib/scilab-5.2.2/lib/thirdparty/libstdc++.so.6.0.13
7f4ee90bc000-7f4ee90be000 rw-p 000f9000 09:00 2525855                    /usr/local/lib/scilab-5.2.2/lib/thirdparty/libstdc++.so.6.0.13
7f4ee90be000-7f4ee90d6000 rw-p 00000000 00:00 0 
7f4ee90d6000-7f4ee90ec000 r-xp 00000000 09:00 2525895                    /usr/local/lib/scilab-5.2.2/lib/thirdparty/libgcc_s.so.1
7f4ee90ec000-7f4ee92ec000 ---p 00016000 09:00 2525895                    /usr/local/lib/scilab-5.2.2/lib/thirdparty/libgcc_s.so.1
7f4ee92ec000-7f4ee92ed000 rw-p 00016000 09:00 2525895                    /usr/local/lib/scilab-5.2.2/lib/thirdparty/libgcc_s.so.1
7f4ee92ed000-7f4ee92ee000 rw-p 00000000 00:00 0 
7f4ee92ee000-7f4ee9304000 r-xp 00000000 09:00 2525914                    /usr/local/lib/scilab-5.2.2/lib/thirdparty/libz.so.1.2.3.3
7f4ee9304000-7f4ee9504000 ---p 00016000 09:00 2525914                    /usr/local/lib/scilab-5.2.2/lib/thirdparty/libz.so.1.2.3.3
7f4ee9504000-7f4ee9505000 rw-p 00016000 09:00 2525914                    /usr/local/lib/scilab-5.2.2/lib/thirdparty/libz.so.1.2.3.3
7f4ee9505000-7f4ee9506000 rw-p 00000000 00:00 0 
7f4ee9506000-7f4ee9541000 r-xp 00000000 09:00 2525782                    /usr/local/lib/scilab-5.2.2/lib/thirdparty/libncurses.so.5.7
7f4ee9541000-7f4ee9740000 ---p 0003b000 09:00 2525782                    /usr/local/lib/scilab-5.2.2/lib/thirdparty/libncurses.so.5.7
7f4ee9740000-7f4ee9745000 rw-p 0003a000 09:00 2525782                    /usr/local/lib/scilab-5.2.2/lib/thirdparty/libncurses.so.5.7
7f4ee9745000-7f4ee9746000 r--s 00000000 09:00 94092                      /var/cache/fontconfig/6cfc7d49b27ba7d3eb71ab86e04def2c-x86-64.cache-2
7f4ee9746000-7f4ee9747000 r--s 00000000 09:00 94091                      /var/cache/fontconfig/044963cbb93fcb06c61d94a50dee394f-x86-64.cache-2
7f4ee9747000-7f4ee9748000 r--s 00000000 09:00 130217                     /var/cache/fontconfig/6fcb01a03a016cc71057b587cdea6709-x86-64.cache-2
7f4ee9748000-7f4ee9749000 r--s 00000000 09:00 94083                      /var/cache/fontconfig/b4d0b56f766d89640448751fcd18ec1e-x86-64.cache-2
7f4ee9749000-7f4ee9750000 r--s 00000000 09:00 94078                      /var/cache/fontconfig/928306c3ad40271d946e41014a49fc28-x86-64.cache-2
7f4ee9750000-7f4ee9757000 r--s 00000000 09:00 94077                      /var/cache/fontconfig/fa1582dab13e7e8e44e5a9424d309f0e-x86-64.cache-2
7f4ee9757000-7f4ee9762000 r--s 00000000 09:00 94076                      /var/cache/fontconfig/e19de935dec46bbf3ed114ee4965548a-x86-64.cache-2
7f4ee9762000-7f4ee9763000 r--s 00000000 09:00 94016                      /var/cache/fontconfig/1248881498ac025e45c3042f6afe9284-x86-64.cache-2
7f4ee9763000-7f4ee9764000 r--s 00000000 09:00 244142                     /var/cache/fontconfig/d04038e664b0033ae700a78c51f179d3-x86-64.cache-2
7f4ee9764000-7f4ee9767000 r--s 00000000 09:00 243947                     /var/cache/fontconfig/beeeeb3dfe132a8a0633a017c99ce0c0-x86-64.cache-2
7f4ee9767000-7f4ee9840000 r-xp 00000000 09:00 2525911                    /usr/local/lib/scilab-5.2.2/lib/thirdparty/libgfortran.so.3.0.0
7f4ee9840000-7f4ee9a40000 ---p 000d9000 09:00 2525911                    /usr/local/lib/scilab-5.2.2/lib/thirdparty/libgfortran.so.3.0.0
7f4ee9a40000-7f4ee9a42000 rw-p 000d9000 09:00 2525911                    /usr/local/lib/scilab-5.2.2/lib/thirdparty/libgfortran.so.3.0.0
7f4ee9a42000-7f4ee9a43000 rw-p 00000000 00:00 0 
7f4ee9a43000-7f4eea1f4000 r-xp 00000000 09:00 2525773                    /usr/local/lib/scilab-5.2.2/lib/thirdparty/liblapack.so.3gf.0
7f4eea1f4000-7f4eea3f3000 ---p 007b1000 09:00 2525773                    /usr/local/lib/scilab-5.2.2/lib/thirdparty/liblapack.so.3gf.0
7f4eea3f3000-7f4eea3f4000 r--p 007b0000 09:00 2525773                    /usr/local/lib/scilab-5.2.2/lib/thirdparty/liblapack.so.3gf.0
7f4eea3f4000-7f4eea3f8000 rw-p 007b1000 09:00 2525773                    /usr/local/lib/scilab-5.2.2/lib/thirdparty/liblapack.so.3gf.0
7f4eea3f8000-7f4eea505000 rw-p 00000000 00:00 0 
7f4eea505000-7f4eea534000 r-xp 00000000 09:00 2525819                    /usr/local/lib/scilab-5.2.2/lib/thirdparty/libpcre.so.7.8.0
7f4eea534000-7f4eea733000 ---p 0002f000 09:00 2525819                    /usr/local/lib/scilab-5.2.2/lib/thirdparty/libpcre.so.7.8.0
7f4eea733000-7f4eea734000 rw-p 0002e000 09:00 2525819                    /usr/local/lib/scilab-5.2.2/lib/thirdparty/libpcre.so.7.8.0
7f4eea734000-7f4eea736000 r-xp 00000000 09:00 2525810                    /usr/local/lib/scilab-5.2.2/lib/thirdparty/libpcreposix.so.7.8.0
7f4eea736000-7f4eea935000 ---p 00002000 09:00 2525810                    /usr/local/lib/scilab-5.2.2/lib/thirdparty/libpcreposix.so.7.8.0
7f4eea935000-7f4eea936000 rw-p 00001000 09:00 2525810                    /usr/local/lib/scilab-5.2.2/lib/thirdparty/libpcreposix.so.7.8.0
7f4eea936000-7f4eea937000 rw-p 00000000 00:00 0 
7f4eea937000-7f4eeaa44000 r-xp 00000000 09:00 2525769                    /usr/local/lib/scilab-5.2.2/lib/thirdparty/libtcl8.5.3.so
7f4eeaa44000-7f4eeac44000 ---p 0010d000 09:00 2525769                    /usr/local/lib/scilab-5.2.2/lib/thirdparty/libtcl8.5.3.so
7f4eeac44000-7f4eeac53000 rw-p 0010d000 09:00 2525769                    /usr/local/lib/scilab-5.2.2/lib/thirdparty/libtcl8.5.3.so
7f4eeac53000-7f4eeac54000 rw-p 00000000 00:00 0 
7f4eeac54000-7f4eead7d000 r-xp 00000000 09:00 2525784                    /usr/local/lib/scilab-5.2.2/lib/thirdparty/libtk8.5.3.so
7f4eead7d000-7f4eeaf7d000 ---p 00129000 09:00 2525784                    /usr/local/lib/scilab-5.2.2/lib/thirdparty/libtk8.5.3.so
7f4eeaf7d000-7f4eeaf9a000 rw-p 00129000 09:00 2525784                    /usr/local/lib/scilab-5.2.2/lib/thirdparty/libtk8.5.3.so
7f4eeaf9a000-7f4eeaf9b000 rw-p 00000000 00:00 0 
7f4eeaf9b000-7f4eeb029000 r-xp 00000000 09:00 2525886                    /usr/local/lib/scilab-5.2.2/lib/thirdparty/libblas.so.3gf.0
7f4eeb029000-7f4eeb229000 ---p 0008e000 09:00 2525886                    /usr/local/lib/scilab-5.2.2/lib/thirdparty/libblas.so.3gf.0
7f4eeb229000-7f4eeb22a000 rw-p 0008e000 09:00 2525886                    /usr/local/lib/scilab-5.2.2/lib/thirdparty/libblas.so.3gf.0
7f4eeb22a000-7f4eeb22b000 rw-p 00000000 00:00 0 
7f4eeb22b000-7f4eeb4d3000 r-xp 00000000 09:00 2525859                    /usr/local/lib/scilab-5.2.2/lib/thirdparty/libhdf5-1.8.3.so.6.0.2
7f4eeb4d3000-7f4eeb5d3000 ---p 002a8000 09:00 2525859                    /usr/local/lib/scilab-5.2.2/lib/thirdparty/libhdf5-1.8.3.so.6.0.2
7f4eeb5d3000-7f4eeb5dd000 rw-p 002a8000 09:00 2525859                    /usr/local/lib/scilab-5.2.2/lib/thirdparty/libhdf5-1.8.3.so.6.0.2
7f4eeb5dd000-7f4eeb5de000 rw-p 00000000 00:00 0 
7f4eeb5de000-7f4eeb5e2000 r-xp 00000000 09:00 2526128                    /usr/local/lib/scilab-5.2.2/lib/scilab/libscihdf5-forceload.so.5.0.2
7f4eeb5e2000-7f4eeb7e1000 ---p 00004000 09:00 2526128                    /usr/local/lib/scilab-5.2.2/lib/scilab/libscihdf5-forceload.so.5.0.2
7f4eeb7e1000-7f4eeb7e2000 r--p 00003000 09:00 2526128                    /usr/local/lib/scilab-5.2.2/lib/scilab/libscihdf5-forceload.so.5.0.2
7f4eeb7e2000-7f4eeb7e3000 rw-p 00004000 09:00 2526128                    /usr/local/lib/scilab-5.2.2/lib/scilab/libscihdf5-forceload.so.5.0.2
7f4eeb7e3000-7f4eeb810000 r-xp 00000000 09:00 2526031                    /usr/local/lib/scilab-5.2.2/lib/scilab/libscioutput_stream.so.5.0.2
7f4eeb810000-7f4eeba0f000 ---p 0002d000 09:00 2526031                    /usr/local/lib/scilab-5.2.2/lib/scilab/libscioutput_stream.so.5.0.2
7f4eeba0f000-7f4eeba10000 r--p 0002c000 09:00 2526031                    /usr/local/lib/scilab-5.2.2/lib/scilab/libscioutput_stream.so.5.0.2
7f4eeba10000-7f4eeba11000 rw-p 0002d000 09:00 2526031                    /usr/local/lib/scilab-5.2.2/lib/scilab/libscioutput_stream.so.5.0.2
7f4eeba11000-7f4eebacf000 rw-p 00000000 00:00 0 
7f4eebacf000-7f4eebad0000 r-xp 00000000 09:00 2526136                    /usr/local/lib/scilab-5.2.2/lib/scilab/libscimalloc.so.5.0.2
7f4eebad0000-7f4eebccf000 ---p 00001000 09:00 2526136                    /usr/local/lib/scilab-5.2.2/lib/scilab/libscimalloc.so.5.0.2
7f4eebccf000-7f4eebcd0000 r--p 00000000 09:00 2526136                    /usr/local/lib/scilab-5.2.2/lib/scilab/libscimalloc.so.5.0.2
7f4eebcd0000-7f4eebcd1000 rw-p 00001000 09:00 2526136                    /usr/local/lib/scilab-5.2.2/lib/scilab/libscimalloc.so.5.0.2
7f4eebcd1000-7f4eebe22000 r-xp 00000000 09:00 2525921                    /usr/local/lib/scilab-5.2.2/lib/thirdparty/libxml2.so.2.7.6
7f4eebe22000-7f4eec021000 ---p 00151000 09:00 2525921                    /usr/local/lib/scilab-5.2.2/lib/thirdparty/libxml2.so.2.7.6
7f4eec021000-7f4eec02b000 rw-p 00150000 09:00 2525921                    /usr/local/lib/scilab-5.2.2/lib/thirdparty/libxml2.so.2.7.6
7f4eec02b000-7f4eec02c000 rw-p 00000000 00:00 0 
7f4eec02c000-7f4eec038000 r-xp 00000000 09:00 2526183                    /usr/local/lib/scilab-5.2.2/lib/scilab/libscixpad.so.5.0.2
7f4eec038000-7f4eec237000 ---p 0000c000 09:00 2526183                    /usr/local/lib/scilab-5.2.2/lib/scilab/libscixpad.so.5.0.2
7f4eec237000-7f4eec238000 r--p 0000b000 09:00 2526183                    /usr/local/lib/scilab-5.2.2/lib/scilab/libscixpad.so.5.0.2
7f4eec238000-7f4eec239000 rw-p 0000c000 09:00 2526183                    /usr/local/lib/scilab-5.2.2/lib/scilab/libscixpad.so.5.0.2
7f4eec239000-7f4eec23a000 rw-p 00000000 00:00 0 
7f4eec23a000-7f4eec24a000 r-xp 00000000 09:00 2525978                    /usr/local/lib/scilab-5.2.2/lib/scilab/libscixcos.so.5.0.2
7f4eec24a000-7f4eec449000 ---p 00010000 09:00 2525978                    /usr/local/lib/scilab-5.2.2/lib/scilab/libscixcos.so.5.0.2
7f4eec449000-7f4eec44a000 r--p 0000f000 09:00 2525978                    /usr/local/lib/scilab-5.2.2/lib/scilab/libscixcos.so.5.0.2
7f4eec44a000-7f4eec44b000 rw-p 00010000 09:00 2525978                    /usr/local/lib/scilab-5.2.2/lib/scilab/libscixcos.so.5.0.2
7f4eec44b000-7f4eec44c000 r-xp 00000000 09:00 2526192                    /usr/local/lib/scilab-5.2.2/lib/scilab/libscidynamiclibrary.so.5.0.2
7f4eec44c000-7f4eec64b000 ---p 00001000 09:00 2526192                    /usr/local/lib/scilab-5.2.2/lib/scilab/libscidynamiclibrary.so.5.0.2
7f4eec64b000-7f4eec64c000 r--p 00000000 09:00 2526192                    /usr/local/lib/scilab-5.2.2/lib/scilab/libscidynamiclibrary.so.5.0.2
7f4eec64c000-7f4eec64d000 rw-p 00001000 09:00 2526192                    /usr/local/lib/scilab-5.2.2/lib/scilab/libscidynamiclibrary.so.5.0.2
7f4eec64d000-7f4eec650000 r-xp 00000000 09:00 2526099                    /usr/local/lib/scilab-5.2.2/lib/scilab/libscilibst.so.5.0.2
7f4eec650000-7f4eec84f000 ---p 00003000 09:00 2526099                    /usr/local/lib/scilab-5.2.2/lib/scilab/libscilibst.so.5.0.2
7f4eec84f000-7f4eec850000 r--p 00002000 09:00 2526099                    /usr/local/lib/scilab-5.2.2/lib/scilab/libscilibst.so.5.0.2
7f4eec850000-7f4eec851000 rw-p 00003000 09:00 2526099                    /usr/local/lib/scilab-5.2.2/lib/scilab/libscilibst.so.5.0.2
7f4eec851000-7f4eec852000 rw-p 00000000 00:00 0 
7f4eec852000-7f4eec86e000 r-xp 00000000 09:00 2526010                    /usr/local/lib/scilab-5.2.2/lib/scilab/libsciapi_scilab.so.5.0.2
7f4eec86e000-7f4eeca6d000 ---p 0001c000 09:00 2526010                    /usr/local/lib/scilab-5.2.2/lib/scilab/libsciapi_scilab.so.5.0.2
7f4eeca6d000-7f4eeca6e000 r--p 0001b000 09:00 2526010                    /usr/local/lib/scilab-5.2.2/lib/scilab/libsciapi_scilab.so.5.0.2
7f4eeca6e000-7f4eeca6f000 rw-p 0001c000 09:00 2526010                    /usr/local/lib/scilab-5.2.2/lib/scilab/libsciapi_scilab.so.5.0.2
7f4eeca6f000-7f4eecaa3000 r-xp 00000000 09:00 2526185                    /usr/local/lib/scilab-5.2.2/lib/scilab/libsciarnoldi.so.5.0.2
7f4eecaa3000-7f4eecca3000 ---p 00034000 09:00 2526185                    /usr/local/lib/scilab-5.2.2/lib/scilab/libsciarnoldi.so.5.0.2
7f4eecca3000-7f4eecca4000 r--p 00034000 09:00 2526185                    /usr/local/lib/scilab-5.2.2/lib/scilab/libsciarnoldi.so.5.0.2
7f4eecca4000-7f4eecca5000 rw-p 00035000 09:00 2526185                    /usr/local/lib/scilab-5.2.2/lib/scilab/libsciarnoldi.so.5.0.2
7f4eecca5000-7f4eecd37000 r-xp 00000000 09:00 2526001                    /usr/local/lib/scilab-5.2.2/lib/scilab/libscielementary_functions.so.5.0.2
7f4eecd37000-7f4eecf36000 ---p 00092000 09:00 2526001                    /usr/local/lib/scilab-5.2.2/lib/scilab/libscielementary_functions.so.5.0.2
7f4eecf36000-7f4eecf37000 r--p 00091000 09:00 2526001                    /usr/local/lib/scilab-5.2.2/lib/scilab/libscielementary_functions.so.5.0.2
7f4eecf37000-7f4eecf3b000 rw-p 00092000 09:00 2526001                    /usr/local/lib/scilab-5.2.2/lib/scilab/libscielementary_functions.so.5.0.2
7f4eecf3b000-7f4eecff7000 rw-p 00000000 00:00 0 
7f4eecff7000-7f4eed015000 r-xp 00000000 09:00 2525936                    /usr/local/lib/scilab-5.2.2/lib/scilab/libscistring.so.5.0.2
7f4eed015000-7f4eed214000 ---p 0001e000 09:00 2525936                    /usr/local/lib/scilab-5.2.2/lib/scilab/libscistring.so.5.0.2
7f4eed214000-7f4eed215000 r--p 0001d000 09:00 2525936                    /usr/local/lib/scilab-5.2.2/lib/scilab/libscistring.so.5.0.2
7f4eed215000-7f4eed216000 rw-p 0001e000 09:00 2525936                    /usr/local/lib/scilab-5.2.2/lib/scilab/libscistring.so.5.0.2
7f4eed216000-7f4eed2d0000 rw-p 00000000 00:00 0 
7f4eed2d0000-7f4eed2f4000 r-xp 00000000 09:00 2525938                    /usr/local/lib/scilab-5.2.2/lib/scilab/libscifileio.so.5.0.2
7f4eed2f4000-7f4eed4f3000 ---p 00024000 09:00 2525938                    /usr/local/lib/scilab-5.2.2/lib/scilab/libscifileio.so.5.0.2
7f4eed4f3000-7f4eed4f4000 r--p 00023000 09:00 2525938                    /usr/local/lib/scilab-5.2.2/lib/scilab/libscifileio.so.5.0.2
7f4eed4f4000-7f4eed4f5000 rw-p 00024000 09:00 2525938                    /usr/local/lib/scilab-5.2.2/lib/scilab/libscifileio.so.5.0.2
7f4eed4f5000-7f4eed4fc000 r-xp 00000000 09:00 2525942                    /usr/local/lib/scilab-5.2.2/lib/scilab/libscijvm.so.5.0.2
7f4eed4fc000-7f4eed6fc000 ---p 00007000 09:00 2525942                    /usr/local/lib/scilab-5.2.2/lib/scilab/libscijvm.so.5.0.2
7f4eed6fc000-7f4eed6fd000 r--p 00007000 09:00 2525942                    /usr/local/lib/scilab-5.2.2/lib/scilab/libscijvm.so.5.0.2
7f4eed6fd000-7f4eed6fe000 rw-p 00008000 09:00 2525942                    /usr/local/lib/scilab-5.2.2/lib/scilab/libscijvm.so.5.0.2
7f4eed6fe000-7f4eed6ff000 rw-p 00000000 00:00 0 
7f4eed6ff000-7f4eed70d000 r-xp 00000000 09:00 2526138                    /usr/local/lib/scilab-5.2.2/lib/scilab/libscihistory_manager.so.5.0.2
7f4eed70d000-7f4eed90c000 ---p 0000e000 09:00 2526138                    /usr/local/lib/scilab-5.2.2/lib/scilab/libscihistory_manager.so.5.0.2
7f4eed90c000-7f4eed90d000 r--p 0000d000 09:00 2526138                    /usr/local/lib/scilab-5.2.2/lib/scilab/libscihistory_manager.so.5.0.2
7f4eed90d000-7f4eed90e000 rw-p 0000e000 09:00 2526138                    /usr/local/lib/scilab-5.2.2/lib/scilab/libscihistory_manager.so.5.0.2
7f4eed90e000-7f4eed910000 r-xp 00000000 09:00 2526028                    /usr/local/lib/scilab-5.2.2/lib/scilab/libsciaction_binding.so.5.0.2
7f4eed910000-7f4eedb0f000 ---p 00002000 09:00 2526028                    /usr/local/lib/scilab-5.2.2/lib/scilab/libsciaction_binding.so.5.0.2
7f4eedb0f000-7f4eedb10000 r--p 00001000 09:00 2526028                    /usr/local/lib/scilab-5.2.2/lib/scilab/libsciaction_binding.so.5.0.2
7f4eedb10000-7f4eedb11000 rw-p 00002000 09:00 2526028                    /usr/local/lib/scilab-5.2.2/lib/scilab/libsciaction_binding.so.5.0.2
7f4eedb11000-7f4eedb1e000 r-xp 00000000 09:00 2525940                    /usr/local/lib/scilab-5.2.2/lib/scilab/libsciconsole.so.5.0.2
7f4eedb1e000-7f4eedd1d000 ---p 0000d000 09:00 2525940                    /usr/local/lib/scilab-5.2.2/lib/scilab/libsciconsole.so.5.0.2
7f4eedd1d000-7f4eedd1e000 r--p 0000c000 09:00 2525940                    /usr/local/lib/scilab-5.2.2/lib/scilab/libsciconsole.so.5.0.2
7f4eedd1e000-7f4eedd1f000 rw-p 0000d000 09:00 2525940                    /usr/local/lib/scilab-5.2.2/lib/scilab/libsciconsole.so.5.0.2
7f4eedd1f000-7f4eedd20000 rw-p 00000000 00:00 0 
7f4eedd20000-7f4eedd54000 r-xp 00000000 09:00 2526097                    /usr/local/lib/scilab-5.2.2/lib/scilab/libscigraphic_export.so.5.0.2
7f4eedd54000-7f4eedf53000 ---p 00034000 09:00 2526097                    /usr/local/lib/scilab-5.2.2/lib/scilab/libscigraphic_export.so.5.0.2
7f4eedf53000-7f4eedf54000 r--p 00033000 09:00 2526097                    /usr/local/lib/scilab-5.2.2/lib/scilab/libscigraphic_export.so.5.0.2
7f4eedf54000-7f4eedf55000 rw-p 00034000 09:00 2526097                    /usr/local/lib/scilab-5.2.2/lib/scilab/libscigraphic_export.so.5.0.2
7f4eedf55000-7f4eedf57000 r-xp 00000000 09:00 2525988                    /usr/local/lib/scilab-5.2.2/lib/scilab/libscidoublylinkedlist.so.5.0.2
7f4eedf57000-7f4eee156000 ---p 00002000 09:00 2525988                    /usr/local/lib/scilab-5.2.2/lib/scilab/libscidoublylinkedlist.so.5.0.2
7f4eee156000-7f4eee157000 r--p 00001000 09:00 2525988                    /usr/local/lib/scilab-5.2.2/lib/scilab/libscidoublylinkedlist.so.5.0.2
7f4eee157000-7f4eee158000 rw-p 00002000 09:00 2525988                    /usr/local/lib/scilab-5.2.2/lib/scilab/libscidoublylinkedlist.so.5.0.2
7f4eee158000-7f4eee2d0000 r-xp 00000000 09:00 2525962                    /usr/local/lib/scilab-5.2.2/lib/scilab/libscirenderer.so.5.0.2
7f4eee2d0000-7f4eee4cf000 ---p 00178000 09:00 2525962                    /usr/local/lib/scilab-5.2.2/lib/scilab/libscirenderer.so.5.0.2
7f4eee4cf000-7f4eee4e7000 r--p 00177000 09:00 2525962                    /usr/local/lib/scilab-5.2.2/lib/scilab/libscirenderer.so.5.0.2
7f4eee4e7000-7f4eee4ea000 rw-p 0018f000 09:00 2525962                    /usr/local/lib/scilab-5.2.2/lib/scilab/libscirenderer.so.5.0.2
7f4eee4ea000-7f4eee4eb000 rw-p 00000000 00:00 0 
7f4eee4eb000-7f4eee551000 r-xp 00000000 09:00 2526049                    /usr/local/lib/scilab-5.2.2/lib/scilab/libscigui.so.5.0.2
7f4eee551000-7f4eee750000 ---p 00066000 09:00 2526049                    /usr/local/lib/scilab-5.2.2/lib/scilab/libscigui.so.5.0.2
7f4eee750000-7f4eee751000 r--p 00065000 09:00 2526049                    /usr/local/lib/scilab-5.2.2/lib/scilab/libscigui.so.5.0.2
7f4eee751000-7f4eee753000 rw-p 00066000 09:00 2526049                    /usr/local/lib/scilab-5.2.2/lib/scilab/libscigui.so.5.0.2
7f4eee753000-7f4eee75d000 r-xp 00000000 09:00 2526052                    /usr/local/lib/scilab-5.2.2/lib/scilab/libscitclsci.so.5.0.2
7f4eee75d000-7f4eee95c000 ---p 0000a000 09:00 2526052                    /usr/local/lib/scilab-5.2.2/lib/scilab/libscitclsci.so.5.0.2
7f4eee95c000-7f4eee95d000 r--p 00009000 09:00 2526052                    /usr/local/lib/scilab-5.2.2/lib/scilab/libscitclsci.so.5.0.2
7f4eee95d000-7f4eee95e000 rw-p 0000a000 09:00 2526052                    /usr/local/lib/scilab-5.2.2/lib/scilab/libscitclsci.so.5.0.2
7f4eee95e000-7f4eee960000 r-xp 00000000 09:00 2526197                    /usr/local/lib/scilab-5.2.2/lib/scilab/libscihashtable.so.5.0.2
7f4eee960000-7f4eeeb5f000 ---p 00002000 09:00 2526197                    /usr/local/lib/scilab-5.2.2/lib/scilab/libscihashtable.so.5.0.2
7f4eeeb5f000-7f4eeeb60000 r--p 00001000 09:00 2526197                    /usr/local/lib/scilab-5.2.2/lib/scilab/libscihashtable.so.5.0.2
7f4eeeb60000-7f4eeeb61000 rw-p 00002000 09:00 2526197                    /usr/local/lib/scilab-5.2.2/lib/scilab/libscihashtable.so.5.0.2
7f4eeeb61000-7f4eeeb62000 rw-p 00000000 00:00 0 
7f4eeeb62000-7f4eeebdc000 r-xp 00000000 09:00 2526117                    /usr/local/lib/scilab-5.2.2/lib/scilab/libscigraphics.so.5.0.2
7f4eeebdc000-7f4eeeddb000 ---p 0007a000 09:00 2526117                    /usr/local/lib/scilab-5.2.2/lib/scilab/libscigraphics.so.5.0.2
7f4eeeddb000-7f4eeeddd000 r--p 00079000 09:00 2526117                    /usr/local/lib/scilab-5.2.2/lib/scilab/libscigraphics.so.5.0.2
7f4eeeddd000-7f4eeede0000 rw-p 0007b000 09:00 2526117                    /usr/local/lib/scilab-5.2.2/lib/scilab/libscigraphics.so.5.0.2
7f4eeede0000-7f4eeede1000 rw-p 00000000 00:00 0 
7f4eeede1000-7f4eeedea000 r-xp 00000000 09:00 2526030                    /usr/local/lib/scilab-5.2.2/lib/scilab/libscifunctions.so.5.0.2
7f4eeedea000-7f4eeefe9000 ---p 00009000 09:00 2526030                    /usr/local/lib/scilab-5.2.2/lib/scilab/libscifunctions.so.5.0.2
7f4eeefe9000-7f4eeefea000 r--p 00008000 09:00 2526030                    /usr/local/lib/scilab-5.2.2/lib/scilab/libscifunctions.so.5.0.2
7f4eeefea000-7f4eeefeb000 rw-p 00009000 09:00 2526030                    /usr/local/lib/scilab-5.2.2/lib/scilab/libscifunctions.so.5.0.2
7f4eeefeb000-7f4eef0a5000 rw-p 00000000 00:00 0 
7f4eef0a5000-7f4eef0ba000 r-xp 00000000 09:00 2526160                    /usr/local/lib/scilab-5.2.2/lib/scilab/libscihdf5.so.5.0.2
7f4eef0ba000-7f4eef2b9000 ---p 00015000 09:00 2526160                    /usr/local/lib/scilab-5.2.2/lib/scilab/libscihdf5.so.5.0.2
7f4eef2b9000-7f4eef2ba000 r--p 00014000 09:00 2526160                    /usr/local/lib/scilab-5.2.2/lib/scilab/libscihdf5.so.5.0.2
7f4eef2ba000-7f4eef2bb000 rw-p 00015000 09:00 2526160                    /usr/local/lib/scilab-5.2.2/lib/scilab/libscihdf5.so.5.0.2
7f4eef2bb000-7f4eef2bc000 rw-p 00000000 00:00 0 
7f4eef2bc000-7f4eef3b9000 r-xp 00000000 09:00 2525856                    /usr/local/lib/scilab-5.2.2/lib/thirdparty/libfftw3.so.3.2.3
7f4eef3b9000-7f4eef5b9000 ---p 000fd000 09:00 2525856                    /usr/local/lib/scilab-5.2.2/lib/thirdparty/libfftw3.so.3.2.3
7f4eef5b9000-7f4eef5c0000 rw-p 000fd000 09:00 2525856                    /usr/local/lib/scilab-5.2.2/lib/thirdparty/libfftw3.so.3.2.3
7f4eef5c0000-7f4eef5c6000 r-xp 00000000 09:00 2525952                    /usr/local/lib/scilab-5.2.2/lib/scilab/libscifftw.so.5.0.2
7f4eef5c6000-7f4eef7c5000 ---p 00006000 09:00 2525952                    /usr/local/lib/scilab-5.2.2/lib/scilab/libscifftw.so.5.0.2
7f4eef7c5000-7f4eef7c6000 r--p 00005000 09:00 2525952                    /usr/local/lib/scilab-5.2.2/lib/scilab/libscifftw.so.5.0.2
7f4eef7c6000-7f4eef7c7000 rw-p 00006000 09:00 2525952                    /usr/local/lib/scilab-5.2.2/lib/scilab/libscifftw.so.5.0.2
7f4eef7c7000-7f4eef7d0000 r-xp 00000000 09:00 2526018                    /usr/local/lib/scilab-5.2.2/lib/scilab/libscidynamic_link.so.5.0.2
7f4eef7d0000-7f4eef9cf000 ---p 00009000 09:00 2526018                    /usr/local/lib/scilab-5.2.2/lib/scilab/libscidynamic_link.so.5.0.2
7f4eef9cf000-7f4eef9d0000 r--p 00008000 09:00 2526018                    /usr/local/lib/scilab-5.2.2/lib/scilab/libscidynamic_link.so.5.0.2
7f4eef9d0000-7f4eef9d1000 rw-p 00009000 09:00 2526018                    /usr/local/lib/scilab-5.2.2/lib/scilab/libscidynamic_link.so.5.0.2
7f4eef9d1000-7f4eefad4000 rw-p 00000000 00:00 0 
7f4eefad4000-7f4eefaff000 r-xp 00000000 09:00 2526102                    /usr/local/lib/scilab-5.2.2/lib/scilab/libscilinear_algebra.so.5.0.2
7f4eefaff000-7f4eefcfe000 ---p 0002b000 09:00 2526102                    /usr/local/lib/scilab-5.2.2/lib/scilab/libscilinear_algebra.so.5.0.2
7f4eefcfe000-7f4eefcff000 r--p 0002a000 09:00 2526102                    /usr/local/lib/scilab-5.2.2/lib/scilab/libscilinear_algebra.so.5.0.2
7f4eefcff000-7f4eefd00000 rw-p 0002b000 09:00 2526102                    /usr/local/lib/scilab-5.2.2/lib/scilab/libscilinear_algebra.so.5.0.2
7f4eefd00000-7f4eefdba000 rw-p 00000000 00:00 0 
7f4eefdba000-7f4eefde7000 r-xp 00000000 09:00 2526167                    /usr/local/lib/scilab-5.2.2/lib/scilab/libsciinteger.so.5.0.2
7f4eefde7000-7f4eeffe6000 ---p 0002d000 09:00 2526167                    /usr/local/lib/scilab-5.2.2/lib/scilab/libsciinteger.so.5.0.2
7f4eeffe6000-7f4eeffe7000 r--p 0002c000 09:00 2526167                    /usr/local/lib/scilab-5.2.2/lib/scilab/libsciinteger.so.5.0.2
7f4eeffe7000-7f4eeffe8000 rw-p 0002d000 09:00 2526167                    /usr/local/lib/scilab-5.2.2/lib/scilab/libsciinteger.so.5.0.2
7f4eeffe8000-7f4ef00a2000 rw-p 00000000 00:00 0 
7f4ef00a2000-7f4ef00b2000 r-xp 00000000 09:00 2526040                    /usr/local/lib/scilab-5.2.2/lib/scilab/libscidata_structures.so.5.0.2
7f4ef00b2000-7f4ef02b1000 ---p 00010000 09:00 2526040                    /usr/local/lib/scilab-5.2.2/lib/scilab/libscidata_structures.so.5.0.2
7f4ef02b1000-7f4ef02b2000 r--p 0000f000 09:00 2526040                    /usr/local/lib/scilab-5.2.2/lib/scilab/libscidata_structures.so.5.0.2
7f4ef02b2000-7f4ef02b3000 rw-p 00010000 09:00 2526040                    /usr/local/lib/scilab-5.2.2/lib/scilab/libscidata_structures.so.5.0.2
7f4ef02b3000-7f4ef036e000 rw-p 00000000 00:00 0 
7f4ef036e000-7f4ef037a000 r-xp 00000000 09:00 2526198                    /usr/local/lib/scilab-5.2.2/lib/scilab/libmex.so.5.0.2
7f4ef037a000-7f4ef0579000 ---p 0000c000 09:00 2526198                    /usr/local/lib/scilab-5.2.2/lib/scilab/libmex.so.5.0.2
7f4ef0579000-7f4ef057a000 r--p 0000b000 09:00 2526198                    /usr/local/lib/scilab-5.2.2/lib/scilab/libmex.so.5.0.2
7f4ef057a000-7f4ef057b000 rw-p 0000c000 09:00 2526198                    /usr/local/lib/scilab-5.2.2/lib/scilab/libmex.so.5.0.2
7f4ef057b000-7f4ef057d000 rw-p 00000000 00:00 0 
7f4ef057d000-7f4ef05e8000 r-xp 00000000 09:00 2525987                    /usr/local/lib/scilab-5.2.2/lib/scilab/libscidifferential_equations.so.5.0.2
7f4ef05e8000-7f4ef07e8000 ---p 0006b000 09:00 2525987                    /usr/local/lib/scilab-5.2.2/lib/scilab/libscidifferential_equations.so.5.0.2
7f4ef07e8000-7f4ef07e9000 r--p 0006b000 09:00 2525987                    /usr/local/lib/scilab-5.2.2/lib/scilab/libscidifferential_equations.so.5.0.2
7f4ef07e9000-7f4ef07ea000 rw-p 0006c000 09:00 2525987                    /usr/local/lib/scilab-5.2.2/lib/scilab/libscidifferential_equations.so.5.0.2
7f4ef07ea000-7f4ef08ac000 rw-p 00000000 00:00 0 
7f4ef08ac000-7f4ef08b8000 r-xp 00000000 09:00 2525996                    /usr/local/lib/scilab-5.2.2/lib/scilab/libmat.so.5.0.2
7f4ef08b8000-7f4ef0ab7000 ---p 0000c000 09:00 2525996                    /usr/local/lib/scilab-5.2.2/lib/scilab/libmat.so.5.0.2
7f4ef0ab7000-7f4ef0ab8000 r--p 0000b000 09:00 2525996                    /usr/local/lib/scilab-5.2.2/lib/scilab/libmat.so.5.0.2
7f4ef0ab8000-7f4ef0ab9000 rw-p 0000c000 09:00 2525996                    /usr/local/lib/scilab-5.2.2/lib/scilab/libmat.so.5.0.2
7f4ef0ab9000-7f4ef0abc000 rw-p 00000000 00:00 0 
7f4ef0abc000-7f4ef0ac8000 r-xp 00000000 09:00 2525939                    /usr/local/lib/scilab-5.2.2/lib/scilab/libmx.so.5.0.2
7f4ef0ac8000-7f4ef0cc7000 ---p 0000c000 09:00 2525939                    /usr/local/lib/scilab-5.2.2/lib/scilab/libmx.so.5.0.2
7f4ef0cc7000-7f4ef0cc8000 r--p 0000b000 09:00 2525939                    /usr/local/lib/scilab-5.2.2/lib/scilab/libmx.so.5.0.2
7f4ef0cc8000-7f4ef0cc9000 rw-p 0000c000 09:00 2525939                    /usr/local/lib/scilab-5.2.2/lib/scilab/libmx.so.5.0.2
7f4ef0cc9000-7f4ef0ccb000 rw-p 00000000 00:00 0 
7f4ef0ccb000-7f4ef0daa000 r-xp 00000000 09:00 2526190                    /usr/local/lib/scilab-5.2.2/lib/scilab/libscicacsd.so.5.0.2
7f4ef0daa000-7f4ef0faa000 ---p 000df000 09:00 2526190                    /usr/local/lib/scilab-5.2.2/lib/scilab/libscicacsd.so.5.0.2
7f4ef0faa000-7f4ef0fab000 r--p 000df000 09:00 2526190                    /usr/local/lib/scilab-5.2.2/lib/scilab/libscicacsd.so.5.0.2
7f4ef0fab000-7f4ef0fac000 rw-p 000e0000 09:00 2526190                    /usr/local/lib/scilab-5.2.2/lib/scilab/libscicacsd.so.5.0.2
7f4ef0fac000-7f4ef1066000 rw-p 00000000 00:00 0 
7f4ef1066000-7f4ef1093000 r-xp 00000000 09:00 2526113                    /usr/local/lib/scilab-5.2.2/lib/scilab/libscipolynomials.so.5.0.2
7f4ef1093000-7f4ef1292000 ---p 0002d000 09:00 2526113                    /usr/local/lib/scilab-5.2.2/lib/scilab/libscipolynomials.so.5.0.2
7f4ef1292000-7f4ef1293000 r--p 0002c000 09:00 2526113                    /usr/local/lib/scilab-5.2.2/lib/scilab/libscipolynomials.so.5.0.2
7f4ef1293000-7f4ef1294000 rw-p 0002d000 09:00 2526113                    /usr/local/lib/scilab-5.2.2/lib/scilab/libscipolynomials.so.5.0.2
7f4ef1294000-7f4ef1350000 rw-p 00000000 00:00 0 
7f4ef1350000-7f4ef139f000 r-xp 00000000 09:00 2526125                    /usr/local/lib/scilab-5.2.2/lib/scilab/libscisparse.so.5.0.2
7f4ef139f000-7f4ef159e000 ---p 0004f000 09:00 2526125                    /usr/local/lib/scilab-5.2.2/lib/scilab/libscisparse.so.5.0.2
7f4ef159e000-7f4ef159f000 r--p 0004e000 09:00 2526125                    /usr/local/lib/scilab-5.2.2/lib/scilab/libscisparse.so.5.0.2
7f4ef159f000-7f4ef15a0000 rw-p 0004f000 09:00 2526125                    /usr/local/lib/scilab-5.2.2/lib/scilab/libscisparse.so.5.0.2
7f4ef15a0000-7f4ef165a000 rw-p 00000000 00:00 0 
7f4ef165a000-7f4ef165b000 r-xp 00000000 09:00 2526110                    /usr/local/lib/scilab-5.2.2/lib/scilab/libscipvm.so.5.0.2
7f4ef165b000-7f4ef185a000 ---p 00001000 09:00 2526110                    /usr/local/lib/scilab-5.2.2/lib/scilab/libscipvm.so.5.0.2
7f4ef185a000-7f4ef185b000 r--p 00000000 09:00 2526110                    /usr/local/lib/scilab-5.2.2/lib/scilab/libscipvm.so.5.0.2
7f4ef185b000-7f4ef185c000 rw-p 00001000 09:00 2526110                    /usr/local/lib/scilab-5.2.2/lib/scilab/libscipvm.so.5.0.2
7f4ef185c000-7f4ef185d000 r-xp 00000000 09:00 2526115                    /usr/local/lib/scilab-5.2.2/lib/scilab/libsciwindows_tools.so.5.0.2
7f4ef185d000-7f4ef1a5c000 ---p 00001000 09:00 2526115                    /usr/local/lib/scilab-5.2.2/lib/scilab/libsciwindows_tools.so.5.0.2
7f4ef1a5c000-7f4ef1a5d000 r--p 00000000 09:00 2526115                    /usr/local/lib/scilab-5.2.2/lib/scilab/libsciwindows_tools.so.5.0.2
7f4ef1a5d000-7f4ef1a5e000 rw-p 00001000 09:00 2526115                    /usr/local/lib/scilab-5.2.2/lib/scilab/libsciwindows_tools.so.5.0.2
7f4ef1a5e000-7f4ef1a5f000 rw-p 00000000 00:00 0 
7f4ef1a5f000-7f4ef1a62000 r-xp 00000000 09:00 2526016                    /usr/local/lib/scilab-5.2.2/lib/scilab/libscitime.so.5.0.2
7f4ef1a62000-7f4ef1c62000 ---p 00003000 09:00 2526016                    /usr/local/lib/scilab-5.2.2/lib/scilab/libscitime.so.5.0.2
7f4ef1c62000-7f4ef1c63000 r--p 00003000 09:00 2526016                    /usr/local/lib/scilab-5.2.2/lib/scilab/libscitime.so.5.0.2
7f4ef1c63000-7f4ef1c64000 rw-p 00004000 09:00 2526016                    /usr/local/lib/scilab-5.2.2/lib/scilab/libscitime.so.5.0.2
7f4ef1c64000-7f4ef1c7e000 r-xp 00000000 09:00 2526195                    /usr/local/lib/scilab-5.2.2/lib/scilab/libscistatistics.so.5.0.2
7f4ef1c7e000-7f4ef1e7d000 ---p 0001a000 09:00 2526195                    /usr/local/lib/scilab-5.2.2/lib/scilab/libscistatistics.so.5.0.2
7f4ef1e7d000-7f4ef1e7e000 r--p 00019000 09:00 2526195                    /usr/local/lib/scilab-5.2.2/lib/scilab/libscistatistics.so.5.0.2
7f4ef1e7e000-7f4ef1e7f000 rw-p 0001a000 09:00 2526195                    /usr/local/lib/scilab-5.2.2/lib/scilab/libscistatistics.so.5.0.2
7f4ef1e7f000-7f4ef1f39000 rw-p 00000000 00:00 0 
7f4ef1f39000-7f4ef1f43000 r-xp 00000000 09:00 2526153                    /usr/local/lib/scilab-5.2.2/lib/scilab/libscispecial_functions.so.5.0.2
7f4ef1f43000-7f4ef2143000 ---p 0000a000 09:00 2526153                    /usr/local/lib/scilab-5.2.2/lib/scilab/libscispecial_functions.so.5.0.2
7f4ef2143000-7f4ef2144000 r--p 0000a000 09:00 2526153                    /usr/local/lib/scilab-5.2.2/lib/scilab/libscispecial_functions.so.5.0.2
7f4ef2144000-7f4ef2145000 rw-p 0000b000 09:00 2526153                    /usr/local/lib/scilab-5.2.2/lib/scilab/libscispecial_functions.so.5.0.2
7f4ef2145000-7f4ef2200000 rw-p 00000000 00:00 0 
7f4ef2200000-7f4ef2202000 r-xp 00000000 09:00 2526013                    /usr/local/lib/scilab-5.2.2/lib/scilab/libsciintersci.so.5.0.2
7f4ef2202000-7f4ef2401000 ---p 00002000 09:00 2526013                    /usr/local/lib/scilab-5.2.2/lib/scilab/libsciintersci.so.5.0.2
7f4ef2401000-7f4ef2402000 r--p 00001000 09:00 2526013                    /usr/local/lib/scilab-5.2.2/lib/scilab/libsciintersci.so.5.0.2
7f4ef2402000-7f4ef2403000 rw-p 00002000 09:00 2526013                    /usr/local/lib/scilab-5.2.2/lib/scilab/libsciintersci.so.5.0.2
7f4ef2403000-7f4ef240c000 r-xp 00000000 09:00 2525981                    /usr/local/lib/scilab-5.2.2/lib/scilab/libsciboolean.so.5.0.2
7f4ef240c000-7f4ef260b000 ---p 00009000 09:00 2525981                    /usr/local/lib/scilab-5.2.2/lib/scilab/libsciboolean.so.5.0.2
7f4ef260b000-7f4ef260c000 r--p 00008000 09:00 2525981                    /usr/local/lib/scilab-5.2.2/lib/scilab/libsciboolean.so.5.0.2
7f4ef260c000-7f4ef260d000 rw-p 00009000 09:00 2525981                    /usr/local/lib/scilab-5.2.2/lib/scilab/libsciboolean.so.5.0.2
7f4ef260d000-7f4ef26c7000 rw-p 00000000 00:00 0 
7f4ef26c7000-7f4ef26d8000 r-xp 00000000 09:00 2526129                    /usr/local/lib/scilab-5.2.2/lib/scilab/libscidouble.so.5.0.2
7f4ef26d8000-7f4ef28d7000 ---p 00011000 09:00 2526129                    /usr/local/lib/scilab-5.2.2/lib/scilab/libscidouble.so.5.0.2
7f4ef28d7000-7f4ef28d8000 r--p 00010000 09:00 2526129                    /usr/local/lib/scilab-5.2.2/lib/scilab/libscidouble.so.5.0.2
7f4ef28d8000-7f4ef28d9000 rw-p 00011000 09:00 2526129                    /usr/local/lib/scilab-5.2.2/lib/scilab/libscidouble.so.5.0.2
7f4ef28d9000-7f4ef2994000 rw-p 00000000 00:00 0 
7f4ef2994000-7f4ef2997000 r-xp 00000000 09:00 2526089                    /usr/local/lib/scilab-5.2.2/lib/scilab/libscicall_scilab.so.5.0.2
7f4ef2997000-7f4ef2b96000 ---p 00003000 09:00 2526089                    /usr/local/lib/scilab-5.2.2/lib/scilab/libscicall_scilab.so.5.0.2
7f4ef2b96000-7f4ef2b97000 r--p 00002000 09:00 2526089                    /usr/local/lib/scilab-5.2.2/lib/scilab/libscicall_scilab.so.5.0.2
7f4ef2b97000-7f4ef2b98000 rw-p 00003000 09:00 2526089                    /usr/local/lib/scilab-5.2.2/lib/scilab/libscicall_scilab.so.5.0.2
7f4ef2b98000-7f4ef2b99000 r-xp 00000000 09:00 2526188                    /usr/local/lib/scilab-5.2.2/lib/scilab/libscilab.so.0.0.0
7f4ef2b99000-7f4ef2d99000 ---p 00001000 09:00 2526188                    /usr/local/lib/scilab-5.2.2/lib/scilab/libscilab.so.0.0.0
7f4ef2d99000-7f4ef2d9a000 r--p 00001000 09:00 2526188                    /usr/local/lib/scilab-5.2.2/lib/scilab/libscilab.so.0.0.0
7f4ef2d9a000-7f4ef2d9b000 rw-p 00002000 09:00 2526188                    /usr/local/lib/scilab-5.2.2/lib/scilab/libscilab.so.0.0.0
7f4ef2d9b000-7f4ef2db1000 r-xp 00000000 09:00 2526123                    /usr/local/lib/scilab-5.2.2/lib/scilab/libsciio.so.5.0.2
7f4ef2db1000-7f4ef2fb0000 ---p 00016000 09:00 2526123                    /usr/local/lib/scilab-5.2.2/lib/scilab/libsciio.so.5.0.2
7f4ef2fb0000-7f4ef2fb1000 r--p 00015000 09:00 2526123                    /usr/local/lib/scilab-5.2.2/lib/scilab/libsciio.so.5.0.2
7f4ef2fb1000-7f4ef2fb2000 rw-p 00016000 09:00 2526123                    /usr/local/lib/scilab-5.2.2/lib/scilab/libsciio.so.5.0.2
7f4ef2fb2000-7f4ef306d000 rw-p 00000000 00:00 0 
7f4ef306d000-7f4ef3071000 r-xp 00000000 09:00 2526027                    /usr/local/lib/scilab-5.2.2/lib/scilab/libscilocalization.so.5.0.2
7f4ef3071000-7f4ef3270000 ---p 00004000 09:00 2526027                    /usr/local/lib/scilab-5.2.2/lib/scilab/libscilocalization.so.5.0.2
7f4ef3270000-7f4ef3271000 r--p 00003000 09:00 2526027                    /usr/local/lib/scilab-5.2.2/lib/scilab/libscilocalization.so.5.0.2
7f4ef3271000-7f4ef3276000 rw-p 00004000 09:00 2526027                    /usr/local/lib/scilab-5.2.2/lib/scilab/libscilocalization.so.5.0.2
7f4ef3276000-7f4ef327d000 r-xp 00000000 09:00 2526055                    /usr/local/lib/scilab-5.2.2/lib/scilab/libscicompletion.so.5.0.2
7f4ef327d000-7f4ef347c000 ---p 00007000 09:00 2526055                    /usr/local/lib/scilab-5.2.2/lib/scilab/libscicompletion.so.5.0.2
7f4ef347c000-7f4ef347d000 r--p 00006000 09:00 2526055                    /usr/local/lib/scilab-5.2.2/lib/scilab/libscicompletion.so.5.0.2
7f4ef347d000-7f4ef347e000 rw-p 00007000 09:00 2526055                    /usr/local/lib/scilab-5.2.2/lib/scilab/libscicompletion.so.5.0.2
7f4ef347e000-7f4ef3504000 r-xp 00000000 09:00 2526131                    /usr/local/lib/scilab-5.2.2/lib/scilab/libscicore.so.5.0.2
7f4ef3504000-7f4ef3704000 ---p 00086000 09:00 2526131                    /usr/local/lib/scilab-5.2.2/lib/scilab/libscicore.so.5.0.2
7f4ef3704000-7f4ef3706000 r--p 00086000 09:00 2526131                    /usr/local/lib/scilab-5.2.2/lib/scilab/libscicore.so.5.0.2
7f4ef3706000-7f4ef3709000 rw-p 00088000 09:00 2526131                    /usr/local/lib/scilab-5.2.2/lib/scilab/libscicore.so.5.0.2
7f4ef3709000-7f4ef3807000 rw-p 00000000 00:00 0 
7f4ef3807000-7f4ef3810000 r-xp 00000000 09:00 2525955                    /usr/local/lib/scilab-5.2.2/lib/scilab/libscishell.so.5.0.2
7f4ef3810000-7f4ef3a10000 ---p 00009000 09:00 2525955                    /usr/local/lib/scilab-5.2.2/lib/scilab/libscishell.so.5.0.2
7f4ef3a10000-7f4ef3a11000 r--p 00009000 09:00 2525955                    /usr/local/lib/scilab-5.2.2/lib/scilab/libscishell.so.5.0.2
7f4ef3a11000-7f4ef3a12000 rw-p 0000a000 09:00 2525955                    /usr/local/lib/scilab-5.2.2/lib/scilab/libscishell.so.5.0.2
7f4ef3a12000-7f4ef3a14000 rw-p 00000000 00:00 0 
7fff5089d000-7fff508a0000 ---p 00000000 00:00 0 
7fff508a0000-7fff5099d000 rwxp 00000000 00:00 0                          [stack]
7fff5099d000-7fff5099e000 rw-p 00000000 00:00 0 
7fff509ff000-7fff50a00000 r-xp 00000000 00:00 0                          [vdso]
ffffffffff600000-ffffffffff601000 r-xp 00000000 00:00 0                  [vsyscall]

VM Arguments:
jvm_args: -Djava.library.path= -Djava.compiler=JIT -Xmx256m -Dapple.laf.useScreenMenuBar=true 
java_command: <unknown>
Launcher Type: generic

Environment Variables:
JAVA_HOME=/usr/local/lib/scilab-5.2.2/thirdparty/java
JRE_HOME=/usr/local/lib/scilab-5.2.2/thirdparty/java
CLASSPATH=/usr/local/lib/scilab-5.2.2/thirdparty:/usr/local/lib/scilab-5.2.2/thirdparty/java/lib
PATH=/usr/local/lib/scilab-5.2.2/bin:/usr/local/bin:/usr/lib64/qt-3.3/bin:/usr/kerberos/bin:/usr/lib64/ccache:/usr/local/bin:/bin:/usr/bin:/usr/lib64/paraview-3.6.1-Linux-x86_64/bin/:/usr/local/sbin:/usr/sbin:/sbin:/usr/lib64/paraview-3.6.1-Linux-x86_64/bin/:/home/M2SITN/delanoue/bin:/usr/lib64/paraview-3.6.1-Linux-x86_64/bin/:/usr/local/lib/scilab-5.2.2/share/scilab/modules/scicos/
LD_LIBRARY_PATH=/usr/local/lib/scilab-5.2.2/share/scilab/bin:/usr/local/lib/scilab-5.2.2/share/scilab/lib/scilab/:/usr/local/lib/scilab-5.2.2/share/scilab/lib64/scilab/:/usr/local/lib/scilab-5.2.2/lib/scilab:/usr/local/lib/scilab-5.2.2/lib/thirdparty:/usr/local/lib/scilab-5.2.2/thirdparty/java/lib/amd64:/usr/local/lib/scilab-5.2.2/thirdparty/java/lib/amd64/server:/usr/local/lib/scilab-5.2.2/thirdparty/java/lib/amd64/native_threads
SHELL=/bin/bash
DISPLAY=:2003.0

Signal Handlers:
SIGSEGV: [libjvm.so+0x70f1a0], sa_mask[0]=0x7ffbfeff, sa_flags=0x10000004
SIGBUS: [libjvm.so+0x70f1a0], sa_mask[0]=0x7ffbfeff, sa_flags=0x10000004
SIGFPE: [libjvm.so+0x5d7f70], sa_mask[0]=0x7ffbfeff, sa_flags=0x10000004
SIGPIPE: SIG_IGN, sa_mask[0]=0x00001000, sa_flags=0x10000000
SIGXFSZ: [libjvm.so+0x5d7f70], sa_mask[0]=0x7ffbfeff, sa_flags=0x10000004
SIGILL: [libjvm.so+0x5d7f70], sa_mask[0]=0x7ffbfeff, sa_flags=0x10000004
SIGUSR1: SIG_DFL, sa_mask[0]=0x00000000, sa_flags=0x00000000
SIGUSR2: [libjvm.so+0x5da790], sa_mask[0]=0x00000000, sa_flags=0x10000004
SIGHUP: [libjvm.so+0x5da4e0], sa_mask[0]=0x7ffbfeff, sa_flags=0x10000004
SIGINT: [libscicore.so.5+0x2c190], sa_mask[0]=0x00000002, sa_flags=0x10000000
SIGTERM: [libjvm.so+0x5da4e0], sa_mask[0]=0x7ffbfeff, sa_flags=0x10000004
SIGQUIT: [libjvm.so+0x5da4e0], sa_mask[0]=0x7ffbfeff, sa_flags=0x10000004


---------------  S Y S T E M  ---------------

OS:Fedora release 11 (Leonidas)

uname:Linux 2.6.30.9-90.fc11.x86_64 #1 SMP Sat Oct 17 11:25:35 EDT 2009 x86_64
libc:glibc 2.10.1 NPTL 2.10.1 
rlimit: STACK 10240k, CORE 0k, NPROC 1024, NOFILE 1024, AS infinity
load average:0.29 0.32 0.22

CPU:total 16 (8 cores per cpu, 2 threads per core) family 6 model 26 stepping 5, cmov, cx8, fxsr, mmx, sse, sse2, sse3, ssse3, sse4.1, sse4.2, popcnt, ht

Memory: 4k page, physical 49065876k(5502544k free), swap 50331632k(50153096k free)

vm_info: Java HotSpot(TM) 64-Bit Server VM (16.0-b13) for linux-amd64 JRE (1.6.0_18-b07), built on Dec 17 2009 13:42:22 by "java_re" with gcc 3.2.2 (SuSE Linux)

time: Thu Jul  8 09:37:43 2010
elapsed time: 1105 seconds

