#
# A fatal error has been detected by the Java Runtime Environment:
#
#  SIGSEGV (0xb) at pc=0x00007f6a02260440, pid=25178, tid=140095161448720
#
# JRE version: 6.0_18-b07
# Java VM: Java HotSpot(TM) 64-Bit Server VM (16.0-b13 mixed mode linux-amd64 )
# Problematic frame:
# C  [libGL.so.1+0x7f440]
#
# If you would like to submit a bug report, please visit:
#   http://java.sun.com/webapps/bugreport/crash.jsp
#

---------------  T H R E A D  ---------------

Current thread (0x000000000113e000):  VMThread [stack: 0x00007f6a72453000,0x00007f6a72554000] [id=25195]

siginfo:si_signo=SIGSEGV: si_errno=0, si_code=1 (SEGV_MAPERR), si_addr=0x0000000000000000

Registers:
RAX=0x0000000000000000, RBX=0x0000000001297fe0, RCX=0x0000003be3769e88, RDX=0x0000000000000000
RSP=0x00007f6a725525c0, RBP=0x00007f6a023a2020, RSI=0x000000000173d320, RDI=0x0000003be3769e80
R8 =0x0000000000000008, R9 =0x0000000000000000, R10=0x00007f6a72552360, R11=0x0000000000000000
R12=0x0000003bf0420790, R13=0x00007f6a023b8360, R14=0x00000000011b9170, R15=0x0000000000000050
RIP=0x00007f6a02260440, EFL=0x0000000000010246, CSGSFS=0x0000000000000033, ERR=0x0000000000000004
  TRAPNO=0x000000000000000e

Top of Stack: (sp=0x00007f6a725525c0)
0x00007f6a725525c0:   00007f6a023a2020 000000000000625a
0x00007f6a725525d0:   0000003bf0420790 00007f6a022514e5
0x00007f6a725525e0:   00007f6a725525f0 000000000000008a
0x00007f6a725525f0:   00007f6a72552ae0 0000000000000000
0x00007f6a72552600:   0000003be301f008 0000003be2e0f0cc
0x00007f6a72552610:   00007f6aa3606000 00007f6aa3606590
0x00007f6a72552620:   00007f6aa2c5f508 00007f6a9d912000
0x00007f6a72552630:   00007f6aa3605a38 00007f6aa33f9510
0x00007f6a72552640:   00007f6aa33f9a30 00007f6aa1651a30
0x00007f6a72552650:   00007f6aa2c5f000 00007f6aa2c5fa18
0x00007f6a72552660:   00007f6aa2586000 00007f6aa2586520
0x00007f6a72552670:   00007f6aa2586a40 00007f6aa1df2000
0x00007f6a72552680:   00007f6aa1df2530 00007f6aa1df2a48
0x00007f6a72552690:   00007f6aa1651520 00007f6aa0f42000
0x00007f6a725526a0:   00007f6aa0f42518 00007f6aa0f42a28
0x00007f6a725526b0:   00007f6aa06ae000 00007f6aa06ae520
0x00007f6a725526c0:   00007f6aa06aea58 00007f6a9ff60000
0x00007f6a725526d0:   00007f6a9ff60530 00007f6a9ff60a58
0x00007f6a725526e0:   00007f6a9f6c6000 00007f6a9f6c6518
0x00007f6a725526f0:   00007f6a9eeae000 00007f6a9eeae510
0x00007f6a72552700:   00007f6a9eeaea30 00007f6a9e754520
0x00007f6a72552710:   00007f6a9e754a38 00007f6a9e0dda60
0x00007f6a72552720:   00007f6a9d912528 00007f6a9d912a60
0x00007f6a72552730:   00007f6a9d2f1000 00007f6a9d2f1510
0x00007f6a72552740:   00007f6a9d2f1a30 00007f6a9cbe9530
0x00007f6a72552750:   00007f6a9cbe9a50 00007f6a9c444a48
0x00007f6a72552760:   00007f6a9be2c000 00007f6aa33f9000
0x00007f6a72552770:   00007f6aa1651000 00007f6a9f6c6a28
0x00007f6a72552780:   00007f6a9e754000 00007f6a9e0dd000
0x00007f6a72552790:   00007f6a9e0dd528 00007f6a9cbe9000
0x00007f6a725527a0:   00007f6a9c444000 00007f6a9c444520
0x00007f6a725527b0:   00007f6a9be2c508 00007f6a9be2ca18 

Instructions: (pc=0x00007f6a02260440)
0x00007f6a02260430:   10 48 85 d2 74 43 48 8b 42 10 48 8b 5a 08 31 d2
0x00007f6a02260440:   44 8b 20 48 89 df 44 89 e6 e8 42 a9 fb ff 31 d2 

Stack: [0x00007f6a72453000,0x00007f6a72554000],  sp=0x00007f6a725525c0,  free space=3fd0000000000000018k
Native frames: (J=compiled Java code, j=interpreted, Vv=VM code, C=native code)
C  [libGL.so.1+0x7f440]

VM_Operation (0x00007f6a70f175b0): Exit, mode: safepoint, requested by thread 0x00007f6a30001000


---------------  P R O C E S S  ---------------

Java Threads: ( => current thread )
  0x00007f6a30001000 JavaThread "SIGHUP handler" daemon [_thread_blocked, id=25767, stack(0x00007f6a70e18000,0x00007f6a70f19000)]
  0x00007f69f4005000 JavaThread "Thread-14" [_thread_blocked, id=25248, stack(0x00007f6a0338c000,0x00007f6a03d8d000)]
  0x00007f69fc008800 JavaThread "Thread-7" [_thread_in_native, id=25218, stack(0x00007f6a0338c000,0x00007f6a03d8d000)]
  0x00007f69fc008000 JavaThread "Thread-6" [_thread_in_native, id=25216, stack(0x00007f6a0338c000,0x00007f6a03d8d000)]
  0x00007f69fc001000 JavaThread "Thread-5" [_thread_in_native, id=25214, stack(0x00007f6a0338c000,0x00007f6a03d8d000)]
  0x00000000015f5000 JavaThread "TimerQueue" daemon [_thread_blocked, id=25212, stack(0x00007f6a705c3000,0x00007f6a706c4000)]
  0x0000000001549800 JavaThread "AWT-EventQueue-0" [_thread_blocked, id=25211, stack(0x00007f6a706c4000,0x00007f6a707c5000)]
  0x0000000001530000 JavaThread "AWT-Shutdown" [_thread_blocked, id=25210, stack(0x00007f6a707c5000,0x00007f6a708c6000)]
  0x0000000001313800 JavaThread "AWT-XAWT" daemon [_thread_blocked, id=25204, stack(0x00007f6a713f8000,0x00007f6a714f9000)]
  0x00000000012c5000 JavaThread "Java2D Disposer" daemon [_thread_blocked, id=25203, stack(0x00007f6a71718000,0x00007f6a71819000)]
  0x0000000001168000 JavaThread "Low Memory Detector" daemon [_thread_blocked, id=25201, stack(0x00007f6a71e4d000,0x00007f6a71f4e000)]
  0x0000000001166000 JavaThread "CompilerThread1" daemon [_thread_blocked, id=25200, stack(0x00007f6a71f4e000,0x00007f6a7204f000)]
  0x0000000001163000 JavaThread "CompilerThread0" daemon [_thread_blocked, id=25199, stack(0x00007f6a7204f000,0x00007f6a72150000)]
  0x0000000001144800 JavaThread "Finalizer" daemon [_thread_blocked, id=25197, stack(0x00007f6a72251000,0x00007f6a72352000)]
  0x0000000001142800 JavaThread "Reference Handler" daemon [_thread_blocked, id=25196, stack(0x00007f6a72352000,0x00007f6a72453000)]
  0x0000000001073000 JavaThread "main" [_thread_in_native, id=25178, stack(0x00007fffbfc2c000,0x00007fffbfd2c000)]

Other Threads:
=>0x000000000113e000 VMThread [stack: 0x00007f6a72453000,0x00007f6a72554000] [id=25195]

VM state:at safepoint (shutting down)

VM Mutex/Monitor currently owned by a thread:  ([mutex/lock_event])
[0x000000000107b7b0] Threads_lock - owner thread: 0x000000000113e000

Heap
 PSYoungGen      total 76480K, used 27571K [0x00007f6a83ab0000, 0x00007f6a89000000, 0x00007f6a89000000)
  eden space 65600K, 25% used [0x00007f6a83ab0000,0x00007f6a84aff158,0x00007f6a87ac0000)
  from space 10880K, 99% used [0x00007f6a87ac0000,0x00007f6a8855dc38,0x00007f6a88560000)
  to   space 10880K, 0% used [0x00007f6a88560000,0x00007f6a88560000,0x00007f6a89000000)
 PSOldGen        total 174784K, used 56613K [0x00007f6a79000000, 0x00007f6a83ab0000, 0x00007f6a83ab0000)
  object space 174784K, 32% used [0x00007f6a79000000,0x00007f6a7c749610,0x00007f6a83ab0000)
 PSPermGen       total 35072K, used 34981K [0x00007f6a73c00000, 0x00007f6a75e40000, 0x00007f6a79000000)
  object space 35072K, 99% used [0x00007f6a73c00000,0x00007f6a75e29628,0x00007f6a75e40000)

Dynamic libraries:
00400000-00402000 r-xp 00000000 09:00 2526212                            /usr/local/lib/scilab-5.2.2/bin/scilab-bin
00601000-00602000 r--p 00001000 09:00 2526212                            /usr/local/lib/scilab-5.2.2/bin/scilab-bin
00602000-00603000 rw-p 00002000 09:00 2526212                            /usr/local/lib/scilab-5.2.2/bin/scilab-bin
01063000-01e7a000 rw-p 00000000 00:00 0                                  [heap]
41710000-41712000 rwxp 00000000 00:0f 703                                /dev/zero
3be2e00000-3be2e1f000 r-xp 00000000 09:00 3622                           /lib64/ld-2.10.1.so
3be301e000-3be301f000 r--p 0001e000 09:00 3622                           /lib64/ld-2.10.1.so
3be301f000-3be3020000 rw-p 0001f000 09:00 3622                           /lib64/ld-2.10.1.so
3be3200000-3be3201000 r-xp 00000000 09:00 55465                          /usr/lib64/nvidia/tls/libnvidia-tls.so.185.18.36
3be3201000-3be3301000 ---p 00001000 09:00 55465                          /usr/lib64/nvidia/tls/libnvidia-tls.so.185.18.36
3be3301000-3be3302000 rw-p 00001000 09:00 55465                          /usr/lib64/nvidia/tls/libnvidia-tls.so.185.18.36
3be3400000-3be3564000 r-xp 00000000 09:00 6311                           /lib64/libc-2.10.1.so
3be3564000-3be3764000 ---p 00164000 09:00 6311                           /lib64/libc-2.10.1.so
3be3764000-3be3768000 r--p 00164000 09:00 6311                           /lib64/libc-2.10.1.so
3be3768000-3be3769000 rw-p 00168000 09:00 6311                           /lib64/libc-2.10.1.so
3be3769000-3be376e000 rw-p 00000000 00:00 0 
3be3800000-3be3802000 r-xp 00000000 09:00 270374                         /lib64/libdl-2.10.1.so
3be3802000-3be3a02000 ---p 00002000 09:00 270374                         /lib64/libdl-2.10.1.so
3be3a02000-3be3a03000 r--p 00002000 09:00 270374                         /lib64/libdl-2.10.1.so
3be3a03000-3be3a04000 rw-p 00003000 09:00 270374                         /lib64/libdl-2.10.1.so
3be3c00000-3be3c82000 r-xp 00000000 09:00 11622                          /lib64/libm-2.10.1.so
3be3c82000-3be3e82000 ---p 00082000 09:00 11622                          /lib64/libm-2.10.1.so
3be3e82000-3be3e83000 r--p 00082000 09:00 11622                          /lib64/libm-2.10.1.so
3be3e83000-3be3e84000 rw-p 00083000 09:00 11622                          /lib64/libm-2.10.1.so
3be4000000-3be4017000 r-xp 00000000 09:00 262769                         /lib64/libpthread-2.10.1.so
3be4017000-3be4216000 ---p 00017000 09:00 262769                         /lib64/libpthread-2.10.1.so
3be4216000-3be4217000 r--p 00016000 09:00 262769                         /lib64/libpthread-2.10.1.so
3be4217000-3be4218000 rw-p 00017000 09:00 262769                         /lib64/libpthread-2.10.1.so
3be4218000-3be421c000 rw-p 00000000 00:00 0 
3be4800000-3be4934000 r-xp 00000000 09:00 262666                         /usr/lib64/libX11.so.6.2.0
3be4934000-3be4b33000 ---p 00134000 09:00 262666                         /usr/lib64/libX11.so.6.2.0
3be4b33000-3be4b39000 rw-p 00133000 09:00 262666                         /usr/lib64/libX11.so.6.2.0
3be4c00000-3be4c02000 r-xp 00000000 09:00 262162                         /usr/lib64/libXau.so.6.0.0
3be4c02000-3be4e01000 ---p 00002000 09:00 262162                         /usr/lib64/libXau.so.6.0.0
3be4e01000-3be4e02000 rw-p 00001000 09:00 262162                         /usr/lib64/libXau.so.6.0.0
3be5000000-3be501a000 r-xp 00000000 09:00 262665                         /usr/lib64/libxcb.so.1.1.0
3be501a000-3be521a000 ---p 0001a000 09:00 262665                         /usr/lib64/libxcb.so.1.1.0
3be521a000-3be521b000 rw-p 0001a000 09:00 262665                         /usr/lib64/libxcb.so.1.1.0
3be5400000-3be541c000 r-xp 00000000 09:00 262763                         /lib64/libselinux.so.1
3be541c000-3be561b000 ---p 0001c000 09:00 262763                         /lib64/libselinux.so.1
3be561b000-3be561c000 r--p 0001b000 09:00 262763                         /lib64/libselinux.so.1
3be561c000-3be561d000 rw-p 0001c000 09:00 262763                         /lib64/libselinux.so.1
3be561d000-3be561e000 rw-p 00000000 00:00 0 
3be5800000-3be5811000 r-xp 00000000 09:00 262755                         /usr/lib64/libXext.so.6.4.0
3be5811000-3be5a11000 ---p 00011000 09:00 262755                         /usr/lib64/libXext.so.6.4.0
3be5a11000-3be5a12000 rw-p 00011000 09:00 262755                         /usr/lib64/libXext.so.6.4.0
3be5c00000-3be5cdd000 r-xp 00000000 09:00 262670                         /lib64/libglib-2.0.so.0.2000.5
3be5cdd000-3be5edc000 ---p 000dd000 09:00 262670                         /lib64/libglib-2.0.so.0.2000.5
3be5edc000-3be5ede000 rw-p 000dc000 09:00 262670                         /lib64/libglib-2.0.so.0.2000.5
3be6000000-3be6007000 r-xp 00000000 09:00 262770                         /lib64/librt-2.10.1.so
3be6007000-3be6206000 ---p 00007000 09:00 262770                         /lib64/librt-2.10.1.so
3be6206000-3be6207000 r--p 00006000 09:00 262770                         /lib64/librt-2.10.1.so
3be6207000-3be6208000 rw-p 00007000 09:00 262770                         /lib64/librt-2.10.1.so
3be6400000-3be6441000 r-xp 00000000 09:00 262671                         /lib64/libgobject-2.0.so.0.2000.5
3be6441000-3be6641000 ---p 00041000 09:00 262671                         /lib64/libgobject-2.0.so.0.2000.5
3be6641000-3be6643000 rw-p 00041000 09:00 262671                         /lib64/libgobject-2.0.so.0.2000.5
3be6800000-3be6826000 r-xp 00000000 09:00 95997                          /lib64/libexpat.so.1.5.2
3be6826000-3be6a25000 ---p 00026000 09:00 95997                          /lib64/libexpat.so.1.5.2
3be6a25000-3be6a28000 rw-p 00025000 09:00 95997                          /lib64/libexpat.so.1.5.2
3be6c00000-3be6c03000 r-xp 00000000 09:00 262672                         /lib64/libgmodule-2.0.so.0.2000.5
3be6c03000-3be6e02000 ---p 00003000 09:00 262672                         /lib64/libgmodule-2.0.so.0.2000.5
3be6e02000-3be6e03000 rw-p 00002000 09:00 262672                         /lib64/libgmodule-2.0.so.0.2000.5
3be7000000-3be7093000 r-xp 00000000 09:00 95977                          /usr/lib64/libfreetype.so.6.3.20
3be7093000-3be7293000 ---p 00093000 09:00 95977                          /usr/lib64/libfreetype.so.6.3.20
3be7293000-3be7299000 rw-p 00093000 09:00 95977                          /usr/lib64/libfreetype.so.6.3.20
3be7400000-3be7425000 r-xp 00000000 09:00 270373                         /usr/lib64/libpng12.so.0.37.0
3be7425000-3be7624000 ---p 00025000 09:00 270373                         /usr/lib64/libpng12.so.0.37.0
3be7624000-3be7625000 rw-p 00024000 09:00 270373                         /usr/lib64/libpng12.so.0.37.0
3be7800000-3be7833000 r-xp 00000000 09:00 130668                         /usr/lib64/libfontconfig.so.1.4.1
3be7833000-3be7a32000 ---p 00033000 09:00 130668                         /usr/lib64/libfontconfig.so.1.4.1
3be7a32000-3be7a34000 rw-p 00032000 09:00 130668                         /usr/lib64/libfontconfig.so.1.4.1
3be7c00000-3be7c75000 r-xp 00000000 09:00 262764                         /lib64/libgio-2.0.so.0.2000.5
3be7c75000-3be7e75000 ---p 00075000 09:00 262764                         /lib64/libgio-2.0.so.0.2000.5
3be7e75000-3be7e77000 rw-p 00075000 09:00 262764                         /lib64/libgio-2.0.so.0.2000.5
3be7e77000-3be7e78000 rw-p 00000000 00:00 0 
3be8000000-3be803b000 r-xp 00000000 09:00 125888                         /usr/lib64/libibus.so.1.0.0
3be803b000-3be823b000 ---p 0003b000 09:00 125888                         /usr/lib64/libibus.so.1.0.0
3be823b000-3be823e000 rw-p 0003b000 09:00 125888                         /usr/lib64/libibus.so.1.0.0
3be8400000-3be8409000 r-xp 00000000 09:00 262668                         /usr/lib64/libXrender.so.1.3.0
3be8409000-3be8608000 ---p 00009000 09:00 262668                         /usr/lib64/libXrender.so.1.3.0
3be8608000-3be8609000 rw-p 00008000 09:00 262668                         /usr/lib64/libXrender.so.1.3.0
3be8800000-3be8802000 r-xp 00000000 09:00 262756                         /usr/lib64/libXinerama.so.1.0.0
3be8802000-3be8a01000 ---p 00002000 09:00 262756                         /usr/lib64/libXinerama.so.1.0.0
3be8a01000-3be8a02000 rw-p 00001000 09:00 262756                         /usr/lib64/libXinerama.so.1.0.0
3be8c00000-3be8c08000 r-xp 00000000 09:00 262758                         /usr/lib64/libXrandr.so.2.2.0
3be8c08000-3be8e07000 ---p 00008000 09:00 262758                         /usr/lib64/libXrandr.so.2.2.0
3be8e07000-3be8e08000 rw-p 00007000 09:00 262758                         /usr/lib64/libXrandr.so.2.2.0
3be9000000-3be9004000 r-xp 00000000 09:00 262771                         /lib64/libgthread-2.0.so.0.2000.5
3be9004000-3be9203000 ---p 00004000 09:00 262771                         /lib64/libgthread-2.0.so.0.2000.5
3be9203000-3be9204000 rw-p 00003000 09:00 262771                         /lib64/libgthread-2.0.so.0.2000.5
3be9400000-3be9409000 r-xp 00000000 09:00 262760                         /usr/lib64/libXcursor.so.1.0.2
3be9409000-3be9609000 ---p 00009000 09:00 262760                         /usr/lib64/libXcursor.so.1.0.2
3be9609000-3be960a000 rw-p 00009000 09:00 262760                         /usr/lib64/libXcursor.so.1.0.2
3be9800000-3be9805000 r-xp 00000000 09:00 262759                         /usr/lib64/libXfixes.so.3.1.0
3be9805000-3be9a04000 ---p 00005000 09:00 262759                         /usr/lib64/libXfixes.so.3.1.0
3be9a04000-3be9a05000 rw-p 00004000 09:00 262759                         /usr/lib64/libXfixes.so.3.1.0
3bea400000-3bea409000 r-xp 00000000 09:00 262757                         /usr/lib64/libXi.so.6.0.0
3bea409000-3bea609000 ---p 00009000 09:00 262757                         /usr/lib64/libXi.so.6.0.0
3bea609000-3bea60a000 rw-p 00009000 09:00 262757                         /usr/lib64/libXi.so.6.0.0
3bea800000-3bea804000 r-xp 00000000 09:00 27035                          /lib64/libattr.so.1.1.0
3bea804000-3beaa03000 ---p 00004000 09:00 27035                          /lib64/libattr.so.1.1.0
3beaa03000-3beaa04000 rw-p 00003000 09:00 27035                          /lib64/libattr.so.1.1.0
3beac00000-3beac1d000 r-xp 00000000 09:00 262765                         /usr/lib64/libgdk_pixbuf-2.0.so.0.1600.6
3beac1d000-3beae1d000 ---p 0001d000 09:00 262765                         /usr/lib64/libgdk_pixbuf-2.0.so.0.1600.6
3beae1d000-3beae1e000 rw-p 0001d000 09:00 262765                         /usr/lib64/libgdk_pixbuf-2.0.so.0.1600.6
3beb000000-3beb004000 r-xp 00000000 09:00 270409                         /lib64/libcap.so.2.16
3beb004000-3beb203000 ---p 00004000 09:00 270409                         /lib64/libcap.so.2.16
3beb203000-3beb204000 rw-p 00003000 09:00 270409                         /lib64/libcap.so.2.16
3beb400000-3beb43c000 r-xp 00000000 09:00 262781                         /lib64/libdbus-1.so.3.4.0
3beb43c000-3beb63c000 ---p 0003c000 09:00 262781                         /lib64/libdbus-1.so.3.4.0
3beb63c000-3beb63d000 r--p 0003c000 09:00 262781                         /lib64/libdbus-1.so.3.4.0
3beb63d000-3beb63e000 rw-p 0003d000 09:00 262781                         /lib64/libdbus-1.so.3.4.0
3beb800000-3beb802000 r-xp 00000000 09:00 262761                         /usr/lib64/libXcomposite.so.1.0.0
3beb802000-3beba01000 ---p 00002000 09:00 262761                         /usr/lib64/libXcomposite.so.1.0.0
3beba01000-3beba02000 rw-p 00001000 09:00 262761                         /usr/lib64/libXcomposite.so.1.0.0
3bebc00000-3bebc2c000 r-xp 00000000 09:00 262674                         /usr/lib64/libpangoft2-1.0.so.0.2400.5
3bebc2c000-3bebe2b000 ---p 0002c000 09:00 262674                         /usr/lib64/libpangoft2-1.0.so.0.2400.5
3bebe2b000-3bebe2d000 rw-p 0002b000 09:00 262674                         /usr/lib64/libpangoft2-1.0.so.0.2400.5
3bec000000-3bec00b000 r-xp 00000000 09:00 262675                         /usr/lib64/libpangocairo-1.0.so.0.2400.5
3bec00b000-3bec20a000 ---p 0000b000 09:00 262675                         /usr/lib64/libpangocairo-1.0.so.0.2400.5
3bec20a000-3bec20b000 rw-p 0000a000 09:00 262675                         /usr/lib64/libpangocairo-1.0.so.0.2400.5
3bec400000-3bec41d000 r-xp 00000000 09:00 262767                         /usr/lib64/libatk-1.0.so.0.2511.1
3bec41d000-3bec61c000 ---p 0001d000 09:00 262767                         /usr/lib64/libatk-1.0.so.0.2511.1
3bec61c000-3bec61f000 rw-p 0001c000 09:00 262767                         /usr/lib64/libatk-1.0.so.0.2511.1
3bec800000-3becc21000 r-xp 00000000 09:00 262768                         /usr/lib64/libgtk-x11-2.0.so.0.1600.6
3becc21000-3bece20000 ---p 00421000 09:00 262768                         /usr/lib64/libgtk-x11-2.0.so.0.1600.6
3bece20000-3bece2b000 rw-p 00420000 09:00 262768                         /usr/lib64/libgtk-x11-2.0.so.0.1600.6
3bece2b000-3bece2d000 rw-p 00000000 00:00 0 
3bed000000-3bed043000 r-xp 00000000 09:00 66380                          /usr/lib64/libpixman-1.so.0.14.0
3bed043000-3bed242000 ---p 00043000 09:00 66380                          /usr/lib64/libpixman-1.so.0.14.0
3bed242000-3bed245000 rw-p 00042000 09:00 66380                          /usr/lib64/libpixman-1.so.0.14.0
3bed400000-3bed4a5000 r-xp 00000000 09:00 262766                         /usr/lib64/libgdk-x11-2.0.so.0.1600.6
3bed4a5000-3bed6a5000 ---p 000a5000 09:00 262766                         /usr/lib64/libgdk-x11-2.0.so.0.1600.6
3bed6a5000-3bed6aa000 rw-p 000a5000 09:00 262766                         /usr/lib64/libgdk-x11-2.0.so.0.1600.6
3bed800000-3bed846000 r-xp 00000000 09:00 262673                         /usr/lib64/libpango-1.0.so.0.2400.5
3bed846000-3beda46000 ---p 00046000 09:00 262673                         /usr/lib64/libpango-1.0.so.0.2400.5
3beda46000-3beda49000 rw-p 00046000 09:00 262673                         /usr/lib64/libpango-1.0.so.0.2400.5
3bedc00000-3bedc74000 r-xp 00000000 09:00 262669                         /usr/lib64/libcairo.so.2.10800.8
3bedc74000-3bede73000 ---p 00074000 09:00 262669                         /usr/lib64/libcairo.so.2.10800.8
3bede73000-3bede76000 rw-p 00073000 09:00 262669                         /usr/lib64/libcairo.so.2.10800.8
3bee000000-3bee002000 r-xp 00000000 09:00 262762                         /usr/lib64/libXdamage.so.1.1.0
3bee002000-3bee201000 ---p 00002000 09:00 262762                         /usr/lib64/libXdamage.so.1.1.0
3bee201000-3bee202000 rw-p 00001000 09:00 262762                         /usr/lib64/libXdamage.so.1.1.0
3bef000000-3bef016000 r-xp 00000000 09:00 6957                           /lib64/libnsl-2.10.1.so
3bef016000-3bef216000 ---p 00016000 09:00 6957                           /lib64/libnsl-2.10.1.so
3bef216000-3bef217000 r--p 00016000 09:00 6957                           /lib64/libnsl-2.10.1.so
3bef217000-3bef218000 rw-p 00017000 09:00 6957                           /lib64/libnsl-2.10.1.so
3bef218000-3bef21a000 rw-p 00000000 00:00 0 
3bef800000-3bef805000 r-xp 00000000 09:00 262772                         /usr/lib64/libXxf86vm.so.1.0.0
3bef805000-3befa04000 ---p 00005000 09:00 262772                         /usr/lib64/libXxf86vm.so.1.0.0
3befa04000-3befa05000 rw-p 00004000 09:00 262772                         /usr/lib64/libXxf86vm.so.1.0.0
3befc00000-3bf09da000 r-xp 00000000 09:00 34119                          /usr/lib64/nvidia/libGLcore.so.185.18.36
3bf09da000-3bf0ada000 ---p 00dda000 09:00 34119                          /usr/lib64/nvidia/libGLcore.so.185.18.36
3bf0ada000-3bf0f13000 rwxp 00dda000 09:00 34119                          /usr/lib64/nvidia/libGLcore.so.185.18.36
3bf0f13000-3bf0f26000 rwxp 00000000 00:00 0 
3bf2800000-3bf2802000 r-xp 00000000 09:00 107166                         /lib64/libutil-2.10.1.so
3bf2802000-3bf2a01000 ---p 00002000 09:00 107166                         /lib64/libutil-2.10.1.so
3bf2a01000-3bf2a02000 r--p 00001000 09:00 107166                         /lib64/libutil-2.10.1.so
3bf2a02000-3bf2a03000 rw-p 00002000 09:00 107166                         /lib64/libutil-2.10.1.so
3bf3000000-3bf3005000 r-xp 00000000 09:00 270436                         /usr/lib64/libXtst.so.6.1.0
3bf3005000-3bf3205000 ---p 00005000 09:00 270436                         /usr/lib64/libXtst.so.6.1.0
3bf3205000-3bf3206000 rw-p 00005000 09:00 270436                         /usr/lib64/libXtst.so.6.1.0
3bf6400000-3bf6414000 r-xp 00000000 09:00 29307                          /usr/lib64/libXft.so.2.1.13
3bf6414000-3bf6613000 ---p 00014000 09:00 29307                          /usr/lib64/libXft.so.2.1.13
3bf6613000-3bf6614000 rw-p 00013000 09:00 29307                          /usr/lib64/libXft.so.2.1.13
3bf6e00000-3bf6e02000 r-xp 00000000 09:00 81010                          /usr/lib64/libXss.so.1.0.0
3bf6e02000-3bf7002000 ---p 00002000 09:00 81010                          /usr/lib64/libXss.so.1.0.0
3bf7002000-3bf7003000 rw-p 00002000 09:00 81010                          /usr/lib64/libXss.so.1.0.0
7f69ec000000-7f69ec024000 rw-p 00000000 00:00 0 
7f69ec024000-7f69f0000000 ---p 00000000 00:00 0 
7f69f0000000-7f69f0021000 rw-p 00000000 00:00 0 
7f69f0021000-7f69f4000000 ---p 00000000 00:00 0 
7f69f4000000-7f69f4021000 rw-p 00000000 00:00 0 
7f69f4021000-7f69f8000000 ---p 00000000 00:00 0 
7f69f82f3000-7f69faa7b000 rw-p 00000000 00:00 0 
7f69fc000000-7f69fc07b000 rw-p 00000000 00:00 0 
7f69fc07b000-7f6a00000000 ---p 00000000 00:00 0 
7f6a006ac000-7f6a00e26000 r--p 00000000 09:00 11469                      /usr/share/icons/hicolor/icon-theme.cache
7f6a00e26000-7f6a014ac000 r--p 00000000 09:00 14306                      /usr/share/icons/gnome/icon-theme.cache
7f6a014ac000-7f6a01af2000 rw-p 00000000 00:00 0 
7f6a01bcc000-7f6a01dee000 rw-s 00000000 00:08 1131511975                 /SYSV00000000 (deleted)
7f6a01dee000-7f6a01df0000 r-xp 00000000 09:00 2525838                    /usr/local/lib/scilab-5.2.2/lib/thirdparty/libjogl_awt.so
7f6a01df0000-7f6a01eef000 ---p 00002000 09:00 2525838                    /usr/local/lib/scilab-5.2.2/lib/thirdparty/libjogl_awt.so
7f6a01eef000-7f6a01ef0000 rw-p 00001000 09:00 2525838                    /usr/local/lib/scilab-5.2.2/lib/thirdparty/libjogl_awt.so
7f6a01ef0000-7f6a01ef1000 r-xp 00000000 09:00 2526431                    /usr/local/lib/scilab-5.2.2/thirdparty/java/lib/amd64/libjawt.so
7f6a01ef1000-7f6a01ff0000 ---p 00001000 09:00 2526431                    /usr/local/lib/scilab-5.2.2/thirdparty/java/lib/amd64/libjawt.so
7f6a01ff0000-7f6a01ff1000 rw-p 00000000 09:00 2526431                    /usr/local/lib/scilab-5.2.2/thirdparty/java/lib/amd64/libjawt.so
7f6a01ff1000-7f6a020e0000 r-xp 00000000 09:00 2525930                    /usr/local/lib/scilab-5.2.2/lib/thirdparty/libjogl.so
7f6a020e0000-7f6a021e0000 ---p 000ef000 09:00 2525930                    /usr/local/lib/scilab-5.2.2/lib/thirdparty/libjogl.so
7f6a021e0000-7f6a021e1000 rw-p 000ef000 09:00 2525930                    /usr/local/lib/scilab-5.2.2/lib/thirdparty/libjogl.so
7f6a021e1000-7f6a0226e000 r-xp 00000000 09:00 55479                      /usr/lib64/nvidia/libGL.so.185.18.36
7f6a0226e000-7f6a0236d000 ---p 0008d000 09:00 55479                      /usr/lib64/nvidia/libGL.so.185.18.36
7f6a0236d000-7f6a023a2000 rwxp 0008c000 09:00 55479                      /usr/lib64/nvidia/libGL.so.185.18.36
7f6a023a2000-7f6a023b9000 rwxp 00000000 00:00 0 
7f6a0257b000-7f6a0257e000 ---p 00000000 00:00 0 
7f6a0257e000-7f6a0267c000 rwxp 00000000 00:00 0 
7f6a0267c000-7f6a0267f000 ---p 00000000 00:00 0 
7f6a0267f000-7f6a0277d000 rwxp 00000000 00:00 0 
7f6a0277d000-7f6a027b3000 r--s 0071a000 09:00 3495562                    /usr/local/lib/scilab-5.2.2/share/scilab/modules/helptools/jar/scilab_fr_FR_help.jar
7f6a027b3000-7f6a0298b000 rw-s 00000000 00:08 1131544746                 /SYSV00000000 (deleted)
7f6a0298b000-7f6a0298c000 ---p 00000000 00:00 0 
7f6a0298c000-7f6a0338c000 rwxp 00000000 00:00 0 
7f6a0338c000-7f6a0338f000 ---p 00000000 00:00 0 
7f6a0338f000-7f6a03d8d000 rwxp 00000000 00:00 0 
7f6a03db3000-7f6a03db4000 r-xp 00000000 09:00 2525767                    /usr/local/lib/scilab-5.2.2/lib/thirdparty/libgluegen-rt.so
7f6a03db4000-7f6a03eb3000 ---p 00001000 09:00 2525767                    /usr/local/lib/scilab-5.2.2/lib/thirdparty/libgluegen-rt.so
7f6a03eb3000-7f6a03eb4000 rw-p 00000000 09:00 2525767                    /usr/local/lib/scilab-5.2.2/lib/thirdparty/libgluegen-rt.so
7f6a03eb4000-7f6a04000000 rw-s 00000000 00:08 1126793377                 /SYSV00000000 (deleted)
7f6a04000000-7f6a043bf000 rw-p 00000000 00:00 0 
7f6a043bf000-7f6a08000000 ---p 00000000 00:00 0 
7f6a08000000-7f6a08021000 rw-p 00000000 00:00 0 
7f6a08021000-7f6a0c000000 ---p 00000000 00:00 0 
7f6a0c000000-7f6a0c17e000 rw-p 00000000 00:00 0 
7f6a0c17e000-7f6a10000000 ---p 00000000 00:00 0 
7f6a10000000-7f6a10021000 rw-p 00000000 00:00 0 
7f6a10021000-7f6a14000000 ---p 00000000 00:00 0 
7f6a14000000-7f6a14021000 rw-p 00000000 00:00 0 
7f6a14021000-7f6a18000000 ---p 00000000 00:00 0 
7f6a18000000-7f6a18021000 rw-p 00000000 00:00 0 
7f6a18021000-7f6a1c000000 ---p 00000000 00:00 0 
7f6a1c000000-7f6a1c021000 rw-p 00000000 00:00 0 
7f6a1c021000-7f6a20000000 ---p 00000000 00:00 0 
7f6a20000000-7f6a20021000 rw-p 00000000 00:00 0 
7f6a20021000-7f6a24000000 ---p 00000000 00:00 0 
7f6a24000000-7f6a24fbc000 rw-p 00000000 00:00 0 
7f6a24fbc000-7f6a28000000 ---p 00000000 00:00 0 
7f6a28000000-7f6a290f7000 rw-p 00000000 00:00 0 
7f6a290f7000-7f6a2c000000 ---p 00000000 00:00 0 
7f6a2c000000-7f6a2c021000 rw-p 00000000 00:00 0 
7f6a2c021000-7f6a30000000 ---p 00000000 00:00 0 
7f6a30000000-7f6a30021000 rw-p 00000000 00:00 0 
7f6a30021000-7f6a34000000 ---p 00000000 00:00 0 
7f6a34000000-7f6a34051000 rw-p 00000000 00:00 0 
7f6a34051000-7f6a38000000 ---p 00000000 00:00 0 
7f6a38000000-7f6a38021000 rw-p 00000000 00:00 0 
7f6a38021000-7f6a3c000000 ---p 00000000 00:00 0 
7f6a3c000000-7f6a3c021000 rw-p 00000000 00:00 0 
7f6a3c021000-7f6a40000000 ---p 00000000 00:00 0 
7f6a40000000-7f6a40021000 rw-p 00000000 00:00 0 
7f6a40021000-7f6a44000000 ---p 00000000 00:00 0 
7f6a44000000-7f6a44021000 rw-p 00000000 00:00 0 
7f6a44021000-7f6a48000000 ---p 00000000 00:00 0 
7f6a48000000-7f6a48021000 rw-p 00000000 00:00 0 
7f6a48021000-7f6a4c000000 ---p 00000000 00:00 0 
7f6a4c000000-7f6a4c021000 rw-p 00000000 00:00 0 
7f6a4c021000-7f6a50000000 ---p 00000000 00:00 0 
7f6a50000000-7f6a50021000 rw-p 00000000 00:00 0 
7f6a50021000-7f6a54000000 ---p 00000000 00:00 0 
7f6a54000000-7f6a54021000 rw-p 00000000 00:00 0 
7f6a54021000-7f6a58000000 ---p 00000000 00:00 0 
7f6a58000000-7f6a58021000 rw-p 00000000 00:00 0 
7f6a58021000-7f6a5c000000 ---p 00000000 00:00 0 
7f6a5c000000-7f6a5c021000 rw-p 00000000 00:00 0 
7f6a5c021000-7f6a60000000 ---p 00000000 00:00 0 
7f6a60000000-7f6a60021000 rw-p 00000000 00:00 0 
7f6a60021000-7f6a64000000 ---p 00000000 00:00 0 
7f6a64000000-7f6a64021000 rw-p 00000000 00:00 0 
7f6a64021000-7f6a68000000 ---p 00000000 00:00 0 
7f6a68000000-7f6a68021000 rw-p 00000000 00:00 0 
7f6a68021000-7f6a6c000000 ---p 00000000 00:00 0 
7f6a6c000000-7f6a6c021000 rw-p 00000000 00:00 0 
7f6a6c021000-7f6a70000000 ---p 00000000 00:00 0 
7f6a70119000-7f6a70266000 rw-s 00000000 00:08 1128857768                 /SYSV00000000 (deleted)
7f6a70266000-7f6a70275000 r--s 00658000 09:00 2526478                    /usr/local/lib/scilab-5.2.2/thirdparty/java/lib/charsets.jar
7f6a70275000-7f6a70285000 r-xp 00000000 09:00 139155                     /usr/lib64/gio/modules/libgioremote-volume-monitor.so
7f6a70285000-7f6a70485000 ---p 00010000 09:00 139155                     /usr/lib64/gio/modules/libgioremote-volume-monitor.so
7f6a70485000-7f6a70486000 rw-p 00010000 09:00 139155                     /usr/lib64/gio/modules/libgioremote-volume-monitor.so
7f6a7048a000-7f6a7048e000 r--s 000c8000 09:00 3486237                    /usr/local/lib/scilab-5.2.2/thirdparty/java/lib/ext/localedata.jar
7f6a70496000-7f6a704c2000 rw-s 00000000 00:08 1128595621                 /SYSV00000000 (deleted)
7f6a704c2000-7f6a704c5000 ---p 00000000 00:00 0 
7f6a704c5000-7f6a705c3000 rwxp 00000000 00:00 0 
7f6a705c3000-7f6a705c6000 ---p 00000000 00:00 0 
7f6a705c6000-7f6a706c4000 rwxp 00000000 00:00 0 
7f6a706c4000-7f6a706c7000 ---p 00000000 00:00 0 
7f6a706c7000-7f6a707c5000 rwxp 00000000 00:00 0 
7f6a707c5000-7f6a707c8000 ---p 00000000 00:00 0 
7f6a707c8000-7f6a708c6000 rwxp 00000000 00:00 0 
7f6a708c6000-7f6a708db000 r-xp 00000000 09:00 10016                      /usr/lib64/libgvfscommon.so.0.0.0
7f6a708db000-7f6a70adb000 ---p 00015000 09:00 10016                      /usr/lib64/libgvfscommon.so.0.0.0
7f6a70adb000-7f6a70adc000 rw-p 00015000 09:00 10016                      /usr/lib64/libgvfscommon.so.0.0.0
7f6a70adc000-7f6a70ae0000 r--s 00024000 09:00 3498597                    /usr/local/lib/scilab-5.2.2/share/scilab/modules/xpad/jar/org.scilab.modules.xpad.jar
7f6a70ae4000-7f6a70afe000 r--s 00000000 09:00 10778                      /usr/share/mime/mime.cache
7f6a70afe000-7f6a70b1b000 r-xp 00000000 09:00 139156                     /usr/lib64/gio/modules/libgvfsdbus.so
7f6a70b1b000-7f6a70d1b000 ---p 0001d000 09:00 139156                     /usr/lib64/gio/modules/libgvfsdbus.so
7f6a70d1b000-7f6a70d1c000 rw-p 0001d000 09:00 139156                     /usr/lib64/gio/modules/libgvfsdbus.so
7f6a70d1e000-7f6a70d2d000 r--s 00658000 09:00 2526478                    /usr/local/lib/scilab-5.2.2/thirdparty/java/lib/charsets.jar
7f6a70d33000-7f6a70d40000 r--p 00000000 09:00 32977                      /usr/share/icons/Mist/icon-theme.cache
7f6a70d40000-7f6a70d9c000 r--p 00000000 09:00 48957                      /usr/share/icons/Fedora/icon-theme.cache
7f6a70d9c000-7f6a70da7000 r--s 00108000 09:00 2526551                    /usr/local/lib/scilab-5.2.2/thirdparty/jogl.jar
7f6a70db1000-7f6a70e11000 rw-s 00000000 00:08 1126727835                 /SYSV00000000 (deleted)
7f6a70e11000-7f6a70e18000 r--s 00111000 09:00 2526355                    /usr/local/lib/scilab-5.2.2/thirdparty/java/lib/resources.jar
7f6a70e18000-7f6a70e1b000 ---p 00000000 00:00 0 
7f6a70e1b000-7f6a70f19000 rwxp 00000000 00:00 0 
7f6a70f19000-7f6a70f1f000 r--s 00024000 09:00 3504846                    /usr/local/lib/scilab-5.2.2/share/scilab/modules/renderer/jar/org.scilab.modules.renderer.jar
7f6a70f1f000-7f6a70f24000 r-xp 00000000 09:00 94558                      /usr/lib64/gtk-2.0/2.10.0/immodules/im-ibus.so
7f6a70f24000-7f6a71124000 ---p 00005000 09:00 94558                      /usr/lib64/gtk-2.0/2.10.0/immodules/im-ibus.so
7f6a71124000-7f6a71125000 rw-p 00005000 09:00 94558                      /usr/lib64/gtk-2.0/2.10.0/immodules/im-ibus.so
7f6a71125000-7f6a711bd000 r--p 00000000 09:00 11249                      /usr/share/fonts/dejavu/DejaVuSans.ttf
7f6a711bd000-7f6a711cf000 r-xp 00000000 09:00 45401                      /usr/lib64/gtk-2.0/2.10.0/engines/libnodoka.so
7f6a711cf000-7f6a713cf000 ---p 00012000 09:00 45401                      /usr/lib64/gtk-2.0/2.10.0/engines/libnodoka.so
7f6a713cf000-7f6a713d0000 rw-p 00012000 09:00 45401                      /usr/lib64/gtk-2.0/2.10.0/engines/libnodoka.so
7f6a713d0000-7f6a713f8000 r--p 00000000 09:00 532351                     /usr/share/locale/fr/LC_MESSAGES/gtk20-properties.mo
7f6a713f8000-7f6a713fb000 ---p 00000000 00:00 0 
7f6a713fb000-7f6a714f9000 rwxp 00000000 00:00 0 
7f6a714f9000-7f6a71500000 r-xp 00000000 09:00 2526404                    /usr/local/lib/scilab-5.2.2/thirdparty/java/lib/amd64/libnio.so
7f6a71500000-7f6a715ff000 ---p 00007000 09:00 2526404                    /usr/local/lib/scilab-5.2.2/thirdparty/java/lib/amd64/libnio.so
7f6a715ff000-7f6a71601000 rw-p 00006000 09:00 2526404                    /usr/local/lib/scilab-5.2.2/thirdparty/java/lib/amd64/libnio.so
7f6a71601000-7f6a71614000 r-xp 00000000 09:00 2526432                    /usr/local/lib/scilab-5.2.2/thirdparty/java/lib/amd64/libnet.so
7f6a71614000-7f6a71715000 ---p 00013000 09:00 2526432                    /usr/local/lib/scilab-5.2.2/thirdparty/java/lib/amd64/libnet.so
7f6a71715000-7f6a71718000 rw-p 00014000 09:00 2526432                    /usr/local/lib/scilab-5.2.2/thirdparty/java/lib/amd64/libnet.so
7f6a71718000-7f6a7171b000 ---p 00000000 00:00 0 
7f6a7171b000-7f6a71819000 rwxp 00000000 00:00 0 
7f6a71819000-7f6a71897000 r-xp 00000000 09:00 2526407                    /usr/local/lib/scilab-5.2.2/thirdparty/java/lib/amd64/libfontmanager.so
7f6a71897000-7f6a71996000 ---p 0007e000 09:00 2526407                    /usr/local/lib/scilab-5.2.2/thirdparty/java/lib/amd64/libfontmanager.so
7f6a71996000-7f6a719ac000 rw-p 0007d000 09:00 2526407                    /usr/local/lib/scilab-5.2.2/thirdparty/java/lib/amd64/libfontmanager.so
7f6a719ac000-7f6a719bd000 rw-p 00000000 00:00 0 
7f6a719bd000-7f6a719ff000 r-xp 00000000 09:00 2526426                    /usr/local/lib/scilab-5.2.2/thirdparty/java/lib/amd64/xawt/libmawt.so
7f6a719ff000-7f6a71afe000 ---p 00042000 09:00 2526426                    /usr/local/lib/scilab-5.2.2/thirdparty/java/lib/amd64/xawt/libmawt.so
7f6a71afe000-7f6a71b09000 rw-p 00041000 09:00 2526426                    /usr/local/lib/scilab-5.2.2/thirdparty/java/lib/amd64/xawt/libmawt.so
7f6a71b09000-7f6a71b0b000 rw-p 00000000 00:00 0 
7f6a71b0b000-7f6a71b9d000 r-xp 00000000 09:00 2526408                    /usr/local/lib/scilab-5.2.2/thirdparty/java/lib/amd64/libawt.so
7f6a71b9d000-7f6a71c9c000 ---p 00092000 09:00 2526408                    /usr/local/lib/scilab-5.2.2/thirdparty/java/lib/amd64/libawt.so
7f6a71c9c000-7f6a71cb5000 rw-p 00091000 09:00 2526408                    /usr/local/lib/scilab-5.2.2/thirdparty/java/lib/amd64/libawt.so
7f6a71cb5000-7f6a71cda000 rw-p 00000000 00:00 0 
7f6a71cda000-7f6a71ce1000 r--s 00000000 09:00 5866                       /usr/lib64/gconv/gconv-modules.cache
7f6a71ce1000-7f6a71d4a000 r--p 00000000 09:00 3488255                    /usr/local/lib/scilab-5.2.2/share/locale/fr_FR/LC_MESSAGES/scilab.mo
7f6a71d4a000-7f6a71d4c000 r--s 00001000 09:00 3499088                    /usr/local/lib/scilab-5.2.2/share/scilab/modules/jvm/jar/org.scilab.modules.jvm.jar
7f6a71d4c000-7f6a71d4d000 ---p 00000000 00:00 0 
7f6a71d4d000-7f6a71e4d000 rwxp 00000000 00:00 0 
7f6a71e4d000-7f6a71e50000 ---p 00000000 00:00 0 
7f6a71e50000-7f6a71f4e000 rwxp 00000000 00:00 0 
7f6a71f4e000-7f6a71f51000 ---p 00000000 00:00 0 
7f6a71f51000-7f6a7204f000 rwxp 00000000 00:00 0 
7f6a7204f000-7f6a72052000 ---p 00000000 00:00 0 
7f6a72052000-7f6a72150000 rwxp 00000000 00:00 0 
7f6a72150000-7f6a72153000 ---p 00000000 00:00 0 
7f6a72153000-7f6a72251000 rwxp 00000000 00:00 0 
7f6a72251000-7f6a72254000 ---p 00000000 00:00 0 
7f6a72254000-7f6a72352000 rwxp 00000000 00:00 0 
7f6a72352000-7f6a72355000 ---p 00000000 00:00 0 
7f6a72355000-7f6a72453000 rwxp 00000000 00:00 0 
7f6a72453000-7f6a72454000 ---p 00000000 00:00 0 
7f6a72454000-7f6a72554000 rwxp 00000000 00:00 0 
7f6a72554000-7f6a73362000 rw-p 00000000 00:00 0 
7f6a73362000-7f6a734f9000 r--s 02ab6000 09:00 2526467                    /usr/local/lib/scilab-5.2.2/thirdparty/java/lib/rt.jar
7f6a734f9000-7f6a734fa000 ---p 00000000 00:00 0 
7f6a734fa000-7f6a735fa000 rwxp 00000000 00:00 0 
7f6a735fa000-7f6a735fb000 ---p 00000000 00:00 0 
7f6a735fb000-7f6a736fb000 rwxp 00000000 00:00 0 
7f6a736fb000-7f6a736fc000 ---p 00000000 00:00 0 
7f6a736fc000-7f6a737fc000 rwxp 00000000 00:00 0 
7f6a737fc000-7f6a737fd000 ---p 00000000 00:00 0 
7f6a737fd000-7f6a738fd000 rwxp 00000000 00:00 0 
7f6a738fd000-7f6a738fe000 ---p 00000000 00:00 0 
7f6a738fe000-7f6a739fe000 rwxp 00000000 00:00 0 
7f6a739fe000-7f6a739ff000 ---p 00000000 00:00 0 
7f6a739ff000-7f6a73aff000 rwxp 00000000 00:00 0 
7f6a73aff000-7f6a73b00000 ---p 00000000 00:00 0 
7f6a73b00000-7f6a73c00000 rwxp 00000000 00:00 0 
7f6a73c00000-7f6a75e40000 rw-p 00000000 00:00 0 
7f6a75e40000-7f6a79000000 rw-p 00000000 00:00 0 
7f6a79000000-7f6a89000000 rw-p 00000000 00:00 0 
7f6a89000000-7f6a89270000 rwxp 00000000 00:00 0 
7f6a89270000-7f6a8c273000 rw-p 00000000 00:00 0 
7f6a8c273000-7f6a90000000 ---p 00000000 00:00 0 
7f6a90001000-7f6a90002000 rw-p 00000000 00:00 0 
7f6a90002000-7f6a90003000 r--s 00004000 09:00 2526508                    /usr/local/lib/scilab-5.2.2/thirdparty/gluegen-rt.jar
7f6a90004000-7f6a9000f000 r--p 00000000 09:00 94600                      /usr/share/locale/fr/LC_MESSAGES/glib20.mo
7f6a9000f000-7f6a90022000 r--p 00000000 09:00 94773                      /usr/share/locale/fr/LC_MESSAGES/gtk20.mo
7f6a90022000-7f6a9002c000 r--s 0004a000 09:00 3489405                    /usr/local/lib/scilab-5.2.2/share/scilab/modules/gui/jar/org.scilab.modules.gui.jar
7f6a9002c000-7f6a9002d000 r--s 00000000 09:00 3500272                    /usr/local/lib/scilab-5.2.2/share/scilab/modules/action_binding/jar/org.scilab.modules.action_binding.jar
7f6a9002d000-7f6a9002e000 r--s 00000000 09:00 3490441                    /usr/local/lib/scilab-5.2.2/share/scilab/modules/localization/jar/org.scilab.modules.localization.jar
7f6a9002e000-7f6a90030000 r--s 0000a000 09:00 3497021                    /usr/local/lib/scilab-5.2.2/share/scilab/modules/console/jar/org.scilab.modules.console.jar
7f6a90030000-7f6a90031000 r--s 00000000 09:00 3494430                    /usr/local/lib/scilab-5.2.2/share/scilab/modules/completion/jar/org.scilab.modules.completion.jar
7f6a90031000-7f6a90032000 r--s 00000000 09:00 3499431                    /usr/local/lib/scilab-5.2.2/share/scilab/modules/history_manager/jar/org.scilab.modules.history_manager.jar
7f6a90032000-7f6a90033000 r--s 00000000 09:00 3498556                    /usr/local/lib/scilab-5.2.2/share/scilab/modules/shell/jar/org.scilab.modules.shell.jar
7f6a90033000-7f6a90035000 r--s 00006000 09:00 3488337                    /usr/local/lib/scilab-5.2.2/share/scilab/modules/hdf5/jar/org.scilab.modules.hdf5.jar
7f6a90035000-7f6a9003f000 r--s 00087000 09:00 2526239                    /usr/local/lib/scilab-5.2.2/thirdparty/jhall.jar
7f6a9003f000-7f6a90040000 r--s 0000c000 09:00 2526238                    /usr/local/lib/scilab-5.2.2/thirdparty/commons-logging.jar
7f6a90040000-7f6a90049000 r--s 0005b000 09:00 2526230                    /usr/local/lib/scilab-5.2.2/thirdparty/looks-2.1.1.jar
7f6a90049000-7f6a9006c000 r--p 00000000 09:00 270348                     /usr/share/locale/fr/LC_MESSAGES/libc.mo
7f6a9006c000-7f6a9006d000 ---p 00000000 00:00 0 
7f6a9006d000-7f6a9016d000 rwxp 00000000 00:00 0 
7f6a9016d000-7f6a9016e000 ---p 00000000 00:00 0 
7f6a9016e000-7f6a9026e000 rwxp 00000000 00:00 0 
7f6a9026e000-7f6a9026f000 ---p 00000000 00:00 0 
7f6a9026f000-7f6a9036f000 rwxp 00000000 00:00 0 
7f6a9036f000-7f6a90370000 ---p 00000000 00:00 0 
7f6a90370000-7f6a90470000 rwxp 00000000 00:00 0 
7f6a90470000-7f6a90471000 ---p 00000000 00:00 0 
7f6a90471000-7f6a90571000 rwxp 00000000 00:00 0 
7f6a90571000-7f6a90572000 ---p 00000000 00:00 0 
7f6a90572000-7f6a90672000 rwxp 00000000 00:00 0 
7f6a90672000-7f6a90684000 rw-p 00000000 00:00 0 
7f6a90684000-7f6a9069c000 rw-p 00000000 00:00 0 
7f6a9069c000-7f6a906ae000 rw-p 00000000 00:00 0 
7f6a906ae000-7f6a906c6000 rw-p 00000000 00:00 0 
7f6a906c6000-7f6a90751000 rw-p 00000000 00:00 0 
7f6a90751000-7f6a90807000 rw-p 00000000 00:00 0 
7f6a90807000-7f6a90815000 r-xp 00000000 09:00 2526429                    /usr/local/lib/scilab-5.2.2/thirdparty/java/lib/amd64/libzip.so
7f6a90815000-7f6a90917000 ---p 0000e000 09:00 2526429                    /usr/local/lib/scilab-5.2.2/thirdparty/java/lib/amd64/libzip.so
7f6a90917000-7f6a9091a000 rw-p 00010000 09:00 2526429                    /usr/local/lib/scilab-5.2.2/thirdparty/java/lib/amd64/libzip.so
7f6a9091a000-7f6a9091b000 rw-p 00000000 00:00 0 
7f6a9091b000-7f6a90922000 r-xp 00000000 09:00 2526439                    /usr/local/lib/scilab-5.2.2/thirdparty/java/lib/amd64/native_threads/libhpi.so
7f6a90922000-7f6a90a23000 ---p 00007000 09:00 2526439                    /usr/local/lib/scilab-5.2.2/thirdparty/java/lib/amd64/native_threads/libhpi.so
7f6a90a23000-7f6a90a25000 rw-p 00008000 09:00 2526439                    /usr/local/lib/scilab-5.2.2/thirdparty/java/lib/amd64/native_threads/libhpi.so
7f6a90a25000-7f6a90a26000 rw-p 00000000 00:00 0 
7f6a90a26000-7f6a90a4f000 r-xp 00000000 09:00 2526423                    /usr/local/lib/scilab-5.2.2/thirdparty/java/lib/amd64/libjava.so
7f6a90a4f000-7f6a90b4e000 ---p 00029000 09:00 2526423                    /usr/local/lib/scilab-5.2.2/thirdparty/java/lib/amd64/libjava.so
7f6a90b4e000-7f6a90b55000 rw-p 00028000 09:00 2526423                    /usr/local/lib/scilab-5.2.2/thirdparty/java/lib/amd64/libjava.so
7f6a90b55000-7f6a90b62000 r-xp 00000000 09:00 2526411                    /usr/local/lib/scilab-5.2.2/thirdparty/java/lib/amd64/libverify.so
7f6a90b62000-7f6a90c61000 ---p 0000d000 09:00 2526411                    /usr/local/lib/scilab-5.2.2/thirdparty/java/lib/amd64/libverify.so
7f6a90c61000-7f6a90c64000 rw-p 0000c000 09:00 2526411                    /usr/local/lib/scilab-5.2.2/thirdparty/java/lib/amd64/libverify.so
7f6a90c64000-7f6a91418000 r-xp 00000000 09:00 2526395                    /usr/local/lib/scilab-5.2.2/thirdparty/java/lib/amd64/server/libjvm.so
7f6a91418000-7f6a91518000 ---p 007b4000 09:00 2526395                    /usr/local/lib/scilab-5.2.2/thirdparty/java/lib/amd64/server/libjvm.so
7f6a91518000-7f6a916a2000 rw-p 007b4000 09:00 2526395                    /usr/local/lib/scilab-5.2.2/thirdparty/java/lib/amd64/server/libjvm.so
7f6a916a2000-7f6a916db000 rw-p 00000000 00:00 0 
7f6a916db000-7f6a916dc000 ---p 00000000 00:00 0 
7f6a916dc000-7f6a920dc000 rwxp 00000000 00:00 0 
7f6a920dc000-7f6a92174000 r--p 00000000 09:00 11249                      /usr/share/fonts/dejavu/DejaVuSans.ttf
7f6a92174000-7f6a921c1000 rw-p 00000000 00:00 0 
7f6a921c2000-7f6a921c3000 r--p 00000000 00:00 0 
7f6a921c3000-7f6a921c4000 r--s 00007000 09:00 3494023                    /usr/local/lib/scilab-5.2.2/share/scilab/modules/graphic_export/jar/org.scilab.modules.graphic_export.jar
7f6a921c4000-7f6a921ca000 r--s 0004c000 09:00 2526231                    /usr/local/lib/scilab-5.2.2/thirdparty/skinlf.jar
7f6a921ca000-7f6a921cb000 r--s 00001000 09:00 2526548                    /usr/local/lib/scilab-5.2.2/thirdparty/jrosetta-API.jar
7f6a921cb000-7f6a921cd000 r--s 00008000 09:00 2526514                    /usr/local/lib/scilab-5.2.2/thirdparty/jrosetta-engine.jar
7f6a921cd000-7f6a921ce000 r--s 00001000 09:00 2526548                    /usr/local/lib/scilab-5.2.2/thirdparty/jrosetta-API.jar
7f6a921ce000-7f6a921d8000 r--s 0006a000 09:00 2526542                    /usr/local/lib/scilab-5.2.2/thirdparty/flexdock-0.5.1.jar
7f6a921d8000-7f6a9222e000 rw-p 00000000 00:00 0 
7f6a9222e000-7f6a92236000 rw-s 00000000 09:00 3527133                    /tmp/hsperfdata_delanoue/25178 (deleted)
7f6a92236000-7f6a92237000 rw-p 00000000 00:00 0 
7f6a92237000-7f6a92238000 ---p 00000000 00:00 0 
7f6a92238000-7f6a9223c000 r--s 00000000 09:00 94081                      /var/cache/fontconfig/87f5e051180a7a75f16eb6fe7dbd3749-x86-64.cache-2
7f6a9223c000-7f6a92245000 r--s 00000000 09:00 94080                      /var/cache/fontconfig/b79f3aaa7d385a141ab53ec885cc22a8-x86-64.cache-2
7f6a92245000-7f6a9224a000 r--s 00000000 09:00 1323005                    /var/cache/fontconfig/103e7fb1ea2629e851f0af6e29d50d14-x86-64.cache-2
7f6a9224a000-7f6a9224f000 r--s 00000000 09:00 1323004                    /var/cache/fontconfig/c4c72d5f47a988aa2d2b5e019553fb0a-x86-64.cache-2
7f6a9224f000-7f6a92254000 r--s 00000000 09:00 1323003                    /var/cache/fontconfig/f51c2ebd7e636ed1629dff932acec21b-x86-64.cache-2
7f6a92254000-7f6a92256000 r--s 00000000 09:00 93647                      /var/cache/fontconfig/2e1514a9fdd499050989183bb65136db-x86-64.cache-2
7f6a92256000-7f6a9226f000 r--s 00000000 09:00 94090                      /var/cache/fontconfig/7a7f22e4c6b2236c525eb458794c6fd2-x86-64.cache-2
7f6a9226f000-7f6a9227b000 r-xp 00000000 09:00 129671                     /lib64/libnss_files-2.10.1.so
7f6a9227b000-7f6a9247a000 ---p 0000c000 09:00 129671                     /lib64/libnss_files-2.10.1.so
7f6a9247a000-7f6a9247b000 r--p 0000b000 09:00 129671                     /lib64/libnss_files-2.10.1.so
7f6a9247b000-7f6a9247c000 rw-p 0000c000 09:00 129671                     /lib64/libnss_files-2.10.1.so
7f6a9247c000-7f6a9247e000 r--s 00000000 09:00 94096                      /var/cache/fontconfig/5c755b2f27115486aa6359c84dd3cbda-x86-64.cache-2
7f6a9247e000-7f6a92480000 r--s 00000000 09:00 94095                      /var/cache/fontconfig/3f821257dd33660ba7bbb45c32deb84c-x86-64.cache-2
7f6a92480000-7f6a92482000 r--s 00000000 09:00 94094                      /var/cache/fontconfig/830f035fa84a65ce80e050178dbb630d-x86-64.cache-2
7f6a92482000-7f6a92483000 r--s 00000000 09:00 94093                      /var/cache/fontconfig/81a173283b451552b599cfaafd6236bd-x86-64.cache-2
7f6a92483000-7f6a92486000 r--s 00000000 09:00 10702                      /var/cache/fontconfig/cfde08ab28ad1d91784abb10973575e3-x86-64.cache-2
7f6a92486000-7f6a92489000 r--s 00000000 09:00 128494                     /var/cache/fontconfig/6082f993537e886e2b8c280984f3ae67-x86-64.cache-2
7f6a92489000-7f6a9248a000 r--s 00000000 09:00 94087                      /var/cache/fontconfig/e61abf8156cc476151baa07d67337cae-x86-64.cache-2
7f6a9248a000-7f6a9248e000 r--s 00000000 09:00 94086                      /var/cache/fontconfig/b67b32625a2bb51b023d3814a918f351-x86-64.cache-2
7f6a9248e000-7f6a92490000 r--s 00000000 09:00 94085                      /var/cache/fontconfig/d3379abda271c4acd2ad0c01f565d0b0-x86-64.cache-2
7f6a92490000-7f6a92495000 r--s 00000000 09:00 94084                      /var/cache/fontconfig/46b47dbc682d2ca4191e148ea7bde7f2-x86-64.cache-2
7f6a92495000-7f6a9249e000 r--s 00000000 09:00 94082                      /var/cache/fontconfig/12b26b760a24f8b4feb03ad48a333a72-x86-64.cache-2
7f6a9249e000-7f6a9249f000 ---p 00000000 00:00 0 
7f6a9249f000-7f6a92e9f000 rwxp 00000000 00:00 0 
7f6a92e9f000-7f6a92ea0000 ---p 00000000 00:00 0 
7f6a92ea0000-7f6a938a0000 rwxp 00000000 00:00 0 
7f6a938a0000-7f6a938d9000 rw-p 00000000 00:00 0 
7f6a938d9000-7f6a989ac000 r--p 00000000 09:00 270371                     /usr/lib/locale/locale-archive
7f6a989ac000-7f6a989b6000 rw-p 00000000 00:00 0 
7f6a989b6000-7f6a98aa8000 r-xp 00000000 09:00 2525855                    /usr/local/lib/scilab-5.2.2/lib/thirdparty/libstdc++.so.6.0.13
7f6a98aa8000-7f6a98ca8000 ---p 000f2000 09:00 2525855                    /usr/local/lib/scilab-5.2.2/lib/thirdparty/libstdc++.so.6.0.13
7f6a98ca8000-7f6a98caf000 r--p 000f2000 09:00 2525855                    /usr/local/lib/scilab-5.2.2/lib/thirdparty/libstdc++.so.6.0.13
7f6a98caf000-7f6a98cb1000 rw-p 000f9000 09:00 2525855                    /usr/local/lib/scilab-5.2.2/lib/thirdparty/libstdc++.so.6.0.13
7f6a98cb1000-7f6a98cc9000 rw-p 00000000 00:00 0 
7f6a98cc9000-7f6a98cdf000 r-xp 00000000 09:00 2525895                    /usr/local/lib/scilab-5.2.2/lib/thirdparty/libgcc_s.so.1
7f6a98cdf000-7f6a98edf000 ---p 00016000 09:00 2525895                    /usr/local/lib/scilab-5.2.2/lib/thirdparty/libgcc_s.so.1
7f6a98edf000-7f6a98ee0000 rw-p 00016000 09:00 2525895                    /usr/local/lib/scilab-5.2.2/lib/thirdparty/libgcc_s.so.1
7f6a98ee0000-7f6a98ee1000 rw-p 00000000 00:00 0 
7f6a98ee1000-7f6a98ef7000 r-xp 00000000 09:00 2525914                    /usr/local/lib/scilab-5.2.2/lib/thirdparty/libz.so.1.2.3.3
7f6a98ef7000-7f6a990f7000 ---p 00016000 09:00 2525914                    /usr/local/lib/scilab-5.2.2/lib/thirdparty/libz.so.1.2.3.3
7f6a990f7000-7f6a990f8000 rw-p 00016000 09:00 2525914                    /usr/local/lib/scilab-5.2.2/lib/thirdparty/libz.so.1.2.3.3
7f6a990f8000-7f6a990f9000 rw-p 00000000 00:00 0 
7f6a990f9000-7f6a99134000 r-xp 00000000 09:00 2525782                    /usr/local/lib/scilab-5.2.2/lib/thirdparty/libncurses.so.5.7
7f6a99134000-7f6a99333000 ---p 0003b000 09:00 2525782                    /usr/local/lib/scilab-5.2.2/lib/thirdparty/libncurses.so.5.7
7f6a99333000-7f6a99338000 rw-p 0003a000 09:00 2525782                    /usr/local/lib/scilab-5.2.2/lib/thirdparty/libncurses.so.5.7
7f6a99338000-7f6a99339000 r--s 00000000 09:00 94092                      /var/cache/fontconfig/6cfc7d49b27ba7d3eb71ab86e04def2c-x86-64.cache-2
7f6a99339000-7f6a9933a000 r--s 00000000 09:00 94091                      /var/cache/fontconfig/044963cbb93fcb06c61d94a50dee394f-x86-64.cache-2
7f6a9933a000-7f6a9933b000 r--s 00000000 09:00 130217                     /var/cache/fontconfig/6fcb01a03a016cc71057b587cdea6709-x86-64.cache-2
7f6a9933b000-7f6a9933c000 r--s 00000000 09:00 94083                      /var/cache/fontconfig/b4d0b56f766d89640448751fcd18ec1e-x86-64.cache-2
7f6a9933c000-7f6a99343000 r--s 00000000 09:00 94078                      /var/cache/fontconfig/928306c3ad40271d946e41014a49fc28-x86-64.cache-2
7f6a99343000-7f6a9934a000 r--s 00000000 09:00 94077                      /var/cache/fontconfig/fa1582dab13e7e8e44e5a9424d309f0e-x86-64.cache-2
7f6a9934a000-7f6a99355000 r--s 00000000 09:00 94076                      /var/cache/fontconfig/e19de935dec46bbf3ed114ee4965548a-x86-64.cache-2
7f6a99355000-7f6a99356000 r--s 00000000 09:00 94016                      /var/cache/fontconfig/1248881498ac025e45c3042f6afe9284-x86-64.cache-2
7f6a99356000-7f6a99357000 r--s 00000000 09:00 244142                     /var/cache/fontconfig/d04038e664b0033ae700a78c51f179d3-x86-64.cache-2
7f6a99357000-7f6a9935a000 r--s 00000000 09:00 243947                     /var/cache/fontconfig/beeeeb3dfe132a8a0633a017c99ce0c0-x86-64.cache-2
7f6a9935a000-7f6a99433000 r-xp 00000000 09:00 2525911                    /usr/local/lib/scilab-5.2.2/lib/thirdparty/libgfortran.so.3.0.0
7f6a99433000-7f6a99633000 ---p 000d9000 09:00 2525911                    /usr/local/lib/scilab-5.2.2/lib/thirdparty/libgfortran.so.3.0.0
7f6a99633000-7f6a99635000 rw-p 000d9000 09:00 2525911                    /usr/local/lib/scilab-5.2.2/lib/thirdparty/libgfortran.so.3.0.0
7f6a99635000-7f6a99636000 rw-p 00000000 00:00 0 
7f6a99636000-7f6a99de7000 r-xp 00000000 09:00 2525773                    /usr/local/lib/scilab-5.2.2/lib/thirdparty/liblapack.so.3gf.0
7f6a99de7000-7f6a99fe6000 ---p 007b1000 09:00 2525773                    /usr/local/lib/scilab-5.2.2/lib/thirdparty/liblapack.so.3gf.0
7f6a99fe6000-7f6a99fe7000 r--p 007b0000 09:00 2525773                    /usr/local/lib/scilab-5.2.2/lib/thirdparty/liblapack.so.3gf.0
7f6a99fe7000-7f6a99feb000 rw-p 007b1000 09:00 2525773                    /usr/local/lib/scilab-5.2.2/lib/thirdparty/liblapack.so.3gf.0
7f6a99feb000-7f6a9a0f8000 rw-p 00000000 00:00 0 
7f6a9a0f8000-7f6a9a127000 r-xp 00000000 09:00 2525819                    /usr/local/lib/scilab-5.2.2/lib/thirdparty/libpcre.so.7.8.0
7f6a9a127000-7f6a9a326000 ---p 0002f000 09:00 2525819                    /usr/local/lib/scilab-5.2.2/lib/thirdparty/libpcre.so.7.8.0
7f6a9a326000-7f6a9a327000 rw-p 0002e000 09:00 2525819                    /usr/local/lib/scilab-5.2.2/lib/thirdparty/libpcre.so.7.8.0
7f6a9a327000-7f6a9a329000 r-xp 00000000 09:00 2525810                    /usr/local/lib/scilab-5.2.2/lib/thirdparty/libpcreposix.so.7.8.0
7f6a9a329000-7f6a9a528000 ---p 00002000 09:00 2525810                    /usr/local/lib/scilab-5.2.2/lib/thirdparty/libpcreposix.so.7.8.0
7f6a9a528000-7f6a9a529000 rw-p 00001000 09:00 2525810                    /usr/local/lib/scilab-5.2.2/lib/thirdparty/libpcreposix.so.7.8.0
7f6a9a529000-7f6a9a52a000 rw-p 00000000 00:00 0 
7f6a9a52a000-7f6a9a637000 r-xp 00000000 09:00 2525769                    /usr/local/lib/scilab-5.2.2/lib/thirdparty/libtcl8.5.3.so
7f6a9a637000-7f6a9a837000 ---p 0010d000 09:00 2525769                    /usr/local/lib/scilab-5.2.2/lib/thirdparty/libtcl8.5.3.so
7f6a9a837000-7f6a9a846000 rw-p 0010d000 09:00 2525769                    /usr/local/lib/scilab-5.2.2/lib/thirdparty/libtcl8.5.3.so
7f6a9a846000-7f6a9a847000 rw-p 00000000 00:00 0 
7f6a9a847000-7f6a9a970000 r-xp 00000000 09:00 2525784                    /usr/local/lib/scilab-5.2.2/lib/thirdparty/libtk8.5.3.so
7f6a9a970000-7f6a9ab70000 ---p 00129000 09:00 2525784                    /usr/local/lib/scilab-5.2.2/lib/thirdparty/libtk8.5.3.so
7f6a9ab70000-7f6a9ab8d000 rw-p 00129000 09:00 2525784                    /usr/local/lib/scilab-5.2.2/lib/thirdparty/libtk8.5.3.so
7f6a9ab8d000-7f6a9ab8e000 rw-p 00000000 00:00 0 
7f6a9ab8e000-7f6a9ac1c000 r-xp 00000000 09:00 2525886                    /usr/local/lib/scilab-5.2.2/lib/thirdparty/libblas.so.3gf.0
7f6a9ac1c000-7f6a9ae1c000 ---p 0008e000 09:00 2525886                    /usr/local/lib/scilab-5.2.2/lib/thirdparty/libblas.so.3gf.0
7f6a9ae1c000-7f6a9ae1d000 rw-p 0008e000 09:00 2525886                    /usr/local/lib/scilab-5.2.2/lib/thirdparty/libblas.so.3gf.0
7f6a9ae1d000-7f6a9ae1e000 rw-p 00000000 00:00 0 
7f6a9ae1e000-7f6a9b0c6000 r-xp 00000000 09:00 2525859                    /usr/local/lib/scilab-5.2.2/lib/thirdparty/libhdf5-1.8.3.so.6.0.2
7f6a9b0c6000-7f6a9b1c6000 ---p 002a8000 09:00 2525859                    /usr/local/lib/scilab-5.2.2/lib/thirdparty/libhdf5-1.8.3.so.6.0.2
7f6a9b1c6000-7f6a9b1d0000 rw-p 002a8000 09:00 2525859                    /usr/local/lib/scilab-5.2.2/lib/thirdparty/libhdf5-1.8.3.so.6.0.2
7f6a9b1d0000-7f6a9b1d1000 rw-p 00000000 00:00 0 
7f6a9b1d1000-7f6a9b1d5000 r-xp 00000000 09:00 2526128                    /usr/local/lib/scilab-5.2.2/lib/scilab/libscihdf5-forceload.so.5.0.2
7f6a9b1d5000-7f6a9b3d4000 ---p 00004000 09:00 2526128                    /usr/local/lib/scilab-5.2.2/lib/scilab/libscihdf5-forceload.so.5.0.2
7f6a9b3d4000-7f6a9b3d5000 r--p 00003000 09:00 2526128                    /usr/local/lib/scilab-5.2.2/lib/scilab/libscihdf5-forceload.so.5.0.2
7f6a9b3d5000-7f6a9b3d6000 rw-p 00004000 09:00 2526128                    /usr/local/lib/scilab-5.2.2/lib/scilab/libscihdf5-forceload.so.5.0.2
7f6a9b3d6000-7f6a9b403000 r-xp 00000000 09:00 2526031                    /usr/local/lib/scilab-5.2.2/lib/scilab/libscioutput_stream.so.5.0.2
7f6a9b403000-7f6a9b602000 ---p 0002d000 09:00 2526031                    /usr/local/lib/scilab-5.2.2/lib/scilab/libscioutput_stream.so.5.0.2
7f6a9b602000-7f6a9b603000 r--p 0002c000 09:00 2526031                    /usr/local/lib/scilab-5.2.2/lib/scilab/libscioutput_stream.so.5.0.2
7f6a9b603000-7f6a9b604000 rw-p 0002d000 09:00 2526031                    /usr/local/lib/scilab-5.2.2/lib/scilab/libscioutput_stream.so.5.0.2
7f6a9b604000-7f6a9b6c2000 rw-p 00000000 00:00 0 
7f6a9b6c2000-7f6a9b6c3000 r-xp 00000000 09:00 2526136                    /usr/local/lib/scilab-5.2.2/lib/scilab/libscimalloc.so.5.0.2
7f6a9b6c3000-7f6a9b8c2000 ---p 00001000 09:00 2526136                    /usr/local/lib/scilab-5.2.2/lib/scilab/libscimalloc.so.5.0.2
7f6a9b8c2000-7f6a9b8c3000 r--p 00000000 09:00 2526136                    /usr/local/lib/scilab-5.2.2/lib/scilab/libscimalloc.so.5.0.2
7f6a9b8c3000-7f6a9b8c4000 rw-p 00001000 09:00 2526136                    /usr/local/lib/scilab-5.2.2/lib/scilab/libscimalloc.so.5.0.2
7f6a9b8c4000-7f6a9ba15000 r-xp 00000000 09:00 2525921                    /usr/local/lib/scilab-5.2.2/lib/thirdparty/libxml2.so.2.7.6
7f6a9ba15000-7f6a9bc14000 ---p 00151000 09:00 2525921                    /usr/local/lib/scilab-5.2.2/lib/thirdparty/libxml2.so.2.7.6
7f6a9bc14000-7f6a9bc1e000 rw-p 00150000 09:00 2525921                    /usr/local/lib/scilab-5.2.2/lib/thirdparty/libxml2.so.2.7.6
7f6a9bc1e000-7f6a9bc1f000 rw-p 00000000 00:00 0 
7f6a9bc1f000-7f6a9bc2b000 r-xp 00000000 09:00 2526183                    /usr/local/lib/scilab-5.2.2/lib/scilab/libscixpad.so.5.0.2
7f6a9bc2b000-7f6a9be2a000 ---p 0000c000 09:00 2526183                    /usr/local/lib/scilab-5.2.2/lib/scilab/libscixpad.so.5.0.2
7f6a9be2a000-7f6a9be2b000 r--p 0000b000 09:00 2526183                    /usr/local/lib/scilab-5.2.2/lib/scilab/libscixpad.so.5.0.2
7f6a9be2b000-7f6a9be2c000 rw-p 0000c000 09:00 2526183                    /usr/local/lib/scilab-5.2.2/lib/scilab/libscixpad.so.5.0.2
7f6a9be2c000-7f6a9be2d000 rw-p 00000000 00:00 0 
7f6a9be2d000-7f6a9be3d000 r-xp 00000000 09:00 2525978                    /usr/local/lib/scilab-5.2.2/lib/scilab/libscixcos.so.5.0.2
7f6a9be3d000-7f6a9c03c000 ---p 00010000 09:00 2525978                    /usr/local/lib/scilab-5.2.2/lib/scilab/libscixcos.so.5.0.2
7f6a9c03c000-7f6a9c03d000 r--p 0000f000 09:00 2525978                    /usr/local/lib/scilab-5.2.2/lib/scilab/libscixcos.so.5.0.2
7f6a9c03d000-7f6a9c03e000 rw-p 00010000 09:00 2525978                    /usr/local/lib/scilab-5.2.2/lib/scilab/libscixcos.so.5.0.2
7f6a9c03e000-7f6a9c03f000 r-xp 00000000 09:00 2526192                    /usr/local/lib/scilab-5.2.2/lib/scilab/libscidynamiclibrary.so.5.0.2
7f6a9c03f000-7f6a9c23e000 ---p 00001000 09:00 2526192                    /usr/local/lib/scilab-5.2.2/lib/scilab/libscidynamiclibrary.so.5.0.2
7f6a9c23e000-7f6a9c23f000 r--p 00000000 09:00 2526192                    /usr/local/lib/scilab-5.2.2/lib/scilab/libscidynamiclibrary.so.5.0.2
7f6a9c23f000-7f6a9c240000 rw-p 00001000 09:00 2526192                    /usr/local/lib/scilab-5.2.2/lib/scilab/libscidynamiclibrary.so.5.0.2
7f6a9c240000-7f6a9c243000 r-xp 00000000 09:00 2526099                    /usr/local/lib/scilab-5.2.2/lib/scilab/libscilibst.so.5.0.2
7f6a9c243000-7f6a9c442000 ---p 00003000 09:00 2526099                    /usr/local/lib/scilab-5.2.2/lib/scilab/libscilibst.so.5.0.2
7f6a9c442000-7f6a9c443000 r--p 00002000 09:00 2526099                    /usr/local/lib/scilab-5.2.2/lib/scilab/libscilibst.so.5.0.2
7f6a9c443000-7f6a9c444000 rw-p 00003000 09:00 2526099                    /usr/local/lib/scilab-5.2.2/lib/scilab/libscilibst.so.5.0.2
7f6a9c444000-7f6a9c445000 rw-p 00000000 00:00 0 
7f6a9c445000-7f6a9c461000 r-xp 00000000 09:00 2526010                    /usr/local/lib/scilab-5.2.2/lib/scilab/libsciapi_scilab.so.5.0.2
7f6a9c461000-7f6a9c660000 ---p 0001c000 09:00 2526010                    /usr/local/lib/scilab-5.2.2/lib/scilab/libsciapi_scilab.so.5.0.2
7f6a9c660000-7f6a9c661000 r--p 0001b000 09:00 2526010                    /usr/local/lib/scilab-5.2.2/lib/scilab/libsciapi_scilab.so.5.0.2
7f6a9c661000-7f6a9c662000 rw-p 0001c000 09:00 2526010                    /usr/local/lib/scilab-5.2.2/lib/scilab/libsciapi_scilab.so.5.0.2
7f6a9c662000-7f6a9c696000 r-xp 00000000 09:00 2526185                    /usr/local/lib/scilab-5.2.2/lib/scilab/libsciarnoldi.so.5.0.2
7f6a9c696000-7f6a9c896000 ---p 00034000 09:00 2526185                    /usr/local/lib/scilab-5.2.2/lib/scilab/libsciarnoldi.so.5.0.2
7f6a9c896000-7f6a9c897000 r--p 00034000 09:00 2526185                    /usr/local/lib/scilab-5.2.2/lib/scilab/libsciarnoldi.so.5.0.2
7f6a9c897000-7f6a9c898000 rw-p 00035000 09:00 2526185                    /usr/local/lib/scilab-5.2.2/lib/scilab/libsciarnoldi.so.5.0.2
7f6a9c898000-7f6a9c92a000 r-xp 00000000 09:00 2526001                    /usr/local/lib/scilab-5.2.2/lib/scilab/libscielementary_functions.so.5.0.2
7f6a9c92a000-7f6a9cb29000 ---p 00092000 09:00 2526001                    /usr/local/lib/scilab-5.2.2/lib/scilab/libscielementary_functions.so.5.0.2
7f6a9cb29000-7f6a9cb2a000 r--p 00091000 09:00 2526001                    /usr/local/lib/scilab-5.2.2/lib/scilab/libscielementary_functions.so.5.0.2
7f6a9cb2a000-7f6a9cb2e000 rw-p 00092000 09:00 2526001                    /usr/local/lib/scilab-5.2.2/lib/scilab/libscielementary_functions.so.5.0.2
7f6a9cb2e000-7f6a9cbea000 rw-p 00000000 00:00 0 
7f6a9cbea000-7f6a9cc08000 r-xp 00000000 09:00 2525936                    /usr/local/lib/scilab-5.2.2/lib/scilab/libscistring.so.5.0.2
7f6a9cc08000-7f6a9ce07000 ---p 0001e000 09:00 2525936                    /usr/local/lib/scilab-5.2.2/lib/scilab/libscistring.so.5.0.2
7f6a9ce07000-7f6a9ce08000 r--p 0001d000 09:00 2525936                    /usr/local/lib/scilab-5.2.2/lib/scilab/libscistring.so.5.0.2
7f6a9ce08000-7f6a9ce09000 rw-p 0001e000 09:00 2525936                    /usr/local/lib/scilab-5.2.2/lib/scilab/libscistring.so.5.0.2
7f6a9ce09000-7f6a9cec3000 rw-p 00000000 00:00 0 
7f6a9cec3000-7f6a9cee7000 r-xp 00000000 09:00 2525938                    /usr/local/lib/scilab-5.2.2/lib/scilab/libscifileio.so.5.0.2
7f6a9cee7000-7f6a9d0e6000 ---p 00024000 09:00 2525938                    /usr/local/lib/scilab-5.2.2/lib/scilab/libscifileio.so.5.0.2
7f6a9d0e6000-7f6a9d0e7000 r--p 00023000 09:00 2525938                    /usr/local/lib/scilab-5.2.2/lib/scilab/libscifileio.so.5.0.2
7f6a9d0e7000-7f6a9d0e8000 rw-p 00024000 09:00 2525938                    /usr/local/lib/scilab-5.2.2/lib/scilab/libscifileio.so.5.0.2
7f6a9d0e8000-7f6a9d0ef000 r-xp 00000000 09:00 2525942                    /usr/local/lib/scilab-5.2.2/lib/scilab/libscijvm.so.5.0.2
7f6a9d0ef000-7f6a9d2ef000 ---p 00007000 09:00 2525942                    /usr/local/lib/scilab-5.2.2/lib/scilab/libscijvm.so.5.0.2
7f6a9d2ef000-7f6a9d2f0000 r--p 00007000 09:00 2525942                    /usr/local/lib/scilab-5.2.2/lib/scilab/libscijvm.so.5.0.2
7f6a9d2f0000-7f6a9d2f1000 rw-p 00008000 09:00 2525942                    /usr/local/lib/scilab-5.2.2/lib/scilab/libscijvm.so.5.0.2
7f6a9d2f1000-7f6a9d2f2000 rw-p 00000000 00:00 0 
7f6a9d2f2000-7f6a9d300000 r-xp 00000000 09:00 2526138                    /usr/local/lib/scilab-5.2.2/lib/scilab/libscihistory_manager.so.5.0.2
7f6a9d300000-7f6a9d4ff000 ---p 0000e000 09:00 2526138                    /usr/local/lib/scilab-5.2.2/lib/scilab/libscihistory_manager.so.5.0.2
7f6a9d4ff000-7f6a9d500000 r--p 0000d000 09:00 2526138                    /usr/local/lib/scilab-5.2.2/lib/scilab/libscihistory_manager.so.5.0.2
7f6a9d500000-7f6a9d501000 rw-p 0000e000 09:00 2526138                    /usr/local/lib/scilab-5.2.2/lib/scilab/libscihistory_manager.so.5.0.2
7f6a9d501000-7f6a9d503000 r-xp 00000000 09:00 2526028                    /usr/local/lib/scilab-5.2.2/lib/scilab/libsciaction_binding.so.5.0.2
7f6a9d503000-7f6a9d702000 ---p 00002000 09:00 2526028                    /usr/local/lib/scilab-5.2.2/lib/scilab/libsciaction_binding.so.5.0.2
7f6a9d702000-7f6a9d703000 r--p 00001000 09:00 2526028                    /usr/local/lib/scilab-5.2.2/lib/scilab/libsciaction_binding.so.5.0.2
7f6a9d703000-7f6a9d704000 rw-p 00002000 09:00 2526028                    /usr/local/lib/scilab-5.2.2/lib/scilab/libsciaction_binding.so.5.0.2
7f6a9d704000-7f6a9d711000 r-xp 00000000 09:00 2525940                    /usr/local/lib/scilab-5.2.2/lib/scilab/libsciconsole.so.5.0.2
7f6a9d711000-7f6a9d910000 ---p 0000d000 09:00 2525940                    /usr/local/lib/scilab-5.2.2/lib/scilab/libsciconsole.so.5.0.2
7f6a9d910000-7f6a9d911000 r--p 0000c000 09:00 2525940                    /usr/local/lib/scilab-5.2.2/lib/scilab/libsciconsole.so.5.0.2
7f6a9d911000-7f6a9d912000 rw-p 0000d000 09:00 2525940                    /usr/local/lib/scilab-5.2.2/lib/scilab/libsciconsole.so.5.0.2
7f6a9d912000-7f6a9d913000 rw-p 00000000 00:00 0 
7f6a9d913000-7f6a9d947000 r-xp 00000000 09:00 2526097                    /usr/local/lib/scilab-5.2.2/lib/scilab/libscigraphic_export.so.5.0.2
7f6a9d947000-7f6a9db46000 ---p 00034000 09:00 2526097                    /usr/local/lib/scilab-5.2.2/lib/scilab/libscigraphic_export.so.5.0.2
7f6a9db46000-7f6a9db47000 r--p 00033000 09:00 2526097                    /usr/local/lib/scilab-5.2.2/lib/scilab/libscigraphic_export.so.5.0.2
7f6a9db47000-7f6a9db48000 rw-p 00034000 09:00 2526097                    /usr/local/lib/scilab-5.2.2/lib/scilab/libscigraphic_export.so.5.0.2
7f6a9db48000-7f6a9db4a000 r-xp 00000000 09:00 2525988                    /usr/local/lib/scilab-5.2.2/lib/scilab/libscidoublylinkedlist.so.5.0.2
7f6a9db4a000-7f6a9dd49000 ---p 00002000 09:00 2525988                    /usr/local/lib/scilab-5.2.2/lib/scilab/libscidoublylinkedlist.so.5.0.2
7f6a9dd49000-7f6a9dd4a000 r--p 00001000 09:00 2525988                    /usr/local/lib/scilab-5.2.2/lib/scilab/libscidoublylinkedlist.so.5.0.2
7f6a9dd4a000-7f6a9dd4b000 rw-p 00002000 09:00 2525988                    /usr/local/lib/scilab-5.2.2/lib/scilab/libscidoublylinkedlist.so.5.0.2
7f6a9dd4b000-7f6a9dec3000 r-xp 00000000 09:00 2525962                    /usr/local/lib/scilab-5.2.2/lib/scilab/libscirenderer.so.5.0.2
7f6a9dec3000-7f6a9e0c2000 ---p 00178000 09:00 2525962                    /usr/local/lib/scilab-5.2.2/lib/scilab/libscirenderer.so.5.0.2
7f6a9e0c2000-7f6a9e0da000 r--p 00177000 09:00 2525962                    /usr/local/lib/scilab-5.2.2/lib/scilab/libscirenderer.so.5.0.2
7f6a9e0da000-7f6a9e0dd000 rw-p 0018f000 09:00 2525962                    /usr/local/lib/scilab-5.2.2/lib/scilab/libscirenderer.so.5.0.2
7f6a9e0dd000-7f6a9e0de000 rw-p 00000000 00:00 0 
7f6a9e0de000-7f6a9e144000 r-xp 00000000 09:00 2526049                    /usr/local/lib/scilab-5.2.2/lib/scilab/libscigui.so.5.0.2
7f6a9e144000-7f6a9e343000 ---p 00066000 09:00 2526049                    /usr/local/lib/scilab-5.2.2/lib/scilab/libscigui.so.5.0.2
7f6a9e343000-7f6a9e344000 r--p 00065000 09:00 2526049                    /usr/local/lib/scilab-5.2.2/lib/scilab/libscigui.so.5.0.2
7f6a9e344000-7f6a9e346000 rw-p 00066000 09:00 2526049                    /usr/local/lib/scilab-5.2.2/lib/scilab/libscigui.so.5.0.2
7f6a9e346000-7f6a9e350000 r-xp 00000000 09:00 2526052                    /usr/local/lib/scilab-5.2.2/lib/scilab/libscitclsci.so.5.0.2
7f6a9e350000-7f6a9e54f000 ---p 0000a000 09:00 2526052                    /usr/local/lib/scilab-5.2.2/lib/scilab/libscitclsci.so.5.0.2
7f6a9e54f000-7f6a9e550000 r--p 00009000 09:00 2526052                    /usr/local/lib/scilab-5.2.2/lib/scilab/libscitclsci.so.5.0.2
7f6a9e550000-7f6a9e551000 rw-p 0000a000 09:00 2526052                    /usr/local/lib/scilab-5.2.2/lib/scilab/libscitclsci.so.5.0.2
7f6a9e551000-7f6a9e553000 r-xp 00000000 09:00 2526197                    /usr/local/lib/scilab-5.2.2/lib/scilab/libscihashtable.so.5.0.2
7f6a9e553000-7f6a9e752000 ---p 00002000 09:00 2526197                    /usr/local/lib/scilab-5.2.2/lib/scilab/libscihashtable.so.5.0.2
7f6a9e752000-7f6a9e753000 r--p 00001000 09:00 2526197                    /usr/local/lib/scilab-5.2.2/lib/scilab/libscihashtable.so.5.0.2
7f6a9e753000-7f6a9e754000 rw-p 00002000 09:00 2526197                    /usr/local/lib/scilab-5.2.2/lib/scilab/libscihashtable.so.5.0.2
7f6a9e754000-7f6a9e755000 rw-p 00000000 00:00 0 
7f6a9e755000-7f6a9e7cf000 r-xp 00000000 09:00 2526117                    /usr/local/lib/scilab-5.2.2/lib/scilab/libscigraphics.so.5.0.2
7f6a9e7cf000-7f6a9e9ce000 ---p 0007a000 09:00 2526117                    /usr/local/lib/scilab-5.2.2/lib/scilab/libscigraphics.so.5.0.2
7f6a9e9ce000-7f6a9e9d0000 r--p 00079000 09:00 2526117                    /usr/local/lib/scilab-5.2.2/lib/scilab/libscigraphics.so.5.0.2
7f6a9e9d0000-7f6a9e9d3000 rw-p 0007b000 09:00 2526117                    /usr/local/lib/scilab-5.2.2/lib/scilab/libscigraphics.so.5.0.2
7f6a9e9d3000-7f6a9e9d4000 rw-p 00000000 00:00 0 
7f6a9e9d4000-7f6a9e9dd000 r-xp 00000000 09:00 2526030                    /usr/local/lib/scilab-5.2.2/lib/scilab/libscifunctions.so.5.0.2
7f6a9e9dd000-7f6a9ebdc000 ---p 00009000 09:00 2526030                    /usr/local/lib/scilab-5.2.2/lib/scilab/libscifunctions.so.5.0.2
7f6a9ebdc000-7f6a9ebdd000 r--p 00008000 09:00 2526030                    /usr/local/lib/scilab-5.2.2/lib/scilab/libscifunctions.so.5.0.2
7f6a9ebdd000-7f6a9ebde000 rw-p 00009000 09:00 2526030                    /usr/local/lib/scilab-5.2.2/lib/scilab/libscifunctions.so.5.0.2
7f6a9ebde000-7f6a9ec98000 rw-p 00000000 00:00 0 
7f6a9ec98000-7f6a9ecad000 r-xp 00000000 09:00 2526160                    /usr/local/lib/scilab-5.2.2/lib/scilab/libscihdf5.so.5.0.2
7f6a9ecad000-7f6a9eeac000 ---p 00015000 09:00 2526160                    /usr/local/lib/scilab-5.2.2/lib/scilab/libscihdf5.so.5.0.2
7f6a9eeac000-7f6a9eead000 r--p 00014000 09:00 2526160                    /usr/local/lib/scilab-5.2.2/lib/scilab/libscihdf5.so.5.0.2
7f6a9eead000-7f6a9eeae000 rw-p 00015000 09:00 2526160                    /usr/local/lib/scilab-5.2.2/lib/scilab/libscihdf5.so.5.0.2
7f6a9eeae000-7f6a9eeaf000 rw-p 00000000 00:00 0 
7f6a9eeaf000-7f6a9efac000 r-xp 00000000 09:00 2525856                    /usr/local/lib/scilab-5.2.2/lib/thirdparty/libfftw3.so.3.2.3
7f6a9efac000-7f6a9f1ac000 ---p 000fd000 09:00 2525856                    /usr/local/lib/scilab-5.2.2/lib/thirdparty/libfftw3.so.3.2.3
7f6a9f1ac000-7f6a9f1b3000 rw-p 000fd000 09:00 2525856                    /usr/local/lib/scilab-5.2.2/lib/thirdparty/libfftw3.so.3.2.3
7f6a9f1b3000-7f6a9f1b9000 r-xp 00000000 09:00 2525952                    /usr/local/lib/scilab-5.2.2/lib/scilab/libscifftw.so.5.0.2
7f6a9f1b9000-7f6a9f3b8000 ---p 00006000 09:00 2525952                    /usr/local/lib/scilab-5.2.2/lib/scilab/libscifftw.so.5.0.2
7f6a9f3b8000-7f6a9f3b9000 r--p 00005000 09:00 2525952                    /usr/local/lib/scilab-5.2.2/lib/scilab/libscifftw.so.5.0.2
7f6a9f3b9000-7f6a9f3ba000 rw-p 00006000 09:00 2525952                    /usr/local/lib/scilab-5.2.2/lib/scilab/libscifftw.so.5.0.2
7f6a9f3ba000-7f6a9f3c3000 r-xp 00000000 09:00 2526018                    /usr/local/lib/scilab-5.2.2/lib/scilab/libscidynamic_link.so.5.0.2
7f6a9f3c3000-7f6a9f5c2000 ---p 00009000 09:00 2526018                    /usr/local/lib/scilab-5.2.2/lib/scilab/libscidynamic_link.so.5.0.2
7f6a9f5c2000-7f6a9f5c3000 r--p 00008000 09:00 2526018                    /usr/local/lib/scilab-5.2.2/lib/scilab/libscidynamic_link.so.5.0.2
7f6a9f5c3000-7f6a9f5c4000 rw-p 00009000 09:00 2526018                    /usr/local/lib/scilab-5.2.2/lib/scilab/libscidynamic_link.so.5.0.2
7f6a9f5c4000-7f6a9f6c7000 rw-p 00000000 00:00 0 
7f6a9f6c7000-7f6a9f6f2000 r-xp 00000000 09:00 2526102                    /usr/local/lib/scilab-5.2.2/lib/scilab/libscilinear_algebra.so.5.0.2
7f6a9f6f2000-7f6a9f8f1000 ---p 0002b000 09:00 2526102                    /usr/local/lib/scilab-5.2.2/lib/scilab/libscilinear_algebra.so.5.0.2
7f6a9f8f1000-7f6a9f8f2000 r--p 0002a000 09:00 2526102                    /usr/local/lib/scilab-5.2.2/lib/scilab/libscilinear_algebra.so.5.0.2
7f6a9f8f2000-7f6a9f8f3000 rw-p 0002b000 09:00 2526102                    /usr/local/lib/scilab-5.2.2/lib/scilab/libscilinear_algebra.so.5.0.2
7f6a9f8f3000-7f6a9f9ad000 rw-p 00000000 00:00 0 
7f6a9f9ad000-7f6a9f9da000 r-xp 00000000 09:00 2526167                    /usr/local/lib/scilab-5.2.2/lib/scilab/libsciinteger.so.5.0.2
7f6a9f9da000-7f6a9fbd9000 ---p 0002d000 09:00 2526167                    /usr/local/lib/scilab-5.2.2/lib/scilab/libsciinteger.so.5.0.2
7f6a9fbd9000-7f6a9fbda000 r--p 0002c000 09:00 2526167                    /usr/local/lib/scilab-5.2.2/lib/scilab/libsciinteger.so.5.0.2
7f6a9fbda000-7f6a9fbdb000 rw-p 0002d000 09:00 2526167                    /usr/local/lib/scilab-5.2.2/lib/scilab/libsciinteger.so.5.0.2
7f6a9fbdb000-7f6a9fc95000 rw-p 00000000 00:00 0 
7f6a9fc95000-7f6a9fca5000 r-xp 00000000 09:00 2526040                    /usr/local/lib/scilab-5.2.2/lib/scilab/libscidata_structures.so.5.0.2
7f6a9fca5000-7f6a9fea4000 ---p 00010000 09:00 2526040                    /usr/local/lib/scilab-5.2.2/lib/scilab/libscidata_structures.so.5.0.2
7f6a9fea4000-7f6a9fea5000 r--p 0000f000 09:00 2526040                    /usr/local/lib/scilab-5.2.2/lib/scilab/libscidata_structures.so.5.0.2
7f6a9fea5000-7f6a9fea6000 rw-p 00010000 09:00 2526040                    /usr/local/lib/scilab-5.2.2/lib/scilab/libscidata_structures.so.5.0.2
7f6a9fea6000-7f6a9ff61000 rw-p 00000000 00:00 0 
7f6a9ff61000-7f6a9ff6d000 r-xp 00000000 09:00 2526198                    /usr/local/lib/scilab-5.2.2/lib/scilab/libmex.so.5.0.2
7f6a9ff6d000-7f6aa016c000 ---p 0000c000 09:00 2526198                    /usr/local/lib/scilab-5.2.2/lib/scilab/libmex.so.5.0.2
7f6aa016c000-7f6aa016d000 r--p 0000b000 09:00 2526198                    /usr/local/lib/scilab-5.2.2/lib/scilab/libmex.so.5.0.2
7f6aa016d000-7f6aa016e000 rw-p 0000c000 09:00 2526198                    /usr/local/lib/scilab-5.2.2/lib/scilab/libmex.so.5.0.2
7f6aa016e000-7f6aa0170000 rw-p 00000000 00:00 0 
7f6aa0170000-7f6aa01db000 r-xp 00000000 09:00 2525987                    /usr/local/lib/scilab-5.2.2/lib/scilab/libscidifferential_equations.so.5.0.2
7f6aa01db000-7f6aa03db000 ---p 0006b000 09:00 2525987                    /usr/local/lib/scilab-5.2.2/lib/scilab/libscidifferential_equations.so.5.0.2
7f6aa03db000-7f6aa03dc000 r--p 0006b000 09:00 2525987                    /usr/local/lib/scilab-5.2.2/lib/scilab/libscidifferential_equations.so.5.0.2
7f6aa03dc000-7f6aa03dd000 rw-p 0006c000 09:00 2525987                    /usr/local/lib/scilab-5.2.2/lib/scilab/libscidifferential_equations.so.5.0.2
7f6aa03dd000-7f6aa049f000 rw-p 00000000 00:00 0 
7f6aa049f000-7f6aa04ab000 r-xp 00000000 09:00 2525996                    /usr/local/lib/scilab-5.2.2/lib/scilab/libmat.so.5.0.2
7f6aa04ab000-7f6aa06aa000 ---p 0000c000 09:00 2525996                    /usr/local/lib/scilab-5.2.2/lib/scilab/libmat.so.5.0.2
7f6aa06aa000-7f6aa06ab000 r--p 0000b000 09:00 2525996                    /usr/local/lib/scilab-5.2.2/lib/scilab/libmat.so.5.0.2
7f6aa06ab000-7f6aa06ac000 rw-p 0000c000 09:00 2525996                    /usr/local/lib/scilab-5.2.2/lib/scilab/libmat.so.5.0.2
7f6aa06ac000-7f6aa06af000 rw-p 00000000 00:00 0 
7f6aa06af000-7f6aa06bb000 r-xp 00000000 09:00 2525939                    /usr/local/lib/scilab-5.2.2/lib/scilab/libmx.so.5.0.2
7f6aa06bb000-7f6aa08ba000 ---p 0000c000 09:00 2525939                    /usr/local/lib/scilab-5.2.2/lib/scilab/libmx.so.5.0.2
7f6aa08ba000-7f6aa08bb000 r--p 0000b000 09:00 2525939                    /usr/local/lib/scilab-5.2.2/lib/scilab/libmx.so.5.0.2
7f6aa08bb000-7f6aa08bc000 rw-p 0000c000 09:00 2525939                    /usr/local/lib/scilab-5.2.2/lib/scilab/libmx.so.5.0.2
7f6aa08bc000-7f6aa08be000 rw-p 00000000 00:00 0 
7f6aa08be000-7f6aa099d000 r-xp 00000000 09:00 2526190                    /usr/local/lib/scilab-5.2.2/lib/scilab/libscicacsd.so.5.0.2
7f6aa099d000-7f6aa0b9d000 ---p 000df000 09:00 2526190                    /usr/local/lib/scilab-5.2.2/lib/scilab/libscicacsd.so.5.0.2
7f6aa0b9d000-7f6aa0b9e000 r--p 000df000 09:00 2526190                    /usr/local/lib/scilab-5.2.2/lib/scilab/libscicacsd.so.5.0.2
7f6aa0b9e000-7f6aa0b9f000 rw-p 000e0000 09:00 2526190                    /usr/local/lib/scilab-5.2.2/lib/scilab/libscicacsd.so.5.0.2
7f6aa0b9f000-7f6aa0c59000 rw-p 00000000 00:00 0 
7f6aa0c59000-7f6aa0c86000 r-xp 00000000 09:00 2526113                    /usr/local/lib/scilab-5.2.2/lib/scilab/libscipolynomials.so.5.0.2
7f6aa0c86000-7f6aa0e85000 ---p 0002d000 09:00 2526113                    /usr/local/lib/scilab-5.2.2/lib/scilab/libscipolynomials.so.5.0.2
7f6aa0e85000-7f6aa0e86000 r--p 0002c000 09:00 2526113                    /usr/local/lib/scilab-5.2.2/lib/scilab/libscipolynomials.so.5.0.2
7f6aa0e86000-7f6aa0e87000 rw-p 0002d000 09:00 2526113                    /usr/local/lib/scilab-5.2.2/lib/scilab/libscipolynomials.so.5.0.2
7f6aa0e87000-7f6aa0f43000 rw-p 00000000 00:00 0 
7f6aa0f43000-7f6aa0f92000 r-xp 00000000 09:00 2526125                    /usr/local/lib/scilab-5.2.2/lib/scilab/libscisparse.so.5.0.2
7f6aa0f92000-7f6aa1191000 ---p 0004f000 09:00 2526125                    /usr/local/lib/scilab-5.2.2/lib/scilab/libscisparse.so.5.0.2
7f6aa1191000-7f6aa1192000 r--p 0004e000 09:00 2526125                    /usr/local/lib/scilab-5.2.2/lib/scilab/libscisparse.so.5.0.2
7f6aa1192000-7f6aa1193000 rw-p 0004f000 09:00 2526125                    /usr/local/lib/scilab-5.2.2/lib/scilab/libscisparse.so.5.0.2
7f6aa1193000-7f6aa124d000 rw-p 00000000 00:00 0 
7f6aa124d000-7f6aa124e000 r-xp 00000000 09:00 2526110                    /usr/local/lib/scilab-5.2.2/lib/scilab/libscipvm.so.5.0.2
7f6aa124e000-7f6aa144d000 ---p 00001000 09:00 2526110                    /usr/local/lib/scilab-5.2.2/lib/scilab/libscipvm.so.5.0.2
7f6aa144d000-7f6aa144e000 r--p 00000000 09:00 2526110                    /usr/local/lib/scilab-5.2.2/lib/scilab/libscipvm.so.5.0.2
7f6aa144e000-7f6aa144f000 rw-p 00001000 09:00 2526110                    /usr/local/lib/scilab-5.2.2/lib/scilab/libscipvm.so.5.0.2
7f6aa144f000-7f6aa1450000 r-xp 00000000 09:00 2526115                    /usr/local/lib/scilab-5.2.2/lib/scilab/libsciwindows_tools.so.5.0.2
7f6aa1450000-7f6aa164f000 ---p 00001000 09:00 2526115                    /usr/local/lib/scilab-5.2.2/lib/scilab/libsciwindows_tools.so.5.0.2
7f6aa164f000-7f6aa1650000 r--p 00000000 09:00 2526115                    /usr/local/lib/scilab-5.2.2/lib/scilab/libsciwindows_tools.so.5.0.2
7f6aa1650000-7f6aa1651000 rw-p 00001000 09:00 2526115                    /usr/local/lib/scilab-5.2.2/lib/scilab/libsciwindows_tools.so.5.0.2
7f6aa1651000-7f6aa1652000 rw-p 00000000 00:00 0 
7f6aa1652000-7f6aa1655000 r-xp 00000000 09:00 2526016                    /usr/local/lib/scilab-5.2.2/lib/scilab/libscitime.so.5.0.2
7f6aa1655000-7f6aa1855000 ---p 00003000 09:00 2526016                    /usr/local/lib/scilab-5.2.2/lib/scilab/libscitime.so.5.0.2
7f6aa1855000-7f6aa1856000 r--p 00003000 09:00 2526016                    /usr/local/lib/scilab-5.2.2/lib/scilab/libscitime.so.5.0.2
7f6aa1856000-7f6aa1857000 rw-p 00004000 09:00 2526016                    /usr/local/lib/scilab-5.2.2/lib/scilab/libscitime.so.5.0.2
7f6aa1857000-7f6aa1871000 r-xp 00000000 09:00 2526195                    /usr/local/lib/scilab-5.2.2/lib/scilab/libscistatistics.so.5.0.2
7f6aa1871000-7f6aa1a70000 ---p 0001a000 09:00 2526195                    /usr/local/lib/scilab-5.2.2/lib/scilab/libscistatistics.so.5.0.2
7f6aa1a70000-7f6aa1a71000 r--p 00019000 09:00 2526195                    /usr/local/lib/scilab-5.2.2/lib/scilab/libscistatistics.so.5.0.2
7f6aa1a71000-7f6aa1a72000 rw-p 0001a000 09:00 2526195                    /usr/local/lib/scilab-5.2.2/lib/scilab/libscistatistics.so.5.0.2
7f6aa1a72000-7f6aa1b2c000 rw-p 00000000 00:00 0 
7f6aa1b2c000-7f6aa1b36000 r-xp 00000000 09:00 2526153                    /usr/local/lib/scilab-5.2.2/lib/scilab/libscispecial_functions.so.5.0.2
7f6aa1b36000-7f6aa1d36000 ---p 0000a000 09:00 2526153                    /usr/local/lib/scilab-5.2.2/lib/scilab/libscispecial_functions.so.5.0.2
7f6aa1d36000-7f6aa1d37000 r--p 0000a000 09:00 2526153                    /usr/local/lib/scilab-5.2.2/lib/scilab/libscispecial_functions.so.5.0.2
7f6aa1d37000-7f6aa1d38000 rw-p 0000b000 09:00 2526153                    /usr/local/lib/scilab-5.2.2/lib/scilab/libscispecial_functions.so.5.0.2
7f6aa1d38000-7f6aa1df3000 rw-p 00000000 00:00 0 
7f6aa1df3000-7f6aa1df5000 r-xp 00000000 09:00 2526013                    /usr/local/lib/scilab-5.2.2/lib/scilab/libsciintersci.so.5.0.2
7f6aa1df5000-7f6aa1ff4000 ---p 00002000 09:00 2526013                    /usr/local/lib/scilab-5.2.2/lib/scilab/libsciintersci.so.5.0.2
7f6aa1ff4000-7f6aa1ff5000 r--p 00001000 09:00 2526013                    /usr/local/lib/scilab-5.2.2/lib/scilab/libsciintersci.so.5.0.2
7f6aa1ff5000-7f6aa1ff6000 rw-p 00002000 09:00 2526013                    /usr/local/lib/scilab-5.2.2/lib/scilab/libsciintersci.so.5.0.2
7f6aa1ff6000-7f6aa1fff000 r-xp 00000000 09:00 2525981                    /usr/local/lib/scilab-5.2.2/lib/scilab/libsciboolean.so.5.0.2
7f6aa1fff000-7f6aa21fe000 ---p 00009000 09:00 2525981                    /usr/local/lib/scilab-5.2.2/lib/scilab/libsciboolean.so.5.0.2
7f6aa21fe000-7f6aa21ff000 r--p 00008000 09:00 2525981                    /usr/local/lib/scilab-5.2.2/lib/scilab/libsciboolean.so.5.0.2
7f6aa21ff000-7f6aa2200000 rw-p 00009000 09:00 2525981                    /usr/local/lib/scilab-5.2.2/lib/scilab/libsciboolean.so.5.0.2
7f6aa2200000-7f6aa22ba000 rw-p 00000000 00:00 0 
7f6aa22ba000-7f6aa22cb000 r-xp 00000000 09:00 2526129                    /usr/local/lib/scilab-5.2.2/lib/scilab/libscidouble.so.5.0.2
7f6aa22cb000-7f6aa24ca000 ---p 00011000 09:00 2526129                    /usr/local/lib/scilab-5.2.2/lib/scilab/libscidouble.so.5.0.2
7f6aa24ca000-7f6aa24cb000 r--p 00010000 09:00 2526129                    /usr/local/lib/scilab-5.2.2/lib/scilab/libscidouble.so.5.0.2
7f6aa24cb000-7f6aa24cc000 rw-p 00011000 09:00 2526129                    /usr/local/lib/scilab-5.2.2/lib/scilab/libscidouble.so.5.0.2
7f6aa24cc000-7f6aa2587000 rw-p 00000000 00:00 0 
7f6aa2587000-7f6aa258a000 r-xp 00000000 09:00 2526089                    /usr/local/lib/scilab-5.2.2/lib/scilab/libscicall_scilab.so.5.0.2
7f6aa258a000-7f6aa2789000 ---p 00003000 09:00 2526089                    /usr/local/lib/scilab-5.2.2/lib/scilab/libscicall_scilab.so.5.0.2
7f6aa2789000-7f6aa278a000 r--p 00002000 09:00 2526089                    /usr/local/lib/scilab-5.2.2/lib/scilab/libscicall_scilab.so.5.0.2
7f6aa278a000-7f6aa278b000 rw-p 00003000 09:00 2526089                    /usr/local/lib/scilab-5.2.2/lib/scilab/libscicall_scilab.so.5.0.2
7f6aa278b000-7f6aa278c000 r-xp 00000000 09:00 2526188                    /usr/local/lib/scilab-5.2.2/lib/scilab/libscilab.so.0.0.0
7f6aa278c000-7f6aa298c000 ---p 00001000 09:00 2526188                    /usr/local/lib/scilab-5.2.2/lib/scilab/libscilab.so.0.0.0
7f6aa298c000-7f6aa298d000 r--p 00001000 09:00 2526188                    /usr/local/lib/scilab-5.2.2/lib/scilab/libscilab.so.0.0.0
7f6aa298d000-7f6aa298e000 rw-p 00002000 09:00 2526188                    /usr/local/lib/scilab-5.2.2/lib/scilab/libscilab.so.0.0.0
7f6aa298e000-7f6aa29a4000 r-xp 00000000 09:00 2526123                    /usr/local/lib/scilab-5.2.2/lib/scilab/libsciio.so.5.0.2
7f6aa29a4000-7f6aa2ba3000 ---p 00016000 09:00 2526123                    /usr/local/lib/scilab-5.2.2/lib/scilab/libsciio.so.5.0.2
7f6aa2ba3000-7f6aa2ba4000 r--p 00015000 09:00 2526123                    /usr/local/lib/scilab-5.2.2/lib/scilab/libsciio.so.5.0.2
7f6aa2ba4000-7f6aa2ba5000 rw-p 00016000 09:00 2526123                    /usr/local/lib/scilab-5.2.2/lib/scilab/libsciio.so.5.0.2
7f6aa2ba5000-7f6aa2c60000 rw-p 00000000 00:00 0 
7f6aa2c60000-7f6aa2c64000 r-xp 00000000 09:00 2526027                    /usr/local/lib/scilab-5.2.2/lib/scilab/libscilocalization.so.5.0.2
7f6aa2c64000-7f6aa2e63000 ---p 00004000 09:00 2526027                    /usr/local/lib/scilab-5.2.2/lib/scilab/libscilocalization.so.5.0.2
7f6aa2e63000-7f6aa2e64000 r--p 00003000 09:00 2526027                    /usr/local/lib/scilab-5.2.2/lib/scilab/libscilocalization.so.5.0.2
7f6aa2e64000-7f6aa2e69000 rw-p 00004000 09:00 2526027                    /usr/local/lib/scilab-5.2.2/lib/scilab/libscilocalization.so.5.0.2
7f6aa2e69000-7f6aa2e70000 r-xp 00000000 09:00 2526055                    /usr/local/lib/scilab-5.2.2/lib/scilab/libscicompletion.so.5.0.2
7f6aa2e70000-7f6aa306f000 ---p 00007000 09:00 2526055                    /usr/local/lib/scilab-5.2.2/lib/scilab/libscicompletion.so.5.0.2
7f6aa306f000-7f6aa3070000 r--p 00006000 09:00 2526055                    /usr/local/lib/scilab-5.2.2/lib/scilab/libscicompletion.so.5.0.2
7f6aa3070000-7f6aa3071000 rw-p 00007000 09:00 2526055                    /usr/local/lib/scilab-5.2.2/lib/scilab/libscicompletion.so.5.0.2
7f6aa3071000-7f6aa30f7000 r-xp 00000000 09:00 2526131                    /usr/local/lib/scilab-5.2.2/lib/scilab/libscicore.so.5.0.2
7f6aa30f7000-7f6aa32f7000 ---p 00086000 09:00 2526131                    /usr/local/lib/scilab-5.2.2/lib/scilab/libscicore.so.5.0.2
7f6aa32f7000-7f6aa32f9000 r--p 00086000 09:00 2526131                    /usr/local/lib/scilab-5.2.2/lib/scilab/libscicore.so.5.0.2
7f6aa32f9000-7f6aa32fc000 rw-p 00088000 09:00 2526131                    /usr/local/lib/scilab-5.2.2/lib/scilab/libscicore.so.5.0.2
7f6aa32fc000-7f6aa33fa000 rw-p 00000000 00:00 0 
7f6aa33fa000-7f6aa3403000 r-xp 00000000 09:00 2525955                    /usr/local/lib/scilab-5.2.2/lib/scilab/libscishell.so.5.0.2
7f6aa3403000-7f6aa3603000 ---p 00009000 09:00 2525955                    /usr/local/lib/scilab-5.2.2/lib/scilab/libscishell.so.5.0.2
7f6aa3603000-7f6aa3604000 r--p 00009000 09:00 2525955                    /usr/local/lib/scilab-5.2.2/lib/scilab/libscishell.so.5.0.2
7f6aa3604000-7f6aa3605000 rw-p 0000a000 09:00 2525955                    /usr/local/lib/scilab-5.2.2/lib/scilab/libscishell.so.5.0.2
7f6aa3605000-7f6aa3607000 rw-p 00000000 00:00 0 
7fffbfc2c000-7fffbfc2f000 ---p 00000000 00:00 0 
7fffbfc2f000-7fffbfd2c000 rwxp 00000000 00:00 0                          [stack]
7fffbfd2c000-7fffbfd2e000 rw-p 00000000 00:00 0 
7fffbfdb0000-7fffbfdb1000 r-xp 00000000 00:00 0                          [vdso]
ffffffffff600000-ffffffffff601000 r-xp 00000000 00:00 0                  [vsyscall]

VM Arguments:
jvm_args: -Djava.library.path= -Djava.compiler=JIT -Xmx256m -Dapple.laf.useScreenMenuBar=true 
java_command: <unknown>
Launcher Type: generic

Environment Variables:
JAVA_HOME=/usr/local/lib/scilab-5.2.2/thirdparty/java
JRE_HOME=/usr/local/lib/scilab-5.2.2/thirdparty/java
CLASSPATH=/usr/local/lib/scilab-5.2.2/thirdparty:/usr/local/lib/scilab-5.2.2/thirdparty/java/lib
PATH=/usr/local/lib/scilab-5.2.2/bin:/usr/local/bin:/usr/lib64/qt-3.3/bin:/usr/kerberos/bin:/usr/lib64/ccache:/usr/local/bin:/bin:/usr/bin:/usr/lib64/paraview-3.6.1-Linux-x86_64/bin/:/usr/local/sbin:/usr/sbin:/sbin:/usr/lib64/paraview-3.6.1-Linux-x86_64/bin/:/home/M2SITN/delanoue/bin:/usr/lib64/paraview-3.6.1-Linux-x86_64/bin/:/usr/local/lib/scilab-5.2.2/share/scilab/modules/scicos/
LD_LIBRARY_PATH=/usr/local/lib/scilab-5.2.2/share/scilab/bin:/usr/local/lib/scilab-5.2.2/share/scilab/lib/scilab/:/usr/local/lib/scilab-5.2.2/share/scilab/lib64/scilab/:/usr/local/lib/scilab-5.2.2/lib/scilab:/usr/local/lib/scilab-5.2.2/lib/thirdparty:/usr/local/lib/scilab-5.2.2/thirdparty/java/lib/amd64:/usr/local/lib/scilab-5.2.2/thirdparty/java/lib/amd64/server:/usr/local/lib/scilab-5.2.2/thirdparty/java/lib/amd64/native_threads
SHELL=/bin/bash
DISPLAY=:2003.0

Signal Handlers:
SIGSEGV: [libjvm.so+0x70f1a0], sa_mask[0]=0x7ffbfeff, sa_flags=0x10000004
SIGBUS: [libjvm.so+0x70f1a0], sa_mask[0]=0x7ffbfeff, sa_flags=0x10000004
SIGFPE: [libjvm.so+0x5d7f70], sa_mask[0]=0x7ffbfeff, sa_flags=0x10000004
SIGPIPE: SIG_IGN, sa_mask[0]=0x00001000, sa_flags=0x10000000
SIGXFSZ: [libjvm.so+0x5d7f70], sa_mask[0]=0x7ffbfeff, sa_flags=0x10000004
SIGILL: [libjvm.so+0x5d7f70], sa_mask[0]=0x7ffbfeff, sa_flags=0x10000004
SIGUSR1: SIG_DFL, sa_mask[0]=0x00000000, sa_flags=0x00000000
SIGUSR2: [libjvm.so+0x5da790], sa_mask[0]=0x00000000, sa_flags=0x10000004
SIGHUP: [libjvm.so+0x5da4e0], sa_mask[0]=0x7ffbfeff, sa_flags=0x10000004
SIGINT: [libscicore.so.5+0x2c190], sa_mask[0]=0x00000002, sa_flags=0x10000000
SIGTERM: [libjvm.so+0x5da4e0], sa_mask[0]=0x7ffbfeff, sa_flags=0x10000004
SIGQUIT: [libjvm.so+0x5da4e0], sa_mask[0]=0x7ffbfeff, sa_flags=0x10000004


---------------  S Y S T E M  ---------------

OS:Fedora release 11 (Leonidas)

uname:Linux 2.6.30.9-90.fc11.x86_64 #1 SMP Sat Oct 17 11:25:35 EDT 2009 x86_64
libc:glibc 2.10.1 NPTL 2.10.1 
rlimit: STACK 10240k, CORE 0k, NPROC 1024, NOFILE 1024, AS infinity
load average:1.67 1.18 0.67

CPU:total 16 (8 cores per cpu, 2 threads per core) family 6 model 26 stepping 5, cmov, cx8, fxsr, mmx, sse, sse2, sse3, ssse3, sse4.1, sse4.2, popcnt, ht

Memory: 4k page, physical 49065876k(4960520k free), swap 50331632k(50197916k free)

vm_info: Java HotSpot(TM) 64-Bit Server VM (16.0-b13) for linux-amd64 JRE (1.6.0_18-b07), built on Dec 17 2009 13:42:22 by "java_re" with gcc 3.2.2 (SuSE Linux)

time: Fri Jul  9 16:16:53 2010
elapsed time: 348 seconds

