#
# A fatal error has been detected by the Java Runtime Environment:
#
#  SIGSEGV (0xb) at pc=0x00007f2b21ebe440, pid=17104, tid=139825772029712
#
# JRE version: 6.0_18-b07
# Java VM: Java HotSpot(TM) 64-Bit Server VM (16.0-b13 mixed mode linux-amd64 )
# Problematic frame:
# C  [libGL.so.1+0x7f440]
#
# If you would like to submit a bug report, please visit:
#   http://java.sun.com/webapps/bugreport/crash.jsp
# The crash happened outside the Java Virtual Machine in native code.
# See problematic frame for where to report the bug.
#

---------------  T H R E A D  ---------------

Current thread (0x0000000001cd8000):  JavaThread "main" [_thread_in_native, id=17104, stack(0x00007fffd9e08000,0x00007fffd9f08000)]

siginfo:si_signo=SIGSEGV: si_errno=0, si_code=1 (SEGV_MAPERR), si_addr=0x0000000000000000

Registers:
RAX=0x0000000000000000, RBX=0x0000000001efd020, RCX=0x0000003be3769e88, RDX=0x0000000000000000
RSP=0x00007fffd9f06a40, RBP=0x00007f2b22000020, RSI=0x0000000000000000, RDI=0x0000003be3769e80
R8 =0x0000000000000000, R9 =0x0000000000000000, R10=0x00007fffd9f067e0, R11=0x0000000000000000
R12=0x0000003bf0420790, R13=0x00007f2b22016360, R14=0x00000000022d7b30, R15=0x0000000000000050
RIP=0x00007f2b21ebe440, EFL=0x0000000000010246, CSGSFS=0x0000000000000033, ERR=0x0000000000000004
  TRAPNO=0x000000000000000e

Top of Stack: (sp=0x00007fffd9f06a40)
0x00007fffd9f06a40:   00007f2b22000020 00000000000042d0
0x00007fffd9f06a50:   0000003bf0420790 00007f2b21eaf4e5
0x00007fffd9f06a60:   00007fffd9f06a70 000000000000008a
0x00007fffd9f06a70:   00007fffd9f06f60 0000000000000000
0x00007fffd9f06a80:   0000003be301f008 0000003be2e0f0cc
0x00007fffd9f06a90:   00007f2bc43e8000 00007f2bc43e8590
0x00007fffd9f06aa0:   00007f2bc3a41508 00007f2bbe6f4000
0x00007fffd9f06ab0:   00007f2bc43e7a38 00007f2bc41db510
0x00007fffd9f06ac0:   00007f2bc41dba30 00007f2bc2433a30
0x00007fffd9f06ad0:   00007f2bc3a41000 00007f2bc3a41a18
0x00007fffd9f06ae0:   00007f2bc3368000 00007f2bc3368520
0x00007fffd9f06af0:   00007f2bc3368a40 00007f2bc2bd4000
0x00007fffd9f06b00:   00007f2bc2bd4530 00007f2bc2bd4a48
0x00007fffd9f06b10:   00007f2bc2433520 00007f2bc1d24000
0x00007fffd9f06b20:   00007f2bc1d24518 00007f2bc1d24a28
0x00007fffd9f06b30:   00007f2bc1490000 00007f2bc1490520
0x00007fffd9f06b40:   00007f2bc1490a58 00007f2bc0d42000
0x00007fffd9f06b50:   00007f2bc0d42530 00007f2bc0d42a58
0x00007fffd9f06b60:   00007f2bc04a8000 00007f2bc04a8518
0x00007fffd9f06b70:   00007f2bbfc90000 00007f2bbfc90510
0x00007fffd9f06b80:   00007f2bbfc90a30 00007f2bbf536520
0x00007fffd9f06b90:   00007f2bbf536a38 00007f2bbeebfa60
0x00007fffd9f06ba0:   00007f2bbe6f4528 00007f2bbe6f4a60
0x00007fffd9f06bb0:   00007f2bbe0d3000 00007f2bbe0d3510
0x00007fffd9f06bc0:   00007f2bbe0d3a30 00007f2bbd9cb530
0x00007fffd9f06bd0:   00007f2bbd9cba50 00007f2bbd226a48
0x00007fffd9f06be0:   00007f2bbcc0e000 00007f2bc41db000
0x00007fffd9f06bf0:   00007f2bc2433000 00007f2bc04a8a28
0x00007fffd9f06c00:   00007f2bbf536000 00007f2bbeebf000
0x00007fffd9f06c10:   00007f2bbeebf528 00007f2bbd9cb000
0x00007fffd9f06c20:   00007f2bbd226000 00007f2bbd226520
0x00007fffd9f06c30:   00007f2bbcc0e508 00007f2bbcc0ea18 

Instructions: (pc=0x00007f2b21ebe440)
0x00007f2b21ebe430:   10 48 85 d2 74 43 48 8b 42 10 48 8b 5a 08 31 d2
0x00007f2b21ebe440:   44 8b 20 48 89 df 44 89 e6 e8 42 a9 fb ff 31 d2 

Stack: [0x00007fffd9e08000,0x00007fffd9f08000],  sp=0x00007fffd9f06a40,  free space=3fa0000000000000018k
Native frames: (J=compiled Java code, j=interpreted, Vv=VM code, C=native code)
C  [libGL.so.1+0x7f440]


---------------  P R O C E S S  ---------------

Java Threads: ( => current thread )
  0x00007f2b0c011000 JavaThread "Thread-68" [_thread_blocked, id=17388, stack(0x00007f2b9019c000,0x00007f2b90b9d000)]
  0x00007f2b0c027000 JavaThread "Thread-66" [_thread_in_native, id=17385, stack(0x00007f2b9019c000,0x00007f2b90b9d000)]
  0x00007f2b0c028000 JavaThread "Thread-65" [_thread_in_native, id=17384, stack(0x00007f2b9019c000,0x00007f2b90b9d000)]
  0x00007f2b0c026800 JavaThread "Thread-64" [_thread_in_native, id=17383, stack(0x00007f2b9019c000,0x00007f2b90b9d000)]
  0x00007f2b0c031000 JavaThread "Thread-59" [_thread_in_native, id=17374, stack(0x00007f2b9019c000,0x00007f2b90b9d000)]
  0x00007f2b0c022800 JavaThread "Thread-56" [_thread_in_native, id=17328, stack(0x00007f2b9019c000,0x00007f2b90b9d000)]
  0x00007f2b1c01b800 JavaThread "Thread-52" [_thread_in_native, id=17321, stack(0x00007f2b9019c000,0x00007f2b90b9d000)]
  0x00007f2b1c019000 JavaThread "Thread-37" [_thread_in_native, id=17270, stack(0x00007f2b9019c000,0x00007f2b90b9d000)]
  0x00007f2b1c005000 JavaThread "Thread-36" [_thread_in_native, id=17269, stack(0x00007f2b9019c000,0x00007f2b90b9d000)]
  0x00007f2b1c004000 JavaThread "Thread-18" [_thread_in_native, id=17205, stack(0x00007f2b9019c000,0x00007f2b90b9d000)]
  0x00007f2b1c00d800 JavaThread "Thread-14" [_thread_in_native, id=17189, stack(0x00007f2b9019c000,0x00007f2b90b9d000)]
  0x00007f2b1c014000 JavaThread "Thread-13" [_thread_in_native, id=17182, stack(0x00007f2b9019c000,0x00007f2b90b9d000)]
  0x00007f2b1c012000 JavaThread "Thread-12" [_thread_in_native, id=17181, stack(0x00007f2b9019c000,0x00007f2b90b9d000)]
  0x00007f2b1c00f800 JavaThread "Thread-11" [_thread_in_native, id=17172, stack(0x00007f2b9019c000,0x00007f2b90b9d000)]
  0x00007f2b1c015000 JavaThread "Thread-10" [_thread_in_native, id=17162, stack(0x00007f2b9019c000,0x00007f2b90b9d000)]
  0x00007f2b1c002800 JavaThread "Thread-9" [_thread_in_native, id=17161, stack(0x00007f2b9019c000,0x00007f2b90b9d000)]
  0x00007f2b1c011000 JavaThread "Thread-6" [_thread_in_native, id=17142, stack(0x00007f2b9019c000,0x00007f2b90b9d000)]
  0x00007f2b1c001000 JavaThread "Thread-5" [_thread_in_native, id=17140, stack(0x00007f2b9019c000,0x00007f2b90b9d000)]
  0x00000000022c2000 JavaThread "TimerQueue" daemon [_thread_blocked, id=17138, stack(0x00007f2b914b1000,0x00007f2b915b2000)]
  0x00000000021b4800 JavaThread "AWT-EventQueue-0" [_thread_blocked, id=17137, stack(0x00007f2b915b2000,0x00007f2b916b3000)]
  0x00000000021ba000 JavaThread "AWT-Shutdown" [_thread_blocked, id=17136, stack(0x00007f2b91ae8000,0x00007f2b91be9000)]
  0x0000000001f80800 JavaThread "AWT-XAWT" daemon [_thread_in_native, id=17130, stack(0x00007f2b9219b000,0x00007f2b9229c000)]
  0x0000000001f29800 JavaThread "Java2D Disposer" daemon [_thread_blocked, id=17129, stack(0x00007f2b924bb000,0x00007f2b925bc000)]
  0x0000000001dcd000 JavaThread "Low Memory Detector" daemon [_thread_blocked, id=17127, stack(0x00007f2b92bf0000,0x00007f2b92cf1000)]
  0x0000000001dcb000 JavaThread "CompilerThread1" daemon [_thread_blocked, id=17126, stack(0x00007f2b92cf1000,0x00007f2b92df2000)]
  0x0000000001dc8000 JavaThread "CompilerThread0" daemon [_thread_blocked, id=17125, stack(0x00007f2b92df2000,0x00007f2b92ef3000)]
  0x0000000001dc6000 JavaThread "Signal Dispatcher" daemon [_thread_blocked, id=17124, stack(0x00007f2b92ef3000,0x00007f2b92ff4000)]
  0x0000000001da9800 JavaThread "Finalizer" daemon [_thread_blocked, id=17123, stack(0x00007f2b92ff4000,0x00007f2b930f5000)]
  0x0000000001da7800 JavaThread "Reference Handler" daemon [_thread_blocked, id=17122, stack(0x00007f2b930f5000,0x00007f2b931f6000)]
=>0x0000000001cd8000 JavaThread "main" [_thread_in_native, id=17104, stack(0x00007fffd9e08000,0x00007fffd9f08000)]

Other Threads:
  0x0000000001da3000 VMThread [stack: 0x00007f2b931f6000,0x00007f2b932f7000] [id=17121]
  0x0000000001dcf800 WatcherThread [stack: 0x00007f2b92aef000,0x00007f2b92bf0000] [id=17128]

VM state:not at safepoint (normal execution)

VM Mutex/Monitor currently owned by a thread: None

Heap
 PSYoungGen      total 74880K, used 41616K [0x00007f2ba3ab0000, 0x00007f2ba9000000, 0x00007f2ba9000000)
  eden space 64000K, 48% used [0x00007f2ba3ab0000,0x00007f2ba58b5f58,0x00007f2ba7930000)
  from space 10880K, 99% used [0x00007f2ba7ac0000,0x00007f2ba855e128,0x00007f2ba8560000)
  to   space 10880K, 0% used [0x00007f2ba8560000,0x00007f2ba8560000,0x00007f2ba9000000)
 PSOldGen        total 174784K, used 41596K [0x00007f2b99000000, 0x00007f2ba3ab0000, 0x00007f2ba3ab0000)
  object space 174784K, 23% used [0x00007f2b99000000,0x00007f2b9b89f268,0x00007f2ba3ab0000)
 PSPermGen       total 33536K, used 33509K [0x00007f2b93c00000, 0x00007f2b95cc0000, 0x00007f2b99000000)
  object space 33536K, 99% used [0x00007f2b93c00000,0x00007f2b95cb9570,0x00007f2b95cc0000)

Dynamic libraries:
00400000-00402000 r-xp 00000000 09:00 2526212                            /usr/local/lib/scilab-5.2.2/bin/scilab-bin
00601000-00602000 r--p 00001000 09:00 2526212                            /usr/local/lib/scilab-5.2.2/bin/scilab-bin
00602000-00603000 rw-p 00002000 09:00 2526212                            /usr/local/lib/scilab-5.2.2/bin/scilab-bin
01cc8000-02c19000 rw-p 00000000 00:00 0                                  [heap]
41fa9000-41fab000 rwxp 00000000 00:0f 703                                /dev/zero
3be2e00000-3be2e1f000 r-xp 00000000 09:00 3622                           /lib64/ld-2.10.1.so
3be301e000-3be301f000 r--p 0001e000 09:00 3622                           /lib64/ld-2.10.1.so
3be301f000-3be3020000 rw-p 0001f000 09:00 3622                           /lib64/ld-2.10.1.so
3be3200000-3be3201000 r-xp 00000000 09:00 55465                          /usr/lib64/nvidia/tls/libnvidia-tls.so.185.18.36
3be3201000-3be3301000 ---p 00001000 09:00 55465                          /usr/lib64/nvidia/tls/libnvidia-tls.so.185.18.36
3be3301000-3be3302000 rw-p 00001000 09:00 55465                          /usr/lib64/nvidia/tls/libnvidia-tls.so.185.18.36
3be3400000-3be3564000 r-xp 00000000 09:00 6311                           /lib64/libc-2.10.1.so
3be3564000-3be3764000 ---p 00164000 09:00 6311                           /lib64/libc-2.10.1.so
3be3764000-3be3768000 r--p 00164000 09:00 6311                           /lib64/libc-2.10.1.so
3be3768000-3be3769000 rw-p 00168000 09:00 6311                           /lib64/libc-2.10.1.so
3be3769000-3be376e000 rw-p 00000000 00:00 0 
3be3800000-3be3802000 r-xp 00000000 09:00 270374                         /lib64/libdl-2.10.1.so
3be3802000-3be3a02000 ---p 00002000 09:00 270374                         /lib64/libdl-2.10.1.so
3be3a02000-3be3a03000 r--p 00002000 09:00 270374                         /lib64/libdl-2.10.1.so
3be3a03000-3be3a04000 rw-p 00003000 09:00 270374                         /lib64/libdl-2.10.1.so
3be3c00000-3be3c82000 r-xp 00000000 09:00 11622                          /lib64/libm-2.10.1.so
3be3c82000-3be3e82000 ---p 00082000 09:00 11622                          /lib64/libm-2.10.1.so
3be3e82000-3be3e83000 r--p 00082000 09:00 11622                          /lib64/libm-2.10.1.so
3be3e83000-3be3e84000 rw-p 00083000 09:00 11622                          /lib64/libm-2.10.1.so
3be4000000-3be4017000 r-xp 00000000 09:00 262769                         /lib64/libpthread-2.10.1.so
3be4017000-3be4216000 ---p 00017000 09:00 262769                         /lib64/libpthread-2.10.1.so
3be4216000-3be4217000 r--p 00016000 09:00 262769                         /lib64/libpthread-2.10.1.so
3be4217000-3be4218000 rw-p 00017000 09:00 262769                         /lib64/libpthread-2.10.1.so
3be4218000-3be421c000 rw-p 00000000 00:00 0 
3be4800000-3be4934000 r-xp 00000000 09:00 262666                         /usr/lib64/libX11.so.6.2.0
3be4934000-3be4b33000 ---p 00134000 09:00 262666                         /usr/lib64/libX11.so.6.2.0
3be4b33000-3be4b39000 rw-p 00133000 09:00 262666                         /usr/lib64/libX11.so.6.2.0
3be4c00000-3be4c02000 r-xp 00000000 09:00 262162                         /usr/lib64/libXau.so.6.0.0
3be4c02000-3be4e01000 ---p 00002000 09:00 262162                         /usr/lib64/libXau.so.6.0.0
3be4e01000-3be4e02000 rw-p 00001000 09:00 262162                         /usr/lib64/libXau.so.6.0.0
3be5000000-3be501a000 r-xp 00000000 09:00 262665                         /usr/lib64/libxcb.so.1.1.0
3be501a000-3be521a000 ---p 0001a000 09:00 262665                         /usr/lib64/libxcb.so.1.1.0
3be521a000-3be521b000 rw-p 0001a000 09:00 262665                         /usr/lib64/libxcb.so.1.1.0
3be5400000-3be541c000 r-xp 00000000 09:00 262763                         /lib64/libselinux.so.1
3be541c000-3be561b000 ---p 0001c000 09:00 262763                         /lib64/libselinux.so.1
3be561b000-3be561c000 r--p 0001b000 09:00 262763                         /lib64/libselinux.so.1
3be561c000-3be561d000 rw-p 0001c000 09:00 262763                         /lib64/libselinux.so.1
3be561d000-3be561e000 rw-p 00000000 00:00 0 
3be5800000-3be5811000 r-xp 00000000 09:00 262755                         /usr/lib64/libXext.so.6.4.0
3be5811000-3be5a11000 ---p 00011000 09:00 262755                         /usr/lib64/libXext.so.6.4.0
3be5a11000-3be5a12000 rw-p 00011000 09:00 262755                         /usr/lib64/libXext.so.6.4.0
3be5c00000-3be5cdd000 r-xp 00000000 09:00 262670                         /lib64/libglib-2.0.so.0.2000.5
3be5cdd000-3be5edc000 ---p 000dd000 09:00 262670                         /lib64/libglib-2.0.so.0.2000.5
3be5edc000-3be5ede000 rw-p 000dc000 09:00 262670                         /lib64/libglib-2.0.so.0.2000.5
3be6000000-3be6007000 r-xp 00000000 09:00 262770                         /lib64/librt-2.10.1.so
3be6007000-3be6206000 ---p 00007000 09:00 262770                         /lib64/librt-2.10.1.so
3be6206000-3be6207000 r--p 00006000 09:00 262770                         /lib64/librt-2.10.1.so
3be6207000-3be6208000 rw-p 00007000 09:00 262770                         /lib64/librt-2.10.1.so
3be6400000-3be6441000 r-xp 00000000 09:00 262671                         /lib64/libgobject-2.0.so.0.2000.5
3be6441000-3be6641000 ---p 00041000 09:00 262671                         /lib64/libgobject-2.0.so.0.2000.5
3be6641000-3be6643000 rw-p 00041000 09:00 262671                         /lib64/libgobject-2.0.so.0.2000.5
3be6800000-3be6826000 r-xp 00000000 09:00 95997                          /lib64/libexpat.so.1.5.2
3be6826000-3be6a25000 ---p 00026000 09:00 95997                          /lib64/libexpat.so.1.5.2
3be6a25000-3be6a28000 rw-p 00025000 09:00 95997                          /lib64/libexpat.so.1.5.2
3be6c00000-3be6c03000 r-xp 00000000 09:00 262672                         /lib64/libgmodule-2.0.so.0.2000.5
3be6c03000-3be6e02000 ---p 00003000 09:00 262672                         /lib64/libgmodule-2.0.so.0.2000.5
3be6e02000-3be6e03000 rw-p 00002000 09:00 262672                         /lib64/libgmodule-2.0.so.0.2000.5
3be7000000-3be7093000 r-xp 00000000 09:00 95977                          /usr/lib64/libfreetype.so.6.3.20
3be7093000-3be7293000 ---p 00093000 09:00 95977                          /usr/lib64/libfreetype.so.6.3.20
3be7293000-3be7299000 rw-p 00093000 09:00 95977                          /usr/lib64/libfreetype.so.6.3.20
3be7400000-3be7425000 r-xp 00000000 09:00 270373                         /usr/lib64/libpng12.so.0.37.0
3be7425000-3be7624000 ---p 00025000 09:00 270373                         /usr/lib64/libpng12.so.0.37.0
3be7624000-3be7625000 rw-p 00024000 09:00 270373                         /usr/lib64/libpng12.so.0.37.0
3be7800000-3be7833000 r-xp 00000000 09:00 130668                         /usr/lib64/libfontconfig.so.1.4.1
3be7833000-3be7a32000 ---p 00033000 09:00 130668                         /usr/lib64/libfontconfig.so.1.4.1
3be7a32000-3be7a34000 rw-p 00032000 09:00 130668                         /usr/lib64/libfontconfig.so.1.4.1
3be7c00000-3be7c75000 r-xp 00000000 09:00 262764                         /lib64/libgio-2.0.so.0.2000.5
3be7c75000-3be7e75000 ---p 00075000 09:00 262764                         /lib64/libgio-2.0.so.0.2000.5
3be7e75000-3be7e77000 rw-p 00075000 09:00 262764                         /lib64/libgio-2.0.so.0.2000.5
3be7e77000-3be7e78000 rw-p 00000000 00:00 0 
3be8000000-3be803b000 r-xp 00000000 09:00 125888                         /usr/lib64/libibus.so.1.0.0
3be803b000-3be823b000 ---p 0003b000 09:00 125888                         /usr/lib64/libibus.so.1.0.0
3be823b000-3be823e000 rw-p 0003b000 09:00 125888                         /usr/lib64/libibus.so.1.0.0
3be8400000-3be8409000 r-xp 00000000 09:00 262668                         /usr/lib64/libXrender.so.1.3.0
3be8409000-3be8608000 ---p 00009000 09:00 262668                         /usr/lib64/libXrender.so.1.3.0
3be8608000-3be8609000 rw-p 00008000 09:00 262668                         /usr/lib64/libXrender.so.1.3.0
3be8800000-3be8802000 r-xp 00000000 09:00 262756                         /usr/lib64/libXinerama.so.1.0.0
3be8802000-3be8a01000 ---p 00002000 09:00 262756                         /usr/lib64/libXinerama.so.1.0.0
3be8a01000-3be8a02000 rw-p 00001000 09:00 262756                         /usr/lib64/libXinerama.so.1.0.0
3be8c00000-3be8c08000 r-xp 00000000 09:00 262758                         /usr/lib64/libXrandr.so.2.2.0
3be8c08000-3be8e07000 ---p 00008000 09:00 262758                         /usr/lib64/libXrandr.so.2.2.0
3be8e07000-3be8e08000 rw-p 00007000 09:00 262758                         /usr/lib64/libXrandr.so.2.2.0
3be9000000-3be9004000 r-xp 00000000 09:00 262771                         /lib64/libgthread-2.0.so.0.2000.5
3be9004000-3be9203000 ---p 00004000 09:00 262771                         /lib64/libgthread-2.0.so.0.2000.5
3be9203000-3be9204000 rw-p 00003000 09:00 262771                         /lib64/libgthread-2.0.so.0.2000.5
3be9400000-3be9409000 r-xp 00000000 09:00 262760                         /usr/lib64/libXcursor.so.1.0.2
3be9409000-3be9609000 ---p 00009000 09:00 262760                         /usr/lib64/libXcursor.so.1.0.2
3be9609000-3be960a000 rw-p 00009000 09:00 262760                         /usr/lib64/libXcursor.so.1.0.2
3be9800000-3be9805000 r-xp 00000000 09:00 262759                         /usr/lib64/libXfixes.so.3.1.0
3be9805000-3be9a04000 ---p 00005000 09:00 262759                         /usr/lib64/libXfixes.so.3.1.0
3be9a04000-3be9a05000 rw-p 00004000 09:00 262759                         /usr/lib64/libXfixes.so.3.1.0
3bea400000-3bea409000 r-xp 00000000 09:00 262757                         /usr/lib64/libXi.so.6.0.0
3bea409000-3bea609000 ---p 00009000 09:00 262757                         /usr/lib64/libXi.so.6.0.0
3bea609000-3bea60a000 rw-p 00009000 09:00 262757                         /usr/lib64/libXi.so.6.0.0
3bea800000-3bea804000 r-xp 00000000 09:00 27035                          /lib64/libattr.so.1.1.0
3bea804000-3beaa03000 ---p 00004000 09:00 27035                          /lib64/libattr.so.1.1.0
3beaa03000-3beaa04000 rw-p 00003000 09:00 27035                          /lib64/libattr.so.1.1.0
3beac00000-3beac1d000 r-xp 00000000 09:00 262765                         /usr/lib64/libgdk_pixbuf-2.0.so.0.1600.6
3beac1d000-3beae1d000 ---p 0001d000 09:00 262765                         /usr/lib64/libgdk_pixbuf-2.0.so.0.1600.6
3beae1d000-3beae1e000 rw-p 0001d000 09:00 262765                         /usr/lib64/libgdk_pixbuf-2.0.so.0.1600.6
3beb000000-3beb004000 r-xp 00000000 09:00 270409                         /lib64/libcap.so.2.16
3beb004000-3beb203000 ---p 00004000 09:00 270409                         /lib64/libcap.so.2.16
3beb203000-3beb204000 rw-p 00003000 09:00 270409                         /lib64/libcap.so.2.16
3beb400000-3beb43c000 r-xp 00000000 09:00 262781                         /lib64/libdbus-1.so.3.4.0
3beb43c000-3beb63c000 ---p 0003c000 09:00 262781                         /lib64/libdbus-1.so.3.4.0
3beb63c000-3beb63d000 r--p 0003c000 09:00 262781                         /lib64/libdbus-1.so.3.4.0
3beb63d000-3beb63e000 rw-p 0003d000 09:00 262781                         /lib64/libdbus-1.so.3.4.0
3beb800000-3beb802000 r-xp 00000000 09:00 262761                         /usr/lib64/libXcomposite.so.1.0.0
3beb802000-3beba01000 ---p 00002000 09:00 262761                         /usr/lib64/libXcomposite.so.1.0.0
3beba01000-3beba02000 rw-p 00001000 09:00 262761                         /usr/lib64/libXcomposite.so.1.0.0
3bebc00000-3bebc2c000 r-xp 00000000 09:00 262674                         /usr/lib64/libpangoft2-1.0.so.0.2400.5
3bebc2c000-3bebe2b000 ---p 0002c000 09:00 262674                         /usr/lib64/libpangoft2-1.0.so.0.2400.5
3bebe2b000-3bebe2d000 rw-p 0002b000 09:00 262674                         /usr/lib64/libpangoft2-1.0.so.0.2400.5
3bec000000-3bec00b000 r-xp 00000000 09:00 262675                         /usr/lib64/libpangocairo-1.0.so.0.2400.5
3bec00b000-3bec20a000 ---p 0000b000 09:00 262675                         /usr/lib64/libpangocairo-1.0.so.0.2400.5
3bec20a000-3bec20b000 rw-p 0000a000 09:00 262675                         /usr/lib64/libpangocairo-1.0.so.0.2400.5
3bec400000-3bec41d000 r-xp 00000000 09:00 262767                         /usr/lib64/libatk-1.0.so.0.2511.1
3bec41d000-3bec61c000 ---p 0001d000 09:00 262767                         /usr/lib64/libatk-1.0.so.0.2511.1
3bec61c000-3bec61f000 rw-p 0001c000 09:00 262767                         /usr/lib64/libatk-1.0.so.0.2511.1
3bec800000-3becc21000 r-xp 00000000 09:00 262768                         /usr/lib64/libgtk-x11-2.0.so.0.1600.6
3becc21000-3bece20000 ---p 00421000 09:00 262768                         /usr/lib64/libgtk-x11-2.0.so.0.1600.6
3bece20000-3bece2b000 rw-p 00420000 09:00 262768                         /usr/lib64/libgtk-x11-2.0.so.0.1600.6
3bece2b000-3bece2d000 rw-p 00000000 00:00 0 
3bed000000-3bed043000 r-xp 00000000 09:00 66380                          /usr/lib64/libpixman-1.so.0.14.0
3bed043000-3bed242000 ---p 00043000 09:00 66380                          /usr/lib64/libpixman-1.so.0.14.0
3bed242000-3bed245000 rw-p 00042000 09:00 66380                          /usr/lib64/libpixman-1.so.0.14.0
3bed400000-3bed4a5000 r-xp 00000000 09:00 262766                         /usr/lib64/libgdk-x11-2.0.so.0.1600.6
3bed4a5000-3bed6a5000 ---p 000a5000 09:00 262766                         /usr/lib64/libgdk-x11-2.0.so.0.1600.6
3bed6a5000-3bed6aa000 rw-p 000a5000 09:00 262766                         /usr/lib64/libgdk-x11-2.0.so.0.1600.6
3bed800000-3bed846000 r-xp 00000000 09:00 262673                         /usr/lib64/libpango-1.0.so.0.2400.5
3bed846000-3beda46000 ---p 00046000 09:00 262673                         /usr/lib64/libpango-1.0.so.0.2400.5
3beda46000-3beda49000 rw-p 00046000 09:00 262673                         /usr/lib64/libpango-1.0.so.0.2400.5
3bedc00000-3bedc74000 r-xp 00000000 09:00 262669                         /usr/lib64/libcairo.so.2.10800.8
3bedc74000-3bede73000 ---p 00074000 09:00 262669                         /usr/lib64/libcairo.so.2.10800.8
3bede73000-3bede76000 rw-p 00073000 09:00 262669                         /usr/lib64/libcairo.so.2.10800.8
3bee000000-3bee002000 r-xp 00000000 09:00 262762                         /usr/lib64/libXdamage.so.1.1.0
3bee002000-3bee201000 ---p 00002000 09:00 262762                         /usr/lib64/libXdamage.so.1.1.0
3bee201000-3bee202000 rw-p 00001000 09:00 262762                         /usr/lib64/libXdamage.so.1.1.0
3bef000000-3bef016000 r-xp 00000000 09:00 6957                           /lib64/libnsl-2.10.1.so
3bef016000-3bef216000 ---p 00016000 09:00 6957                           /lib64/libnsl-2.10.1.so
3bef216000-3bef217000 r--p 00016000 09:00 6957                           /lib64/libnsl-2.10.1.so
3bef217000-3bef218000 rw-p 00017000 09:00 6957                           /lib64/libnsl-2.10.1.so
3bef218000-3bef21a000 rw-p 00000000 00:00 0 
3bef800000-3bef805000 r-xp 00000000 09:00 262772                         /usr/lib64/libXxf86vm.so.1.0.0
3bef805000-3befa04000 ---p 00005000 09:00 262772                         /usr/lib64/libXxf86vm.so.1.0.0
3befa04000-3befa05000 rw-p 00004000 09:00 262772                         /usr/lib64/libXxf86vm.so.1.0.0
3befc00000-3bf09da000 r-xp 00000000 09:00 34119                          /usr/lib64/nvidia/libGLcore.so.185.18.36
3bf09da000-3bf0ada000 ---p 00dda000 09:00 34119                          /usr/lib64/nvidia/libGLcore.so.185.18.36
3bf0ada000-3bf0f13000 rwxp 00dda000 09:00 34119                          /usr/lib64/nvidia/libGLcore.so.185.18.36
3bf0f13000-3bf0f26000 rwxp 00000000 00:00 0 
3bf2800000-3bf2802000 r-xp 00000000 09:00 107166                         /lib64/libutil-2.10.1.so
3bf2802000-3bf2a01000 ---p 00002000 09:00 107166                         /lib64/libutil-2.10.1.so
3bf2a01000-3bf2a02000 r--p 00001000 09:00 107166                         /lib64/libutil-2.10.1.so
3bf2a02000-3bf2a03000 rw-p 00002000 09:00 107166                         /lib64/libutil-2.10.1.so
3bf3000000-3bf3005000 r-xp 00000000 09:00 270436                         /usr/lib64/libXtst.so.6.1.0
3bf3005000-3bf3205000 ---p 00005000 09:00 270436                         /usr/lib64/libXtst.so.6.1.0
3bf3205000-3bf3206000 rw-p 00005000 09:00 270436                         /usr/lib64/libXtst.so.6.1.0
3bf6400000-3bf6414000 r-xp 00000000 09:00 29307                          /usr/lib64/libXft.so.2.1.13
3bf6414000-3bf6613000 ---p 00014000 09:00 29307                          /usr/lib64/libXft.so.2.1.13
3bf6613000-3bf6614000 rw-p 00013000 09:00 29307                          /usr/lib64/libXft.so.2.1.13
3bf6e00000-3bf6e02000 r-xp 00000000 09:00 81010                          /usr/lib64/libXss.so.1.0.0
3bf6e02000-3bf7002000 ---p 00002000 09:00 81010                          /usr/lib64/libXss.so.1.0.0
3bf7002000-3bf7003000 rw-p 00002000 09:00 81010                          /usr/lib64/libXss.so.1.0.0
7f2b04000000-7f2b04030000 rw-p 00000000 00:00 0 
7f2b04030000-7f2b08000000 ---p 00000000 00:00 0 
7f2b0c000000-7f2b0c036000 rw-p 00000000 00:00 0 
7f2b0c036000-7f2b10000000 ---p 00000000 00:00 0 
7f2b10000000-7f2b10021000 rw-p 00000000 00:00 0 
7f2b10021000-7f2b14000000 ---p 00000000 00:00 0 
7f2b14000000-7f2b14039000 rw-p 00000000 00:00 0 
7f2b14039000-7f2b18000000 ---p 00000000 00:00 0 
7f2b182f3000-7f2b1aa7b000 rw-p 00000000 00:00 0 
7f2b1c000000-7f2b1c07d000 rw-p 00000000 00:00 0 
7f2b1c07d000-7f2b20000000 ---p 00000000 00:00 0 
7f2b21a4c000-7f2b21a4e000 r-xp 00000000 09:00 2525838                    /usr/local/lib/scilab-5.2.2/lib/thirdparty/libjogl_awt.so
7f2b21a4e000-7f2b21b4d000 ---p 00002000 09:00 2525838                    /usr/local/lib/scilab-5.2.2/lib/thirdparty/libjogl_awt.so
7f2b21b4d000-7f2b21b4e000 rw-p 00001000 09:00 2525838                    /usr/local/lib/scilab-5.2.2/lib/thirdparty/libjogl_awt.so
7f2b21b4e000-7f2b21b4f000 r-xp 00000000 09:00 2526431                    /usr/local/lib/scilab-5.2.2/thirdparty/java/lib/amd64/libjawt.so
7f2b21b4f000-7f2b21c4e000 ---p 00001000 09:00 2526431                    /usr/local/lib/scilab-5.2.2/thirdparty/java/lib/amd64/libjawt.so
7f2b21c4e000-7f2b21c4f000 rw-p 00000000 09:00 2526431                    /usr/local/lib/scilab-5.2.2/thirdparty/java/lib/amd64/libjawt.so
7f2b21c4f000-7f2b21d3e000 r-xp 00000000 09:00 2525930                    /usr/local/lib/scilab-5.2.2/lib/thirdparty/libjogl.so
7f2b21d3e000-7f2b21e3e000 ---p 000ef000 09:00 2525930                    /usr/local/lib/scilab-5.2.2/lib/thirdparty/libjogl.so
7f2b21e3e000-7f2b21e3f000 rw-p 000ef000 09:00 2525930                    /usr/local/lib/scilab-5.2.2/lib/thirdparty/libjogl.so
7f2b21e3f000-7f2b21ecc000 r-xp 00000000 09:00 55479                      /usr/lib64/nvidia/libGL.so.185.18.36
7f2b21ecc000-7f2b21fcb000 ---p 0008d000 09:00 55479                      /usr/lib64/nvidia/libGL.so.185.18.36
7f2b21fcb000-7f2b22000000 rwxp 0008c000 09:00 55479                      /usr/lib64/nvidia/libGL.so.185.18.36
7f2b22000000-7f2b22017000 rwxp 00000000 00:00 0 
7f2b22017000-7f2b223c7000 rw-p 00000000 00:00 0 
7f2b223db000-7f2b223dc000 r-xp 00000000 09:00 2525767                    /usr/local/lib/scilab-5.2.2/lib/thirdparty/libgluegen-rt.so
7f2b223dc000-7f2b224db000 ---p 00001000 09:00 2525767                    /usr/local/lib/scilab-5.2.2/lib/thirdparty/libgluegen-rt.so
7f2b224db000-7f2b224dc000 rw-p 00000000 09:00 2525767                    /usr/local/lib/scilab-5.2.2/lib/thirdparty/libgluegen-rt.so
7f2b226fe000-7f2b22701000 ---p 00000000 00:00 0 
7f2b22701000-7f2b227ff000 rwxp 00000000 00:00 0 
7f2b227ff000-7f2b22f79000 r--p 00000000 09:00 11469                      /usr/share/icons/hicolor/icon-theme.cache
7f2b22f79000-7f2b235ff000 r--p 00000000 09:00 14306                      /usr/share/icons/gnome/icon-theme.cache
7f2b235ff000-7f2b23600000 ---p 00000000 00:00 0 
7f2b23600000-7f2b24000000 rwxp 00000000 00:00 0 
7f2b24000000-7f2b24867000 rw-p 00000000 00:00 0 
7f2b24867000-7f2b28000000 ---p 00000000 00:00 0 
7f2b28000000-7f2b28021000 rw-p 00000000 00:00 0 
7f2b28021000-7f2b2c000000 ---p 00000000 00:00 0 
7f2b2c000000-7f2b2c165000 rw-p 00000000 00:00 0 
7f2b2c165000-7f2b30000000 ---p 00000000 00:00 0 
7f2b30000000-7f2b30021000 rw-p 00000000 00:00 0 
7f2b30021000-7f2b34000000 ---p 00000000 00:00 0 
7f2b34000000-7f2b34021000 rw-p 00000000 00:00 0 
7f2b34021000-7f2b38000000 ---p 00000000 00:00 0 
7f2b38000000-7f2b38021000 rw-p 00000000 00:00 0 
7f2b38021000-7f2b3c000000 ---p 00000000 00:00 0 
7f2b3c000000-7f2b3c021000 rw-p 00000000 00:00 0 
7f2b3c021000-7f2b40000000 ---p 00000000 00:00 0 
7f2b40000000-7f2b40021000 rw-p 00000000 00:00 0 
7f2b40021000-7f2b44000000 ---p 00000000 00:00 0 
7f2b44000000-7f2b44cf4000 rw-p 00000000 00:00 0 
7f2b44cf4000-7f2b48000000 ---p 00000000 00:00 0 
7f2b48000000-7f2b493c9000 rw-p 00000000 00:00 0 
7f2b493c9000-7f2b4c000000 ---p 00000000 00:00 0 
7f2b4c000000-7f2b4c021000 rw-p 00000000 00:00 0 
7f2b4c021000-7f2b50000000 ---p 00000000 00:00 0 
7f2b50000000-7f2b50021000 rw-p 00000000 00:00 0 
7f2b50021000-7f2b54000000 ---p 00000000 00:00 0 
7f2b54000000-7f2b54041000 rw-p 00000000 00:00 0 
7f2b54041000-7f2b58000000 ---p 00000000 00:00 0 
7f2b58000000-7f2b58021000 rw-p 00000000 00:00 0 
7f2b58021000-7f2b5c000000 ---p 00000000 00:00 0 
7f2b5c000000-7f2b5c021000 rw-p 00000000 00:00 0 
7f2b5c021000-7f2b60000000 ---p 00000000 00:00 0 
7f2b60000000-7f2b60021000 rw-p 00000000 00:00 0 
7f2b60021000-7f2b64000000 ---p 00000000 00:00 0 
7f2b64000000-7f2b64021000 rw-p 00000000 00:00 0 
7f2b64021000-7f2b68000000 ---p 00000000 00:00 0 
7f2b68000000-7f2b68021000 rw-p 00000000 00:00 0 
7f2b68021000-7f2b6c000000 ---p 00000000 00:00 0 
7f2b6c000000-7f2b6c021000 rw-p 00000000 00:00 0 
7f2b6c021000-7f2b70000000 ---p 00000000 00:00 0 
7f2b70000000-7f2b70021000 rw-p 00000000 00:00 0 
7f2b70021000-7f2b74000000 ---p 00000000 00:00 0 
7f2b74000000-7f2b74021000 rw-p 00000000 00:00 0 
7f2b74021000-7f2b78000000 ---p 00000000 00:00 0 
7f2b78000000-7f2b78021000 rw-p 00000000 00:00 0 
7f2b78021000-7f2b7c000000 ---p 00000000 00:00 0 
7f2b7c000000-7f2b7c021000 rw-p 00000000 00:00 0 
7f2b7c021000-7f2b80000000 ---p 00000000 00:00 0 
7f2b80000000-7f2b80021000 rw-p 00000000 00:00 0 
7f2b80021000-7f2b84000000 ---p 00000000 00:00 0 
7f2b84000000-7f2b84021000 rw-p 00000000 00:00 0 
7f2b84021000-7f2b88000000 ---p 00000000 00:00 0 
7f2b88000000-7f2b88021000 rw-p 00000000 00:00 0 
7f2b88021000-7f2b8c000000 ---p 00000000 00:00 0 
7f2b8c000000-7f2b8c021000 rw-p 00000000 00:00 0 
7f2b8c021000-7f2b90000000 ---p 00000000 00:00 0 
7f2b90026000-7f2b9009b000 rw-s 00000000 00:08 1173880967                 /SYSV00000000 (deleted)
7f2b9009b000-7f2b9009e000 ---p 00000000 00:00 0 
7f2b9009e000-7f2b9019c000 rwxp 00000000 00:00 0 
7f2b9019c000-7f2b9019f000 ---p 00000000 00:00 0 
7f2b9019f000-7f2b90b9d000 rwxp 00000000 00:00 0 
7f2b90bc4000-7f2b90bc7000 ---p 00000000 00:00 0 
7f2b90bc7000-7f2b90cc5000 rwxp 00000000 00:00 0 
7f2b90cc5000-7f2b90e12000 rw-s 00000000 00:08 1161330805                 /SYSV00000000 (deleted)
7f2b90e14000-7f2b90f61000 rw-s 00000000 00:08 1167622265                 /SYSV00000000 (deleted)
7f2b91013000-7f2b91062000 rw-s 00000000 00:08 1168638058                 /SYSV00000000 (deleted)
7f2b91062000-7f2b91072000 r-xp 00000000 09:00 139155                     /usr/lib64/gio/modules/libgioremote-volume-monitor.so
7f2b91072000-7f2b91272000 ---p 00010000 09:00 139155                     /usr/lib64/gio/modules/libgioremote-volume-monitor.so
7f2b91272000-7f2b91273000 rw-p 00010000 09:00 139155                     /usr/lib64/gio/modules/libgioremote-volume-monitor.so
7f2b9128b000-7f2b91294000 r--s 0004f000 09:00 3497141                    /usr/local/lib/scilab-5.2.2/share/scilab/modules/xcos/jar/org.scilab.modules.xcos.jar
7f2b91294000-7f2b912a3000 r--s 00658000 09:00 2526478                    /usr/local/lib/scilab-5.2.2/thirdparty/java/lib/charsets.jar
7f2b912a3000-7f2b912b2000 r--s 00658000 09:00 2526478                    /usr/local/lib/scilab-5.2.2/thirdparty/java/lib/charsets.jar
7f2b912b9000-7f2b912d3000 r--s 00000000 09:00 10778                      /usr/share/mime/mime.cache
7f2b912d3000-7f2b912e0000 r--p 00000000 09:00 32977                      /usr/share/icons/Mist/icon-theme.cache
7f2b912e0000-7f2b9133c000 r--p 00000000 09:00 48957                      /usr/share/icons/Fedora/icon-theme.cache
7f2b9133c000-7f2b91347000 r--s 00108000 09:00 2526551                    /usr/local/lib/scilab-5.2.2/thirdparty/jogl.jar
7f2b91348000-7f2b9134a000 r--s 0000b000 09:00 2526229                    /usr/local/lib/scilab-5.2.2/thirdparty/jhdf5.jar
7f2b9134a000-7f2b91350000 r--s 0004a000 09:00 2526540                    /usr/local/lib/scilab-5.2.2/thirdparty/jgraphx.jar
7f2b91350000-7f2b913b0000 rw-s 00000000 00:08 1161265257                 /SYSV00000000 (deleted)
7f2b913b0000-7f2b913b3000 ---p 00000000 00:00 0 
7f2b913b3000-7f2b914b1000 rwxp 00000000 00:00 0 
7f2b914b1000-7f2b914b4000 ---p 00000000 00:00 0 
7f2b914b4000-7f2b915b2000 rwxp 00000000 00:00 0 
7f2b915b2000-7f2b915b5000 ---p 00000000 00:00 0 
7f2b915b5000-7f2b916b3000 rwxp 00000000 00:00 0 
7f2b916b3000-7f2b916c8000 r-xp 00000000 09:00 10016                      /usr/lib64/libgvfscommon.so.0.0.0
7f2b916c8000-7f2b918c8000 ---p 00015000 09:00 10016                      /usr/lib64/libgvfscommon.so.0.0.0
7f2b918c8000-7f2b918c9000 rw-p 00015000 09:00 10016                      /usr/lib64/libgvfscommon.so.0.0.0
7f2b918c9000-7f2b918e6000 r-xp 00000000 09:00 139156                     /usr/lib64/gio/modules/libgvfsdbus.so
7f2b918e6000-7f2b91ae6000 ---p 0001d000 09:00 139156                     /usr/lib64/gio/modules/libgvfsdbus.so
7f2b91ae6000-7f2b91ae7000 rw-p 0001d000 09:00 139156                     /usr/lib64/gio/modules/libgvfsdbus.so
7f2b91ae8000-7f2b91aeb000 ---p 00000000 00:00 0 
7f2b91aeb000-7f2b91be9000 rwxp 00000000 00:00 0 
7f2b91be9000-7f2b91bec000 ---p 00000000 00:00 0 
7f2b91bec000-7f2b91cea000 rwxp 00000000 00:00 0 
7f2b91cea000-7f2b91cef000 r-xp 00000000 09:00 94558                      /usr/lib64/gtk-2.0/2.10.0/immodules/im-ibus.so
7f2b91cef000-7f2b91eef000 ---p 00005000 09:00 94558                      /usr/lib64/gtk-2.0/2.10.0/immodules/im-ibus.so
7f2b91eef000-7f2b91ef0000 rw-p 00005000 09:00 94558                      /usr/lib64/gtk-2.0/2.10.0/immodules/im-ibus.so
7f2b91ef0000-7f2b91f88000 r--p 00000000 09:00 11249                      /usr/share/fonts/dejavu/DejaVuSans.ttf
7f2b91f88000-7f2b91f9a000 r-xp 00000000 09:00 45401                      /usr/lib64/gtk-2.0/2.10.0/engines/libnodoka.so
7f2b91f9a000-7f2b9219a000 ---p 00012000 09:00 45401                      /usr/lib64/gtk-2.0/2.10.0/engines/libnodoka.so
7f2b9219a000-7f2b9219b000 rw-p 00012000 09:00 45401                      /usr/lib64/gtk-2.0/2.10.0/engines/libnodoka.so
7f2b9219b000-7f2b9219e000 ---p 00000000 00:00 0 
7f2b9219e000-7f2b9229c000 rwxp 00000000 00:00 0 
7f2b9229c000-7f2b922a3000 r-xp 00000000 09:00 2526404                    /usr/local/lib/scilab-5.2.2/thirdparty/java/lib/amd64/libnio.so
7f2b922a3000-7f2b923a2000 ---p 00007000 09:00 2526404                    /usr/local/lib/scilab-5.2.2/thirdparty/java/lib/amd64/libnio.so
7f2b923a2000-7f2b923a4000 rw-p 00006000 09:00 2526404                    /usr/local/lib/scilab-5.2.2/thirdparty/java/lib/amd64/libnio.so
7f2b923a4000-7f2b923b7000 r-xp 00000000 09:00 2526432                    /usr/local/lib/scilab-5.2.2/thirdparty/java/lib/amd64/libnet.so
7f2b923b7000-7f2b924b8000 ---p 00013000 09:00 2526432                    /usr/local/lib/scilab-5.2.2/thirdparty/java/lib/amd64/libnet.so
7f2b924b8000-7f2b924bb000 rw-p 00014000 09:00 2526432                    /usr/local/lib/scilab-5.2.2/thirdparty/java/lib/amd64/libnet.so
7f2b924bb000-7f2b924be000 ---p 00000000 00:00 0 
7f2b924be000-7f2b925bc000 rwxp 00000000 00:00 0 
7f2b925bc000-7f2b9263a000 r-xp 00000000 09:00 2526407                    /usr/local/lib/scilab-5.2.2/thirdparty/java/lib/amd64/libfontmanager.so
7f2b9263a000-7f2b92739000 ---p 0007e000 09:00 2526407                    /usr/local/lib/scilab-5.2.2/thirdparty/java/lib/amd64/libfontmanager.so
7f2b92739000-7f2b9274f000 rw-p 0007d000 09:00 2526407                    /usr/local/lib/scilab-5.2.2/thirdparty/java/lib/amd64/libfontmanager.so
7f2b9274f000-7f2b92760000 rw-p 00000000 00:00 0 
7f2b92760000-7f2b927a2000 r-xp 00000000 09:00 2526426                    /usr/local/lib/scilab-5.2.2/thirdparty/java/lib/amd64/xawt/libmawt.so
7f2b927a2000-7f2b928a1000 ---p 00042000 09:00 2526426                    /usr/local/lib/scilab-5.2.2/thirdparty/java/lib/amd64/xawt/libmawt.so
7f2b928a1000-7f2b928ac000 rw-p 00041000 09:00 2526426                    /usr/local/lib/scilab-5.2.2/thirdparty/java/lib/amd64/xawt/libmawt.so
7f2b928ac000-7f2b928ae000 rw-p 00000000 00:00 0 
7f2b928ae000-7f2b92940000 r-xp 00000000 09:00 2526408                    /usr/local/lib/scilab-5.2.2/thirdparty/java/lib/amd64/libawt.so
7f2b92940000-7f2b92a3f000 ---p 00092000 09:00 2526408                    /usr/local/lib/scilab-5.2.2/thirdparty/java/lib/amd64/libawt.so
7f2b92a3f000-7f2b92a58000 rw-p 00091000 09:00 2526408                    /usr/local/lib/scilab-5.2.2/thirdparty/java/lib/amd64/libawt.so
7f2b92a58000-7f2b92a7d000 rw-p 00000000 00:00 0 
7f2b92a7d000-7f2b92a84000 r--s 00000000 09:00 5866                       /usr/lib64/gconv/gconv-modules.cache
7f2b92a84000-7f2b92aed000 r--p 00000000 09:00 3488255                    /usr/local/lib/scilab-5.2.2/share/locale/fr_FR/LC_MESSAGES/scilab.mo
7f2b92aed000-7f2b92aef000 r--s 00001000 09:00 3499088                    /usr/local/lib/scilab-5.2.2/share/scilab/modules/jvm/jar/org.scilab.modules.jvm.jar
7f2b92aef000-7f2b92af0000 ---p 00000000 00:00 0 
7f2b92af0000-7f2b92bf0000 rwxp 00000000 00:00 0 
7f2b92bf0000-7f2b92bf3000 ---p 00000000 00:00 0 
7f2b92bf3000-7f2b92cf1000 rwxp 00000000 00:00 0 
7f2b92cf1000-7f2b92cf4000 ---p 00000000 00:00 0 
7f2b92cf4000-7f2b92df2000 rwxp 00000000 00:00 0 
7f2b92df2000-7f2b92df5000 ---p 00000000 00:00 0 
7f2b92df5000-7f2b92ef3000 rwxp 00000000 00:00 0 
7f2b92ef3000-7f2b92ef6000 ---p 00000000 00:00 0 
7f2b92ef6000-7f2b92ff4000 rwxp 00000000 00:00 0 
7f2b92ff4000-7f2b92ff7000 ---p 00000000 00:00 0 
7f2b92ff7000-7f2b930f5000 rwxp 00000000 00:00 0 
7f2b930f5000-7f2b930f8000 ---p 00000000 00:00 0 
7f2b930f8000-7f2b931f6000 rwxp 00000000 00:00 0 
7f2b931f6000-7f2b931f7000 ---p 00000000 00:00 0 
7f2b931f7000-7f2b932f7000 rwxp 00000000 00:00 0 
7f2b932f7000-7f2b95cc0000 rw-p 00000000 00:00 0 
7f2b95cc0000-7f2b99000000 rw-p 00000000 00:00 0 
7f2b99000000-7f2ba9000000 rw-p 00000000 00:00 0 
7f2ba9000000-7f2ba9310000 rwxp 00000000 00:00 0 
7f2ba9310000-7f2bac273000 rw-p 00000000 00:00 0 
7f2bac273000-7f2bb0000000 ---p 00000000 00:00 0 
7f2bb0000000-7f2bb0004000 r--s 00024000 09:00 3498597                    /usr/local/lib/scilab-5.2.2/share/scilab/modules/xpad/jar/org.scilab.modules.xpad.jar
7f2bb000b000-7f2bb000c000 rw-p 00000000 00:00 0 
7f2bb000d000-7f2bb0014000 r--s 00111000 09:00 2526355                    /usr/local/lib/scilab-5.2.2/thirdparty/java/lib/resources.jar
7f2bb0014000-7f2bb001a000 r--s 00024000 09:00 3504846                    /usr/local/lib/scilab-5.2.2/share/scilab/modules/renderer/jar/org.scilab.modules.renderer.jar
7f2bb001a000-7f2bb0025000 r--p 00000000 09:00 94600                      /usr/share/locale/fr/LC_MESSAGES/glib20.mo
7f2bb0025000-7f2bb004d000 r--p 00000000 09:00 532351                     /usr/share/locale/fr/LC_MESSAGES/gtk20-properties.mo
7f2bb004d000-7f2bb0057000 r--s 0004a000 09:00 3489405                    /usr/local/lib/scilab-5.2.2/share/scilab/modules/gui/jar/org.scilab.modules.gui.jar
7f2bb0057000-7f2bb0058000 r--s 00000000 09:00 3500272                    /usr/local/lib/scilab-5.2.2/share/scilab/modules/action_binding/jar/org.scilab.modules.action_binding.jar
7f2bb0058000-7f2bb0059000 r--s 00000000 09:00 3490441                    /usr/local/lib/scilab-5.2.2/share/scilab/modules/localization/jar/org.scilab.modules.localization.jar
7f2bb0059000-7f2bb005b000 r--s 0000a000 09:00 3497021                    /usr/local/lib/scilab-5.2.2/share/scilab/modules/console/jar/org.scilab.modules.console.jar
7f2bb005b000-7f2bb005c000 r--s 00000000 09:00 3494430                    /usr/local/lib/scilab-5.2.2/share/scilab/modules/completion/jar/org.scilab.modules.completion.jar
7f2bb005c000-7f2bb005d000 r--s 00000000 09:00 3499431                    /usr/local/lib/scilab-5.2.2/share/scilab/modules/history_manager/jar/org.scilab.modules.history_manager.jar
7f2bb005d000-7f2bb005e000 r--s 00000000 09:00 3498556                    /usr/local/lib/scilab-5.2.2/share/scilab/modules/shell/jar/org.scilab.modules.shell.jar
7f2bb005e000-7f2bb0060000 r--s 00006000 09:00 3488337                    /usr/local/lib/scilab-5.2.2/share/scilab/modules/hdf5/jar/org.scilab.modules.hdf5.jar
7f2bb0060000-7f2bb006a000 r--s 00087000 09:00 2526239                    /usr/local/lib/scilab-5.2.2/thirdparty/jhall.jar
7f2bb006a000-7f2bb006b000 r--s 0000c000 09:00 2526238                    /usr/local/lib/scilab-5.2.2/thirdparty/commons-logging.jar
7f2bb006b000-7f2bb0074000 r--s 0005b000 09:00 2526230                    /usr/local/lib/scilab-5.2.2/thirdparty/looks-2.1.1.jar
7f2bb0074000-7f2bb007a000 r--s 0004c000 09:00 2526231                    /usr/local/lib/scilab-5.2.2/thirdparty/skinlf.jar
7f2bb007a000-7f2bb007b000 r--s 00001000 09:00 2526548                    /usr/local/lib/scilab-5.2.2/thirdparty/jrosetta-API.jar
7f2bb007b000-7f2bb007d000 r--s 00008000 09:00 2526514                    /usr/local/lib/scilab-5.2.2/thirdparty/jrosetta-engine.jar
7f2bb007d000-7f2bb007e000 r--s 00001000 09:00 2526548                    /usr/local/lib/scilab-5.2.2/thirdparty/jrosetta-API.jar
7f2bb007e000-7f2bb0088000 r--s 0006a000 09:00 2526542                    /usr/local/lib/scilab-5.2.2/thirdparty/flexdock-0.5.1.jar
7f2bb0088000-7f2bb00ab000 r--p 00000000 09:00 270348                     /usr/share/locale/fr/LC_MESSAGES/libc.mo
7f2bb00ab000-7f2bb05b0000 rw-p 00000000 00:00 0 
7f2bb05b0000-7f2bb0747000 r--s 02ab6000 09:00 2526467                    /usr/local/lib/scilab-5.2.2/thirdparty/java/lib/rt.jar
7f2bb0747000-7f2bb0748000 ---p 00000000 00:00 0 
7f2bb0748000-7f2bb0848000 rwxp 00000000 00:00 0 
7f2bb0848000-7f2bb0849000 ---p 00000000 00:00 0 
7f2bb0849000-7f2bb0949000 rwxp 00000000 00:00 0 
7f2bb0949000-7f2bb094a000 ---p 00000000 00:00 0 
7f2bb094a000-7f2bb0a4a000 rwxp 00000000 00:00 0 
7f2bb0a4a000-7f2bb0a4b000 ---p 00000000 00:00 0 
7f2bb0a4b000-7f2bb0b4b000 rwxp 00000000 00:00 0 
7f2bb0b4b000-7f2bb0b4c000 ---p 00000000 00:00 0 
7f2bb0b4c000-7f2bb0c4c000 rwxp 00000000 00:00 0 
7f2bb0c4c000-7f2bb0c4d000 ---p 00000000 00:00 0 
7f2bb0c4d000-7f2bb0d4d000 rwxp 00000000 00:00 0 
7f2bb0d4d000-7f2bb0d4e000 ---p 00000000 00:00 0 
7f2bb0d4e000-7f2bb0e4e000 rwxp 00000000 00:00 0 
7f2bb0e4e000-7f2bb0e4f000 ---p 00000000 00:00 0 
7f2bb0e4f000-7f2bb0f4f000 rwxp 00000000 00:00 0 
7f2bb0f4f000-7f2bb0f50000 ---p 00000000 00:00 0 
7f2bb0f50000-7f2bb1050000 rwxp 00000000 00:00 0 
7f2bb1050000-7f2bb1051000 ---p 00000000 00:00 0 
7f2bb1051000-7f2bb1151000 rwxp 00000000 00:00 0 
7f2bb1151000-7f2bb1152000 ---p 00000000 00:00 0 
7f2bb1152000-7f2bb1252000 rwxp 00000000 00:00 0 
7f2bb1252000-7f2bb1253000 ---p 00000000 00:00 0 
7f2bb1253000-7f2bb1353000 rwxp 00000000 00:00 0 
7f2bb1353000-7f2bb1354000 ---p 00000000 00:00 0 
7f2bb1354000-7f2bb1454000 rwxp 00000000 00:00 0 
7f2bb1454000-7f2bb1465000 rw-p 00000000 00:00 0 
7f2bb1465000-7f2bb147e000 rw-p 00000000 00:00 0 
7f2bb147e000-7f2bb148f000 rw-p 00000000 00:00 0 
7f2bb148f000-7f2bb14a8000 rw-p 00000000 00:00 0 
7f2bb14a8000-7f2bb1536000 rw-p 00000000 00:00 0 
7f2bb1536000-7f2bb15e9000 rw-p 00000000 00:00 0 
7f2bb15e9000-7f2bb15f7000 r-xp 00000000 09:00 2526429                    /usr/local/lib/scilab-5.2.2/thirdparty/java/lib/amd64/libzip.so
7f2bb15f7000-7f2bb16f9000 ---p 0000e000 09:00 2526429                    /usr/local/lib/scilab-5.2.2/thirdparty/java/lib/amd64/libzip.so
7f2bb16f9000-7f2bb16fc000 rw-p 00010000 09:00 2526429                    /usr/local/lib/scilab-5.2.2/thirdparty/java/lib/amd64/libzip.so
7f2bb16fc000-7f2bb16fd000 rw-p 00000000 00:00 0 
7f2bb16fd000-7f2bb1704000 r-xp 00000000 09:00 2526439                    /usr/local/lib/scilab-5.2.2/thirdparty/java/lib/amd64/native_threads/libhpi.so
7f2bb1704000-7f2bb1805000 ---p 00007000 09:00 2526439                    /usr/local/lib/scilab-5.2.2/thirdparty/java/lib/amd64/native_threads/libhpi.so
7f2bb1805000-7f2bb1807000 rw-p 00008000 09:00 2526439                    /usr/local/lib/scilab-5.2.2/thirdparty/java/lib/amd64/native_threads/libhpi.so
7f2bb1807000-7f2bb1808000 rw-p 00000000 00:00 0 
7f2bb1808000-7f2bb1831000 r-xp 00000000 09:00 2526423                    /usr/local/lib/scilab-5.2.2/thirdparty/java/lib/amd64/libjava.so
7f2bb1831000-7f2bb1930000 ---p 00029000 09:00 2526423                    /usr/local/lib/scilab-5.2.2/thirdparty/java/lib/amd64/libjava.so
7f2bb1930000-7f2bb1937000 rw-p 00028000 09:00 2526423                    /usr/local/lib/scilab-5.2.2/thirdparty/java/lib/amd64/libjava.so
7f2bb1937000-7f2bb1944000 r-xp 00000000 09:00 2526411                    /usr/local/lib/scilab-5.2.2/thirdparty/java/lib/amd64/libverify.so
7f2bb1944000-7f2bb1a43000 ---p 0000d000 09:00 2526411                    /usr/local/lib/scilab-5.2.2/thirdparty/java/lib/amd64/libverify.so
7f2bb1a43000-7f2bb1a46000 rw-p 0000c000 09:00 2526411                    /usr/local/lib/scilab-5.2.2/thirdparty/java/lib/amd64/libverify.so
7f2bb1a46000-7f2bb21fa000 r-xp 00000000 09:00 2526395                    /usr/local/lib/scilab-5.2.2/thirdparty/java/lib/amd64/server/libjvm.so
7f2bb21fa000-7f2bb22fa000 ---p 007b4000 09:00 2526395                    /usr/local/lib/scilab-5.2.2/thirdparty/java/lib/amd64/server/libjvm.so
7f2bb22fa000-7f2bb2484000 rw-p 007b4000 09:00 2526395                    /usr/local/lib/scilab-5.2.2/thirdparty/java/lib/amd64/server/libjvm.so
7f2bb2484000-7f2bb24bd000 rw-p 00000000 00:00 0 
7f2bb24bd000-7f2bb24be000 ---p 00000000 00:00 0 
7f2bb24be000-7f2bb2ebe000 rwxp 00000000 00:00 0 
7f2bb2ebe000-7f2bb2f56000 r--p 00000000 09:00 11249                      /usr/share/fonts/dejavu/DejaVuSans.ttf
7f2bb2f56000-7f2bb2fa3000 rw-p 00000000 00:00 0 
7f2bb2fa3000-7f2bb2fa4000 r--s 00004000 09:00 2526508                    /usr/local/lib/scilab-5.2.2/thirdparty/gluegen-rt.jar
7f2bb2fa5000-7f2bb2fa6000 r--p 00000000 00:00 0 
7f2bb2fa6000-7f2bb2fa7000 r--s 00007000 09:00 3494023                    /usr/local/lib/scilab-5.2.2/share/scilab/modules/graphic_export/jar/org.scilab.modules.graphic_export.jar
7f2bb2fa7000-7f2bb2fba000 r--p 00000000 09:00 94773                      /usr/share/locale/fr/LC_MESSAGES/gtk20.mo
7f2bb2fba000-7f2bb3010000 rw-p 00000000 00:00 0 
7f2bb3010000-7f2bb3018000 rw-s 00000000 09:00 2432583                    /tmp/hsperfdata_smatti/17104
7f2bb3018000-7f2bb3019000 rw-p 00000000 00:00 0 
7f2bb3019000-7f2bb301a000 r--p 00000000 00:00 0 
7f2bb301a000-7f2bb301e000 r--s 00000000 09:00 94081                      /var/cache/fontconfig/87f5e051180a7a75f16eb6fe7dbd3749-x86-64.cache-2
7f2bb301e000-7f2bb3027000 r--s 00000000 09:00 94080                      /var/cache/fontconfig/b79f3aaa7d385a141ab53ec885cc22a8-x86-64.cache-2
7f2bb3027000-7f2bb302c000 r--s 00000000 09:00 1323005                    /var/cache/fontconfig/103e7fb1ea2629e851f0af6e29d50d14-x86-64.cache-2
7f2bb302c000-7f2bb3031000 r--s 00000000 09:00 1323004                    /var/cache/fontconfig/c4c72d5f47a988aa2d2b5e019553fb0a-x86-64.cache-2
7f2bb3031000-7f2bb3036000 r--s 00000000 09:00 1323003                    /var/cache/fontconfig/f51c2ebd7e636ed1629dff932acec21b-x86-64.cache-2
7f2bb3036000-7f2bb3038000 r--s 00000000 09:00 93647                      /var/cache/fontconfig/2e1514a9fdd499050989183bb65136db-x86-64.cache-2
7f2bb3038000-7f2bb3051000 r--s 00000000 09:00 94090                      /var/cache/fontconfig/7a7f22e4c6b2236c525eb458794c6fd2-x86-64.cache-2
7f2bb3051000-7f2bb305d000 r-xp 00000000 09:00 129671                     /lib64/libnss_files-2.10.1.so
7f2bb305d000-7f2bb325c000 ---p 0000c000 09:00 129671                     /lib64/libnss_files-2.10.1.so
7f2bb325c000-7f2bb325d000 r--p 0000b000 09:00 129671                     /lib64/libnss_files-2.10.1.so
7f2bb325d000-7f2bb325e000 rw-p 0000c000 09:00 129671                     /lib64/libnss_files-2.10.1.so
7f2bb325e000-7f2bb3260000 r--s 00000000 09:00 94096                      /var/cache/fontconfig/5c755b2f27115486aa6359c84dd3cbda-x86-64.cache-2
7f2bb3260000-7f2bb3262000 r--s 00000000 09:00 94095                      /var/cache/fontconfig/3f821257dd33660ba7bbb45c32deb84c-x86-64.cache-2
7f2bb3262000-7f2bb3264000 r--s 00000000 09:00 94094                      /var/cache/fontconfig/830f035fa84a65ce80e050178dbb630d-x86-64.cache-2
7f2bb3264000-7f2bb3265000 r--s 00000000 09:00 94093                      /var/cache/fontconfig/81a173283b451552b599cfaafd6236bd-x86-64.cache-2
7f2bb3265000-7f2bb3268000 r--s 00000000 09:00 10702                      /var/cache/fontconfig/cfde08ab28ad1d91784abb10973575e3-x86-64.cache-2
7f2bb3268000-7f2bb326b000 r--s 00000000 09:00 128494                     /var/cache/fontconfig/6082f993537e886e2b8c280984f3ae67-x86-64.cache-2
7f2bb326b000-7f2bb326c000 r--s 00000000 09:00 94087                      /var/cache/fontconfig/e61abf8156cc476151baa07d67337cae-x86-64.cache-2
7f2bb326c000-7f2bb3270000 r--s 00000000 09:00 94086                      /var/cache/fontconfig/b67b32625a2bb51b023d3814a918f351-x86-64.cache-2
7f2bb3270000-7f2bb3272000 r--s 00000000 09:00 94085                      /var/cache/fontconfig/d3379abda271c4acd2ad0c01f565d0b0-x86-64.cache-2
7f2bb3272000-7f2bb3277000 r--s 00000000 09:00 94084                      /var/cache/fontconfig/46b47dbc682d2ca4191e148ea7bde7f2-x86-64.cache-2
7f2bb3277000-7f2bb3280000 r--s 00000000 09:00 94082                      /var/cache/fontconfig/12b26b760a24f8b4feb03ad48a333a72-x86-64.cache-2
7f2bb3280000-7f2bb3281000 ---p 00000000 00:00 0 
7f2bb3281000-7f2bb3c81000 rwxp 00000000 00:00 0 
7f2bb3c81000-7f2bb3c82000 ---p 00000000 00:00 0 
7f2bb3c82000-7f2bb4682000 rwxp 00000000 00:00 0 
7f2bb46bb000-7f2bb978e000 r--p 00000000 09:00 270371                     /usr/lib/locale/locale-archive
7f2bb978e000-7f2bb9798000 rw-p 00000000 00:00 0 
7f2bb9798000-7f2bb988a000 r-xp 00000000 09:00 2525855                    /usr/local/lib/scilab-5.2.2/lib/thirdparty/libstdc++.so.6.0.13
7f2bb988a000-7f2bb9a8a000 ---p 000f2000 09:00 2525855                    /usr/local/lib/scilab-5.2.2/lib/thirdparty/libstdc++.so.6.0.13
7f2bb9a8a000-7f2bb9a91000 r--p 000f2000 09:00 2525855                    /usr/local/lib/scilab-5.2.2/lib/thirdparty/libstdc++.so.6.0.13
7f2bb9a91000-7f2bb9a93000 rw-p 000f9000 09:00 2525855                    /usr/local/lib/scilab-5.2.2/lib/thirdparty/libstdc++.so.6.0.13
7f2bb9a93000-7f2bb9aab000 rw-p 00000000 00:00 0 
7f2bb9aab000-7f2bb9ac1000 r-xp 00000000 09:00 2525895                    /usr/local/lib/scilab-5.2.2/lib/thirdparty/libgcc_s.so.1
7f2bb9ac1000-7f2bb9cc1000 ---p 00016000 09:00 2525895                    /usr/local/lib/scilab-5.2.2/lib/thirdparty/libgcc_s.so.1
7f2bb9cc1000-7f2bb9cc2000 rw-p 00016000 09:00 2525895                    /usr/local/lib/scilab-5.2.2/lib/thirdparty/libgcc_s.so.1
7f2bb9cc2000-7f2bb9cc3000 rw-p 00000000 00:00 0 
7f2bb9cc3000-7f2bb9cd9000 r-xp 00000000 09:00 2525914                    /usr/local/lib/scilab-5.2.2/lib/thirdparty/libz.so.1.2.3.3
7f2bb9cd9000-7f2bb9ed9000 ---p 00016000 09:00 2525914                    /usr/local/lib/scilab-5.2.2/lib/thirdparty/libz.so.1.2.3.3
7f2bb9ed9000-7f2bb9eda000 rw-p 00016000 09:00 2525914                    /usr/local/lib/scilab-5.2.2/lib/thirdparty/libz.so.1.2.3.3
7f2bb9eda000-7f2bb9edb000 rw-p 00000000 00:00 0 
7f2bb9edb000-7f2bb9f16000 r-xp 00000000 09:00 2525782                    /usr/local/lib/scilab-5.2.2/lib/thirdparty/libncurses.so.5.7
7f2bb9f16000-7f2bba115000 ---p 0003b000 09:00 2525782                    /usr/local/lib/scilab-5.2.2/lib/thirdparty/libncurses.so.5.7
7f2bba115000-7f2bba11a000 rw-p 0003a000 09:00 2525782                    /usr/local/lib/scilab-5.2.2/lib/thirdparty/libncurses.so.5.7
7f2bba11a000-7f2bba11b000 r--s 00000000 09:00 94092                      /var/cache/fontconfig/6cfc7d49b27ba7d3eb71ab86e04def2c-x86-64.cache-2
7f2bba11b000-7f2bba11c000 r--s 00000000 09:00 94091                      /var/cache/fontconfig/044963cbb93fcb06c61d94a50dee394f-x86-64.cache-2
7f2bba11c000-7f2bba11d000 r--s 00000000 09:00 130217                     /var/cache/fontconfig/6fcb01a03a016cc71057b587cdea6709-x86-64.cache-2
7f2bba11d000-7f2bba11e000 r--s 00000000 09:00 94083                      /var/cache/fontconfig/b4d0b56f766d89640448751fcd18ec1e-x86-64.cache-2
7f2bba11e000-7f2bba125000 r--s 00000000 09:00 94078                      /var/cache/fontconfig/928306c3ad40271d946e41014a49fc28-x86-64.cache-2
7f2bba125000-7f2bba12c000 r--s 00000000 09:00 94077                      /var/cache/fontconfig/fa1582dab13e7e8e44e5a9424d309f0e-x86-64.cache-2
7f2bba12c000-7f2bba137000 r--s 00000000 09:00 94076                      /var/cache/fontconfig/e19de935dec46bbf3ed114ee4965548a-x86-64.cache-2
7f2bba137000-7f2bba138000 r--s 00000000 09:00 94016                      /var/cache/fontconfig/1248881498ac025e45c3042f6afe9284-x86-64.cache-2
7f2bba138000-7f2bba139000 r--s 00000000 09:00 244142                     /var/cache/fontconfig/d04038e664b0033ae700a78c51f179d3-x86-64.cache-2
7f2bba139000-7f2bba13c000 r--s 00000000 09:00 243947                     /var/cache/fontconfig/beeeeb3dfe132a8a0633a017c99ce0c0-x86-64.cache-2
7f2bba13c000-7f2bba215000 r-xp 00000000 09:00 2525911                    /usr/local/lib/scilab-5.2.2/lib/thirdparty/libgfortran.so.3.0.0
7f2bba215000-7f2bba415000 ---p 000d9000 09:00 2525911                    /usr/local/lib/scilab-5.2.2/lib/thirdparty/libgfortran.so.3.0.0
7f2bba415000-7f2bba417000 rw-p 000d9000 09:00 2525911                    /usr/local/lib/scilab-5.2.2/lib/thirdparty/libgfortran.so.3.0.0
7f2bba417000-7f2bba418000 rw-p 00000000 00:00 0 
7f2bba418000-7f2bbabc9000 r-xp 00000000 09:00 2525773                    /usr/local/lib/scilab-5.2.2/lib/thirdparty/liblapack.so.3gf.0
7f2bbabc9000-7f2bbadc8000 ---p 007b1000 09:00 2525773                    /usr/local/lib/scilab-5.2.2/lib/thirdparty/liblapack.so.3gf.0
7f2bbadc8000-7f2bbadc9000 r--p 007b0000 09:00 2525773                    /usr/local/lib/scilab-5.2.2/lib/thirdparty/liblapack.so.3gf.0
7f2bbadc9000-7f2bbadcd000 rw-p 007b1000 09:00 2525773                    /usr/local/lib/scilab-5.2.2/lib/thirdparty/liblapack.so.3gf.0
7f2bbadcd000-7f2bbaeda000 rw-p 00000000 00:00 0 
7f2bbaeda000-7f2bbaf09000 r-xp 00000000 09:00 2525819                    /usr/local/lib/scilab-5.2.2/lib/thirdparty/libpcre.so.7.8.0
7f2bbaf09000-7f2bbb108000 ---p 0002f000 09:00 2525819                    /usr/local/lib/scilab-5.2.2/lib/thirdparty/libpcre.so.7.8.0
7f2bbb108000-7f2bbb109000 rw-p 0002e000 09:00 2525819                    /usr/local/lib/scilab-5.2.2/lib/thirdparty/libpcre.so.7.8.0
7f2bbb109000-7f2bbb10b000 r-xp 00000000 09:00 2525810                    /usr/local/lib/scilab-5.2.2/lib/thirdparty/libpcreposix.so.7.8.0
7f2bbb10b000-7f2bbb30a000 ---p 00002000 09:00 2525810                    /usr/local/lib/scilab-5.2.2/lib/thirdparty/libpcreposix.so.7.8.0
7f2bbb30a000-7f2bbb30b000 rw-p 00001000 09:00 2525810                    /usr/local/lib/scilab-5.2.2/lib/thirdparty/libpcreposix.so.7.8.0
7f2bbb30b000-7f2bbb30c000 rw-p 00000000 00:00 0 
7f2bbb30c000-7f2bbb419000 r-xp 00000000 09:00 2525769                    /usr/local/lib/scilab-5.2.2/lib/thirdparty/libtcl8.5.3.so
7f2bbb419000-7f2bbb619000 ---p 0010d000 09:00 2525769                    /usr/local/lib/scilab-5.2.2/lib/thirdparty/libtcl8.5.3.so
7f2bbb619000-7f2bbb628000 rw-p 0010d000 09:00 2525769                    /usr/local/lib/scilab-5.2.2/lib/thirdparty/libtcl8.5.3.so
7f2bbb628000-7f2bbb629000 rw-p 00000000 00:00 0 
7f2bbb629000-7f2bbb752000 r-xp 00000000 09:00 2525784                    /usr/local/lib/scilab-5.2.2/lib/thirdparty/libtk8.5.3.so
7f2bbb752000-7f2bbb952000 ---p 00129000 09:00 2525784                    /usr/local/lib/scilab-5.2.2/lib/thirdparty/libtk8.5.3.so
7f2bbb952000-7f2bbb96f000 rw-p 00129000 09:00 2525784                    /usr/local/lib/scilab-5.2.2/lib/thirdparty/libtk8.5.3.so
7f2bbb96f000-7f2bbb970000 rw-p 00000000 00:00 0 
7f2bbb970000-7f2bbb9fe000 r-xp 00000000 09:00 2525886                    /usr/local/lib/scilab-5.2.2/lib/thirdparty/libblas.so.3gf.0
7f2bbb9fe000-7f2bbbbfe000 ---p 0008e000 09:00 2525886                    /usr/local/lib/scilab-5.2.2/lib/thirdparty/libblas.so.3gf.0
7f2bbbbfe000-7f2bbbbff000 rw-p 0008e000 09:00 2525886                    /usr/local/lib/scilab-5.2.2/lib/thirdparty/libblas.so.3gf.0
7f2bbbbff000-7f2bbbc00000 rw-p 00000000 00:00 0 
7f2bbbc00000-7f2bbbea8000 r-xp 00000000 09:00 2525859                    /usr/local/lib/scilab-5.2.2/lib/thirdparty/libhdf5-1.8.3.so.6.0.2
7f2bbbea8000-7f2bbbfa8000 ---p 002a8000 09:00 2525859                    /usr/local/lib/scilab-5.2.2/lib/thirdparty/libhdf5-1.8.3.so.6.0.2
7f2bbbfa8000-7f2bbbfb2000 rw-p 002a8000 09:00 2525859                    /usr/local/lib/scilab-5.2.2/lib/thirdparty/libhdf5-1.8.3.so.6.0.2
7f2bbbfb2000-7f2bbbfb3000 rw-p 00000000 00:00 0 
7f2bbbfb3000-7f2bbbfb7000 r-xp 00000000 09:00 2526128                    /usr/local/lib/scilab-5.2.2/lib/scilab/libscihdf5-forceload.so.5.0.2
7f2bbbfb7000-7f2bbc1b6000 ---p 00004000 09:00 2526128                    /usr/local/lib/scilab-5.2.2/lib/scilab/libscihdf5-forceload.so.5.0.2
7f2bbc1b6000-7f2bbc1b7000 r--p 00003000 09:00 2526128                    /usr/local/lib/scilab-5.2.2/lib/scilab/libscihdf5-forceload.so.5.0.2
7f2bbc1b7000-7f2bbc1b8000 rw-p 00004000 09:00 2526128                    /usr/local/lib/scilab-5.2.2/lib/scilab/libscihdf5-forceload.so.5.0.2
7f2bbc1b8000-7f2bbc1e5000 r-xp 00000000 09:00 2526031                    /usr/local/lib/scilab-5.2.2/lib/scilab/libscioutput_stream.so.5.0.2
7f2bbc1e5000-7f2bbc3e4000 ---p 0002d000 09:00 2526031                    /usr/local/lib/scilab-5.2.2/lib/scilab/libscioutput_stream.so.5.0.2
7f2bbc3e4000-7f2bbc3e5000 r--p 0002c000 09:00 2526031                    /usr/local/lib/scilab-5.2.2/lib/scilab/libscioutput_stream.so.5.0.2
7f2bbc3e5000-7f2bbc3e6000 rw-p 0002d000 09:00 2526031                    /usr/local/lib/scilab-5.2.2/lib/scilab/libscioutput_stream.so.5.0.2
7f2bbc3e6000-7f2bbc4a4000 rw-p 00000000 00:00 0 
7f2bbc4a4000-7f2bbc4a5000 r-xp 00000000 09:00 2526136                    /usr/local/lib/scilab-5.2.2/lib/scilab/libscimalloc.so.5.0.2
7f2bbc4a5000-7f2bbc6a4000 ---p 00001000 09:00 2526136                    /usr/local/lib/scilab-5.2.2/lib/scilab/libscimalloc.so.5.0.2
7f2bbc6a4000-7f2bbc6a5000 r--p 00000000 09:00 2526136                    /usr/local/lib/scilab-5.2.2/lib/scilab/libscimalloc.so.5.0.2
7f2bbc6a5000-7f2bbc6a6000 rw-p 00001000 09:00 2526136                    /usr/local/lib/scilab-5.2.2/lib/scilab/libscimalloc.so.5.0.2
7f2bbc6a6000-7f2bbc7f7000 r-xp 00000000 09:00 2525921                    /usr/local/lib/scilab-5.2.2/lib/thirdparty/libxml2.so.2.7.6
7f2bbc7f7000-7f2bbc9f6000 ---p 00151000 09:00 2525921                    /usr/local/lib/scilab-5.2.2/lib/thirdparty/libxml2.so.2.7.6
7f2bbc9f6000-7f2bbca00000 rw-p 00150000 09:00 2525921                    /usr/local/lib/scilab-5.2.2/lib/thirdparty/libxml2.so.2.7.6
7f2bbca00000-7f2bbca01000 rw-p 00000000 00:00 0 
7f2bbca01000-7f2bbca0d000 r-xp 00000000 09:00 2526183                    /usr/local/lib/scilab-5.2.2/lib/scilab/libscixpad.so.5.0.2
7f2bbca0d000-7f2bbcc0c000 ---p 0000c000 09:00 2526183                    /usr/local/lib/scilab-5.2.2/lib/scilab/libscixpad.so.5.0.2
7f2bbcc0c000-7f2bbcc0d000 r--p 0000b000 09:00 2526183                    /usr/local/lib/scilab-5.2.2/lib/scilab/libscixpad.so.5.0.2
7f2bbcc0d000-7f2bbcc0e000 rw-p 0000c000 09:00 2526183                    /usr/local/lib/scilab-5.2.2/lib/scilab/libscixpad.so.5.0.2
7f2bbcc0e000-7f2bbcc0f000 rw-p 00000000 00:00 0 
7f2bbcc0f000-7f2bbcc1f000 r-xp 00000000 09:00 2525978                    /usr/local/lib/scilab-5.2.2/lib/scilab/libscixcos.so.5.0.2
7f2bbcc1f000-7f2bbce1e000 ---p 00010000 09:00 2525978                    /usr/local/lib/scilab-5.2.2/lib/scilab/libscixcos.so.5.0.2
7f2bbce1e000-7f2bbce1f000 r--p 0000f000 09:00 2525978                    /usr/local/lib/scilab-5.2.2/lib/scilab/libscixcos.so.5.0.2
7f2bbce1f000-7f2bbce20000 rw-p 00010000 09:00 2525978                    /usr/local/lib/scilab-5.2.2/lib/scilab/libscixcos.so.5.0.2
7f2bbce20000-7f2bbce21000 r-xp 00000000 09:00 2526192                    /usr/local/lib/scilab-5.2.2/lib/scilab/libscidynamiclibrary.so.5.0.2
7f2bbce21000-7f2bbd020000 ---p 00001000 09:00 2526192                    /usr/local/lib/scilab-5.2.2/lib/scilab/libscidynamiclibrary.so.5.0.2
7f2bbd020000-7f2bbd021000 r--p 00000000 09:00 2526192                    /usr/local/lib/scilab-5.2.2/lib/scilab/libscidynamiclibrary.so.5.0.2
7f2bbd021000-7f2bbd022000 rw-p 00001000 09:00 2526192                    /usr/local/lib/scilab-5.2.2/lib/scilab/libscidynamiclibrary.so.5.0.2
7f2bbd022000-7f2bbd025000 r-xp 00000000 09:00 2526099                    /usr/local/lib/scilab-5.2.2/lib/scilab/libscilibst.so.5.0.2
7f2bbd025000-7f2bbd224000 ---p 00003000 09:00 2526099                    /usr/local/lib/scilab-5.2.2/lib/scilab/libscilibst.so.5.0.2
7f2bbd224000-7f2bbd225000 r--p 00002000 09:00 2526099                    /usr/local/lib/scilab-5.2.2/lib/scilab/libscilibst.so.5.0.2
7f2bbd225000-7f2bbd226000 rw-p 00003000 09:00 2526099                    /usr/local/lib/scilab-5.2.2/lib/scilab/libscilibst.so.5.0.2
7f2bbd226000-7f2bbd227000 rw-p 00000000 00:00 0 
7f2bbd227000-7f2bbd243000 r-xp 00000000 09:00 2526010                    /usr/local/lib/scilab-5.2.2/lib/scilab/libsciapi_scilab.so.5.0.2
7f2bbd243000-7f2bbd442000 ---p 0001c000 09:00 2526010                    /usr/local/lib/scilab-5.2.2/lib/scilab/libsciapi_scilab.so.5.0.2
7f2bbd442000-7f2bbd443000 r--p 0001b000 09:00 2526010                    /usr/local/lib/scilab-5.2.2/lib/scilab/libsciapi_scilab.so.5.0.2
7f2bbd443000-7f2bbd444000 rw-p 0001c000 09:00 2526010                    /usr/local/lib/scilab-5.2.2/lib/scilab/libsciapi_scilab.so.5.0.2
7f2bbd444000-7f2bbd478000 r-xp 00000000 09:00 2526185                    /usr/local/lib/scilab-5.2.2/lib/scilab/libsciarnoldi.so.5.0.2
7f2bbd478000-7f2bbd678000 ---p 00034000 09:00 2526185                    /usr/local/lib/scilab-5.2.2/lib/scilab/libsciarnoldi.so.5.0.2
7f2bbd678000-7f2bbd679000 r--p 00034000 09:00 2526185                    /usr/local/lib/scilab-5.2.2/lib/scilab/libsciarnoldi.so.5.0.2
7f2bbd679000-7f2bbd67a000 rw-p 00035000 09:00 2526185                    /usr/local/lib/scilab-5.2.2/lib/scilab/libsciarnoldi.so.5.0.2
7f2bbd67a000-7f2bbd70c000 r-xp 00000000 09:00 2526001                    /usr/local/lib/scilab-5.2.2/lib/scilab/libscielementary_functions.so.5.0.2
7f2bbd70c000-7f2bbd90b000 ---p 00092000 09:00 2526001                    /usr/local/lib/scilab-5.2.2/lib/scilab/libscielementary_functions.so.5.0.2
7f2bbd90b000-7f2bbd90c000 r--p 00091000 09:00 2526001                    /usr/local/lib/scilab-5.2.2/lib/scilab/libscielementary_functions.so.5.0.2
7f2bbd90c000-7f2bbd910000 rw-p 00092000 09:00 2526001                    /usr/local/lib/scilab-5.2.2/lib/scilab/libscielementary_functions.so.5.0.2
7f2bbd910000-7f2bbd9cc000 rw-p 00000000 00:00 0 
7f2bbd9cc000-7f2bbd9ea000 r-xp 00000000 09:00 2525936                    /usr/local/lib/scilab-5.2.2/lib/scilab/libscistring.so.5.0.2
7f2bbd9ea000-7f2bbdbe9000 ---p 0001e000 09:00 2525936                    /usr/local/lib/scilab-5.2.2/lib/scilab/libscistring.so.5.0.2
7f2bbdbe9000-7f2bbdbea000 r--p 0001d000 09:00 2525936                    /usr/local/lib/scilab-5.2.2/lib/scilab/libscistring.so.5.0.2
7f2bbdbea000-7f2bbdbeb000 rw-p 0001e000 09:00 2525936                    /usr/local/lib/scilab-5.2.2/lib/scilab/libscistring.so.5.0.2
7f2bbdbeb000-7f2bbdca5000 rw-p 00000000 00:00 0 
7f2bbdca5000-7f2bbdcc9000 r-xp 00000000 09:00 2525938                    /usr/local/lib/scilab-5.2.2/lib/scilab/libscifileio.so.5.0.2
7f2bbdcc9000-7f2bbdec8000 ---p 00024000 09:00 2525938                    /usr/local/lib/scilab-5.2.2/lib/scilab/libscifileio.so.5.0.2
7f2bbdec8000-7f2bbdec9000 r--p 00023000 09:00 2525938                    /usr/local/lib/scilab-5.2.2/lib/scilab/libscifileio.so.5.0.2
7f2bbdec9000-7f2bbdeca000 rw-p 00024000 09:00 2525938                    /usr/local/lib/scilab-5.2.2/lib/scilab/libscifileio.so.5.0.2
7f2bbdeca000-7f2bbded1000 r-xp 00000000 09:00 2525942                    /usr/local/lib/scilab-5.2.2/lib/scilab/libscijvm.so.5.0.2
7f2bbded1000-7f2bbe0d1000 ---p 00007000 09:00 2525942                    /usr/local/lib/scilab-5.2.2/lib/scilab/libscijvm.so.5.0.2
7f2bbe0d1000-7f2bbe0d2000 r--p 00007000 09:00 2525942                    /usr/local/lib/scilab-5.2.2/lib/scilab/libscijvm.so.5.0.2
7f2bbe0d2000-7f2bbe0d3000 rw-p 00008000 09:00 2525942                    /usr/local/lib/scilab-5.2.2/lib/scilab/libscijvm.so.5.0.2
7f2bbe0d3000-7f2bbe0d4000 rw-p 00000000 00:00 0 
7f2bbe0d4000-7f2bbe0e2000 r-xp 00000000 09:00 2526138                    /usr/local/lib/scilab-5.2.2/lib/scilab/libscihistory_manager.so.5.0.2
7f2bbe0e2000-7f2bbe2e1000 ---p 0000e000 09:00 2526138                    /usr/local/lib/scilab-5.2.2/lib/scilab/libscihistory_manager.so.5.0.2
7f2bbe2e1000-7f2bbe2e2000 r--p 0000d000 09:00 2526138                    /usr/local/lib/scilab-5.2.2/lib/scilab/libscihistory_manager.so.5.0.2
7f2bbe2e2000-7f2bbe2e3000 rw-p 0000e000 09:00 2526138                    /usr/local/lib/scilab-5.2.2/lib/scilab/libscihistory_manager.so.5.0.2
7f2bbe2e3000-7f2bbe2e5000 r-xp 00000000 09:00 2526028                    /usr/local/lib/scilab-5.2.2/lib/scilab/libsciaction_binding.so.5.0.2
7f2bbe2e5000-7f2bbe4e4000 ---p 00002000 09:00 2526028                    /usr/local/lib/scilab-5.2.2/lib/scilab/libsciaction_binding.so.5.0.2
7f2bbe4e4000-7f2bbe4e5000 r--p 00001000 09:00 2526028                    /usr/local/lib/scilab-5.2.2/lib/scilab/libsciaction_binding.so.5.0.2
7f2bbe4e5000-7f2bbe4e6000 rw-p 00002000 09:00 2526028                    /usr/local/lib/scilab-5.2.2/lib/scilab/libsciaction_binding.so.5.0.2
7f2bbe4e6000-7f2bbe4f3000 r-xp 00000000 09:00 2525940                    /usr/local/lib/scilab-5.2.2/lib/scilab/libsciconsole.so.5.0.2
7f2bbe4f3000-7f2bbe6f2000 ---p 0000d000 09:00 2525940                    /usr/local/lib/scilab-5.2.2/lib/scilab/libsciconsole.so.5.0.2
7f2bbe6f2000-7f2bbe6f3000 r--p 0000c000 09:00 2525940                    /usr/local/lib/scilab-5.2.2/lib/scilab/libsciconsole.so.5.0.2
7f2bbe6f3000-7f2bbe6f4000 rw-p 0000d000 09:00 2525940                    /usr/local/lib/scilab-5.2.2/lib/scilab/libsciconsole.so.5.0.2
7f2bbe6f4000-7f2bbe6f5000 rw-p 00000000 00:00 0 
7f2bbe6f5000-7f2bbe729000 r-xp 00000000 09:00 2526097                    /usr/local/lib/scilab-5.2.2/lib/scilab/libscigraphic_export.so.5.0.2
7f2bbe729000-7f2bbe928000 ---p 00034000 09:00 2526097                    /usr/local/lib/scilab-5.2.2/lib/scilab/libscigraphic_export.so.5.0.2
7f2bbe928000-7f2bbe929000 r--p 00033000 09:00 2526097                    /usr/local/lib/scilab-5.2.2/lib/scilab/libscigraphic_export.so.5.0.2
7f2bbe929000-7f2bbe92a000 rw-p 00034000 09:00 2526097                    /usr/local/lib/scilab-5.2.2/lib/scilab/libscigraphic_export.so.5.0.2
7f2bbe92a000-7f2bbe92c000 r-xp 00000000 09:00 2525988                    /usr/local/lib/scilab-5.2.2/lib/scilab/libscidoublylinkedlist.so.5.0.2
7f2bbe92c000-7f2bbeb2b000 ---p 00002000 09:00 2525988                    /usr/local/lib/scilab-5.2.2/lib/scilab/libscidoublylinkedlist.so.5.0.2
7f2bbeb2b000-7f2bbeb2c000 r--p 00001000 09:00 2525988                    /usr/local/lib/scilab-5.2.2/lib/scilab/libscidoublylinkedlist.so.5.0.2
7f2bbeb2c000-7f2bbeb2d000 rw-p 00002000 09:00 2525988                    /usr/local/lib/scilab-5.2.2/lib/scilab/libscidoublylinkedlist.so.5.0.2
7f2bbeb2d000-7f2bbeca5000 r-xp 00000000 09:00 2525962                    /usr/local/lib/scilab-5.2.2/lib/scilab/libscirenderer.so.5.0.2
7f2bbeca5000-7f2bbeea4000 ---p 00178000 09:00 2525962                    /usr/local/lib/scilab-5.2.2/lib/scilab/libscirenderer.so.5.0.2
7f2bbeea4000-7f2bbeebc000 r--p 00177000 09:00 2525962                    /usr/local/lib/scilab-5.2.2/lib/scilab/libscirenderer.so.5.0.2
7f2bbeebc000-7f2bbeebf000 rw-p 0018f000 09:00 2525962                    /usr/local/lib/scilab-5.2.2/lib/scilab/libscirenderer.so.5.0.2
7f2bbeebf000-7f2bbeec0000 rw-p 00000000 00:00 0 
7f2bbeec0000-7f2bbef26000 r-xp 00000000 09:00 2526049                    /usr/local/lib/scilab-5.2.2/lib/scilab/libscigui.so.5.0.2
7f2bbef26000-7f2bbf125000 ---p 00066000 09:00 2526049                    /usr/local/lib/scilab-5.2.2/lib/scilab/libscigui.so.5.0.2
7f2bbf125000-7f2bbf126000 r--p 00065000 09:00 2526049                    /usr/local/lib/scilab-5.2.2/lib/scilab/libscigui.so.5.0.2
7f2bbf126000-7f2bbf128000 rw-p 00066000 09:00 2526049                    /usr/local/lib/scilab-5.2.2/lib/scilab/libscigui.so.5.0.2
7f2bbf128000-7f2bbf132000 r-xp 00000000 09:00 2526052                    /usr/local/lib/scilab-5.2.2/lib/scilab/libscitclsci.so.5.0.2
7f2bbf132000-7f2bbf331000 ---p 0000a000 09:00 2526052                    /usr/local/lib/scilab-5.2.2/lib/scilab/libscitclsci.so.5.0.2
7f2bbf331000-7f2bbf332000 r--p 00009000 09:00 2526052                    /usr/local/lib/scilab-5.2.2/lib/scilab/libscitclsci.so.5.0.2
7f2bbf332000-7f2bbf333000 rw-p 0000a000 09:00 2526052                    /usr/local/lib/scilab-5.2.2/lib/scilab/libscitclsci.so.5.0.2
7f2bbf333000-7f2bbf335000 r-xp 00000000 09:00 2526197                    /usr/local/lib/scilab-5.2.2/lib/scilab/libscihashtable.so.5.0.2
7f2bbf335000-7f2bbf534000 ---p 00002000 09:00 2526197                    /usr/local/lib/scilab-5.2.2/lib/scilab/libscihashtable.so.5.0.2
7f2bbf534000-7f2bbf535000 r--p 00001000 09:00 2526197                    /usr/local/lib/scilab-5.2.2/lib/scilab/libscihashtable.so.5.0.2
7f2bbf535000-7f2bbf536000 rw-p 00002000 09:00 2526197                    /usr/local/lib/scilab-5.2.2/lib/scilab/libscihashtable.so.5.0.2
7f2bbf536000-7f2bbf537000 rw-p 00000000 00:00 0 
7f2bbf537000-7f2bbf5b1000 r-xp 00000000 09:00 2526117                    /usr/local/lib/scilab-5.2.2/lib/scilab/libscigraphics.so.5.0.2
7f2bbf5b1000-7f2bbf7b0000 ---p 0007a000 09:00 2526117                    /usr/local/lib/scilab-5.2.2/lib/scilab/libscigraphics.so.5.0.2
7f2bbf7b0000-7f2bbf7b2000 r--p 00079000 09:00 2526117                    /usr/local/lib/scilab-5.2.2/lib/scilab/libscigraphics.so.5.0.2
7f2bbf7b2000-7f2bbf7b5000 rw-p 0007b000 09:00 2526117                    /usr/local/lib/scilab-5.2.2/lib/scilab/libscigraphics.so.5.0.2
7f2bbf7b5000-7f2bbf7b6000 rw-p 00000000 00:00 0 
7f2bbf7b6000-7f2bbf7bf000 r-xp 00000000 09:00 2526030                    /usr/local/lib/scilab-5.2.2/lib/scilab/libscifunctions.so.5.0.2
7f2bbf7bf000-7f2bbf9be000 ---p 00009000 09:00 2526030                    /usr/local/lib/scilab-5.2.2/lib/scilab/libscifunctions.so.5.0.2
7f2bbf9be000-7f2bbf9bf000 r--p 00008000 09:00 2526030                    /usr/local/lib/scilab-5.2.2/lib/scilab/libscifunctions.so.5.0.2
7f2bbf9bf000-7f2bbf9c0000 rw-p 00009000 09:00 2526030                    /usr/local/lib/scilab-5.2.2/lib/scilab/libscifunctions.so.5.0.2
7f2bbf9c0000-7f2bbfa7a000 rw-p 00000000 00:00 0 
7f2bbfa7a000-7f2bbfa8f000 r-xp 00000000 09:00 2526160                    /usr/local/lib/scilab-5.2.2/lib/scilab/libscihdf5.so.5.0.2
7f2bbfa8f000-7f2bbfc8e000 ---p 00015000 09:00 2526160                    /usr/local/lib/scilab-5.2.2/lib/scilab/libscihdf5.so.5.0.2
7f2bbfc8e000-7f2bbfc8f000 r--p 00014000 09:00 2526160                    /usr/local/lib/scilab-5.2.2/lib/scilab/libscihdf5.so.5.0.2
7f2bbfc8f000-7f2bbfc90000 rw-p 00015000 09:00 2526160                    /usr/local/lib/scilab-5.2.2/lib/scilab/libscihdf5.so.5.0.2
7f2bbfc90000-7f2bbfc91000 rw-p 00000000 00:00 0 
7f2bbfc91000-7f2bbfd8e000 r-xp 00000000 09:00 2525856                    /usr/local/lib/scilab-5.2.2/lib/thirdparty/libfftw3.so.3.2.3
7f2bbfd8e000-7f2bbff8e000 ---p 000fd000 09:00 2525856                    /usr/local/lib/scilab-5.2.2/lib/thirdparty/libfftw3.so.3.2.3
7f2bbff8e000-7f2bbff95000 rw-p 000fd000 09:00 2525856                    /usr/local/lib/scilab-5.2.2/lib/thirdparty/libfftw3.so.3.2.3
7f2bbff95000-7f2bbff9b000 r-xp 00000000 09:00 2525952                    /usr/local/lib/scilab-5.2.2/lib/scilab/libscifftw.so.5.0.2
7f2bbff9b000-7f2bc019a000 ---p 00006000 09:00 2525952                    /usr/local/lib/scilab-5.2.2/lib/scilab/libscifftw.so.5.0.2
7f2bc019a000-7f2bc019b000 r--p 00005000 09:00 2525952                    /usr/local/lib/scilab-5.2.2/lib/scilab/libscifftw.so.5.0.2
7f2bc019b000-7f2bc019c000 rw-p 00006000 09:00 2525952                    /usr/local/lib/scilab-5.2.2/lib/scilab/libscifftw.so.5.0.2
7f2bc019c000-7f2bc01a5000 r-xp 00000000 09:00 2526018                    /usr/local/lib/scilab-5.2.2/lib/scilab/libscidynamic_link.so.5.0.2
7f2bc01a5000-7f2bc03a4000 ---p 00009000 09:00 2526018                    /usr/local/lib/scilab-5.2.2/lib/scilab/libscidynamic_link.so.5.0.2
7f2bc03a4000-7f2bc03a5000 r--p 00008000 09:00 2526018                    /usr/local/lib/scilab-5.2.2/lib/scilab/libscidynamic_link.so.5.0.2
7f2bc03a5000-7f2bc03a6000 rw-p 00009000 09:00 2526018                    /usr/local/lib/scilab-5.2.2/lib/scilab/libscidynamic_link.so.5.0.2
7f2bc03a6000-7f2bc04a9000 rw-p 00000000 00:00 0 
7f2bc04a9000-7f2bc04d4000 r-xp 00000000 09:00 2526102                    /usr/local/lib/scilab-5.2.2/lib/scilab/libscilinear_algebra.so.5.0.2
7f2bc04d4000-7f2bc06d3000 ---p 0002b000 09:00 2526102                    /usr/local/lib/scilab-5.2.2/lib/scilab/libscilinear_algebra.so.5.0.2
7f2bc06d3000-7f2bc06d4000 r--p 0002a000 09:00 2526102                    /usr/local/lib/scilab-5.2.2/lib/scilab/libscilinear_algebra.so.5.0.2
7f2bc06d4000-7f2bc06d5000 rw-p 0002b000 09:00 2526102                    /usr/local/lib/scilab-5.2.2/lib/scilab/libscilinear_algebra.so.5.0.2
7f2bc06d5000-7f2bc078f000 rw-p 00000000 00:00 0 
7f2bc078f000-7f2bc07bc000 r-xp 00000000 09:00 2526167                    /usr/local/lib/scilab-5.2.2/lib/scilab/libsciinteger.so.5.0.2
7f2bc07bc000-7f2bc09bb000 ---p 0002d000 09:00 2526167                    /usr/local/lib/scilab-5.2.2/lib/scilab/libsciinteger.so.5.0.2
7f2bc09bb000-7f2bc09bc000 r--p 0002c000 09:00 2526167                    /usr/local/lib/scilab-5.2.2/lib/scilab/libsciinteger.so.5.0.2
7f2bc09bc000-7f2bc09bd000 rw-p 0002d000 09:00 2526167                    /usr/local/lib/scilab-5.2.2/lib/scilab/libsciinteger.so.5.0.2
7f2bc09bd000-7f2bc0a77000 rw-p 00000000 00:00 0 
7f2bc0a77000-7f2bc0a87000 r-xp 00000000 09:00 2526040                    /usr/local/lib/scilab-5.2.2/lib/scilab/libscidata_structures.so.5.0.2
7f2bc0a87000-7f2bc0c86000 ---p 00010000 09:00 2526040                    /usr/local/lib/scilab-5.2.2/lib/scilab/libscidata_structures.so.5.0.2
7f2bc0c86000-7f2bc0c87000 r--p 0000f000 09:00 2526040                    /usr/local/lib/scilab-5.2.2/lib/scilab/libscidata_structures.so.5.0.2
7f2bc0c87000-7f2bc0c88000 rw-p 00010000 09:00 2526040                    /usr/local/lib/scilab-5.2.2/lib/scilab/libscidata_structures.so.5.0.2
7f2bc0c88000-7f2bc0d43000 rw-p 00000000 00:00 0 
7f2bc0d43000-7f2bc0d4f000 r-xp 00000000 09:00 2526198                    /usr/local/lib/scilab-5.2.2/lib/scilab/libmex.so.5.0.2
7f2bc0d4f000-7f2bc0f4e000 ---p 0000c000 09:00 2526198                    /usr/local/lib/scilab-5.2.2/lib/scilab/libmex.so.5.0.2
7f2bc0f4e000-7f2bc0f4f000 r--p 0000b000 09:00 2526198                    /usr/local/lib/scilab-5.2.2/lib/scilab/libmex.so.5.0.2
7f2bc0f4f000-7f2bc0f50000 rw-p 0000c000 09:00 2526198                    /usr/local/lib/scilab-5.2.2/lib/scilab/libmex.so.5.0.2
7f2bc0f50000-7f2bc0f52000 rw-p 00000000 00:00 0 
7f2bc0f52000-7f2bc0fbd000 r-xp 00000000 09:00 2525987                    /usr/local/lib/scilab-5.2.2/lib/scilab/libscidifferential_equations.so.5.0.2
7f2bc0fbd000-7f2bc11bd000 ---p 0006b000 09:00 2525987                    /usr/local/lib/scilab-5.2.2/lib/scilab/libscidifferential_equations.so.5.0.2
7f2bc11bd000-7f2bc11be000 r--p 0006b000 09:00 2525987                    /usr/local/lib/scilab-5.2.2/lib/scilab/libscidifferential_equations.so.5.0.2
7f2bc11be000-7f2bc11bf000 rw-p 0006c000 09:00 2525987                    /usr/local/lib/scilab-5.2.2/lib/scilab/libscidifferential_equations.so.5.0.2
7f2bc11bf000-7f2bc1281000 rw-p 00000000 00:00 0 
7f2bc1281000-7f2bc128d000 r-xp 00000000 09:00 2525996                    /usr/local/lib/scilab-5.2.2/lib/scilab/libmat.so.5.0.2
7f2bc128d000-7f2bc148c000 ---p 0000c000 09:00 2525996                    /usr/local/lib/scilab-5.2.2/lib/scilab/libmat.so.5.0.2
7f2bc148c000-7f2bc148d000 r--p 0000b000 09:00 2525996                    /usr/local/lib/scilab-5.2.2/lib/scilab/libmat.so.5.0.2
7f2bc148d000-7f2bc148e000 rw-p 0000c000 09:00 2525996                    /usr/local/lib/scilab-5.2.2/lib/scilab/libmat.so.5.0.2
7f2bc148e000-7f2bc1491000 rw-p 00000000 00:00 0 
7f2bc1491000-7f2bc149d000 r-xp 00000000 09:00 2525939                    /usr/local/lib/scilab-5.2.2/lib/scilab/libmx.so.5.0.2
7f2bc149d000-7f2bc169c000 ---p 0000c000 09:00 2525939                    /usr/local/lib/scilab-5.2.2/lib/scilab/libmx.so.5.0.2
7f2bc169c000-7f2bc169d000 r--p 0000b000 09:00 2525939                    /usr/local/lib/scilab-5.2.2/lib/scilab/libmx.so.5.0.2
7f2bc169d000-7f2bc169e000 rw-p 0000c000 09:00 2525939                    /usr/local/lib/scilab-5.2.2/lib/scilab/libmx.so.5.0.2
7f2bc169e000-7f2bc16a0000 rw-p 00000000 00:00 0 
7f2bc16a0000-7f2bc177f000 r-xp 00000000 09:00 2526190                    /usr/local/lib/scilab-5.2.2/lib/scilab/libscicacsd.so.5.0.2
7f2bc177f000-7f2bc197f000 ---p 000df000 09:00 2526190                    /usr/local/lib/scilab-5.2.2/lib/scilab/libscicacsd.so.5.0.2
7f2bc197f000-7f2bc1980000 r--p 000df000 09:00 2526190                    /usr/local/lib/scilab-5.2.2/lib/scilab/libscicacsd.so.5.0.2
7f2bc1980000-7f2bc1981000 rw-p 000e0000 09:00 2526190                    /usr/local/lib/scilab-5.2.2/lib/scilab/libscicacsd.so.5.0.2
7f2bc1981000-7f2bc1a3b000 rw-p 00000000 00:00 0 
7f2bc1a3b000-7f2bc1a68000 r-xp 00000000 09:00 2526113                    /usr/local/lib/scilab-5.2.2/lib/scilab/libscipolynomials.so.5.0.2
7f2bc1a68000-7f2bc1c67000 ---p 0002d000 09:00 2526113                    /usr/local/lib/scilab-5.2.2/lib/scilab/libscipolynomials.so.5.0.2
7f2bc1c67000-7f2bc1c68000 r--p 0002c000 09:00 2526113                    /usr/local/lib/scilab-5.2.2/lib/scilab/libscipolynomials.so.5.0.2
7f2bc1c68000-7f2bc1c69000 rw-p 0002d000 09:00 2526113                    /usr/local/lib/scilab-5.2.2/lib/scilab/libscipolynomials.so.5.0.2
7f2bc1c69000-7f2bc1d25000 rw-p 00000000 00:00 0 
7f2bc1d25000-7f2bc1d74000 r-xp 00000000 09:00 2526125                    /usr/local/lib/scilab-5.2.2/lib/scilab/libscisparse.so.5.0.2
7f2bc1d74000-7f2bc1f73000 ---p 0004f000 09:00 2526125                    /usr/local/lib/scilab-5.2.2/lib/scilab/libscisparse.so.5.0.2
7f2bc1f73000-7f2bc1f74000 r--p 0004e000 09:00 2526125                    /usr/local/lib/scilab-5.2.2/lib/scilab/libscisparse.so.5.0.2
7f2bc1f74000-7f2bc1f75000 rw-p 0004f000 09:00 2526125                    /usr/local/lib/scilab-5.2.2/lib/scilab/libscisparse.so.5.0.2
7f2bc1f75000-7f2bc202f000 rw-p 00000000 00:00 0 
7f2bc202f000-7f2bc2030000 r-xp 00000000 09:00 2526110                    /usr/local/lib/scilab-5.2.2/lib/scilab/libscipvm.so.5.0.2
7f2bc2030000-7f2bc222f000 ---p 00001000 09:00 2526110                    /usr/local/lib/scilab-5.2.2/lib/scilab/libscipvm.so.5.0.2
7f2bc222f000-7f2bc2230000 r--p 00000000 09:00 2526110                    /usr/local/lib/scilab-5.2.2/lib/scilab/libscipvm.so.5.0.2
7f2bc2230000-7f2bc2231000 rw-p 00001000 09:00 2526110                    /usr/local/lib/scilab-5.2.2/lib/scilab/libscipvm.so.5.0.2
7f2bc2231000-7f2bc2232000 r-xp 00000000 09:00 2526115                    /usr/local/lib/scilab-5.2.2/lib/scilab/libsciwindows_tools.so.5.0.2
7f2bc2232000-7f2bc2431000 ---p 00001000 09:00 2526115                    /usr/local/lib/scilab-5.2.2/lib/scilab/libsciwindows_tools.so.5.0.2
7f2bc2431000-7f2bc2432000 r--p 00000000 09:00 2526115                    /usr/local/lib/scilab-5.2.2/lib/scilab/libsciwindows_tools.so.5.0.2
7f2bc2432000-7f2bc2433000 rw-p 00001000 09:00 2526115                    /usr/local/lib/scilab-5.2.2/lib/scilab/libsciwindows_tools.so.5.0.2
7f2bc2433000-7f2bc2434000 rw-p 00000000 00:00 0 
7f2bc2434000-7f2bc2437000 r-xp 00000000 09:00 2526016                    /usr/local/lib/scilab-5.2.2/lib/scilab/libscitime.so.5.0.2
7f2bc2437000-7f2bc2637000 ---p 00003000 09:00 2526016                    /usr/local/lib/scilab-5.2.2/lib/scilab/libscitime.so.5.0.2
7f2bc2637000-7f2bc2638000 r--p 00003000 09:00 2526016                    /usr/local/lib/scilab-5.2.2/lib/scilab/libscitime.so.5.0.2
7f2bc2638000-7f2bc2639000 rw-p 00004000 09:00 2526016                    /usr/local/lib/scilab-5.2.2/lib/scilab/libscitime.so.5.0.2
7f2bc2639000-7f2bc2653000 r-xp 00000000 09:00 2526195                    /usr/local/lib/scilab-5.2.2/lib/scilab/libscistatistics.so.5.0.2
7f2bc2653000-7f2bc2852000 ---p 0001a000 09:00 2526195                    /usr/local/lib/scilab-5.2.2/lib/scilab/libscistatistics.so.5.0.2
7f2bc2852000-7f2bc2853000 r--p 00019000 09:00 2526195                    /usr/local/lib/scilab-5.2.2/lib/scilab/libscistatistics.so.5.0.2
7f2bc2853000-7f2bc2854000 rw-p 0001a000 09:00 2526195                    /usr/local/lib/scilab-5.2.2/lib/scilab/libscistatistics.so.5.0.2
7f2bc2854000-7f2bc290e000 rw-p 00000000 00:00 0 
7f2bc290e000-7f2bc2918000 r-xp 00000000 09:00 2526153                    /usr/local/lib/scilab-5.2.2/lib/scilab/libscispecial_functions.so.5.0.2
7f2bc2918000-7f2bc2b18000 ---p 0000a000 09:00 2526153                    /usr/local/lib/scilab-5.2.2/lib/scilab/libscispecial_functions.so.5.0.2
7f2bc2b18000-7f2bc2b19000 r--p 0000a000 09:00 2526153                    /usr/local/lib/scilab-5.2.2/lib/scilab/libscispecial_functions.so.5.0.2
7f2bc2b19000-7f2bc2b1a000 rw-p 0000b000 09:00 2526153                    /usr/local/lib/scilab-5.2.2/lib/scilab/libscispecial_functions.so.5.0.2
7f2bc2b1a000-7f2bc2bd5000 rw-p 00000000 00:00 0 
7f2bc2bd5000-7f2bc2bd7000 r-xp 00000000 09:00 2526013                    /usr/local/lib/scilab-5.2.2/lib/scilab/libsciintersci.so.5.0.2
7f2bc2bd7000-7f2bc2dd6000 ---p 00002000 09:00 2526013                    /usr/local/lib/scilab-5.2.2/lib/scilab/libsciintersci.so.5.0.2
7f2bc2dd6000-7f2bc2dd7000 r--p 00001000 09:00 2526013                    /usr/local/lib/scilab-5.2.2/lib/scilab/libsciintersci.so.5.0.2
7f2bc2dd7000-7f2bc2dd8000 rw-p 00002000 09:00 2526013                    /usr/local/lib/scilab-5.2.2/lib/scilab/libsciintersci.so.5.0.2
7f2bc2dd8000-7f2bc2de1000 r-xp 00000000 09:00 2525981                    /usr/local/lib/scilab-5.2.2/lib/scilab/libsciboolean.so.5.0.2
7f2bc2de1000-7f2bc2fe0000 ---p 00009000 09:00 2525981                    /usr/local/lib/scilab-5.2.2/lib/scilab/libsciboolean.so.5.0.2
7f2bc2fe0000-7f2bc2fe1000 r--p 00008000 09:00 2525981                    /usr/local/lib/scilab-5.2.2/lib/scilab/libsciboolean.so.5.0.2
7f2bc2fe1000-7f2bc2fe2000 rw-p 00009000 09:00 2525981                    /usr/local/lib/scilab-5.2.2/lib/scilab/libsciboolean.so.5.0.2
7f2bc2fe2000-7f2bc309c000 rw-p 00000000 00:00 0 
7f2bc309c000-7f2bc30ad000 r-xp 00000000 09:00 2526129                    /usr/local/lib/scilab-5.2.2/lib/scilab/libscidouble.so.5.0.2
7f2bc30ad000-7f2bc32ac000 ---p 00011000 09:00 2526129                    /usr/local/lib/scilab-5.2.2/lib/scilab/libscidouble.so.5.0.2
7f2bc32ac000-7f2bc32ad000 r--p 00010000 09:00 2526129                    /usr/local/lib/scilab-5.2.2/lib/scilab/libscidouble.so.5.0.2
7f2bc32ad000-7f2bc32ae000 rw-p 00011000 09:00 2526129                    /usr/local/lib/scilab-5.2.2/lib/scilab/libscidouble.so.5.0.2
7f2bc32ae000-7f2bc3369000 rw-p 00000000 00:00 0 
7f2bc3369000-7f2bc336c000 r-xp 00000000 09:00 2526089                    /usr/local/lib/scilab-5.2.2/lib/scilab/libscicall_scilab.so.5.0.2
7f2bc336c000-7f2bc356b000 ---p 00003000 09:00 2526089                    /usr/local/lib/scilab-5.2.2/lib/scilab/libscicall_scilab.so.5.0.2
7f2bc356b000-7f2bc356c000 r--p 00002000 09:00 2526089                    /usr/local/lib/scilab-5.2.2/lib/scilab/libscicall_scilab.so.5.0.2
7f2bc356c000-7f2bc356d000 rw-p 00003000 09:00 2526089                    /usr/local/lib/scilab-5.2.2/lib/scilab/libscicall_scilab.so.5.0.2
7f2bc356d000-7f2bc356e000 r-xp 00000000 09:00 2526188                    /usr/local/lib/scilab-5.2.2/lib/scilab/libscilab.so.0.0.0
7f2bc356e000-7f2bc376e000 ---p 00001000 09:00 2526188                    /usr/local/lib/scilab-5.2.2/lib/scilab/libscilab.so.0.0.0
7f2bc376e000-7f2bc376f000 r--p 00001000 09:00 2526188                    /usr/local/lib/scilab-5.2.2/lib/scilab/libscilab.so.0.0.0
7f2bc376f000-7f2bc3770000 rw-p 00002000 09:00 2526188                    /usr/local/lib/scilab-5.2.2/lib/scilab/libscilab.so.0.0.0
7f2bc3770000-7f2bc3786000 r-xp 00000000 09:00 2526123                    /usr/local/lib/scilab-5.2.2/lib/scilab/libsciio.so.5.0.2
7f2bc3786000-7f2bc3985000 ---p 00016000 09:00 2526123                    /usr/local/lib/scilab-5.2.2/lib/scilab/libsciio.so.5.0.2
7f2bc3985000-7f2bc3986000 r--p 00015000 09:00 2526123                    /usr/local/lib/scilab-5.2.2/lib/scilab/libsciio.so.5.0.2
7f2bc3986000-7f2bc3987000 rw-p 00016000 09:00 2526123                    /usr/local/lib/scilab-5.2.2/lib/scilab/libsciio.so.5.0.2
7f2bc3987000-7f2bc3a42000 rw-p 00000000 00:00 0 
7f2bc3a42000-7f2bc3a46000 r-xp 00000000 09:00 2526027                    /usr/local/lib/scilab-5.2.2/lib/scilab/libscilocalization.so.5.0.2
7f2bc3a46000-7f2bc3c45000 ---p 00004000 09:00 2526027                    /usr/local/lib/scilab-5.2.2/lib/scilab/libscilocalization.so.5.0.2
7f2bc3c45000-7f2bc3c46000 r--p 00003000 09:00 2526027                    /usr/local/lib/scilab-5.2.2/lib/scilab/libscilocalization.so.5.0.2
7f2bc3c46000-7f2bc3c4b000 rw-p 00004000 09:00 2526027                    /usr/local/lib/scilab-5.2.2/lib/scilab/libscilocalization.so.5.0.2
7f2bc3c4b000-7f2bc3c52000 r-xp 00000000 09:00 2526055                    /usr/local/lib/scilab-5.2.2/lib/scilab/libscicompletion.so.5.0.2
7f2bc3c52000-7f2bc3e51000 ---p 00007000 09:00 2526055                    /usr/local/lib/scilab-5.2.2/lib/scilab/libscicompletion.so.5.0.2
7f2bc3e51000-7f2bc3e52000 r--p 00006000 09:00 2526055                    /usr/local/lib/scilab-5.2.2/lib/scilab/libscicompletion.so.5.0.2
7f2bc3e52000-7f2bc3e53000 rw-p 00007000 09:00 2526055                    /usr/local/lib/scilab-5.2.2/lib/scilab/libscicompletion.so.5.0.2
7f2bc3e53000-7f2bc3ed9000 r-xp 00000000 09:00 2526131                    /usr/local/lib/scilab-5.2.2/lib/scilab/libscicore.so.5.0.2
7f2bc3ed9000-7f2bc40d9000 ---p 00086000 09:00 2526131                    /usr/local/lib/scilab-5.2.2/lib/scilab/libscicore.so.5.0.2
7f2bc40d9000-7f2bc40db000 r--p 00086000 09:00 2526131                    /usr/local/lib/scilab-5.2.2/lib/scilab/libscicore.so.5.0.2
7f2bc40db000-7f2bc40de000 rw-p 00088000 09:00 2526131                    /usr/local/lib/scilab-5.2.2/lib/scilab/libscicore.so.5.0.2
7f2bc40de000-7f2bc41dc000 rw-p 00000000 00:00 0 
7f2bc41dc000-7f2bc41e5000 r-xp 00000000 09:00 2525955                    /usr/local/lib/scilab-5.2.2/lib/scilab/libscishell.so.5.0.2
7f2bc41e5000-7f2bc43e5000 ---p 00009000 09:00 2525955                    /usr/local/lib/scilab-5.2.2/lib/scilab/libscishell.so.5.0.2
7f2bc43e5000-7f2bc43e6000 r--p 00009000 09:00 2525955                    /usr/local/lib/scilab-5.2.2/lib/scilab/libscishell.so.5.0.2
7f2bc43e6000-7f2bc43e7000 rw-p 0000a000 09:00 2525955                    /usr/local/lib/scilab-5.2.2/lib/scilab/libscishell.so.5.0.2
7f2bc43e7000-7f2bc43e9000 rw-p 00000000 00:00 0 
7fffd9e08000-7fffd9e0b000 ---p 00000000 00:00 0 
7fffd9e0b000-7fffd9f08000 rwxp 00000000 00:00 0                          [stack]
7fffd9f08000-7fffd9f0a000 rw-p 00000000 00:00 0 
7fffd9f78000-7fffd9f79000 r-xp 00000000 00:00 0                          [vdso]
ffffffffff600000-ffffffffff601000 r-xp 00000000 00:00 0                  [vsyscall]

VM Arguments:
jvm_args: -Djava.library.path= -Djava.compiler=JIT -Xmx256m -Dapple.laf.useScreenMenuBar=true 
java_command: <unknown>
Launcher Type: generic

Environment Variables:
JAVA_HOME=/usr/local/lib/scilab-5.2.2/thirdparty/java
JRE_HOME=/usr/local/lib/scilab-5.2.2/thirdparty/java
CLASSPATH=/usr/local/lib/scilab-5.2.2/thirdparty:/usr/local/lib/scilab-5.2.2/thirdparty/java/lib
PATH=/usr/local/lib/scilab-5.2.2/bin:/usr/local/bin:/usr/lib64/qt-3.3/bin:/usr/kerberos/bin:/usr/lib64/ccache:/usr/local/bin:/bin:/usr/bin:/usr/lib64/paraview-3.6.1-Linux-x86_64/bin/:/usr/local/sbin:/usr/sbin:/sbin:/usr/lib64/paraview-3.6.1-Linux-x86_64/bin/:/home/M2SITN/smatti//bin:/usr/lib64/paraview-3.6.1-Linux-x86_64/bin/:/usr/local/lib/scilab-5.2.2/share/scilab/modules/scicos/
LD_LIBRARY_PATH=/usr/local/lib/scilab-5.2.2/share/scilab/bin:/usr/local/lib/scilab-5.2.2/share/scilab/lib/scilab/:/usr/local/lib/scilab-5.2.2/share/scilab/lib64/scilab/:/usr/local/lib/scilab-5.2.2/lib/scilab:/usr/local/lib/scilab-5.2.2/lib/thirdparty:/usr/local/lib/scilab-5.2.2/thirdparty/java/lib/amd64:/usr/local/lib/scilab-5.2.2/thirdparty/java/lib/amd64/server:/usr/local/lib/scilab-5.2.2/thirdparty/java/lib/amd64/native_threads
SHELL=/bin/bash
DISPLAY=:2002.0

Signal Handlers:
SIGSEGV: [libjvm.so+0x70f1a0], sa_mask[0]=0x7ffbfeff, sa_flags=0x10000004
SIGBUS: [libjvm.so+0x70f1a0], sa_mask[0]=0x7ffbfeff, sa_flags=0x10000004
SIGFPE: [libjvm.so+0x5d7f70], sa_mask[0]=0x7ffbfeff, sa_flags=0x10000004
SIGPIPE: SIG_IGN, sa_mask[0]=0x00001000, sa_flags=0x10000000
SIGXFSZ: [libjvm.so+0x5d7f70], sa_mask[0]=0x7ffbfeff, sa_flags=0x10000004
SIGILL: [libjvm.so+0x5d7f70], sa_mask[0]=0x7ffbfeff, sa_flags=0x10000004
SIGUSR1: SIG_DFL, sa_mask[0]=0x00000000, sa_flags=0x00000000
SIGUSR2: [libjvm.so+0x5da790], sa_mask[0]=0x00000000, sa_flags=0x10000004
SIGHUP: [libjvm.so+0x5da4e0], sa_mask[0]=0x7ffbfeff, sa_flags=0x10000004
SIGINT: [libscicore.so.5+0x2c190], sa_mask[0]=0x00000002, sa_flags=0x10000000
SIGTERM: [libjvm.so+0x5da4e0], sa_mask[0]=0x7ffbfeff, sa_flags=0x10000004
SIGQUIT: [libjvm.so+0x5da4e0], sa_mask[0]=0x7ffbfeff, sa_flags=0x10000004


---------------  S Y S T E M  ---------------

OS:Fedora release 11 (Leonidas)

uname:Linux 2.6.30.9-90.fc11.x86_64 #1 SMP Sat Oct 17 11:25:35 EDT 2009 x86_64
libc:glibc 2.10.1 NPTL 2.10.1 
rlimit: STACK 10240k, CORE 0k, NPROC 1024, NOFILE 1024, AS infinity
load average:0.38 0.20 0.12

CPU:total 16 (8 cores per cpu, 2 threads per core) family 6 model 26 stepping 5, cmov, cx8, fxsr, mmx, sse, sse2, sse3, ssse3, sse4.1, sse4.2, popcnt, ht

Memory: 4k page, physical 49065876k(8048660k free), swap 50331632k(50155440k free)

vm_info: Java HotSpot(TM) 64-Bit Server VM (16.0-b13) for linux-amd64 JRE (1.6.0_18-b07), built on Dec 17 2009 13:42:22 by "java_re" with gcc 3.2.2 (SuSE Linux)

time: Sat Jul 10 12:35:42 2010
elapsed time: 1452 seconds

