#
# A fatal error has been detected by the Java Runtime Environment:
#
#  SIGSEGV (0xb) at pc=0x00007f2e81f90440, pid=16268, tid=139840264574736
#
# JRE version: 6.0_18-b07
# Java VM: Java HotSpot(TM) 64-Bit Server VM (16.0-b13 mixed mode linux-amd64 )
# Problematic frame:
# C  [libGL.so.1+0x7f440]
#
# If you would like to submit a bug report, please visit:
#   http://java.sun.com/webapps/bugreport/crash.jsp
# The crash happened outside the Java Virtual Machine in native code.
# See problematic frame for where to report the bug.
#

---------------  T H R E A D  ---------------

Current thread (0x00000000017ab000):  JavaThread "main" [_thread_in_native, id=16268, stack(0x00007fff2aa86000,0x00007fff2ab86000)]

siginfo:si_signo=SIGSEGV: si_errno=0, si_code=1 (SEGV_MAPERR), si_addr=0x0000000000000000

Registers:
RAX=0x0000000000000000, RBX=0x00000000019c7fd0, RCX=0x0000003be3769e88, RDX=0x0000000000000000
RSP=0x00007fff2ab85780, RBP=0x00007f2e820d2020, RSI=0x0000000000000000, RDI=0x0000003be3769e80
R8 =0x0000000000000000, R9 =0x0000000000000000, R10=0x00007fff2ab85520, R11=0x0000000000000000
R12=0x0000003bf0420790, R13=0x00007f2e820e8360, R14=0x0000000001e36c00, R15=0x0000000000000050
RIP=0x00007f2e81f90440, EFL=0x0000000000010246, CSGSFS=0x0000000000000033, ERR=0x0000000000000004
  TRAPNO=0x000000000000000e

Top of Stack: (sp=0x00007fff2ab85780)
0x00007fff2ab85780:   00007f2e820d2020 0000000000003f8c
0x00007fff2ab85790:   0000003bf0420790 00007f2e81f814e5
0x00007fff2ab857a0:   00007fff2ab857b0 000000000000008a
0x00007fff2ab857b0:   00007fff2ab85ca0 0000000000000000
0x00007fff2ab857c0:   0000003be301f008 0000003be2e0f0cc
0x00007fff2ab857d0:   00007f2f24113000 00007f2f24113590
0x00007fff2ab857e0:   00007f2f2376c508 00007f2f1e41f000
0x00007fff2ab857f0:   00007f2f24112a38 00007f2f23f06510
0x00007fff2ab85800:   00007f2f23f06a30 00007f2f2215ea30
0x00007fff2ab85810:   00007f2f2376c000 00007f2f2376ca18
0x00007fff2ab85820:   00007f2f23093000 00007f2f23093520
0x00007fff2ab85830:   00007f2f23093a40 00007f2f228ff000
0x00007fff2ab85840:   00007f2f228ff530 00007f2f228ffa48
0x00007fff2ab85850:   00007f2f2215e520 00007f2f21a4f000
0x00007fff2ab85860:   00007f2f21a4f518 00007f2f21a4fa28
0x00007fff2ab85870:   00007f2f211bb000 00007f2f211bb520
0x00007fff2ab85880:   00007f2f211bba58 00007f2f20a6d000
0x00007fff2ab85890:   00007f2f20a6d530 00007f2f20a6da58
0x00007fff2ab858a0:   00007f2f201d3000 00007f2f201d3518
0x00007fff2ab858b0:   00007f2f1f9bb000 00007f2f1f9bb510
0x00007fff2ab858c0:   00007f2f1f9bba30 00007f2f1f261520
0x00007fff2ab858d0:   00007f2f1f261a38 00007f2f1ebeaa60
0x00007fff2ab858e0:   00007f2f1e41f528 00007f2f1e41fa60
0x00007fff2ab858f0:   00007f2f1ddfe000 00007f2f1ddfe510
0x00007fff2ab85900:   00007f2f1ddfea30 00007f2f1d6f6530
0x00007fff2ab85910:   00007f2f1d6f6a50 00007f2f1cf51a48
0x00007fff2ab85920:   00007f2f1c939000 00007f2f23f06000
0x00007fff2ab85930:   00007f2f2215e000 00007f2f201d3a28
0x00007fff2ab85940:   00007f2f1f261000 00007f2f1ebea000
0x00007fff2ab85950:   00007f2f1ebea528 00007f2f1d6f6000
0x00007fff2ab85960:   00007f2f1cf51000 00007f2f1cf51520
0x00007fff2ab85970:   00007f2f1c939508 00007f2f1c939a18 

Instructions: (pc=0x00007f2e81f90440)
0x00007f2e81f90430:   10 48 85 d2 74 43 48 8b 42 10 48 8b 5a 08 31 d2
0x00007f2e81f90440:   44 8b 20 48 89 df 44 89 e6 e8 42 a9 fb ff 31 d2 

Stack: [0x00007fff2aa86000,0x00007fff2ab86000],  sp=0x00007fff2ab85780,  free space=3fd0000000000000018k
Native frames: (J=compiled Java code, j=interpreted, Vv=VM code, C=native code)
C  [libGL.so.1+0x7f440]


---------------  P R O C E S S  ---------------

Java Threads: ( => current thread )
  0x00007f2e6c004000 JavaThread "Thread-54" [_thread_blocked, id=16489, stack(0x00007f2e835ff000,0x00007f2e84000000)]
  0x00007f2e6c010000 JavaThread "Thread-48" [_thread_in_native, id=16476, stack(0x00007f2e835ff000,0x00007f2e84000000)]
  0x00007f2e6c016000 JavaThread "Thread-36" [_thread_in_native, id=16429, stack(0x00007f2e835ff000,0x00007f2e84000000)]
  0x00007f2e6c002800 JavaThread "Thread-35" [_thread_in_native, id=16428, stack(0x00007f2e835ff000,0x00007f2e84000000)]
  0x00007f2e6c014000 JavaThread "Thread-34" [_thread_in_native, id=16427, stack(0x00007f2e835ff000,0x00007f2e84000000)]
  0x00007f2e6c011000 JavaThread "Thread-23" [_thread_in_native, id=16405, stack(0x00007f2e835ff000,0x00007f2e84000000)]
  0x00007f2e6c001800 JavaThread "Thread-21" [_thread_in_native, id=16401, stack(0x00007f2e835ff000,0x00007f2e84000000)]
  0x00007f2e8c06c800 JavaThread "Thread-20" [_thread_in_native, id=16381, stack(0x00007f2e835ff000,0x00007f2e84000000)]
  0x00007f2e8c06e000 JavaThread "Thread-18" [_thread_in_native, id=16373, stack(0x00007f2e835ff000,0x00007f2e84000000)]
  0x00007f2e8c0c6000 JavaThread "Thread-16" [_thread_in_native, id=16372, stack(0x00007f2e835ff000,0x00007f2e84000000)]
  0x00007f2e7c011000 JavaThread "Thread-13" [_thread_in_native, id=16360, stack(0x00007f2e835ff000,0x00007f2e84000000)]
  0x00007f2e7c013000 JavaThread "Thread-12" [_thread_in_native, id=16359, stack(0x00007f2e835ff000,0x00007f2e84000000)]
  0x00007f2e7c010800 JavaThread "Thread-6" [_thread_in_native, id=16306, stack(0x00007f2e835ff000,0x00007f2e84000000)]
  0x00007f2e7c001000 JavaThread "Thread-5" [_thread_in_native, id=16304, stack(0x00007f2e835ff000,0x00007f2e84000000)]
  0x0000000001d6d000 JavaThread "TimerQueue" daemon [_thread_blocked, id=16302, stack(0x00007f2ef11ae000,0x00007f2ef12af000)]
  0x0000000001c6c000 JavaThread "AWT-EventQueue-0" [_thread_blocked, id=16301, stack(0x00007f2ef12af000,0x00007f2ef13b0000)]
  0x0000000001c6f800 JavaThread "AWT-Shutdown" [_thread_blocked, id=16300, stack(0x00007f2ef17e5000,0x00007f2ef18e6000)]
  0x0000000001a3b800 JavaThread "AWT-XAWT" daemon [_thread_in_native, id=16294, stack(0x00007f2ef1e98000,0x00007f2ef1f99000)]
  0x00000000019f5000 JavaThread "Java2D Disposer" daemon [_thread_blocked, id=16293, stack(0x00007f2ef21b8000,0x00007f2ef22b9000)]
  0x00000000018a0000 JavaThread "Low Memory Detector" daemon [_thread_blocked, id=16291, stack(0x00007f2ef28ed000,0x00007f2ef29ee000)]
  0x000000000189e000 JavaThread "CompilerThread1" daemon [_thread_blocked, id=16290, stack(0x00007f2ef29ee000,0x00007f2ef2aef000)]
  0x000000000189b000 JavaThread "CompilerThread0" daemon [_thread_blocked, id=16289, stack(0x00007f2ef2aef000,0x00007f2ef2bf0000)]
  0x0000000001899000 JavaThread "Signal Dispatcher" daemon [_thread_blocked, id=16288, stack(0x00007f2ef2bf0000,0x00007f2ef2cf1000)]
  0x000000000187c800 JavaThread "Finalizer" daemon [_thread_blocked, id=16287, stack(0x00007f2ef2cf1000,0x00007f2ef2df2000)]
  0x000000000187a800 JavaThread "Reference Handler" daemon [_thread_blocked, id=16286, stack(0x00007f2ef2df2000,0x00007f2ef2ef3000)]
=>0x00000000017ab000 JavaThread "main" [_thread_in_native, id=16268, stack(0x00007fff2aa86000,0x00007fff2ab86000)]

Other Threads:
  0x0000000001876000 VMThread [stack: 0x00007f2ef2ef3000,0x00007f2ef2ff4000] [id=16285]
  0x00000000018a2800 WatcherThread [stack: 0x00007f2ef27ec000,0x00007f2ef28ed000] [id=16292]

VM state:not at safepoint (normal execution)

VM Mutex/Monitor currently owned by a thread: None

Heap
 PSYoungGen      total 76480K, used 18325K [0x00007f2f03ab0000, 0x00007f2f09000000, 0x00007f2f09000000)
  eden space 65600K, 11% used [0x00007f2f03ab0000,0x00007f2f041f7ae8,0x00007f2f07ac0000)
  from space 10880K, 99% used [0x00007f2f07ac0000,0x00007f2f0855dbd0,0x00007f2f08560000)
  to   space 10880K, 0% used [0x00007f2f08560000,0x00007f2f08560000,0x00007f2f09000000)
 PSOldGen        total 174784K, used 19813K [0x00007f2ef9000000, 0x00007f2f03ab0000, 0x00007f2f03ab0000)
  object space 174784K, 11% used [0x00007f2ef9000000,0x00007f2efa359678,0x00007f2f03ab0000)
 PSPermGen       total 32768K, used 32653K [0x00007f2ef3c00000, 0x00007f2ef5c00000, 0x00007f2ef9000000)
  object space 32768K, 99% used [0x00007f2ef3c00000,0x00007f2ef5be3680,0x00007f2ef5c00000)

Dynamic libraries:
00400000-00402000 r-xp 00000000 09:00 2526212                            /usr/local/lib/scilab-5.2.2/bin/scilab-bin
00601000-00602000 r--p 00001000 09:00 2526212                            /usr/local/lib/scilab-5.2.2/bin/scilab-bin
00602000-00603000 rw-p 00002000 09:00 2526212                            /usr/local/lib/scilab-5.2.2/bin/scilab-bin
0179b000-02454000 rw-p 00000000 00:00 0                                  [heap]
41b68000-41b6a000 rwxp 00000000 00:0f 703                                /dev/zero
3be2e00000-3be2e1f000 r-xp 00000000 09:00 3622                           /lib64/ld-2.10.1.so
3be301e000-3be301f000 r--p 0001e000 09:00 3622                           /lib64/ld-2.10.1.so
3be301f000-3be3020000 rw-p 0001f000 09:00 3622                           /lib64/ld-2.10.1.so
3be3200000-3be3201000 r-xp 00000000 09:00 55465                          /usr/lib64/nvidia/tls/libnvidia-tls.so.185.18.36
3be3201000-3be3301000 ---p 00001000 09:00 55465                          /usr/lib64/nvidia/tls/libnvidia-tls.so.185.18.36
3be3301000-3be3302000 rw-p 00001000 09:00 55465                          /usr/lib64/nvidia/tls/libnvidia-tls.so.185.18.36
3be3400000-3be3564000 r-xp 00000000 09:00 6311                           /lib64/libc-2.10.1.so
3be3564000-3be3764000 ---p 00164000 09:00 6311                           /lib64/libc-2.10.1.so
3be3764000-3be3768000 r--p 00164000 09:00 6311                           /lib64/libc-2.10.1.so
3be3768000-3be3769000 rw-p 00168000 09:00 6311                           /lib64/libc-2.10.1.so
3be3769000-3be376e000 rw-p 00000000 00:00 0 
3be3800000-3be3802000 r-xp 00000000 09:00 270374                         /lib64/libdl-2.10.1.so
3be3802000-3be3a02000 ---p 00002000 09:00 270374                         /lib64/libdl-2.10.1.so
3be3a02000-3be3a03000 r--p 00002000 09:00 270374                         /lib64/libdl-2.10.1.so
3be3a03000-3be3a04000 rw-p 00003000 09:00 270374                         /lib64/libdl-2.10.1.so
3be3c00000-3be3c82000 r-xp 00000000 09:00 11622                          /lib64/libm-2.10.1.so
3be3c82000-3be3e82000 ---p 00082000 09:00 11622                          /lib64/libm-2.10.1.so
3be3e82000-3be3e83000 r--p 00082000 09:00 11622                          /lib64/libm-2.10.1.so
3be3e83000-3be3e84000 rw-p 00083000 09:00 11622                          /lib64/libm-2.10.1.so
3be4000000-3be4017000 r-xp 00000000 09:00 262769                         /lib64/libpthread-2.10.1.so
3be4017000-3be4216000 ---p 00017000 09:00 262769                         /lib64/libpthread-2.10.1.so
3be4216000-3be4217000 r--p 00016000 09:00 262769                         /lib64/libpthread-2.10.1.so
3be4217000-3be4218000 rw-p 00017000 09:00 262769                         /lib64/libpthread-2.10.1.so
3be4218000-3be421c000 rw-p 00000000 00:00 0 
3be4800000-3be4934000 r-xp 00000000 09:00 262666                         /usr/lib64/libX11.so.6.2.0
3be4934000-3be4b33000 ---p 00134000 09:00 262666                         /usr/lib64/libX11.so.6.2.0
3be4b33000-3be4b39000 rw-p 00133000 09:00 262666                         /usr/lib64/libX11.so.6.2.0
3be4c00000-3be4c02000 r-xp 00000000 09:00 262162                         /usr/lib64/libXau.so.6.0.0
3be4c02000-3be4e01000 ---p 00002000 09:00 262162                         /usr/lib64/libXau.so.6.0.0
3be4e01000-3be4e02000 rw-p 00001000 09:00 262162                         /usr/lib64/libXau.so.6.0.0
3be5000000-3be501a000 r-xp 00000000 09:00 262665                         /usr/lib64/libxcb.so.1.1.0
3be501a000-3be521a000 ---p 0001a000 09:00 262665                         /usr/lib64/libxcb.so.1.1.0
3be521a000-3be521b000 rw-p 0001a000 09:00 262665                         /usr/lib64/libxcb.so.1.1.0
3be5400000-3be541c000 r-xp 00000000 09:00 262763                         /lib64/libselinux.so.1
3be541c000-3be561b000 ---p 0001c000 09:00 262763                         /lib64/libselinux.so.1
3be561b000-3be561c000 r--p 0001b000 09:00 262763                         /lib64/libselinux.so.1
3be561c000-3be561d000 rw-p 0001c000 09:00 262763                         /lib64/libselinux.so.1
3be561d000-3be561e000 rw-p 00000000 00:00 0 
3be5800000-3be5811000 r-xp 00000000 09:00 262755                         /usr/lib64/libXext.so.6.4.0
3be5811000-3be5a11000 ---p 00011000 09:00 262755                         /usr/lib64/libXext.so.6.4.0
3be5a11000-3be5a12000 rw-p 00011000 09:00 262755                         /usr/lib64/libXext.so.6.4.0
3be5c00000-3be5cdd000 r-xp 00000000 09:00 262670                         /lib64/libglib-2.0.so.0.2000.5
3be5cdd000-3be5edc000 ---p 000dd000 09:00 262670                         /lib64/libglib-2.0.so.0.2000.5
3be5edc000-3be5ede000 rw-p 000dc000 09:00 262670                         /lib64/libglib-2.0.so.0.2000.5
3be6000000-3be6007000 r-xp 00000000 09:00 262770                         /lib64/librt-2.10.1.so
3be6007000-3be6206000 ---p 00007000 09:00 262770                         /lib64/librt-2.10.1.so
3be6206000-3be6207000 r--p 00006000 09:00 262770                         /lib64/librt-2.10.1.so
3be6207000-3be6208000 rw-p 00007000 09:00 262770                         /lib64/librt-2.10.1.so
3be6400000-3be6441000 r-xp 00000000 09:00 262671                         /lib64/libgobject-2.0.so.0.2000.5
3be6441000-3be6641000 ---p 00041000 09:00 262671                         /lib64/libgobject-2.0.so.0.2000.5
3be6641000-3be6643000 rw-p 00041000 09:00 262671                         /lib64/libgobject-2.0.so.0.2000.5
3be6800000-3be6826000 r-xp 00000000 09:00 95997                          /lib64/libexpat.so.1.5.2
3be6826000-3be6a25000 ---p 00026000 09:00 95997                          /lib64/libexpat.so.1.5.2
3be6a25000-3be6a28000 rw-p 00025000 09:00 95997                          /lib64/libexpat.so.1.5.2
3be6c00000-3be6c03000 r-xp 00000000 09:00 262672                         /lib64/libgmodule-2.0.so.0.2000.5
3be6c03000-3be6e02000 ---p 00003000 09:00 262672                         /lib64/libgmodule-2.0.so.0.2000.5
3be6e02000-3be6e03000 rw-p 00002000 09:00 262672                         /lib64/libgmodule-2.0.so.0.2000.5
3be7000000-3be7093000 r-xp 00000000 09:00 95977                          /usr/lib64/libfreetype.so.6.3.20
3be7093000-3be7293000 ---p 00093000 09:00 95977                          /usr/lib64/libfreetype.so.6.3.20
3be7293000-3be7299000 rw-p 00093000 09:00 95977                          /usr/lib64/libfreetype.so.6.3.20
3be7400000-3be7425000 r-xp 00000000 09:00 270373                         /usr/lib64/libpng12.so.0.37.0
3be7425000-3be7624000 ---p 00025000 09:00 270373                         /usr/lib64/libpng12.so.0.37.0
3be7624000-3be7625000 rw-p 00024000 09:00 270373                         /usr/lib64/libpng12.so.0.37.0
3be7800000-3be7833000 r-xp 00000000 09:00 130668                         /usr/lib64/libfontconfig.so.1.4.1
3be7833000-3be7a32000 ---p 00033000 09:00 130668                         /usr/lib64/libfontconfig.so.1.4.1
3be7a32000-3be7a34000 rw-p 00032000 09:00 130668                         /usr/lib64/libfontconfig.so.1.4.1
3be7c00000-3be7c75000 r-xp 00000000 09:00 262764                         /lib64/libgio-2.0.so.0.2000.5
3be7c75000-3be7e75000 ---p 00075000 09:00 262764                         /lib64/libgio-2.0.so.0.2000.5
3be7e75000-3be7e77000 rw-p 00075000 09:00 262764                         /lib64/libgio-2.0.so.0.2000.5
3be7e77000-3be7e78000 rw-p 00000000 00:00 0 
3be8000000-3be803b000 r-xp 00000000 09:00 125888                         /usr/lib64/libibus.so.1.0.0
3be803b000-3be823b000 ---p 0003b000 09:00 125888                         /usr/lib64/libibus.so.1.0.0
3be823b000-3be823e000 rw-p 0003b000 09:00 125888                         /usr/lib64/libibus.so.1.0.0
3be8400000-3be8409000 r-xp 00000000 09:00 262668                         /usr/lib64/libXrender.so.1.3.0
3be8409000-3be8608000 ---p 00009000 09:00 262668                         /usr/lib64/libXrender.so.1.3.0
3be8608000-3be8609000 rw-p 00008000 09:00 262668                         /usr/lib64/libXrender.so.1.3.0
3be8800000-3be8802000 r-xp 00000000 09:00 262756                         /usr/lib64/libXinerama.so.1.0.0
3be8802000-3be8a01000 ---p 00002000 09:00 262756                         /usr/lib64/libXinerama.so.1.0.0
3be8a01000-3be8a02000 rw-p 00001000 09:00 262756                         /usr/lib64/libXinerama.so.1.0.0
3be8c00000-3be8c08000 r-xp 00000000 09:00 262758                         /usr/lib64/libXrandr.so.2.2.0
3be8c08000-3be8e07000 ---p 00008000 09:00 262758                         /usr/lib64/libXrandr.so.2.2.0
3be8e07000-3be8e08000 rw-p 00007000 09:00 262758                         /usr/lib64/libXrandr.so.2.2.0
3be9000000-3be9004000 r-xp 00000000 09:00 262771                         /lib64/libgthread-2.0.so.0.2000.5
3be9004000-3be9203000 ---p 00004000 09:00 262771                         /lib64/libgthread-2.0.so.0.2000.5
3be9203000-3be9204000 rw-p 00003000 09:00 262771                         /lib64/libgthread-2.0.so.0.2000.5
3be9400000-3be9409000 r-xp 00000000 09:00 262760                         /usr/lib64/libXcursor.so.1.0.2
3be9409000-3be9609000 ---p 00009000 09:00 262760                         /usr/lib64/libXcursor.so.1.0.2
3be9609000-3be960a000 rw-p 00009000 09:00 262760                         /usr/lib64/libXcursor.so.1.0.2
3be9800000-3be9805000 r-xp 00000000 09:00 262759                         /usr/lib64/libXfixes.so.3.1.0
3be9805000-3be9a04000 ---p 00005000 09:00 262759                         /usr/lib64/libXfixes.so.3.1.0
3be9a04000-3be9a05000 rw-p 00004000 09:00 262759                         /usr/lib64/libXfixes.so.3.1.0
3bea400000-3bea409000 r-xp 00000000 09:00 262757                         /usr/lib64/libXi.so.6.0.0
3bea409000-3bea609000 ---p 00009000 09:00 262757                         /usr/lib64/libXi.so.6.0.0
3bea609000-3bea60a000 rw-p 00009000 09:00 262757                         /usr/lib64/libXi.so.6.0.0
3bea800000-3bea804000 r-xp 00000000 09:00 27035                          /lib64/libattr.so.1.1.0
3bea804000-3beaa03000 ---p 00004000 09:00 27035                          /lib64/libattr.so.1.1.0
3beaa03000-3beaa04000 rw-p 00003000 09:00 27035                          /lib64/libattr.so.1.1.0
3beac00000-3beac1d000 r-xp 00000000 09:00 262765                         /usr/lib64/libgdk_pixbuf-2.0.so.0.1600.6
3beac1d000-3beae1d000 ---p 0001d000 09:00 262765                         /usr/lib64/libgdk_pixbuf-2.0.so.0.1600.6
3beae1d000-3beae1e000 rw-p 0001d000 09:00 262765                         /usr/lib64/libgdk_pixbuf-2.0.so.0.1600.6
3beb000000-3beb004000 r-xp 00000000 09:00 270409                         /lib64/libcap.so.2.16
3beb004000-3beb203000 ---p 00004000 09:00 270409                         /lib64/libcap.so.2.16
3beb203000-3beb204000 rw-p 00003000 09:00 270409                         /lib64/libcap.so.2.16
3beb400000-3beb43c000 r-xp 00000000 09:00 262781                         /lib64/libdbus-1.so.3.4.0
3beb43c000-3beb63c000 ---p 0003c000 09:00 262781                         /lib64/libdbus-1.so.3.4.0
3beb63c000-3beb63d000 r--p 0003c000 09:00 262781                         /lib64/libdbus-1.so.3.4.0
3beb63d000-3beb63e000 rw-p 0003d000 09:00 262781                         /lib64/libdbus-1.so.3.4.0
3beb800000-3beb802000 r-xp 00000000 09:00 262761                         /usr/lib64/libXcomposite.so.1.0.0
3beb802000-3beba01000 ---p 00002000 09:00 262761                         /usr/lib64/libXcomposite.so.1.0.0
3beba01000-3beba02000 rw-p 00001000 09:00 262761                         /usr/lib64/libXcomposite.so.1.0.0
3bebc00000-3bebc2c000 r-xp 00000000 09:00 262674                         /usr/lib64/libpangoft2-1.0.so.0.2400.5
3bebc2c000-3bebe2b000 ---p 0002c000 09:00 262674                         /usr/lib64/libpangoft2-1.0.so.0.2400.5
3bebe2b000-3bebe2d000 rw-p 0002b000 09:00 262674                         /usr/lib64/libpangoft2-1.0.so.0.2400.5
3bec000000-3bec00b000 r-xp 00000000 09:00 262675                         /usr/lib64/libpangocairo-1.0.so.0.2400.5
3bec00b000-3bec20a000 ---p 0000b000 09:00 262675                         /usr/lib64/libpangocairo-1.0.so.0.2400.5
3bec20a000-3bec20b000 rw-p 0000a000 09:00 262675                         /usr/lib64/libpangocairo-1.0.so.0.2400.5
3bec400000-3bec41d000 r-xp 00000000 09:00 262767                         /usr/lib64/libatk-1.0.so.0.2511.1
3bec41d000-3bec61c000 ---p 0001d000 09:00 262767                         /usr/lib64/libatk-1.0.so.0.2511.1
3bec61c000-3bec61f000 rw-p 0001c000 09:00 262767                         /usr/lib64/libatk-1.0.so.0.2511.1
3bec800000-3becc21000 r-xp 00000000 09:00 262768                         /usr/lib64/libgtk-x11-2.0.so.0.1600.6
3becc21000-3bece20000 ---p 00421000 09:00 262768                         /usr/lib64/libgtk-x11-2.0.so.0.1600.6
3bece20000-3bece2b000 rw-p 00420000 09:00 262768                         /usr/lib64/libgtk-x11-2.0.so.0.1600.6
3bece2b000-3bece2d000 rw-p 00000000 00:00 0 
3bed000000-3bed043000 r-xp 00000000 09:00 66380                          /usr/lib64/libpixman-1.so.0.14.0
3bed043000-3bed242000 ---p 00043000 09:00 66380                          /usr/lib64/libpixman-1.so.0.14.0
3bed242000-3bed245000 rw-p 00042000 09:00 66380                          /usr/lib64/libpixman-1.so.0.14.0
3bed400000-3bed4a5000 r-xp 00000000 09:00 262766                         /usr/lib64/libgdk-x11-2.0.so.0.1600.6
3bed4a5000-3bed6a5000 ---p 000a5000 09:00 262766                         /usr/lib64/libgdk-x11-2.0.so.0.1600.6
3bed6a5000-3bed6aa000 rw-p 000a5000 09:00 262766                         /usr/lib64/libgdk-x11-2.0.so.0.1600.6
3bed800000-3bed846000 r-xp 00000000 09:00 262673                         /usr/lib64/libpango-1.0.so.0.2400.5
3bed846000-3beda46000 ---p 00046000 09:00 262673                         /usr/lib64/libpango-1.0.so.0.2400.5
3beda46000-3beda49000 rw-p 00046000 09:00 262673                         /usr/lib64/libpango-1.0.so.0.2400.5
3bedc00000-3bedc74000 r-xp 00000000 09:00 262669                         /usr/lib64/libcairo.so.2.10800.8
3bedc74000-3bede73000 ---p 00074000 09:00 262669                         /usr/lib64/libcairo.so.2.10800.8
3bede73000-3bede76000 rw-p 00073000 09:00 262669                         /usr/lib64/libcairo.so.2.10800.8
3bee000000-3bee002000 r-xp 00000000 09:00 262762                         /usr/lib64/libXdamage.so.1.1.0
3bee002000-3bee201000 ---p 00002000 09:00 262762                         /usr/lib64/libXdamage.so.1.1.0
3bee201000-3bee202000 rw-p 00001000 09:00 262762                         /usr/lib64/libXdamage.so.1.1.0
3bef000000-3bef016000 r-xp 00000000 09:00 6957                           /lib64/libnsl-2.10.1.so
3bef016000-3bef216000 ---p 00016000 09:00 6957                           /lib64/libnsl-2.10.1.so
3bef216000-3bef217000 r--p 00016000 09:00 6957                           /lib64/libnsl-2.10.1.so
3bef217000-3bef218000 rw-p 00017000 09:00 6957                           /lib64/libnsl-2.10.1.so
3bef218000-3bef21a000 rw-p 00000000 00:00 0 
3bef800000-3bef805000 r-xp 00000000 09:00 262772                         /usr/lib64/libXxf86vm.so.1.0.0
3bef805000-3befa04000 ---p 00005000 09:00 262772                         /usr/lib64/libXxf86vm.so.1.0.0
3befa04000-3befa05000 rw-p 00004000 09:00 262772                         /usr/lib64/libXxf86vm.so.1.0.0
3befc00000-3bf09da000 r-xp 00000000 09:00 34119                          /usr/lib64/nvidia/libGLcore.so.185.18.36
3bf09da000-3bf0ada000 ---p 00dda000 09:00 34119                          /usr/lib64/nvidia/libGLcore.so.185.18.36
3bf0ada000-3bf0f13000 rwxp 00dda000 09:00 34119                          /usr/lib64/nvidia/libGLcore.so.185.18.36
3bf0f13000-3bf0f26000 rwxp 00000000 00:00 0 
3bf2800000-3bf2802000 r-xp 00000000 09:00 107166                         /lib64/libutil-2.10.1.so
3bf2802000-3bf2a01000 ---p 00002000 09:00 107166                         /lib64/libutil-2.10.1.so
3bf2a01000-3bf2a02000 r--p 00001000 09:00 107166                         /lib64/libutil-2.10.1.so
3bf2a02000-3bf2a03000 rw-p 00002000 09:00 107166                         /lib64/libutil-2.10.1.so
3bf3000000-3bf3005000 r-xp 00000000 09:00 270436                         /usr/lib64/libXtst.so.6.1.0
3bf3005000-3bf3205000 ---p 00005000 09:00 270436                         /usr/lib64/libXtst.so.6.1.0
3bf3205000-3bf3206000 rw-p 00005000 09:00 270436                         /usr/lib64/libXtst.so.6.1.0
3bf6400000-3bf6414000 r-xp 00000000 09:00 29307                          /usr/lib64/libXft.so.2.1.13
3bf6414000-3bf6613000 ---p 00014000 09:00 29307                          /usr/lib64/libXft.so.2.1.13
3bf6613000-3bf6614000 rw-p 00013000 09:00 29307                          /usr/lib64/libXft.so.2.1.13
3bf6e00000-3bf6e02000 r-xp 00000000 09:00 81010                          /usr/lib64/libXss.so.1.0.0
3bf6e02000-3bf7002000 ---p 00002000 09:00 81010                          /usr/lib64/libXss.so.1.0.0
3bf7002000-3bf7003000 rw-p 00002000 09:00 81010                          /usr/lib64/libXss.so.1.0.0
7f2e6c000000-7f2e6c021000 rw-p 00000000 00:00 0 
7f2e6c021000-7f2e70000000 ---p 00000000 00:00 0 
7f2e70000000-7f2e70021000 rw-p 00000000 00:00 0 
7f2e70021000-7f2e74000000 ---p 00000000 00:00 0 
7f2e74000000-7f2e74021000 rw-p 00000000 00:00 0 
7f2e74021000-7f2e78000000 ---p 00000000 00:00 0 
7f2e782f3000-7f2e7aa7b000 rw-p 00000000 00:00 0 
7f2e7c000000-7f2e7c072000 rw-p 00000000 00:00 0 
7f2e7c072000-7f2e80000000 ---p 00000000 00:00 0 
7f2e8154c000-7f2e818fc000 rw-p 00000000 00:00 0 
7f2e81b1e000-7f2e81b20000 r-xp 00000000 09:00 2525838                    /usr/local/lib/scilab-5.2.2/lib/thirdparty/libjogl_awt.so
7f2e81b20000-7f2e81c1f000 ---p 00002000 09:00 2525838                    /usr/local/lib/scilab-5.2.2/lib/thirdparty/libjogl_awt.so
7f2e81c1f000-7f2e81c20000 rw-p 00001000 09:00 2525838                    /usr/local/lib/scilab-5.2.2/lib/thirdparty/libjogl_awt.so
7f2e81c20000-7f2e81c21000 r-xp 00000000 09:00 2526431                    /usr/local/lib/scilab-5.2.2/thirdparty/java/lib/amd64/libjawt.so
7f2e81c21000-7f2e81d20000 ---p 00001000 09:00 2526431                    /usr/local/lib/scilab-5.2.2/thirdparty/java/lib/amd64/libjawt.so
7f2e81d20000-7f2e81d21000 rw-p 00000000 09:00 2526431                    /usr/local/lib/scilab-5.2.2/thirdparty/java/lib/amd64/libjawt.so
7f2e81d21000-7f2e81e10000 r-xp 00000000 09:00 2525930                    /usr/local/lib/scilab-5.2.2/lib/thirdparty/libjogl.so
7f2e81e10000-7f2e81f10000 ---p 000ef000 09:00 2525930                    /usr/local/lib/scilab-5.2.2/lib/thirdparty/libjogl.so
7f2e81f10000-7f2e81f11000 rw-p 000ef000 09:00 2525930                    /usr/local/lib/scilab-5.2.2/lib/thirdparty/libjogl.so
7f2e81f11000-7f2e81f9e000 r-xp 00000000 09:00 55479                      /usr/lib64/nvidia/libGL.so.185.18.36
7f2e81f9e000-7f2e8209d000 ---p 0008d000 09:00 55479                      /usr/lib64/nvidia/libGL.so.185.18.36
7f2e8209d000-7f2e820d2000 rwxp 0008c000 09:00 55479                      /usr/lib64/nvidia/libGL.so.185.18.36
7f2e820d2000-7f2e820e9000 rwxp 00000000 00:00 0 
7f2e820e9000-7f2e820ea000 r-xp 00000000 09:00 2525767                    /usr/local/lib/scilab-5.2.2/lib/thirdparty/libgluegen-rt.so
7f2e820ea000-7f2e821e9000 ---p 00001000 09:00 2525767                    /usr/local/lib/scilab-5.2.2/lib/thirdparty/libgluegen-rt.so
7f2e821e9000-7f2e821ea000 rw-p 00000000 09:00 2525767                    /usr/local/lib/scilab-5.2.2/lib/thirdparty/libgluegen-rt.so
7f2e82337000-7f2e82484000 rw-s 00000000 00:08 1147633785                 /SYSV00000000 (deleted)
7f2e82484000-7f2e82bfe000 r--p 00000000 09:00 11469                      /usr/share/icons/hicolor/icon-theme.cache
7f2e82bfe000-7f2e82bff000 ---p 00000000 00:00 0 
7f2e82bff000-7f2e835ff000 rwxp 00000000 00:00 0 
7f2e835ff000-7f2e83602000 ---p 00000000 00:00 0 
7f2e83602000-7f2e84000000 rwxp 00000000 00:00 0 
7f2e84000000-7f2e84391000 rw-p 00000000 00:00 0 
7f2e84391000-7f2e88000000 ---p 00000000 00:00 0 
7f2e88000000-7f2e88021000 rw-p 00000000 00:00 0 
7f2e88021000-7f2e8c000000 ---p 00000000 00:00 0 
7f2e8c000000-7f2e8c161000 rw-p 00000000 00:00 0 
7f2e8c161000-7f2e90000000 ---p 00000000 00:00 0 
7f2e90000000-7f2e90021000 rw-p 00000000 00:00 0 
7f2e90021000-7f2e94000000 ---p 00000000 00:00 0 
7f2e94000000-7f2e94021000 rw-p 00000000 00:00 0 
7f2e94021000-7f2e98000000 ---p 00000000 00:00 0 
7f2e98000000-7f2e98021000 rw-p 00000000 00:00 0 
7f2e98021000-7f2e9c000000 ---p 00000000 00:00 0 
7f2e9c000000-7f2e9c021000 rw-p 00000000 00:00 0 
7f2e9c021000-7f2ea0000000 ---p 00000000 00:00 0 
7f2ea0000000-7f2ea0021000 rw-p 00000000 00:00 0 
7f2ea0021000-7f2ea4000000 ---p 00000000 00:00 0 
7f2ea4000000-7f2ea5d57000 rw-p 00000000 00:00 0 
7f2ea5d57000-7f2ea8000000 ---p 00000000 00:00 0 
7f2ea8000000-7f2eaa0f4000 rw-p 00000000 00:00 0 
7f2eaa0f4000-7f2eac000000 ---p 00000000 00:00 0 
7f2eac000000-7f2eac021000 rw-p 00000000 00:00 0 
7f2eac021000-7f2eb0000000 ---p 00000000 00:00 0 
7f2eb0000000-7f2eb0021000 rw-p 00000000 00:00 0 
7f2eb0021000-7f2eb4000000 ---p 00000000 00:00 0 
7f2eb4000000-7f2eb4061000 rw-p 00000000 00:00 0 
7f2eb4061000-7f2eb8000000 ---p 00000000 00:00 0 
7f2eb8000000-7f2eb8021000 rw-p 00000000 00:00 0 
7f2eb8021000-7f2ebc000000 ---p 00000000 00:00 0 
7f2ebc000000-7f2ebc021000 rw-p 00000000 00:00 0 
7f2ebc021000-7f2ec0000000 ---p 00000000 00:00 0 
7f2ec0000000-7f2ec0021000 rw-p 00000000 00:00 0 
7f2ec0021000-7f2ec4000000 ---p 00000000 00:00 0 
7f2ec4000000-7f2ec4021000 rw-p 00000000 00:00 0 
7f2ec4021000-7f2ec8000000 ---p 00000000 00:00 0 
7f2ec8000000-7f2ec8021000 rw-p 00000000 00:00 0 
7f2ec8021000-7f2ecc000000 ---p 00000000 00:00 0 
7f2ecc000000-7f2ecc021000 rw-p 00000000 00:00 0 
7f2ecc021000-7f2ed0000000 ---p 00000000 00:00 0 
7f2ed0000000-7f2ed0021000 rw-p 00000000 00:00 0 
7f2ed0021000-7f2ed4000000 ---p 00000000 00:00 0 
7f2ed4000000-7f2ed4021000 rw-p 00000000 00:00 0 
7f2ed4021000-7f2ed8000000 ---p 00000000 00:00 0 
7f2ed8000000-7f2ed8021000 rw-p 00000000 00:00 0 
7f2ed8021000-7f2edc000000 ---p 00000000 00:00 0 
7f2edc000000-7f2edc021000 rw-p 00000000 00:00 0 
7f2edc021000-7f2ee0000000 ---p 00000000 00:00 0 
7f2ee0000000-7f2ee0021000 rw-p 00000000 00:00 0 
7f2ee0021000-7f2ee4000000 ---p 00000000 00:00 0 
7f2ee4000000-7f2ee4021000 rw-p 00000000 00:00 0 
7f2ee4021000-7f2ee8000000 ---p 00000000 00:00 0 
7f2ee8000000-7f2ee8021000 rw-p 00000000 00:00 0 
7f2ee8021000-7f2eec000000 ---p 00000000 00:00 0 
7f2eec000000-7f2eec021000 rw-p 00000000 00:00 0 
7f2eec021000-7f2ef0000000 ---p 00000000 00:00 0 
7f2ef00eb000-7f2ef013a000 rw-s 00000000 00:08 1147666538                 /SYSV00000000 (deleted)
7f2ef013a000-7f2ef07c0000 r--p 00000000 09:00 14306                      /usr/share/icons/gnome/icon-theme.cache
7f2ef07c0000-7f2ef07c3000 ---p 00000000 00:00 0 
7f2ef07c3000-7f2ef08c1000 rwxp 00000000 00:00 0 
7f2ef08c1000-7f2ef08c4000 ---p 00000000 00:00 0 
7f2ef08c4000-7f2ef09c2000 rwxp 00000000 00:00 0 
7f2ef09c2000-7f2ef0b0f000 rw-s 00000000 00:08 1146552437                 /SYSV00000000 (deleted)
7f2ef0d5f000-7f2ef0d6f000 r-xp 00000000 09:00 139155                     /usr/lib64/gio/modules/libgioremote-volume-monitor.so
7f2ef0d6f000-7f2ef0f6f000 ---p 00010000 09:00 139155                     /usr/lib64/gio/modules/libgioremote-volume-monitor.so
7f2ef0f6f000-7f2ef0f70000 rw-p 00010000 09:00 139155                     /usr/lib64/gio/modules/libgioremote-volume-monitor.so
7f2ef0fa9000-7f2ef0fb8000 r--s 00658000 09:00 2526478                    /usr/local/lib/scilab-5.2.2/thirdparty/java/lib/charsets.jar
7f2ef0fb8000-7f2ef0fc7000 r--s 00658000 09:00 2526478                    /usr/local/lib/scilab-5.2.2/thirdparty/java/lib/charsets.jar
7f2ef0fc7000-7f2ef1023000 r--p 00000000 09:00 48957                      /usr/share/icons/Fedora/icon-theme.cache
7f2ef1037000-7f2ef1040000 r--s 0004f000 09:00 3497141                    /usr/local/lib/scilab-5.2.2/share/scilab/modules/xcos/jar/org.scilab.modules.xcos.jar
7f2ef1040000-7f2ef1042000 r--s 0000b000 09:00 2526229                    /usr/local/lib/scilab-5.2.2/thirdparty/jhdf5.jar
7f2ef1042000-7f2ef1048000 r--s 0004a000 09:00 2526540                    /usr/local/lib/scilab-5.2.2/thirdparty/jgraphx.jar
7f2ef1048000-7f2ef104d000 rw-s 00000000 00:08 1150288003                 /SYSV00000000 (deleted)
7f2ef104d000-7f2ef10ad000 rw-s 00000000 00:08 1146486889                 /SYSV00000000 (deleted)
7f2ef10ad000-7f2ef10b0000 ---p 00000000 00:00 0 
7f2ef10b0000-7f2ef11ae000 rwxp 00000000 00:00 0 
7f2ef11ae000-7f2ef11b1000 ---p 00000000 00:00 0 
7f2ef11b1000-7f2ef12af000 rwxp 00000000 00:00 0 
7f2ef12af000-7f2ef12b2000 ---p 00000000 00:00 0 
7f2ef12b2000-7f2ef13b0000 rwxp 00000000 00:00 0 
7f2ef13b0000-7f2ef13c5000 r-xp 00000000 09:00 10016                      /usr/lib64/libgvfscommon.so.0.0.0
7f2ef13c5000-7f2ef15c5000 ---p 00015000 09:00 10016                      /usr/lib64/libgvfscommon.so.0.0.0
7f2ef15c5000-7f2ef15c6000 rw-p 00015000 09:00 10016                      /usr/lib64/libgvfscommon.so.0.0.0
7f2ef15c6000-7f2ef15e3000 r-xp 00000000 09:00 139156                     /usr/lib64/gio/modules/libgvfsdbus.so
7f2ef15e3000-7f2ef17e3000 ---p 0001d000 09:00 139156                     /usr/lib64/gio/modules/libgvfsdbus.so
7f2ef17e3000-7f2ef17e4000 rw-p 0001d000 09:00 139156                     /usr/lib64/gio/modules/libgvfsdbus.so
7f2ef17e5000-7f2ef17e8000 ---p 00000000 00:00 0 
7f2ef17e8000-7f2ef18e6000 rwxp 00000000 00:00 0 
7f2ef18e6000-7f2ef18e9000 ---p 00000000 00:00 0 
7f2ef18e9000-7f2ef19e7000 rwxp 00000000 00:00 0 
7f2ef19e7000-7f2ef19ec000 r-xp 00000000 09:00 94558                      /usr/lib64/gtk-2.0/2.10.0/immodules/im-ibus.so
7f2ef19ec000-7f2ef1bec000 ---p 00005000 09:00 94558                      /usr/lib64/gtk-2.0/2.10.0/immodules/im-ibus.so
7f2ef1bec000-7f2ef1bed000 rw-p 00005000 09:00 94558                      /usr/lib64/gtk-2.0/2.10.0/immodules/im-ibus.so
7f2ef1bed000-7f2ef1c85000 r--p 00000000 09:00 11249                      /usr/share/fonts/dejavu/DejaVuSans.ttf
7f2ef1c85000-7f2ef1c97000 r-xp 00000000 09:00 45401                      /usr/lib64/gtk-2.0/2.10.0/engines/libnodoka.so
7f2ef1c97000-7f2ef1e97000 ---p 00012000 09:00 45401                      /usr/lib64/gtk-2.0/2.10.0/engines/libnodoka.so
7f2ef1e97000-7f2ef1e98000 rw-p 00012000 09:00 45401                      /usr/lib64/gtk-2.0/2.10.0/engines/libnodoka.so
7f2ef1e98000-7f2ef1e9b000 ---p 00000000 00:00 0 
7f2ef1e9b000-7f2ef1f99000 rwxp 00000000 00:00 0 
7f2ef1f99000-7f2ef1fa0000 r-xp 00000000 09:00 2526404                    /usr/local/lib/scilab-5.2.2/thirdparty/java/lib/amd64/libnio.so
7f2ef1fa0000-7f2ef209f000 ---p 00007000 09:00 2526404                    /usr/local/lib/scilab-5.2.2/thirdparty/java/lib/amd64/libnio.so
7f2ef209f000-7f2ef20a1000 rw-p 00006000 09:00 2526404                    /usr/local/lib/scilab-5.2.2/thirdparty/java/lib/amd64/libnio.so
7f2ef20a1000-7f2ef20b4000 r-xp 00000000 09:00 2526432                    /usr/local/lib/scilab-5.2.2/thirdparty/java/lib/amd64/libnet.so
7f2ef20b4000-7f2ef21b5000 ---p 00013000 09:00 2526432                    /usr/local/lib/scilab-5.2.2/thirdparty/java/lib/amd64/libnet.so
7f2ef21b5000-7f2ef21b8000 rw-p 00014000 09:00 2526432                    /usr/local/lib/scilab-5.2.2/thirdparty/java/lib/amd64/libnet.so
7f2ef21b8000-7f2ef21bb000 ---p 00000000 00:00 0 
7f2ef21bb000-7f2ef22b9000 rwxp 00000000 00:00 0 
7f2ef22b9000-7f2ef2337000 r-xp 00000000 09:00 2526407                    /usr/local/lib/scilab-5.2.2/thirdparty/java/lib/amd64/libfontmanager.so
7f2ef2337000-7f2ef2436000 ---p 0007e000 09:00 2526407                    /usr/local/lib/scilab-5.2.2/thirdparty/java/lib/amd64/libfontmanager.so
7f2ef2436000-7f2ef244c000 rw-p 0007d000 09:00 2526407                    /usr/local/lib/scilab-5.2.2/thirdparty/java/lib/amd64/libfontmanager.so
7f2ef244c000-7f2ef245d000 rw-p 00000000 00:00 0 
7f2ef245d000-7f2ef249f000 r-xp 00000000 09:00 2526426                    /usr/local/lib/scilab-5.2.2/thirdparty/java/lib/amd64/xawt/libmawt.so
7f2ef249f000-7f2ef259e000 ---p 00042000 09:00 2526426                    /usr/local/lib/scilab-5.2.2/thirdparty/java/lib/amd64/xawt/libmawt.so
7f2ef259e000-7f2ef25a9000 rw-p 00041000 09:00 2526426                    /usr/local/lib/scilab-5.2.2/thirdparty/java/lib/amd64/xawt/libmawt.so
7f2ef25a9000-7f2ef25ab000 rw-p 00000000 00:00 0 
7f2ef25ab000-7f2ef263d000 r-xp 00000000 09:00 2526408                    /usr/local/lib/scilab-5.2.2/thirdparty/java/lib/amd64/libawt.so
7f2ef263d000-7f2ef273c000 ---p 00092000 09:00 2526408                    /usr/local/lib/scilab-5.2.2/thirdparty/java/lib/amd64/libawt.so
7f2ef273c000-7f2ef2755000 rw-p 00091000 09:00 2526408                    /usr/local/lib/scilab-5.2.2/thirdparty/java/lib/amd64/libawt.so
7f2ef2755000-7f2ef277a000 rw-p 00000000 00:00 0 
7f2ef277a000-7f2ef2781000 r--s 00000000 09:00 5866                       /usr/lib64/gconv/gconv-modules.cache
7f2ef2781000-7f2ef27ea000 r--p 00000000 09:00 3488255                    /usr/local/lib/scilab-5.2.2/share/locale/fr_FR/LC_MESSAGES/scilab.mo
7f2ef27ea000-7f2ef27ec000 r--s 00001000 09:00 3499088                    /usr/local/lib/scilab-5.2.2/share/scilab/modules/jvm/jar/org.scilab.modules.jvm.jar
7f2ef27ec000-7f2ef27ed000 ---p 00000000 00:00 0 
7f2ef27ed000-7f2ef28ed000 rwxp 00000000 00:00 0 
7f2ef28ed000-7f2ef28f0000 ---p 00000000 00:00 0 
7f2ef28f0000-7f2ef29ee000 rwxp 00000000 00:00 0 
7f2ef29ee000-7f2ef29f1000 ---p 00000000 00:00 0 
7f2ef29f1000-7f2ef2aef000 rwxp 00000000 00:00 0 
7f2ef2aef000-7f2ef2af2000 ---p 00000000 00:00 0 
7f2ef2af2000-7f2ef2bf0000 rwxp 00000000 00:00 0 
7f2ef2bf0000-7f2ef2bf3000 ---p 00000000 00:00 0 
7f2ef2bf3000-7f2ef2cf1000 rwxp 00000000 00:00 0 
7f2ef2cf1000-7f2ef2cf4000 ---p 00000000 00:00 0 
7f2ef2cf4000-7f2ef2df2000 rwxp 00000000 00:00 0 
7f2ef2df2000-7f2ef2df5000 ---p 00000000 00:00 0 
7f2ef2df5000-7f2ef2ef3000 rwxp 00000000 00:00 0 
7f2ef2ef3000-7f2ef2ef4000 ---p 00000000 00:00 0 
7f2ef2ef4000-7f2ef2ff4000 rwxp 00000000 00:00 0 
7f2ef2ff4000-7f2ef5c00000 rw-p 00000000 00:00 0 
7f2ef5c00000-7f2ef9000000 rw-p 00000000 00:00 0 
7f2ef9000000-7f2f09000000 rw-p 00000000 00:00 0 
7f2f09000000-7f2f092c0000 rwxp 00000000 00:00 0 
7f2f092c0000-7f2f0c273000 rw-p 00000000 00:00 0 
7f2f0c273000-7f2f10000000 ---p 00000000 00:00 0 
7f2f10001000-7f2f10005000 r--s 00024000 09:00 3498597                    /usr/local/lib/scilab-5.2.2/share/scilab/modules/xpad/jar/org.scilab.modules.xpad.jar
7f2f10005000-7f2f1001f000 r--s 00000000 09:00 10778                      /usr/share/mime/mime.cache
7f2f1001f000-7f2f1002c000 r--p 00000000 09:00 32977                      /usr/share/icons/Mist/icon-theme.cache
7f2f1002c000-7f2f10037000 r--s 00108000 09:00 2526551                    /usr/local/lib/scilab-5.2.2/thirdparty/jogl.jar
7f2f10038000-7f2f10039000 rw-p 00000000 00:00 0 
7f2f1003b000-7f2f10042000 r--s 00111000 09:00 2526355                    /usr/local/lib/scilab-5.2.2/thirdparty/java/lib/resources.jar
7f2f10042000-7f2f10048000 r--s 00024000 09:00 3504846                    /usr/local/lib/scilab-5.2.2/share/scilab/modules/renderer/jar/org.scilab.modules.renderer.jar
7f2f10048000-7f2f10053000 r--p 00000000 09:00 94600                      /usr/share/locale/fr/LC_MESSAGES/glib20.mo
7f2f10053000-7f2f1007b000 r--p 00000000 09:00 532351                     /usr/share/locale/fr/LC_MESSAGES/gtk20-properties.mo
7f2f1007b000-7f2f10085000 r--s 0004a000 09:00 3489405                    /usr/local/lib/scilab-5.2.2/share/scilab/modules/gui/jar/org.scilab.modules.gui.jar
7f2f10085000-7f2f10086000 r--s 00000000 09:00 3500272                    /usr/local/lib/scilab-5.2.2/share/scilab/modules/action_binding/jar/org.scilab.modules.action_binding.jar
7f2f10086000-7f2f10087000 r--s 00000000 09:00 3490441                    /usr/local/lib/scilab-5.2.2/share/scilab/modules/localization/jar/org.scilab.modules.localization.jar
7f2f10087000-7f2f10089000 r--s 0000a000 09:00 3497021                    /usr/local/lib/scilab-5.2.2/share/scilab/modules/console/jar/org.scilab.modules.console.jar
7f2f10089000-7f2f1008a000 r--s 00000000 09:00 3494430                    /usr/local/lib/scilab-5.2.2/share/scilab/modules/completion/jar/org.scilab.modules.completion.jar
7f2f1008a000-7f2f1008b000 r--s 00000000 09:00 3499431                    /usr/local/lib/scilab-5.2.2/share/scilab/modules/history_manager/jar/org.scilab.modules.history_manager.jar
7f2f1008b000-7f2f1008c000 r--s 00000000 09:00 3498556                    /usr/local/lib/scilab-5.2.2/share/scilab/modules/shell/jar/org.scilab.modules.shell.jar
7f2f1008c000-7f2f1008e000 r--s 00006000 09:00 3488337                    /usr/local/lib/scilab-5.2.2/share/scilab/modules/hdf5/jar/org.scilab.modules.hdf5.jar
7f2f1008e000-7f2f10098000 r--s 00087000 09:00 2526239                    /usr/local/lib/scilab-5.2.2/thirdparty/jhall.jar
7f2f10098000-7f2f10099000 r--s 0000c000 09:00 2526238                    /usr/local/lib/scilab-5.2.2/thirdparty/commons-logging.jar
7f2f10099000-7f2f100a2000 r--s 0005b000 09:00 2526230                    /usr/local/lib/scilab-5.2.2/thirdparty/looks-2.1.1.jar
7f2f100a2000-7f2f100a8000 r--s 0004c000 09:00 2526231                    /usr/local/lib/scilab-5.2.2/thirdparty/skinlf.jar
7f2f100a8000-7f2f100a9000 r--s 00001000 09:00 2526548                    /usr/local/lib/scilab-5.2.2/thirdparty/jrosetta-API.jar
7f2f100a9000-7f2f100ab000 r--s 00008000 09:00 2526514                    /usr/local/lib/scilab-5.2.2/thirdparty/jrosetta-engine.jar
7f2f100ab000-7f2f100ac000 r--s 00001000 09:00 2526548                    /usr/local/lib/scilab-5.2.2/thirdparty/jrosetta-API.jar
7f2f100ac000-7f2f100b6000 r--s 0006a000 09:00 2526542                    /usr/local/lib/scilab-5.2.2/thirdparty/flexdock-0.5.1.jar
7f2f100b6000-7f2f100d9000 r--p 00000000 09:00 270348                     /usr/share/locale/fr/LC_MESSAGES/libc.mo
7f2f100d9000-7f2f102db000 rw-p 00000000 00:00 0 
7f2f102db000-7f2f10472000 r--s 02ab6000 09:00 2526467                    /usr/local/lib/scilab-5.2.2/thirdparty/java/lib/rt.jar
7f2f10472000-7f2f10473000 ---p 00000000 00:00 0 
7f2f10473000-7f2f10573000 rwxp 00000000 00:00 0 
7f2f10573000-7f2f10574000 ---p 00000000 00:00 0 
7f2f10574000-7f2f10674000 rwxp 00000000 00:00 0 
7f2f10674000-7f2f10675000 ---p 00000000 00:00 0 
7f2f10675000-7f2f10775000 rwxp 00000000 00:00 0 
7f2f10775000-7f2f10776000 ---p 00000000 00:00 0 
7f2f10776000-7f2f10876000 rwxp 00000000 00:00 0 
7f2f10876000-7f2f10877000 ---p 00000000 00:00 0 
7f2f10877000-7f2f10977000 rwxp 00000000 00:00 0 
7f2f10977000-7f2f10978000 ---p 00000000 00:00 0 
7f2f10978000-7f2f10a78000 rwxp 00000000 00:00 0 
7f2f10a78000-7f2f10a79000 ---p 00000000 00:00 0 
7f2f10a79000-7f2f10b79000 rwxp 00000000 00:00 0 
7f2f10b79000-7f2f10b7a000 ---p 00000000 00:00 0 
7f2f10b7a000-7f2f10c7a000 rwxp 00000000 00:00 0 
7f2f10c7a000-7f2f10c7b000 ---p 00000000 00:00 0 
7f2f10c7b000-7f2f10d7b000 rwxp 00000000 00:00 0 
7f2f10d7b000-7f2f10d7c000 ---p 00000000 00:00 0 
7f2f10d7c000-7f2f10e7c000 rwxp 00000000 00:00 0 
7f2f10e7c000-7f2f10e7d000 ---p 00000000 00:00 0 
7f2f10e7d000-7f2f10f7d000 rwxp 00000000 00:00 0 
7f2f10f7d000-7f2f10f7e000 ---p 00000000 00:00 0 
7f2f10f7e000-7f2f1107e000 rwxp 00000000 00:00 0 
7f2f1107e000-7f2f1107f000 ---p 00000000 00:00 0 
7f2f1107f000-7f2f1117f000 rwxp 00000000 00:00 0 
7f2f1117f000-7f2f1118f000 rw-p 00000000 00:00 0 
7f2f1118f000-7f2f111a9000 rw-p 00000000 00:00 0 
7f2f111a9000-7f2f111b9000 rw-p 00000000 00:00 0 
7f2f111b9000-7f2f111d3000 rw-p 00000000 00:00 0 
7f2f111d3000-7f2f1125f000 rw-p 00000000 00:00 0 
7f2f1125f000-7f2f11314000 rw-p 00000000 00:00 0 
7f2f11314000-7f2f11322000 r-xp 00000000 09:00 2526429                    /usr/local/lib/scilab-5.2.2/thirdparty/java/lib/amd64/libzip.so
7f2f11322000-7f2f11424000 ---p 0000e000 09:00 2526429                    /usr/local/lib/scilab-5.2.2/thirdparty/java/lib/amd64/libzip.so
7f2f11424000-7f2f11427000 rw-p 00010000 09:00 2526429                    /usr/local/lib/scilab-5.2.2/thirdparty/java/lib/amd64/libzip.so
7f2f11427000-7f2f11428000 rw-p 00000000 00:00 0 
7f2f11428000-7f2f1142f000 r-xp 00000000 09:00 2526439                    /usr/local/lib/scilab-5.2.2/thirdparty/java/lib/amd64/native_threads/libhpi.so
7f2f1142f000-7f2f11530000 ---p 00007000 09:00 2526439                    /usr/local/lib/scilab-5.2.2/thirdparty/java/lib/amd64/native_threads/libhpi.so
7f2f11530000-7f2f11532000 rw-p 00008000 09:00 2526439                    /usr/local/lib/scilab-5.2.2/thirdparty/java/lib/amd64/native_threads/libhpi.so
7f2f11532000-7f2f11533000 rw-p 00000000 00:00 0 
7f2f11533000-7f2f1155c000 r-xp 00000000 09:00 2526423                    /usr/local/lib/scilab-5.2.2/thirdparty/java/lib/amd64/libjava.so
7f2f1155c000-7f2f1165b000 ---p 00029000 09:00 2526423                    /usr/local/lib/scilab-5.2.2/thirdparty/java/lib/amd64/libjava.so
7f2f1165b000-7f2f11662000 rw-p 00028000 09:00 2526423                    /usr/local/lib/scilab-5.2.2/thirdparty/java/lib/amd64/libjava.so
7f2f11662000-7f2f1166f000 r-xp 00000000 09:00 2526411                    /usr/local/lib/scilab-5.2.2/thirdparty/java/lib/amd64/libverify.so
7f2f1166f000-7f2f1176e000 ---p 0000d000 09:00 2526411                    /usr/local/lib/scilab-5.2.2/thirdparty/java/lib/amd64/libverify.so
7f2f1176e000-7f2f11771000 rw-p 0000c000 09:00 2526411                    /usr/local/lib/scilab-5.2.2/thirdparty/java/lib/amd64/libverify.so
7f2f11771000-7f2f11f25000 r-xp 00000000 09:00 2526395                    /usr/local/lib/scilab-5.2.2/thirdparty/java/lib/amd64/server/libjvm.so
7f2f11f25000-7f2f12025000 ---p 007b4000 09:00 2526395                    /usr/local/lib/scilab-5.2.2/thirdparty/java/lib/amd64/server/libjvm.so
7f2f12025000-7f2f121af000 rw-p 007b4000 09:00 2526395                    /usr/local/lib/scilab-5.2.2/thirdparty/java/lib/amd64/server/libjvm.so
7f2f121af000-7f2f121e8000 rw-p 00000000 00:00 0 
7f2f121e8000-7f2f121e9000 ---p 00000000 00:00 0 
7f2f121e9000-7f2f12be9000 rwxp 00000000 00:00 0 
7f2f12be9000-7f2f12c81000 r--p 00000000 09:00 11249                      /usr/share/fonts/dejavu/DejaVuSans.ttf
7f2f12c81000-7f2f12cce000 rw-p 00000000 00:00 0 
7f2f12ccf000-7f2f12cd0000 r--s 00004000 09:00 2526508                    /usr/local/lib/scilab-5.2.2/thirdparty/gluegen-rt.jar
7f2f12cd0000-7f2f12cd1000 r--p 00000000 00:00 0 
7f2f12cd1000-7f2f12cd2000 r--s 00007000 09:00 3494023                    /usr/local/lib/scilab-5.2.2/share/scilab/modules/graphic_export/jar/org.scilab.modules.graphic_export.jar
7f2f12cd2000-7f2f12ce5000 r--p 00000000 09:00 94773                      /usr/share/locale/fr/LC_MESSAGES/gtk20.mo
7f2f12ce5000-7f2f12d3b000 rw-p 00000000 00:00 0 
7f2f12d3b000-7f2f12d43000 rw-s 00000000 09:00 2432583                    /tmp/hsperfdata_smatti/16268
7f2f12d43000-7f2f12d44000 rw-p 00000000 00:00 0 
7f2f12d44000-7f2f12d45000 r--p 00000000 00:00 0 
7f2f12d45000-7f2f12d49000 r--s 00000000 09:00 94081                      /var/cache/fontconfig/87f5e051180a7a75f16eb6fe7dbd3749-x86-64.cache-2
7f2f12d49000-7f2f12d52000 r--s 00000000 09:00 94080                      /var/cache/fontconfig/b79f3aaa7d385a141ab53ec885cc22a8-x86-64.cache-2
7f2f12d52000-7f2f12d57000 r--s 00000000 09:00 1323005                    /var/cache/fontconfig/103e7fb1ea2629e851f0af6e29d50d14-x86-64.cache-2
7f2f12d57000-7f2f12d5c000 r--s 00000000 09:00 1323004                    /var/cache/fontconfig/c4c72d5f47a988aa2d2b5e019553fb0a-x86-64.cache-2
7f2f12d5c000-7f2f12d61000 r--s 00000000 09:00 1323003                    /var/cache/fontconfig/f51c2ebd7e636ed1629dff932acec21b-x86-64.cache-2
7f2f12d61000-7f2f12d63000 r--s 00000000 09:00 93647                      /var/cache/fontconfig/2e1514a9fdd499050989183bb65136db-x86-64.cache-2
7f2f12d63000-7f2f12d7c000 r--s 00000000 09:00 94090                      /var/cache/fontconfig/7a7f22e4c6b2236c525eb458794c6fd2-x86-64.cache-2
7f2f12d7c000-7f2f12d88000 r-xp 00000000 09:00 129671                     /lib64/libnss_files-2.10.1.so
7f2f12d88000-7f2f12f87000 ---p 0000c000 09:00 129671                     /lib64/libnss_files-2.10.1.so
7f2f12f87000-7f2f12f88000 r--p 0000b000 09:00 129671                     /lib64/libnss_files-2.10.1.so
7f2f12f88000-7f2f12f89000 rw-p 0000c000 09:00 129671                     /lib64/libnss_files-2.10.1.so
7f2f12f89000-7f2f12f8b000 r--s 00000000 09:00 94096                      /var/cache/fontconfig/5c755b2f27115486aa6359c84dd3cbda-x86-64.cache-2
7f2f12f8b000-7f2f12f8d000 r--s 00000000 09:00 94095                      /var/cache/fontconfig/3f821257dd33660ba7bbb45c32deb84c-x86-64.cache-2
7f2f12f8d000-7f2f12f8f000 r--s 00000000 09:00 94094                      /var/cache/fontconfig/830f035fa84a65ce80e050178dbb630d-x86-64.cache-2
7f2f12f8f000-7f2f12f90000 r--s 00000000 09:00 94093                      /var/cache/fontconfig/81a173283b451552b599cfaafd6236bd-x86-64.cache-2
7f2f12f90000-7f2f12f93000 r--s 00000000 09:00 10702                      /var/cache/fontconfig/cfde08ab28ad1d91784abb10973575e3-x86-64.cache-2
7f2f12f93000-7f2f12f96000 r--s 00000000 09:00 128494                     /var/cache/fontconfig/6082f993537e886e2b8c280984f3ae67-x86-64.cache-2
7f2f12f96000-7f2f12f97000 r--s 00000000 09:00 94087                      /var/cache/fontconfig/e61abf8156cc476151baa07d67337cae-x86-64.cache-2
7f2f12f97000-7f2f12f9b000 r--s 00000000 09:00 94086                      /var/cache/fontconfig/b67b32625a2bb51b023d3814a918f351-x86-64.cache-2
7f2f12f9b000-7f2f12f9d000 r--s 00000000 09:00 94085                      /var/cache/fontconfig/d3379abda271c4acd2ad0c01f565d0b0-x86-64.cache-2
7f2f12f9d000-7f2f12fa2000 r--s 00000000 09:00 94084                      /var/cache/fontconfig/46b47dbc682d2ca4191e148ea7bde7f2-x86-64.cache-2
7f2f12fa2000-7f2f12fab000 r--s 00000000 09:00 94082                      /var/cache/fontconfig/12b26b760a24f8b4feb03ad48a333a72-x86-64.cache-2
7f2f12fab000-7f2f12fac000 ---p 00000000 00:00 0 
7f2f12fac000-7f2f139ac000 rwxp 00000000 00:00 0 
7f2f139ac000-7f2f139ad000 ---p 00000000 00:00 0 
7f2f139ad000-7f2f143ad000 rwxp 00000000 00:00 0 
7f2f143e6000-7f2f194b9000 r--p 00000000 09:00 270371                     /usr/lib/locale/locale-archive
7f2f194b9000-7f2f194c3000 rw-p 00000000 00:00 0 
7f2f194c3000-7f2f195b5000 r-xp 00000000 09:00 2525855                    /usr/local/lib/scilab-5.2.2/lib/thirdparty/libstdc++.so.6.0.13
7f2f195b5000-7f2f197b5000 ---p 000f2000 09:00 2525855                    /usr/local/lib/scilab-5.2.2/lib/thirdparty/libstdc++.so.6.0.13
7f2f197b5000-7f2f197bc000 r--p 000f2000 09:00 2525855                    /usr/local/lib/scilab-5.2.2/lib/thirdparty/libstdc++.so.6.0.13
7f2f197bc000-7f2f197be000 rw-p 000f9000 09:00 2525855                    /usr/local/lib/scilab-5.2.2/lib/thirdparty/libstdc++.so.6.0.13
7f2f197be000-7f2f197d6000 rw-p 00000000 00:00 0 
7f2f197d6000-7f2f197ec000 r-xp 00000000 09:00 2525895                    /usr/local/lib/scilab-5.2.2/lib/thirdparty/libgcc_s.so.1
7f2f197ec000-7f2f199ec000 ---p 00016000 09:00 2525895                    /usr/local/lib/scilab-5.2.2/lib/thirdparty/libgcc_s.so.1
7f2f199ec000-7f2f199ed000 rw-p 00016000 09:00 2525895                    /usr/local/lib/scilab-5.2.2/lib/thirdparty/libgcc_s.so.1
7f2f199ed000-7f2f199ee000 rw-p 00000000 00:00 0 
7f2f199ee000-7f2f19a04000 r-xp 00000000 09:00 2525914                    /usr/local/lib/scilab-5.2.2/lib/thirdparty/libz.so.1.2.3.3
7f2f19a04000-7f2f19c04000 ---p 00016000 09:00 2525914                    /usr/local/lib/scilab-5.2.2/lib/thirdparty/libz.so.1.2.3.3
7f2f19c04000-7f2f19c05000 rw-p 00016000 09:00 2525914                    /usr/local/lib/scilab-5.2.2/lib/thirdparty/libz.so.1.2.3.3
7f2f19c05000-7f2f19c06000 rw-p 00000000 00:00 0 
7f2f19c06000-7f2f19c41000 r-xp 00000000 09:00 2525782                    /usr/local/lib/scilab-5.2.2/lib/thirdparty/libncurses.so.5.7
7f2f19c41000-7f2f19e40000 ---p 0003b000 09:00 2525782                    /usr/local/lib/scilab-5.2.2/lib/thirdparty/libncurses.so.5.7
7f2f19e40000-7f2f19e45000 rw-p 0003a000 09:00 2525782                    /usr/local/lib/scilab-5.2.2/lib/thirdparty/libncurses.so.5.7
7f2f19e45000-7f2f19e46000 r--s 00000000 09:00 94092                      /var/cache/fontconfig/6cfc7d49b27ba7d3eb71ab86e04def2c-x86-64.cache-2
7f2f19e46000-7f2f19e47000 r--s 00000000 09:00 94091                      /var/cache/fontconfig/044963cbb93fcb06c61d94a50dee394f-x86-64.cache-2
7f2f19e47000-7f2f19e48000 r--s 00000000 09:00 130217                     /var/cache/fontconfig/6fcb01a03a016cc71057b587cdea6709-x86-64.cache-2
7f2f19e48000-7f2f19e49000 r--s 00000000 09:00 94083                      /var/cache/fontconfig/b4d0b56f766d89640448751fcd18ec1e-x86-64.cache-2
7f2f19e49000-7f2f19e50000 r--s 00000000 09:00 94078                      /var/cache/fontconfig/928306c3ad40271d946e41014a49fc28-x86-64.cache-2
7f2f19e50000-7f2f19e57000 r--s 00000000 09:00 94077                      /var/cache/fontconfig/fa1582dab13e7e8e44e5a9424d309f0e-x86-64.cache-2
7f2f19e57000-7f2f19e62000 r--s 00000000 09:00 94076                      /var/cache/fontconfig/e19de935dec46bbf3ed114ee4965548a-x86-64.cache-2
7f2f19e62000-7f2f19e63000 r--s 00000000 09:00 94016                      /var/cache/fontconfig/1248881498ac025e45c3042f6afe9284-x86-64.cache-2
7f2f19e63000-7f2f19e64000 r--s 00000000 09:00 244142                     /var/cache/fontconfig/d04038e664b0033ae700a78c51f179d3-x86-64.cache-2
7f2f19e64000-7f2f19e67000 r--s 00000000 09:00 243947                     /var/cache/fontconfig/beeeeb3dfe132a8a0633a017c99ce0c0-x86-64.cache-2
7f2f19e67000-7f2f19f40000 r-xp 00000000 09:00 2525911                    /usr/local/lib/scilab-5.2.2/lib/thirdparty/libgfortran.so.3.0.0
7f2f19f40000-7f2f1a140000 ---p 000d9000 09:00 2525911                    /usr/local/lib/scilab-5.2.2/lib/thirdparty/libgfortran.so.3.0.0
7f2f1a140000-7f2f1a142000 rw-p 000d9000 09:00 2525911                    /usr/local/lib/scilab-5.2.2/lib/thirdparty/libgfortran.so.3.0.0
7f2f1a142000-7f2f1a143000 rw-p 00000000 00:00 0 
7f2f1a143000-7f2f1a8f4000 r-xp 00000000 09:00 2525773                    /usr/local/lib/scilab-5.2.2/lib/thirdparty/liblapack.so.3gf.0
7f2f1a8f4000-7f2f1aaf3000 ---p 007b1000 09:00 2525773                    /usr/local/lib/scilab-5.2.2/lib/thirdparty/liblapack.so.3gf.0
7f2f1aaf3000-7f2f1aaf4000 r--p 007b0000 09:00 2525773                    /usr/local/lib/scilab-5.2.2/lib/thirdparty/liblapack.so.3gf.0
7f2f1aaf4000-7f2f1aaf8000 rw-p 007b1000 09:00 2525773                    /usr/local/lib/scilab-5.2.2/lib/thirdparty/liblapack.so.3gf.0
7f2f1aaf8000-7f2f1ac05000 rw-p 00000000 00:00 0 
7f2f1ac05000-7f2f1ac34000 r-xp 00000000 09:00 2525819                    /usr/local/lib/scilab-5.2.2/lib/thirdparty/libpcre.so.7.8.0
7f2f1ac34000-7f2f1ae33000 ---p 0002f000 09:00 2525819                    /usr/local/lib/scilab-5.2.2/lib/thirdparty/libpcre.so.7.8.0
7f2f1ae33000-7f2f1ae34000 rw-p 0002e000 09:00 2525819                    /usr/local/lib/scilab-5.2.2/lib/thirdparty/libpcre.so.7.8.0
7f2f1ae34000-7f2f1ae36000 r-xp 00000000 09:00 2525810                    /usr/local/lib/scilab-5.2.2/lib/thirdparty/libpcreposix.so.7.8.0
7f2f1ae36000-7f2f1b035000 ---p 00002000 09:00 2525810                    /usr/local/lib/scilab-5.2.2/lib/thirdparty/libpcreposix.so.7.8.0
7f2f1b035000-7f2f1b036000 rw-p 00001000 09:00 2525810                    /usr/local/lib/scilab-5.2.2/lib/thirdparty/libpcreposix.so.7.8.0
7f2f1b036000-7f2f1b037000 rw-p 00000000 00:00 0 
7f2f1b037000-7f2f1b144000 r-xp 00000000 09:00 2525769                    /usr/local/lib/scilab-5.2.2/lib/thirdparty/libtcl8.5.3.so
7f2f1b144000-7f2f1b344000 ---p 0010d000 09:00 2525769                    /usr/local/lib/scilab-5.2.2/lib/thirdparty/libtcl8.5.3.so
7f2f1b344000-7f2f1b353000 rw-p 0010d000 09:00 2525769                    /usr/local/lib/scilab-5.2.2/lib/thirdparty/libtcl8.5.3.so
7f2f1b353000-7f2f1b354000 rw-p 00000000 00:00 0 
7f2f1b354000-7f2f1b47d000 r-xp 00000000 09:00 2525784                    /usr/local/lib/scilab-5.2.2/lib/thirdparty/libtk8.5.3.so
7f2f1b47d000-7f2f1b67d000 ---p 00129000 09:00 2525784                    /usr/local/lib/scilab-5.2.2/lib/thirdparty/libtk8.5.3.so
7f2f1b67d000-7f2f1b69a000 rw-p 00129000 09:00 2525784                    /usr/local/lib/scilab-5.2.2/lib/thirdparty/libtk8.5.3.so
7f2f1b69a000-7f2f1b69b000 rw-p 00000000 00:00 0 
7f2f1b69b000-7f2f1b729000 r-xp 00000000 09:00 2525886                    /usr/local/lib/scilab-5.2.2/lib/thirdparty/libblas.so.3gf.0
7f2f1b729000-7f2f1b929000 ---p 0008e000 09:00 2525886                    /usr/local/lib/scilab-5.2.2/lib/thirdparty/libblas.so.3gf.0
7f2f1b929000-7f2f1b92a000 rw-p 0008e000 09:00 2525886                    /usr/local/lib/scilab-5.2.2/lib/thirdparty/libblas.so.3gf.0
7f2f1b92a000-7f2f1b92b000 rw-p 00000000 00:00 0 
7f2f1b92b000-7f2f1bbd3000 r-xp 00000000 09:00 2525859                    /usr/local/lib/scilab-5.2.2/lib/thirdparty/libhdf5-1.8.3.so.6.0.2
7f2f1bbd3000-7f2f1bcd3000 ---p 002a8000 09:00 2525859                    /usr/local/lib/scilab-5.2.2/lib/thirdparty/libhdf5-1.8.3.so.6.0.2
7f2f1bcd3000-7f2f1bcdd000 rw-p 002a8000 09:00 2525859                    /usr/local/lib/scilab-5.2.2/lib/thirdparty/libhdf5-1.8.3.so.6.0.2
7f2f1bcdd000-7f2f1bcde000 rw-p 00000000 00:00 0 
7f2f1bcde000-7f2f1bce2000 r-xp 00000000 09:00 2526128                    /usr/local/lib/scilab-5.2.2/lib/scilab/libscihdf5-forceload.so.5.0.2
7f2f1bce2000-7f2f1bee1000 ---p 00004000 09:00 2526128                    /usr/local/lib/scilab-5.2.2/lib/scilab/libscihdf5-forceload.so.5.0.2
7f2f1bee1000-7f2f1bee2000 r--p 00003000 09:00 2526128                    /usr/local/lib/scilab-5.2.2/lib/scilab/libscihdf5-forceload.so.5.0.2
7f2f1bee2000-7f2f1bee3000 rw-p 00004000 09:00 2526128                    /usr/local/lib/scilab-5.2.2/lib/scilab/libscihdf5-forceload.so.5.0.2
7f2f1bee3000-7f2f1bf10000 r-xp 00000000 09:00 2526031                    /usr/local/lib/scilab-5.2.2/lib/scilab/libscioutput_stream.so.5.0.2
7f2f1bf10000-7f2f1c10f000 ---p 0002d000 09:00 2526031                    /usr/local/lib/scilab-5.2.2/lib/scilab/libscioutput_stream.so.5.0.2
7f2f1c10f000-7f2f1c110000 r--p 0002c000 09:00 2526031                    /usr/local/lib/scilab-5.2.2/lib/scilab/libscioutput_stream.so.5.0.2
7f2f1c110000-7f2f1c111000 rw-p 0002d000 09:00 2526031                    /usr/local/lib/scilab-5.2.2/lib/scilab/libscioutput_stream.so.5.0.2
7f2f1c111000-7f2f1c1cf000 rw-p 00000000 00:00 0 
7f2f1c1cf000-7f2f1c1d0000 r-xp 00000000 09:00 2526136                    /usr/local/lib/scilab-5.2.2/lib/scilab/libscimalloc.so.5.0.2
7f2f1c1d0000-7f2f1c3cf000 ---p 00001000 09:00 2526136                    /usr/local/lib/scilab-5.2.2/lib/scilab/libscimalloc.so.5.0.2
7f2f1c3cf000-7f2f1c3d0000 r--p 00000000 09:00 2526136                    /usr/local/lib/scilab-5.2.2/lib/scilab/libscimalloc.so.5.0.2
7f2f1c3d0000-7f2f1c3d1000 rw-p 00001000 09:00 2526136                    /usr/local/lib/scilab-5.2.2/lib/scilab/libscimalloc.so.5.0.2
7f2f1c3d1000-7f2f1c522000 r-xp 00000000 09:00 2525921                    /usr/local/lib/scilab-5.2.2/lib/thirdparty/libxml2.so.2.7.6
7f2f1c522000-7f2f1c721000 ---p 00151000 09:00 2525921                    /usr/local/lib/scilab-5.2.2/lib/thirdparty/libxml2.so.2.7.6
7f2f1c721000-7f2f1c72b000 rw-p 00150000 09:00 2525921                    /usr/local/lib/scilab-5.2.2/lib/thirdparty/libxml2.so.2.7.6
7f2f1c72b000-7f2f1c72c000 rw-p 00000000 00:00 0 
7f2f1c72c000-7f2f1c738000 r-xp 00000000 09:00 2526183                    /usr/local/lib/scilab-5.2.2/lib/scilab/libscixpad.so.5.0.2
7f2f1c738000-7f2f1c937000 ---p 0000c000 09:00 2526183                    /usr/local/lib/scilab-5.2.2/lib/scilab/libscixpad.so.5.0.2
7f2f1c937000-7f2f1c938000 r--p 0000b000 09:00 2526183                    /usr/local/lib/scilab-5.2.2/lib/scilab/libscixpad.so.5.0.2
7f2f1c938000-7f2f1c939000 rw-p 0000c000 09:00 2526183                    /usr/local/lib/scilab-5.2.2/lib/scilab/libscixpad.so.5.0.2
7f2f1c939000-7f2f1c93a000 rw-p 00000000 00:00 0 
7f2f1c93a000-7f2f1c94a000 r-xp 00000000 09:00 2525978                    /usr/local/lib/scilab-5.2.2/lib/scilab/libscixcos.so.5.0.2
7f2f1c94a000-7f2f1cb49000 ---p 00010000 09:00 2525978                    /usr/local/lib/scilab-5.2.2/lib/scilab/libscixcos.so.5.0.2
7f2f1cb49000-7f2f1cb4a000 r--p 0000f000 09:00 2525978                    /usr/local/lib/scilab-5.2.2/lib/scilab/libscixcos.so.5.0.2
7f2f1cb4a000-7f2f1cb4b000 rw-p 00010000 09:00 2525978                    /usr/local/lib/scilab-5.2.2/lib/scilab/libscixcos.so.5.0.2
7f2f1cb4b000-7f2f1cb4c000 r-xp 00000000 09:00 2526192                    /usr/local/lib/scilab-5.2.2/lib/scilab/libscidynamiclibrary.so.5.0.2
7f2f1cb4c000-7f2f1cd4b000 ---p 00001000 09:00 2526192                    /usr/local/lib/scilab-5.2.2/lib/scilab/libscidynamiclibrary.so.5.0.2
7f2f1cd4b000-7f2f1cd4c000 r--p 00000000 09:00 2526192                    /usr/local/lib/scilab-5.2.2/lib/scilab/libscidynamiclibrary.so.5.0.2
7f2f1cd4c000-7f2f1cd4d000 rw-p 00001000 09:00 2526192                    /usr/local/lib/scilab-5.2.2/lib/scilab/libscidynamiclibrary.so.5.0.2
7f2f1cd4d000-7f2f1cd50000 r-xp 00000000 09:00 2526099                    /usr/local/lib/scilab-5.2.2/lib/scilab/libscilibst.so.5.0.2
7f2f1cd50000-7f2f1cf4f000 ---p 00003000 09:00 2526099                    /usr/local/lib/scilab-5.2.2/lib/scilab/libscilibst.so.5.0.2
7f2f1cf4f000-7f2f1cf50000 r--p 00002000 09:00 2526099                    /usr/local/lib/scilab-5.2.2/lib/scilab/libscilibst.so.5.0.2
7f2f1cf50000-7f2f1cf51000 rw-p 00003000 09:00 2526099                    /usr/local/lib/scilab-5.2.2/lib/scilab/libscilibst.so.5.0.2
7f2f1cf51000-7f2f1cf52000 rw-p 00000000 00:00 0 
7f2f1cf52000-7f2f1cf6e000 r-xp 00000000 09:00 2526010                    /usr/local/lib/scilab-5.2.2/lib/scilab/libsciapi_scilab.so.5.0.2
7f2f1cf6e000-7f2f1d16d000 ---p 0001c000 09:00 2526010                    /usr/local/lib/scilab-5.2.2/lib/scilab/libsciapi_scilab.so.5.0.2
7f2f1d16d000-7f2f1d16e000 r--p 0001b000 09:00 2526010                    /usr/local/lib/scilab-5.2.2/lib/scilab/libsciapi_scilab.so.5.0.2
7f2f1d16e000-7f2f1d16f000 rw-p 0001c000 09:00 2526010                    /usr/local/lib/scilab-5.2.2/lib/scilab/libsciapi_scilab.so.5.0.2
7f2f1d16f000-7f2f1d1a3000 r-xp 00000000 09:00 2526185                    /usr/local/lib/scilab-5.2.2/lib/scilab/libsciarnoldi.so.5.0.2
7f2f1d1a3000-7f2f1d3a3000 ---p 00034000 09:00 2526185                    /usr/local/lib/scilab-5.2.2/lib/scilab/libsciarnoldi.so.5.0.2
7f2f1d3a3000-7f2f1d3a4000 r--p 00034000 09:00 2526185                    /usr/local/lib/scilab-5.2.2/lib/scilab/libsciarnoldi.so.5.0.2
7f2f1d3a4000-7f2f1d3a5000 rw-p 00035000 09:00 2526185                    /usr/local/lib/scilab-5.2.2/lib/scilab/libsciarnoldi.so.5.0.2
7f2f1d3a5000-7f2f1d437000 r-xp 00000000 09:00 2526001                    /usr/local/lib/scilab-5.2.2/lib/scilab/libscielementary_functions.so.5.0.2
7f2f1d437000-7f2f1d636000 ---p 00092000 09:00 2526001                    /usr/local/lib/scilab-5.2.2/lib/scilab/libscielementary_functions.so.5.0.2
7f2f1d636000-7f2f1d637000 r--p 00091000 09:00 2526001                    /usr/local/lib/scilab-5.2.2/lib/scilab/libscielementary_functions.so.5.0.2
7f2f1d637000-7f2f1d63b000 rw-p 00092000 09:00 2526001                    /usr/local/lib/scilab-5.2.2/lib/scilab/libscielementary_functions.so.5.0.2
7f2f1d63b000-7f2f1d6f7000 rw-p 00000000 00:00 0 
7f2f1d6f7000-7f2f1d715000 r-xp 00000000 09:00 2525936                    /usr/local/lib/scilab-5.2.2/lib/scilab/libscistring.so.5.0.2
7f2f1d715000-7f2f1d914000 ---p 0001e000 09:00 2525936                    /usr/local/lib/scilab-5.2.2/lib/scilab/libscistring.so.5.0.2
7f2f1d914000-7f2f1d915000 r--p 0001d000 09:00 2525936                    /usr/local/lib/scilab-5.2.2/lib/scilab/libscistring.so.5.0.2
7f2f1d915000-7f2f1d916000 rw-p 0001e000 09:00 2525936                    /usr/local/lib/scilab-5.2.2/lib/scilab/libscistring.so.5.0.2
7f2f1d916000-7f2f1d9d0000 rw-p 00000000 00:00 0 
7f2f1d9d0000-7f2f1d9f4000 r-xp 00000000 09:00 2525938                    /usr/local/lib/scilab-5.2.2/lib/scilab/libscifileio.so.5.0.2
7f2f1d9f4000-7f2f1dbf3000 ---p 00024000 09:00 2525938                    /usr/local/lib/scilab-5.2.2/lib/scilab/libscifileio.so.5.0.2
7f2f1dbf3000-7f2f1dbf4000 r--p 00023000 09:00 2525938                    /usr/local/lib/scilab-5.2.2/lib/scilab/libscifileio.so.5.0.2
7f2f1dbf4000-7f2f1dbf5000 rw-p 00024000 09:00 2525938                    /usr/local/lib/scilab-5.2.2/lib/scilab/libscifileio.so.5.0.2
7f2f1dbf5000-7f2f1dbfc000 r-xp 00000000 09:00 2525942                    /usr/local/lib/scilab-5.2.2/lib/scilab/libscijvm.so.5.0.2
7f2f1dbfc000-7f2f1ddfc000 ---p 00007000 09:00 2525942                    /usr/local/lib/scilab-5.2.2/lib/scilab/libscijvm.so.5.0.2
7f2f1ddfc000-7f2f1ddfd000 r--p 00007000 09:00 2525942                    /usr/local/lib/scilab-5.2.2/lib/scilab/libscijvm.so.5.0.2
7f2f1ddfd000-7f2f1ddfe000 rw-p 00008000 09:00 2525942                    /usr/local/lib/scilab-5.2.2/lib/scilab/libscijvm.so.5.0.2
7f2f1ddfe000-7f2f1ddff000 rw-p 00000000 00:00 0 
7f2f1ddff000-7f2f1de0d000 r-xp 00000000 09:00 2526138                    /usr/local/lib/scilab-5.2.2/lib/scilab/libscihistory_manager.so.5.0.2
7f2f1de0d000-7f2f1e00c000 ---p 0000e000 09:00 2526138                    /usr/local/lib/scilab-5.2.2/lib/scilab/libscihistory_manager.so.5.0.2
7f2f1e00c000-7f2f1e00d000 r--p 0000d000 09:00 2526138                    /usr/local/lib/scilab-5.2.2/lib/scilab/libscihistory_manager.so.5.0.2
7f2f1e00d000-7f2f1e00e000 rw-p 0000e000 09:00 2526138                    /usr/local/lib/scilab-5.2.2/lib/scilab/libscihistory_manager.so.5.0.2
7f2f1e00e000-7f2f1e010000 r-xp 00000000 09:00 2526028                    /usr/local/lib/scilab-5.2.2/lib/scilab/libsciaction_binding.so.5.0.2
7f2f1e010000-7f2f1e20f000 ---p 00002000 09:00 2526028                    /usr/local/lib/scilab-5.2.2/lib/scilab/libsciaction_binding.so.5.0.2
7f2f1e20f000-7f2f1e210000 r--p 00001000 09:00 2526028                    /usr/local/lib/scilab-5.2.2/lib/scilab/libsciaction_binding.so.5.0.2
7f2f1e210000-7f2f1e211000 rw-p 00002000 09:00 2526028                    /usr/local/lib/scilab-5.2.2/lib/scilab/libsciaction_binding.so.5.0.2
7f2f1e211000-7f2f1e21e000 r-xp 00000000 09:00 2525940                    /usr/local/lib/scilab-5.2.2/lib/scilab/libsciconsole.so.5.0.2
7f2f1e21e000-7f2f1e41d000 ---p 0000d000 09:00 2525940                    /usr/local/lib/scilab-5.2.2/lib/scilab/libsciconsole.so.5.0.2
7f2f1e41d000-7f2f1e41e000 r--p 0000c000 09:00 2525940                    /usr/local/lib/scilab-5.2.2/lib/scilab/libsciconsole.so.5.0.2
7f2f1e41e000-7f2f1e41f000 rw-p 0000d000 09:00 2525940                    /usr/local/lib/scilab-5.2.2/lib/scilab/libsciconsole.so.5.0.2
7f2f1e41f000-7f2f1e420000 rw-p 00000000 00:00 0 
7f2f1e420000-7f2f1e454000 r-xp 00000000 09:00 2526097                    /usr/local/lib/scilab-5.2.2/lib/scilab/libscigraphic_export.so.5.0.2
7f2f1e454000-7f2f1e653000 ---p 00034000 09:00 2526097                    /usr/local/lib/scilab-5.2.2/lib/scilab/libscigraphic_export.so.5.0.2
7f2f1e653000-7f2f1e654000 r--p 00033000 09:00 2526097                    /usr/local/lib/scilab-5.2.2/lib/scilab/libscigraphic_export.so.5.0.2
7f2f1e654000-7f2f1e655000 rw-p 00034000 09:00 2526097                    /usr/local/lib/scilab-5.2.2/lib/scilab/libscigraphic_export.so.5.0.2
7f2f1e655000-7f2f1e657000 r-xp 00000000 09:00 2525988                    /usr/local/lib/scilab-5.2.2/lib/scilab/libscidoublylinkedlist.so.5.0.2
7f2f1e657000-7f2f1e856000 ---p 00002000 09:00 2525988                    /usr/local/lib/scilab-5.2.2/lib/scilab/libscidoublylinkedlist.so.5.0.2
7f2f1e856000-7f2f1e857000 r--p 00001000 09:00 2525988                    /usr/local/lib/scilab-5.2.2/lib/scilab/libscidoublylinkedlist.so.5.0.2
7f2f1e857000-7f2f1e858000 rw-p 00002000 09:00 2525988                    /usr/local/lib/scilab-5.2.2/lib/scilab/libscidoublylinkedlist.so.5.0.2
7f2f1e858000-7f2f1e9d0000 r-xp 00000000 09:00 2525962                    /usr/local/lib/scilab-5.2.2/lib/scilab/libscirenderer.so.5.0.2
7f2f1e9d0000-7f2f1ebcf000 ---p 00178000 09:00 2525962                    /usr/local/lib/scilab-5.2.2/lib/scilab/libscirenderer.so.5.0.2
7f2f1ebcf000-7f2f1ebe7000 r--p 00177000 09:00 2525962                    /usr/local/lib/scilab-5.2.2/lib/scilab/libscirenderer.so.5.0.2
7f2f1ebe7000-7f2f1ebea000 rw-p 0018f000 09:00 2525962                    /usr/local/lib/scilab-5.2.2/lib/scilab/libscirenderer.so.5.0.2
7f2f1ebea000-7f2f1ebeb000 rw-p 00000000 00:00 0 
7f2f1ebeb000-7f2f1ec51000 r-xp 00000000 09:00 2526049                    /usr/local/lib/scilab-5.2.2/lib/scilab/libscigui.so.5.0.2
7f2f1ec51000-7f2f1ee50000 ---p 00066000 09:00 2526049                    /usr/local/lib/scilab-5.2.2/lib/scilab/libscigui.so.5.0.2
7f2f1ee50000-7f2f1ee51000 r--p 00065000 09:00 2526049                    /usr/local/lib/scilab-5.2.2/lib/scilab/libscigui.so.5.0.2
7f2f1ee51000-7f2f1ee53000 rw-p 00066000 09:00 2526049                    /usr/local/lib/scilab-5.2.2/lib/scilab/libscigui.so.5.0.2
7f2f1ee53000-7f2f1ee5d000 r-xp 00000000 09:00 2526052                    /usr/local/lib/scilab-5.2.2/lib/scilab/libscitclsci.so.5.0.2
7f2f1ee5d000-7f2f1f05c000 ---p 0000a000 09:00 2526052                    /usr/local/lib/scilab-5.2.2/lib/scilab/libscitclsci.so.5.0.2
7f2f1f05c000-7f2f1f05d000 r--p 00009000 09:00 2526052                    /usr/local/lib/scilab-5.2.2/lib/scilab/libscitclsci.so.5.0.2
7f2f1f05d000-7f2f1f05e000 rw-p 0000a000 09:00 2526052                    /usr/local/lib/scilab-5.2.2/lib/scilab/libscitclsci.so.5.0.2
7f2f1f05e000-7f2f1f060000 r-xp 00000000 09:00 2526197                    /usr/local/lib/scilab-5.2.2/lib/scilab/libscihashtable.so.5.0.2
7f2f1f060000-7f2f1f25f000 ---p 00002000 09:00 2526197                    /usr/local/lib/scilab-5.2.2/lib/scilab/libscihashtable.so.5.0.2
7f2f1f25f000-7f2f1f260000 r--p 00001000 09:00 2526197                    /usr/local/lib/scilab-5.2.2/lib/scilab/libscihashtable.so.5.0.2
7f2f1f260000-7f2f1f261000 rw-p 00002000 09:00 2526197                    /usr/local/lib/scilab-5.2.2/lib/scilab/libscihashtable.so.5.0.2
7f2f1f261000-7f2f1f262000 rw-p 00000000 00:00 0 
7f2f1f262000-7f2f1f2dc000 r-xp 00000000 09:00 2526117                    /usr/local/lib/scilab-5.2.2/lib/scilab/libscigraphics.so.5.0.2
7f2f1f2dc000-7f2f1f4db000 ---p 0007a000 09:00 2526117                    /usr/local/lib/scilab-5.2.2/lib/scilab/libscigraphics.so.5.0.2
7f2f1f4db000-7f2f1f4dd000 r--p 00079000 09:00 2526117                    /usr/local/lib/scilab-5.2.2/lib/scilab/libscigraphics.so.5.0.2
7f2f1f4dd000-7f2f1f4e0000 rw-p 0007b000 09:00 2526117                    /usr/local/lib/scilab-5.2.2/lib/scilab/libscigraphics.so.5.0.2
7f2f1f4e0000-7f2f1f4e1000 rw-p 00000000 00:00 0 
7f2f1f4e1000-7f2f1f4ea000 r-xp 00000000 09:00 2526030                    /usr/local/lib/scilab-5.2.2/lib/scilab/libscifunctions.so.5.0.2
7f2f1f4ea000-7f2f1f6e9000 ---p 00009000 09:00 2526030                    /usr/local/lib/scilab-5.2.2/lib/scilab/libscifunctions.so.5.0.2
7f2f1f6e9000-7f2f1f6ea000 r--p 00008000 09:00 2526030                    /usr/local/lib/scilab-5.2.2/lib/scilab/libscifunctions.so.5.0.2
7f2f1f6ea000-7f2f1f6eb000 rw-p 00009000 09:00 2526030                    /usr/local/lib/scilab-5.2.2/lib/scilab/libscifunctions.so.5.0.2
7f2f1f6eb000-7f2f1f7a5000 rw-p 00000000 00:00 0 
7f2f1f7a5000-7f2f1f7ba000 r-xp 00000000 09:00 2526160                    /usr/local/lib/scilab-5.2.2/lib/scilab/libscihdf5.so.5.0.2
7f2f1f7ba000-7f2f1f9b9000 ---p 00015000 09:00 2526160                    /usr/local/lib/scilab-5.2.2/lib/scilab/libscihdf5.so.5.0.2
7f2f1f9b9000-7f2f1f9ba000 r--p 00014000 09:00 2526160                    /usr/local/lib/scilab-5.2.2/lib/scilab/libscihdf5.so.5.0.2
7f2f1f9ba000-7f2f1f9bb000 rw-p 00015000 09:00 2526160                    /usr/local/lib/scilab-5.2.2/lib/scilab/libscihdf5.so.5.0.2
7f2f1f9bb000-7f2f1f9bc000 rw-p 00000000 00:00 0 
7f2f1f9bc000-7f2f1fab9000 r-xp 00000000 09:00 2525856                    /usr/local/lib/scilab-5.2.2/lib/thirdparty/libfftw3.so.3.2.3
7f2f1fab9000-7f2f1fcb9000 ---p 000fd000 09:00 2525856                    /usr/local/lib/scilab-5.2.2/lib/thirdparty/libfftw3.so.3.2.3
7f2f1fcb9000-7f2f1fcc0000 rw-p 000fd000 09:00 2525856                    /usr/local/lib/scilab-5.2.2/lib/thirdparty/libfftw3.so.3.2.3
7f2f1fcc0000-7f2f1fcc6000 r-xp 00000000 09:00 2525952                    /usr/local/lib/scilab-5.2.2/lib/scilab/libscifftw.so.5.0.2
7f2f1fcc6000-7f2f1fec5000 ---p 00006000 09:00 2525952                    /usr/local/lib/scilab-5.2.2/lib/scilab/libscifftw.so.5.0.2
7f2f1fec5000-7f2f1fec6000 r--p 00005000 09:00 2525952                    /usr/local/lib/scilab-5.2.2/lib/scilab/libscifftw.so.5.0.2
7f2f1fec6000-7f2f1fec7000 rw-p 00006000 09:00 2525952                    /usr/local/lib/scilab-5.2.2/lib/scilab/libscifftw.so.5.0.2
7f2f1fec7000-7f2f1fed0000 r-xp 00000000 09:00 2526018                    /usr/local/lib/scilab-5.2.2/lib/scilab/libscidynamic_link.so.5.0.2
7f2f1fed0000-7f2f200cf000 ---p 00009000 09:00 2526018                    /usr/local/lib/scilab-5.2.2/lib/scilab/libscidynamic_link.so.5.0.2
7f2f200cf000-7f2f200d0000 r--p 00008000 09:00 2526018                    /usr/local/lib/scilab-5.2.2/lib/scilab/libscidynamic_link.so.5.0.2
7f2f200d0000-7f2f200d1000 rw-p 00009000 09:00 2526018                    /usr/local/lib/scilab-5.2.2/lib/scilab/libscidynamic_link.so.5.0.2
7f2f200d1000-7f2f201d4000 rw-p 00000000 00:00 0 
7f2f201d4000-7f2f201ff000 r-xp 00000000 09:00 2526102                    /usr/local/lib/scilab-5.2.2/lib/scilab/libscilinear_algebra.so.5.0.2
7f2f201ff000-7f2f203fe000 ---p 0002b000 09:00 2526102                    /usr/local/lib/scilab-5.2.2/lib/scilab/libscilinear_algebra.so.5.0.2
7f2f203fe000-7f2f203ff000 r--p 0002a000 09:00 2526102                    /usr/local/lib/scilab-5.2.2/lib/scilab/libscilinear_algebra.so.5.0.2
7f2f203ff000-7f2f20400000 rw-p 0002b000 09:00 2526102                    /usr/local/lib/scilab-5.2.2/lib/scilab/libscilinear_algebra.so.5.0.2
7f2f20400000-7f2f204ba000 rw-p 00000000 00:00 0 
7f2f204ba000-7f2f204e7000 r-xp 00000000 09:00 2526167                    /usr/local/lib/scilab-5.2.2/lib/scilab/libsciinteger.so.5.0.2
7f2f204e7000-7f2f206e6000 ---p 0002d000 09:00 2526167                    /usr/local/lib/scilab-5.2.2/lib/scilab/libsciinteger.so.5.0.2
7f2f206e6000-7f2f206e7000 r--p 0002c000 09:00 2526167                    /usr/local/lib/scilab-5.2.2/lib/scilab/libsciinteger.so.5.0.2
7f2f206e7000-7f2f206e8000 rw-p 0002d000 09:00 2526167                    /usr/local/lib/scilab-5.2.2/lib/scilab/libsciinteger.so.5.0.2
7f2f206e8000-7f2f207a2000 rw-p 00000000 00:00 0 
7f2f207a2000-7f2f207b2000 r-xp 00000000 09:00 2526040                    /usr/local/lib/scilab-5.2.2/lib/scilab/libscidata_structures.so.5.0.2
7f2f207b2000-7f2f209b1000 ---p 00010000 09:00 2526040                    /usr/local/lib/scilab-5.2.2/lib/scilab/libscidata_structures.so.5.0.2
7f2f209b1000-7f2f209b2000 r--p 0000f000 09:00 2526040                    /usr/local/lib/scilab-5.2.2/lib/scilab/libscidata_structures.so.5.0.2
7f2f209b2000-7f2f209b3000 rw-p 00010000 09:00 2526040                    /usr/local/lib/scilab-5.2.2/lib/scilab/libscidata_structures.so.5.0.2
7f2f209b3000-7f2f20a6e000 rw-p 00000000 00:00 0 
7f2f20a6e000-7f2f20a7a000 r-xp 00000000 09:00 2526198                    /usr/local/lib/scilab-5.2.2/lib/scilab/libmex.so.5.0.2
7f2f20a7a000-7f2f20c79000 ---p 0000c000 09:00 2526198                    /usr/local/lib/scilab-5.2.2/lib/scilab/libmex.so.5.0.2
7f2f20c79000-7f2f20c7a000 r--p 0000b000 09:00 2526198                    /usr/local/lib/scilab-5.2.2/lib/scilab/libmex.so.5.0.2
7f2f20c7a000-7f2f20c7b000 rw-p 0000c000 09:00 2526198                    /usr/local/lib/scilab-5.2.2/lib/scilab/libmex.so.5.0.2
7f2f20c7b000-7f2f20c7d000 rw-p 00000000 00:00 0 
7f2f20c7d000-7f2f20ce8000 r-xp 00000000 09:00 2525987                    /usr/local/lib/scilab-5.2.2/lib/scilab/libscidifferential_equations.so.5.0.2
7f2f20ce8000-7f2f20ee8000 ---p 0006b000 09:00 2525987                    /usr/local/lib/scilab-5.2.2/lib/scilab/libscidifferential_equations.so.5.0.2
7f2f20ee8000-7f2f20ee9000 r--p 0006b000 09:00 2525987                    /usr/local/lib/scilab-5.2.2/lib/scilab/libscidifferential_equations.so.5.0.2
7f2f20ee9000-7f2f20eea000 rw-p 0006c000 09:00 2525987                    /usr/local/lib/scilab-5.2.2/lib/scilab/libscidifferential_equations.so.5.0.2
7f2f20eea000-7f2f20fac000 rw-p 00000000 00:00 0 
7f2f20fac000-7f2f20fb8000 r-xp 00000000 09:00 2525996                    /usr/local/lib/scilab-5.2.2/lib/scilab/libmat.so.5.0.2
7f2f20fb8000-7f2f211b7000 ---p 0000c000 09:00 2525996                    /usr/local/lib/scilab-5.2.2/lib/scilab/libmat.so.5.0.2
7f2f211b7000-7f2f211b8000 r--p 0000b000 09:00 2525996                    /usr/local/lib/scilab-5.2.2/lib/scilab/libmat.so.5.0.2
7f2f211b8000-7f2f211b9000 rw-p 0000c000 09:00 2525996                    /usr/local/lib/scilab-5.2.2/lib/scilab/libmat.so.5.0.2
7f2f211b9000-7f2f211bc000 rw-p 00000000 00:00 0 
7f2f211bc000-7f2f211c8000 r-xp 00000000 09:00 2525939                    /usr/local/lib/scilab-5.2.2/lib/scilab/libmx.so.5.0.2
7f2f211c8000-7f2f213c7000 ---p 0000c000 09:00 2525939                    /usr/local/lib/scilab-5.2.2/lib/scilab/libmx.so.5.0.2
7f2f213c7000-7f2f213c8000 r--p 0000b000 09:00 2525939                    /usr/local/lib/scilab-5.2.2/lib/scilab/libmx.so.5.0.2
7f2f213c8000-7f2f213c9000 rw-p 0000c000 09:00 2525939                    /usr/local/lib/scilab-5.2.2/lib/scilab/libmx.so.5.0.2
7f2f213c9000-7f2f213cb000 rw-p 00000000 00:00 0 
7f2f213cb000-7f2f214aa000 r-xp 00000000 09:00 2526190                    /usr/local/lib/scilab-5.2.2/lib/scilab/libscicacsd.so.5.0.2
7f2f214aa000-7f2f216aa000 ---p 000df000 09:00 2526190                    /usr/local/lib/scilab-5.2.2/lib/scilab/libscicacsd.so.5.0.2
7f2f216aa000-7f2f216ab000 r--p 000df000 09:00 2526190                    /usr/local/lib/scilab-5.2.2/lib/scilab/libscicacsd.so.5.0.2
7f2f216ab000-7f2f216ac000 rw-p 000e0000 09:00 2526190                    /usr/local/lib/scilab-5.2.2/lib/scilab/libscicacsd.so.5.0.2
7f2f216ac000-7f2f21766000 rw-p 00000000 00:00 0 
7f2f21766000-7f2f21793000 r-xp 00000000 09:00 2526113                    /usr/local/lib/scilab-5.2.2/lib/scilab/libscipolynomials.so.5.0.2
7f2f21793000-7f2f21992000 ---p 0002d000 09:00 2526113                    /usr/local/lib/scilab-5.2.2/lib/scilab/libscipolynomials.so.5.0.2
7f2f21992000-7f2f21993000 r--p 0002c000 09:00 2526113                    /usr/local/lib/scilab-5.2.2/lib/scilab/libscipolynomials.so.5.0.2
7f2f21993000-7f2f21994000 rw-p 0002d000 09:00 2526113                    /usr/local/lib/scilab-5.2.2/lib/scilab/libscipolynomials.so.5.0.2
7f2f21994000-7f2f21a50000 rw-p 00000000 00:00 0 
7f2f21a50000-7f2f21a9f000 r-xp 00000000 09:00 2526125                    /usr/local/lib/scilab-5.2.2/lib/scilab/libscisparse.so.5.0.2
7f2f21a9f000-7f2f21c9e000 ---p 0004f000 09:00 2526125                    /usr/local/lib/scilab-5.2.2/lib/scilab/libscisparse.so.5.0.2
7f2f21c9e000-7f2f21c9f000 r--p 0004e000 09:00 2526125                    /usr/local/lib/scilab-5.2.2/lib/scilab/libscisparse.so.5.0.2
7f2f21c9f000-7f2f21ca0000 rw-p 0004f000 09:00 2526125                    /usr/local/lib/scilab-5.2.2/lib/scilab/libscisparse.so.5.0.2
7f2f21ca0000-7f2f21d5a000 rw-p 00000000 00:00 0 
7f2f21d5a000-7f2f21d5b000 r-xp 00000000 09:00 2526110                    /usr/local/lib/scilab-5.2.2/lib/scilab/libscipvm.so.5.0.2
7f2f21d5b000-7f2f21f5a000 ---p 00001000 09:00 2526110                    /usr/local/lib/scilab-5.2.2/lib/scilab/libscipvm.so.5.0.2
7f2f21f5a000-7f2f21f5b000 r--p 00000000 09:00 2526110                    /usr/local/lib/scilab-5.2.2/lib/scilab/libscipvm.so.5.0.2
7f2f21f5b000-7f2f21f5c000 rw-p 00001000 09:00 2526110                    /usr/local/lib/scilab-5.2.2/lib/scilab/libscipvm.so.5.0.2
7f2f21f5c000-7f2f21f5d000 r-xp 00000000 09:00 2526115                    /usr/local/lib/scilab-5.2.2/lib/scilab/libsciwindows_tools.so.5.0.2
7f2f21f5d000-7f2f2215c000 ---p 00001000 09:00 2526115                    /usr/local/lib/scilab-5.2.2/lib/scilab/libsciwindows_tools.so.5.0.2
7f2f2215c000-7f2f2215d000 r--p 00000000 09:00 2526115                    /usr/local/lib/scilab-5.2.2/lib/scilab/libsciwindows_tools.so.5.0.2
7f2f2215d000-7f2f2215e000 rw-p 00001000 09:00 2526115                    /usr/local/lib/scilab-5.2.2/lib/scilab/libsciwindows_tools.so.5.0.2
7f2f2215e000-7f2f2215f000 rw-p 00000000 00:00 0 
7f2f2215f000-7f2f22162000 r-xp 00000000 09:00 2526016                    /usr/local/lib/scilab-5.2.2/lib/scilab/libscitime.so.5.0.2
7f2f22162000-7f2f22362000 ---p 00003000 09:00 2526016                    /usr/local/lib/scilab-5.2.2/lib/scilab/libscitime.so.5.0.2
7f2f22362000-7f2f22363000 r--p 00003000 09:00 2526016                    /usr/local/lib/scilab-5.2.2/lib/scilab/libscitime.so.5.0.2
7f2f22363000-7f2f22364000 rw-p 00004000 09:00 2526016                    /usr/local/lib/scilab-5.2.2/lib/scilab/libscitime.so.5.0.2
7f2f22364000-7f2f2237e000 r-xp 00000000 09:00 2526195                    /usr/local/lib/scilab-5.2.2/lib/scilab/libscistatistics.so.5.0.2
7f2f2237e000-7f2f2257d000 ---p 0001a000 09:00 2526195                    /usr/local/lib/scilab-5.2.2/lib/scilab/libscistatistics.so.5.0.2
7f2f2257d000-7f2f2257e000 r--p 00019000 09:00 2526195                    /usr/local/lib/scilab-5.2.2/lib/scilab/libscistatistics.so.5.0.2
7f2f2257e000-7f2f2257f000 rw-p 0001a000 09:00 2526195                    /usr/local/lib/scilab-5.2.2/lib/scilab/libscistatistics.so.5.0.2
7f2f2257f000-7f2f22639000 rw-p 00000000 00:00 0 
7f2f22639000-7f2f22643000 r-xp 00000000 09:00 2526153                    /usr/local/lib/scilab-5.2.2/lib/scilab/libscispecial_functions.so.5.0.2
7f2f22643000-7f2f22843000 ---p 0000a000 09:00 2526153                    /usr/local/lib/scilab-5.2.2/lib/scilab/libscispecial_functions.so.5.0.2
7f2f22843000-7f2f22844000 r--p 0000a000 09:00 2526153                    /usr/local/lib/scilab-5.2.2/lib/scilab/libscispecial_functions.so.5.0.2
7f2f22844000-7f2f22845000 rw-p 0000b000 09:00 2526153                    /usr/local/lib/scilab-5.2.2/lib/scilab/libscispecial_functions.so.5.0.2
7f2f22845000-7f2f22900000 rw-p 00000000 00:00 0 
7f2f22900000-7f2f22902000 r-xp 00000000 09:00 2526013                    /usr/local/lib/scilab-5.2.2/lib/scilab/libsciintersci.so.5.0.2
7f2f22902000-7f2f22b01000 ---p 00002000 09:00 2526013                    /usr/local/lib/scilab-5.2.2/lib/scilab/libsciintersci.so.5.0.2
7f2f22b01000-7f2f22b02000 r--p 00001000 09:00 2526013                    /usr/local/lib/scilab-5.2.2/lib/scilab/libsciintersci.so.5.0.2
7f2f22b02000-7f2f22b03000 rw-p 00002000 09:00 2526013                    /usr/local/lib/scilab-5.2.2/lib/scilab/libsciintersci.so.5.0.2
7f2f22b03000-7f2f22b0c000 r-xp 00000000 09:00 2525981                    /usr/local/lib/scilab-5.2.2/lib/scilab/libsciboolean.so.5.0.2
7f2f22b0c000-7f2f22d0b000 ---p 00009000 09:00 2525981                    /usr/local/lib/scilab-5.2.2/lib/scilab/libsciboolean.so.5.0.2
7f2f22d0b000-7f2f22d0c000 r--p 00008000 09:00 2525981                    /usr/local/lib/scilab-5.2.2/lib/scilab/libsciboolean.so.5.0.2
7f2f22d0c000-7f2f22d0d000 rw-p 00009000 09:00 2525981                    /usr/local/lib/scilab-5.2.2/lib/scilab/libsciboolean.so.5.0.2
7f2f22d0d000-7f2f22dc7000 rw-p 00000000 00:00 0 
7f2f22dc7000-7f2f22dd8000 r-xp 00000000 09:00 2526129                    /usr/local/lib/scilab-5.2.2/lib/scilab/libscidouble.so.5.0.2
7f2f22dd8000-7f2f22fd7000 ---p 00011000 09:00 2526129                    /usr/local/lib/scilab-5.2.2/lib/scilab/libscidouble.so.5.0.2
7f2f22fd7000-7f2f22fd8000 r--p 00010000 09:00 2526129                    /usr/local/lib/scilab-5.2.2/lib/scilab/libscidouble.so.5.0.2
7f2f22fd8000-7f2f22fd9000 rw-p 00011000 09:00 2526129                    /usr/local/lib/scilab-5.2.2/lib/scilab/libscidouble.so.5.0.2
7f2f22fd9000-7f2f23094000 rw-p 00000000 00:00 0 
7f2f23094000-7f2f23097000 r-xp 00000000 09:00 2526089                    /usr/local/lib/scilab-5.2.2/lib/scilab/libscicall_scilab.so.5.0.2
7f2f23097000-7f2f23296000 ---p 00003000 09:00 2526089                    /usr/local/lib/scilab-5.2.2/lib/scilab/libscicall_scilab.so.5.0.2
7f2f23296000-7f2f23297000 r--p 00002000 09:00 2526089                    /usr/local/lib/scilab-5.2.2/lib/scilab/libscicall_scilab.so.5.0.2
7f2f23297000-7f2f23298000 rw-p 00003000 09:00 2526089                    /usr/local/lib/scilab-5.2.2/lib/scilab/libscicall_scilab.so.5.0.2
7f2f23298000-7f2f23299000 r-xp 00000000 09:00 2526188                    /usr/local/lib/scilab-5.2.2/lib/scilab/libscilab.so.0.0.0
7f2f23299000-7f2f23499000 ---p 00001000 09:00 2526188                    /usr/local/lib/scilab-5.2.2/lib/scilab/libscilab.so.0.0.0
7f2f23499000-7f2f2349a000 r--p 00001000 09:00 2526188                    /usr/local/lib/scilab-5.2.2/lib/scilab/libscilab.so.0.0.0
7f2f2349a000-7f2f2349b000 rw-p 00002000 09:00 2526188                    /usr/local/lib/scilab-5.2.2/lib/scilab/libscilab.so.0.0.0
7f2f2349b000-7f2f234b1000 r-xp 00000000 09:00 2526123                    /usr/local/lib/scilab-5.2.2/lib/scilab/libsciio.so.5.0.2
7f2f234b1000-7f2f236b0000 ---p 00016000 09:00 2526123                    /usr/local/lib/scilab-5.2.2/lib/scilab/libsciio.so.5.0.2
7f2f236b0000-7f2f236b1000 r--p 00015000 09:00 2526123                    /usr/local/lib/scilab-5.2.2/lib/scilab/libsciio.so.5.0.2
7f2f236b1000-7f2f236b2000 rw-p 00016000 09:00 2526123                    /usr/local/lib/scilab-5.2.2/lib/scilab/libsciio.so.5.0.2
7f2f236b2000-7f2f2376d000 rw-p 00000000 00:00 0 
7f2f2376d000-7f2f23771000 r-xp 00000000 09:00 2526027                    /usr/local/lib/scilab-5.2.2/lib/scilab/libscilocalization.so.5.0.2
7f2f23771000-7f2f23970000 ---p 00004000 09:00 2526027                    /usr/local/lib/scilab-5.2.2/lib/scilab/libscilocalization.so.5.0.2
7f2f23970000-7f2f23971000 r--p 00003000 09:00 2526027                    /usr/local/lib/scilab-5.2.2/lib/scilab/libscilocalization.so.5.0.2
7f2f23971000-7f2f23976000 rw-p 00004000 09:00 2526027                    /usr/local/lib/scilab-5.2.2/lib/scilab/libscilocalization.so.5.0.2
7f2f23976000-7f2f2397d000 r-xp 00000000 09:00 2526055                    /usr/local/lib/scilab-5.2.2/lib/scilab/libscicompletion.so.5.0.2
7f2f2397d000-7f2f23b7c000 ---p 00007000 09:00 2526055                    /usr/local/lib/scilab-5.2.2/lib/scilab/libscicompletion.so.5.0.2
7f2f23b7c000-7f2f23b7d000 r--p 00006000 09:00 2526055                    /usr/local/lib/scilab-5.2.2/lib/scilab/libscicompletion.so.5.0.2
7f2f23b7d000-7f2f23b7e000 rw-p 00007000 09:00 2526055                    /usr/local/lib/scilab-5.2.2/lib/scilab/libscicompletion.so.5.0.2
7f2f23b7e000-7f2f23c04000 r-xp 00000000 09:00 2526131                    /usr/local/lib/scilab-5.2.2/lib/scilab/libscicore.so.5.0.2
7f2f23c04000-7f2f23e04000 ---p 00086000 09:00 2526131                    /usr/local/lib/scilab-5.2.2/lib/scilab/libscicore.so.5.0.2
7f2f23e04000-7f2f23e06000 r--p 00086000 09:00 2526131                    /usr/local/lib/scilab-5.2.2/lib/scilab/libscicore.so.5.0.2
7f2f23e06000-7f2f23e09000 rw-p 00088000 09:00 2526131                    /usr/local/lib/scilab-5.2.2/lib/scilab/libscicore.so.5.0.2
7f2f23e09000-7f2f23f07000 rw-p 00000000 00:00 0 
7f2f23f07000-7f2f23f10000 r-xp 00000000 09:00 2525955                    /usr/local/lib/scilab-5.2.2/lib/scilab/libscishell.so.5.0.2
7f2f23f10000-7f2f24110000 ---p 00009000 09:00 2525955                    /usr/local/lib/scilab-5.2.2/lib/scilab/libscishell.so.5.0.2
7f2f24110000-7f2f24111000 r--p 00009000 09:00 2525955                    /usr/local/lib/scilab-5.2.2/lib/scilab/libscishell.so.5.0.2
7f2f24111000-7f2f24112000 rw-p 0000a000 09:00 2525955                    /usr/local/lib/scilab-5.2.2/lib/scilab/libscishell.so.5.0.2
7f2f24112000-7f2f24114000 rw-p 00000000 00:00 0 
7fff2aa86000-7fff2aa89000 ---p 00000000 00:00 0 
7fff2aa89000-7fff2ab86000 rwxp 00000000 00:00 0                          [stack]
7fff2ab86000-7fff2ab89000 rw-p 00000000 00:00 0 
7fff2abff000-7fff2ac00000 r-xp 00000000 00:00 0                          [vdso]
ffffffffff600000-ffffffffff601000 r-xp 00000000 00:00 0                  [vsyscall]

VM Arguments:
jvm_args: -Djava.library.path= -Djava.compiler=JIT -Xmx256m -Dapple.laf.useScreenMenuBar=true 
java_command: <unknown>
Launcher Type: generic

Environment Variables:
JAVA_HOME=/usr/local/lib/scilab-5.2.2/thirdparty/java
JRE_HOME=/usr/local/lib/scilab-5.2.2/thirdparty/java
CLASSPATH=/usr/local/lib/scilab-5.2.2/thirdparty:/usr/local/lib/scilab-5.2.2/thirdparty/java/lib
PATH=/usr/local/lib/scilab-5.2.2/bin:/usr/local/bin:/usr/lib64/qt-3.3/bin:/usr/kerberos/bin:/usr/lib64/ccache:/usr/local/bin:/bin:/usr/bin:/usr/lib64/paraview-3.6.1-Linux-x86_64/bin/:/usr/local/sbin:/usr/sbin:/sbin:/usr/lib64/paraview-3.6.1-Linux-x86_64/bin/:/home/M2SITN/smatti//bin:/usr/lib64/paraview-3.6.1-Linux-x86_64/bin/:/usr/local/lib/scilab-5.2.2/share/scilab/modules/scicos/
LD_LIBRARY_PATH=/usr/local/lib/scilab-5.2.2/share/scilab/bin:/usr/local/lib/scilab-5.2.2/share/scilab/lib/scilab/:/usr/local/lib/scilab-5.2.2/share/scilab/lib64/scilab/:/usr/local/lib/scilab-5.2.2/lib/scilab:/usr/local/lib/scilab-5.2.2/lib/thirdparty:/usr/local/lib/scilab-5.2.2/thirdparty/java/lib/amd64:/usr/local/lib/scilab-5.2.2/thirdparty/java/lib/amd64/server:/usr/local/lib/scilab-5.2.2/thirdparty/java/lib/amd64/native_threads
SHELL=/bin/bash
DISPLAY=:2002.0

Signal Handlers:
SIGSEGV: [libjvm.so+0x70f1a0], sa_mask[0]=0x7ffbfeff, sa_flags=0x10000004
SIGBUS: [libjvm.so+0x70f1a0], sa_mask[0]=0x7ffbfeff, sa_flags=0x10000004
SIGFPE: [libjvm.so+0x5d7f70], sa_mask[0]=0x7ffbfeff, sa_flags=0x10000004
SIGPIPE: SIG_IGN, sa_mask[0]=0x00001000, sa_flags=0x10000000
SIGXFSZ: [libjvm.so+0x5d7f70], sa_mask[0]=0x7ffbfeff, sa_flags=0x10000004
SIGILL: [libjvm.so+0x5d7f70], sa_mask[0]=0x7ffbfeff, sa_flags=0x10000004
SIGUSR1: SIG_DFL, sa_mask[0]=0x00000000, sa_flags=0x00000000
SIGUSR2: [libjvm.so+0x5da790], sa_mask[0]=0x00000000, sa_flags=0x10000004
SIGHUP: [libjvm.so+0x5da4e0], sa_mask[0]=0x7ffbfeff, sa_flags=0x10000004
SIGINT: [libscicore.so.5+0x2c190], sa_mask[0]=0x00000002, sa_flags=0x10000000
SIGTERM: [libjvm.so+0x5da4e0], sa_mask[0]=0x7ffbfeff, sa_flags=0x10000004
SIGQUIT: [libjvm.so+0x5da4e0], sa_mask[0]=0x7ffbfeff, sa_flags=0x10000004


---------------  S Y S T E M  ---------------

OS:Fedora release 11 (Leonidas)

uname:Linux 2.6.30.9-90.fc11.x86_64 #1 SMP Sat Oct 17 11:25:35 EDT 2009 x86_64
libc:glibc 2.10.1 NPTL 2.10.1 
rlimit: STACK 10240k, CORE 0k, NPROC 1024, NOFILE 1024, AS infinity
load average:0.07 0.07 0.07

CPU:total 16 (8 cores per cpu, 2 threads per core) family 6 model 26 stepping 5, cmov, cx8, fxsr, mmx, sse, sse2, sse3, ssse3, sse4.1, sse4.2, popcnt, ht

Memory: 4k page, physical 49065876k(8088596k free), swap 50331632k(50155436k free)

vm_info: Java HotSpot(TM) 64-Bit Server VM (16.0-b13) for linux-amd64 JRE (1.6.0_18-b07), built on Dec 17 2009 13:42:22 by "java_re" with gcc 3.2.2 (SuSE Linux)

time: Sat Jul 10 11:38:14 2010
elapsed time: 970 seconds

