#
# A fatal error has been detected by the Java Runtime Environment:
#
#  SIGSEGV (0xb) at pc=0x00007f52667ee440, pid=3531, tid=139994489218832
#
# JRE version: 6.0_18-b07
# Java VM: Java HotSpot(TM) 64-Bit Server VM (16.0-b13 mixed mode linux-amd64 )
# Problematic frame:
# C  [libGL.so.1+0x7f440]
#
# If you would like to submit a bug report, please visit:
#   http://java.sun.com/webapps/bugreport/crash.jsp
# The crash happened outside the Java Virtual Machine in native code.
# See problematic frame for where to report the bug.
#

---------------  T H R E A D  ---------------

Current thread (0x0000000000f96000):  JavaThread "main" [_thread_in_native, id=3531, stack(0x00007fff3f22e000,0x00007fff3f32e000)]

siginfo:si_signo=SIGSEGV: si_errno=0, si_code=1 (SEGV_MAPERR), si_addr=0x0000000000000000

Registers:
RAX=0x0000000000000000, RBX=0x00000000011c3010, RCX=0x0000003be3769e88, RDX=0x0000000000000000
RSP=0x00007fff3f32d270, RBP=0x00007f5266930020, RSI=0x0000000000000000, RDI=0x0000003be3769e80
R8 =0x0000000000000000, R9 =0x0000000000000000, R10=0x00007fff3f32d010, R11=0x0000000000000000
R12=0x0000003bf0420790, R13=0x00007f5266946360, R14=0x000000000151bc80, R15=0x0000000000000050
RIP=0x00007f52667ee440, EFL=0x0000000000010246, CSGSFS=0x0000000000000033, ERR=0x0000000000000004
  TRAPNO=0x000000000000000e

Top of Stack: (sp=0x00007fff3f32d270)
0x00007fff3f32d270:   00007f5266930020 0000000000000dcb
0x00007fff3f32d280:   0000003bf0420790 00007f52667df4e5
0x00007fff3f32d290:   00007fff3f32d2a0 000000000000008a
0x00007fff3f32d2a0:   00007fff3f32d790 0000000000000000
0x00007fff3f32d2b0:   0000003be301f008 0000003be2e0f0cc
0x00007fff3f32d2c0:   00007f530c928000 00007f530c928590
0x00007fff3f32d2d0:   00007f530bf81508 00007f5306c34000
0x00007fff3f32d2e0:   00007f530c927a38 00007f530c71b510
0x00007fff3f32d2f0:   00007f530c71ba30 00007f530a973a30
0x00007fff3f32d300:   00007f530bf81000 00007f530bf81a18
0x00007fff3f32d310:   00007f530b8a8000 00007f530b8a8520
0x00007fff3f32d320:   00007f530b8a8a40 00007f530b114000
0x00007fff3f32d330:   00007f530b114530 00007f530b114a48
0x00007fff3f32d340:   00007f530a973520 00007f530a264000
0x00007fff3f32d350:   00007f530a264518 00007f530a264a28
0x00007fff3f32d360:   00007f53099d0000 00007f53099d0520
0x00007fff3f32d370:   00007f53099d0a58 00007f5309282000
0x00007fff3f32d380:   00007f5309282530 00007f5309282a58
0x00007fff3f32d390:   00007f53089e8000 00007f53089e8518
0x00007fff3f32d3a0:   00007f53081d0000 00007f53081d0510
0x00007fff3f32d3b0:   00007f53081d0a30 00007f5307a76520
0x00007fff3f32d3c0:   00007f5307a76a38 00007f53073ffa60
0x00007fff3f32d3d0:   00007f5306c34528 00007f5306c34a60
0x00007fff3f32d3e0:   00007f5306613000 00007f5306613510
0x00007fff3f32d3f0:   00007f5306613a30 00007f5305f0b530
0x00007fff3f32d400:   00007f5305f0ba50 00007f5305766a48
0x00007fff3f32d410:   00007f530514e000 00007f530c71b000
0x00007fff3f32d420:   00007f530a973000 00007f53089e8a28
0x00007fff3f32d430:   00007f5307a76000 00007f53073ff000
0x00007fff3f32d440:   00007f53073ff528 00007f5305f0b000
0x00007fff3f32d450:   00007f5305766000 00007f5305766520
0x00007fff3f32d460:   00007f530514e508 00007f530514ea18 

Instructions: (pc=0x00007f52667ee440)
0x00007f52667ee430:   10 48 85 d2 74 43 48 8b 42 10 48 8b 5a 08 31 d2
0x00007f52667ee440:   44 8b 20 48 89 df 44 89 e6 e8 42 a9 fb ff 31 d2 

Stack: [0x00007fff3f22e000,0x00007fff3f32e000],  sp=0x00007fff3f32d270,  free space=3fc0000000000000018k
Native frames: (J=compiled Java code, j=interpreted, Vv=VM code, C=native code)
C  [libGL.so.1+0x7f440]


---------------  P R O C E S S  ---------------

Java Threads: ( => current thread )
  0x00007f527c06a000 JavaThread "Thread-9" [_thread_blocked, id=3609, stack(0x00007f52a46c9000,0x00007f52a50ca000)]
  0x00007f527c068800 JavaThread "Thread-7" [_thread_in_native, id=3604, stack(0x00007f52a46c9000,0x00007f52a50ca000)]
  0x00007f526c001000 JavaThread "Thread-5" [_thread_in_native, id=3575, stack(0x00007f52a46c9000,0x00007f52a50ca000)]
  0x0000000001520000 JavaThread "TimerQueue" daemon [_thread_blocked, id=3572, stack(0x00007f52a59da000,0x00007f52a5adb000)]
  0x000000000147c800 JavaThread "AWT-EventQueue-0" [_thread_blocked, id=3571, stack(0x00007f52a5adb000,0x00007f52a5bdc000)]
  0x0000000001474800 JavaThread "AWT-Shutdown" [_thread_blocked, id=3570, stack(0x00007f52a6033000,0x00007f52a6134000)]
  0x000000000123e800 JavaThread "AWT-XAWT" daemon [_thread_in_native, id=3561, stack(0x00007f52a670e000,0x00007f52a680f000)]
  0x00000000011f0000 JavaThread "Java2D Disposer" daemon [_thread_blocked, id=3557, stack(0x00007f52a6a2e000,0x00007f52a6b2f000)]
  0x000000000108b000 JavaThread "Low Memory Detector" daemon [_thread_blocked, id=3555, stack(0x00007f52a70f1000,0x00007f52a71f2000)]
  0x0000000001089000 JavaThread "CompilerThread1" daemon [_thread_in_native, id=3553, stack(0x00007f52a71f2000,0x00007f52a72f3000)]
  0x0000000001086000 JavaThread "CompilerThread0" daemon [_thread_in_native, id=3552, stack(0x00007f52a72f3000,0x00007f52a73f4000)]
  0x0000000001084000 JavaThread "Signal Dispatcher" daemon [_thread_blocked, id=3551, stack(0x00007f52a73f4000,0x00007f52a74f5000)]
  0x0000000001067800 JavaThread "Finalizer" daemon [_thread_blocked, id=3550, stack(0x00007f52a74f5000,0x00007f52a75f6000)]
  0x0000000001065800 JavaThread "Reference Handler" daemon [_thread_blocked, id=3549, stack(0x00007f52a75f6000,0x00007f52a76f7000)]
=>0x0000000000f96000 JavaThread "main" [_thread_in_native, id=3531, stack(0x00007fff3f22e000,0x00007fff3f32e000)]

Other Threads:
  0x0000000001061000 VMThread [stack: 0x00007f52a76f7000,0x00007f52a77f8000] [id=3548]
  0x000000000108e000 WatcherThread [stack: 0x00007f52a6ff0000,0x00007f52a70f1000] [id=3556]

VM state:not at safepoint (normal execution)

VM Mutex/Monitor currently owned by a thread: None

Heap
 PSYoungGen      total 76480K, used 21780K [0x00007f52ed500000, 0x00007f52f2a50000, 0x00007f52f2a50000)
  eden space 65600K, 17% used [0x00007f52ed500000,0x00007f52ee00d660,0x00007f52f1510000)
  from space 10880K, 96% used [0x00007f52f1510000,0x00007f52f1f47a20,0x00007f52f1fb0000)
  to   space 10880K, 0% used [0x00007f52f1fb0000,0x00007f52f1fb0000,0x00007f52f2a50000)
 PSOldGen        total 174784K, used 0K [0x00007f52e2a50000, 0x00007f52ed500000, 0x00007f52ed500000)
  object space 174784K, 0% used [0x00007f52e2a50000,0x00007f52e2a50000,0x00007f52ed500000)
 PSPermGen       total 29120K, used 29024K [0x00007f52dd650000, 0x00007f52df2c0000, 0x00007f52e2a50000)
  object space 29120K, 99% used [0x00007f52dd650000,0x00007f52df2a83f8,0x00007f52df2c0000)

Dynamic libraries:
00400000-00402000 r-xp 00000000 09:00 2526212                            /usr/local/lib/scilab-5.2.2/bin/scilab-bin
00601000-00602000 r--p 00001000 09:00 2526212                            /usr/local/lib/scilab-5.2.2/bin/scilab-bin
00602000-00603000 rw-p 00002000 09:00 2526212                            /usr/local/lib/scilab-5.2.2/bin/scilab-bin
00f86000-01df2000 rw-p 00000000 00:00 0                                  [heap]
4116f000-41171000 rwxp 00000000 00:0f 703                                /dev/zero
3be2e00000-3be2e1f000 r-xp 00000000 09:00 3622                           /lib64/ld-2.10.1.so
3be301e000-3be301f000 r--p 0001e000 09:00 3622                           /lib64/ld-2.10.1.so
3be301f000-3be3020000 rw-p 0001f000 09:00 3622                           /lib64/ld-2.10.1.so
3be3200000-3be3201000 r-xp 00000000 09:00 55465                          /usr/lib64/nvidia/tls/libnvidia-tls.so.185.18.36
3be3201000-3be3301000 ---p 00001000 09:00 55465                          /usr/lib64/nvidia/tls/libnvidia-tls.so.185.18.36
3be3301000-3be3302000 rw-p 00001000 09:00 55465                          /usr/lib64/nvidia/tls/libnvidia-tls.so.185.18.36
3be3400000-3be3564000 r-xp 00000000 09:00 6311                           /lib64/libc-2.10.1.so
3be3564000-3be3764000 ---p 00164000 09:00 6311                           /lib64/libc-2.10.1.so
3be3764000-3be3768000 r--p 00164000 09:00 6311                           /lib64/libc-2.10.1.so
3be3768000-3be3769000 rw-p 00168000 09:00 6311                           /lib64/libc-2.10.1.so
3be3769000-3be376e000 rw-p 00000000 00:00 0 
3be3800000-3be3802000 r-xp 00000000 09:00 270374                         /lib64/libdl-2.10.1.so
3be3802000-3be3a02000 ---p 00002000 09:00 270374                         /lib64/libdl-2.10.1.so
3be3a02000-3be3a03000 r--p 00002000 09:00 270374                         /lib64/libdl-2.10.1.so
3be3a03000-3be3a04000 rw-p 00003000 09:00 270374                         /lib64/libdl-2.10.1.so
3be3c00000-3be3c82000 r-xp 00000000 09:00 11622                          /lib64/libm-2.10.1.so
3be3c82000-3be3e82000 ---p 00082000 09:00 11622                          /lib64/libm-2.10.1.so
3be3e82000-3be3e83000 r--p 00082000 09:00 11622                          /lib64/libm-2.10.1.so
3be3e83000-3be3e84000 rw-p 00083000 09:00 11622                          /lib64/libm-2.10.1.so
3be4000000-3be4017000 r-xp 00000000 09:00 262769                         /lib64/libpthread-2.10.1.so
3be4017000-3be4216000 ---p 00017000 09:00 262769                         /lib64/libpthread-2.10.1.so
3be4216000-3be4217000 r--p 00016000 09:00 262769                         /lib64/libpthread-2.10.1.so
3be4217000-3be4218000 rw-p 00017000 09:00 262769                         /lib64/libpthread-2.10.1.so
3be4218000-3be421c000 rw-p 00000000 00:00 0 
3be4800000-3be4934000 r-xp 00000000 09:00 262666                         /usr/lib64/libX11.so.6.2.0
3be4934000-3be4b33000 ---p 00134000 09:00 262666                         /usr/lib64/libX11.so.6.2.0
3be4b33000-3be4b39000 rw-p 00133000 09:00 262666                         /usr/lib64/libX11.so.6.2.0
3be4c00000-3be4c02000 r-xp 00000000 09:00 262162                         /usr/lib64/libXau.so.6.0.0
3be4c02000-3be4e01000 ---p 00002000 09:00 262162                         /usr/lib64/libXau.so.6.0.0
3be4e01000-3be4e02000 rw-p 00001000 09:00 262162                         /usr/lib64/libXau.so.6.0.0
3be5000000-3be501a000 r-xp 00000000 09:00 262665                         /usr/lib64/libxcb.so.1.1.0
3be501a000-3be521a000 ---p 0001a000 09:00 262665                         /usr/lib64/libxcb.so.1.1.0
3be521a000-3be521b000 rw-p 0001a000 09:00 262665                         /usr/lib64/libxcb.so.1.1.0
3be5400000-3be541c000 r-xp 00000000 09:00 262763                         /lib64/libselinux.so.1
3be541c000-3be561b000 ---p 0001c000 09:00 262763                         /lib64/libselinux.so.1
3be561b000-3be561c000 r--p 0001b000 09:00 262763                         /lib64/libselinux.so.1
3be561c000-3be561d000 rw-p 0001c000 09:00 262763                         /lib64/libselinux.so.1
3be561d000-3be561e000 rw-p 00000000 00:00 0 
3be5800000-3be5811000 r-xp 00000000 09:00 262755                         /usr/lib64/libXext.so.6.4.0
3be5811000-3be5a11000 ---p 00011000 09:00 262755                         /usr/lib64/libXext.so.6.4.0
3be5a11000-3be5a12000 rw-p 00011000 09:00 262755                         /usr/lib64/libXext.so.6.4.0
3be5c00000-3be5cdd000 r-xp 00000000 09:00 262670                         /lib64/libglib-2.0.so.0.2000.5
3be5cdd000-3be5edc000 ---p 000dd000 09:00 262670                         /lib64/libglib-2.0.so.0.2000.5
3be5edc000-3be5ede000 rw-p 000dc000 09:00 262670                         /lib64/libglib-2.0.so.0.2000.5
3be6000000-3be6007000 r-xp 00000000 09:00 262770                         /lib64/librt-2.10.1.so
3be6007000-3be6206000 ---p 00007000 09:00 262770                         /lib64/librt-2.10.1.so
3be6206000-3be6207000 r--p 00006000 09:00 262770                         /lib64/librt-2.10.1.so
3be6207000-3be6208000 rw-p 00007000 09:00 262770                         /lib64/librt-2.10.1.so
3be6400000-3be6441000 r-xp 00000000 09:00 262671                         /lib64/libgobject-2.0.so.0.2000.5
3be6441000-3be6641000 ---p 00041000 09:00 262671                         /lib64/libgobject-2.0.so.0.2000.5
3be6641000-3be6643000 rw-p 00041000 09:00 262671                         /lib64/libgobject-2.0.so.0.2000.5
3be6800000-3be6826000 r-xp 00000000 09:00 95997                          /lib64/libexpat.so.1.5.2
3be6826000-3be6a25000 ---p 00026000 09:00 95997                          /lib64/libexpat.so.1.5.2
3be6a25000-3be6a28000 rw-p 00025000 09:00 95997                          /lib64/libexpat.so.1.5.2
3be6c00000-3be6c03000 r-xp 00000000 09:00 262672                         /lib64/libgmodule-2.0.so.0.2000.5
3be6c03000-3be6e02000 ---p 00003000 09:00 262672                         /lib64/libgmodule-2.0.so.0.2000.5
3be6e02000-3be6e03000 rw-p 00002000 09:00 262672                         /lib64/libgmodule-2.0.so.0.2000.5
3be7000000-3be7093000 r-xp 00000000 09:00 95977                          /usr/lib64/libfreetype.so.6.3.20
3be7093000-3be7293000 ---p 00093000 09:00 95977                          /usr/lib64/libfreetype.so.6.3.20
3be7293000-3be7299000 rw-p 00093000 09:00 95977                          /usr/lib64/libfreetype.so.6.3.20
3be7400000-3be7425000 r-xp 00000000 09:00 270373                         /usr/lib64/libpng12.so.0.37.0
3be7425000-3be7624000 ---p 00025000 09:00 270373                         /usr/lib64/libpng12.so.0.37.0
3be7624000-3be7625000 rw-p 00024000 09:00 270373                         /usr/lib64/libpng12.so.0.37.0
3be7800000-3be7833000 r-xp 00000000 09:00 130668                         /usr/lib64/libfontconfig.so.1.4.1
3be7833000-3be7a32000 ---p 00033000 09:00 130668                         /usr/lib64/libfontconfig.so.1.4.1
3be7a32000-3be7a34000 rw-p 00032000 09:00 130668                         /usr/lib64/libfontconfig.so.1.4.1
3be7c00000-3be7c75000 r-xp 00000000 09:00 262764                         /lib64/libgio-2.0.so.0.2000.5
3be7c75000-3be7e75000 ---p 00075000 09:00 262764                         /lib64/libgio-2.0.so.0.2000.5
3be7e75000-3be7e77000 rw-p 00075000 09:00 262764                         /lib64/libgio-2.0.so.0.2000.5
3be7e77000-3be7e78000 rw-p 00000000 00:00 0 
3be8000000-3be803b000 r-xp 00000000 09:00 125888                         /usr/lib64/libibus.so.1.0.0
3be803b000-3be823b000 ---p 0003b000 09:00 125888                         /usr/lib64/libibus.so.1.0.0
3be823b000-3be823e000 rw-p 0003b000 09:00 125888                         /usr/lib64/libibus.so.1.0.0
3be8400000-3be8409000 r-xp 00000000 09:00 262668                         /usr/lib64/libXrender.so.1.3.0
3be8409000-3be8608000 ---p 00009000 09:00 262668                         /usr/lib64/libXrender.so.1.3.0
3be8608000-3be8609000 rw-p 00008000 09:00 262668                         /usr/lib64/libXrender.so.1.3.0
3be8800000-3be8802000 r-xp 00000000 09:00 262756                         /usr/lib64/libXinerama.so.1.0.0
3be8802000-3be8a01000 ---p 00002000 09:00 262756                         /usr/lib64/libXinerama.so.1.0.0
3be8a01000-3be8a02000 rw-p 00001000 09:00 262756                         /usr/lib64/libXinerama.so.1.0.0
3be8c00000-3be8c08000 r-xp 00000000 09:00 262758                         /usr/lib64/libXrandr.so.2.2.0
3be8c08000-3be8e07000 ---p 00008000 09:00 262758                         /usr/lib64/libXrandr.so.2.2.0
3be8e07000-3be8e08000 rw-p 00007000 09:00 262758                         /usr/lib64/libXrandr.so.2.2.0
3be9000000-3be9004000 r-xp 00000000 09:00 262771                         /lib64/libgthread-2.0.so.0.2000.5
3be9004000-3be9203000 ---p 00004000 09:00 262771                         /lib64/libgthread-2.0.so.0.2000.5
3be9203000-3be9204000 rw-p 00003000 09:00 262771                         /lib64/libgthread-2.0.so.0.2000.5
3be9400000-3be9409000 r-xp 00000000 09:00 262760                         /usr/lib64/libXcursor.so.1.0.2
3be9409000-3be9609000 ---p 00009000 09:00 262760                         /usr/lib64/libXcursor.so.1.0.2
3be9609000-3be960a000 rw-p 00009000 09:00 262760                         /usr/lib64/libXcursor.so.1.0.2
3be9800000-3be9805000 r-xp 00000000 09:00 262759                         /usr/lib64/libXfixes.so.3.1.0
3be9805000-3be9a04000 ---p 00005000 09:00 262759                         /usr/lib64/libXfixes.so.3.1.0
3be9a04000-3be9a05000 rw-p 00004000 09:00 262759                         /usr/lib64/libXfixes.so.3.1.0
3bea400000-3bea409000 r-xp 00000000 09:00 262757                         /usr/lib64/libXi.so.6.0.0
3bea409000-3bea609000 ---p 00009000 09:00 262757                         /usr/lib64/libXi.so.6.0.0
3bea609000-3bea60a000 rw-p 00009000 09:00 262757                         /usr/lib64/libXi.so.6.0.0
3bea800000-3bea804000 r-xp 00000000 09:00 27035                          /lib64/libattr.so.1.1.0
3bea804000-3beaa03000 ---p 00004000 09:00 27035                          /lib64/libattr.so.1.1.0
3beaa03000-3beaa04000 rw-p 00003000 09:00 27035                          /lib64/libattr.so.1.1.0
3beac00000-3beac1d000 r-xp 00000000 09:00 262765                         /usr/lib64/libgdk_pixbuf-2.0.so.0.1600.6
3beac1d000-3beae1d000 ---p 0001d000 09:00 262765                         /usr/lib64/libgdk_pixbuf-2.0.so.0.1600.6
3beae1d000-3beae1e000 rw-p 0001d000 09:00 262765                         /usr/lib64/libgdk_pixbuf-2.0.so.0.1600.6
3beb000000-3beb004000 r-xp 00000000 09:00 270409                         /lib64/libcap.so.2.16
3beb004000-3beb203000 ---p 00004000 09:00 270409                         /lib64/libcap.so.2.16
3beb203000-3beb204000 rw-p 00003000 09:00 270409                         /lib64/libcap.so.2.16
3beb400000-3beb43c000 r-xp 00000000 09:00 262781                         /lib64/libdbus-1.so.3.4.0
3beb43c000-3beb63c000 ---p 0003c000 09:00 262781                         /lib64/libdbus-1.so.3.4.0
3beb63c000-3beb63d000 r--p 0003c000 09:00 262781                         /lib64/libdbus-1.so.3.4.0
3beb63d000-3beb63e000 rw-p 0003d000 09:00 262781                         /lib64/libdbus-1.so.3.4.0
3beb800000-3beb802000 r-xp 00000000 09:00 262761                         /usr/lib64/libXcomposite.so.1.0.0
3beb802000-3beba01000 ---p 00002000 09:00 262761                         /usr/lib64/libXcomposite.so.1.0.0
3beba01000-3beba02000 rw-p 00001000 09:00 262761                         /usr/lib64/libXcomposite.so.1.0.0
3bebc00000-3bebc2c000 r-xp 00000000 09:00 262674                         /usr/lib64/libpangoft2-1.0.so.0.2400.5
3bebc2c000-3bebe2b000 ---p 0002c000 09:00 262674                         /usr/lib64/libpangoft2-1.0.so.0.2400.5
3bebe2b000-3bebe2d000 rw-p 0002b000 09:00 262674                         /usr/lib64/libpangoft2-1.0.so.0.2400.5
3bec000000-3bec00b000 r-xp 00000000 09:00 262675                         /usr/lib64/libpangocairo-1.0.so.0.2400.5
3bec00b000-3bec20a000 ---p 0000b000 09:00 262675                         /usr/lib64/libpangocairo-1.0.so.0.2400.5
3bec20a000-3bec20b000 rw-p 0000a000 09:00 262675                         /usr/lib64/libpangocairo-1.0.so.0.2400.5
3bec400000-3bec41d000 r-xp 00000000 09:00 262767                         /usr/lib64/libatk-1.0.so.0.2511.1
3bec41d000-3bec61c000 ---p 0001d000 09:00 262767                         /usr/lib64/libatk-1.0.so.0.2511.1
3bec61c000-3bec61f000 rw-p 0001c000 09:00 262767                         /usr/lib64/libatk-1.0.so.0.2511.1
3bec800000-3becc21000 r-xp 00000000 09:00 262768                         /usr/lib64/libgtk-x11-2.0.so.0.1600.6
3becc21000-3bece20000 ---p 00421000 09:00 262768                         /usr/lib64/libgtk-x11-2.0.so.0.1600.6
3bece20000-3bece2b000 rw-p 00420000 09:00 262768                         /usr/lib64/libgtk-x11-2.0.so.0.1600.6
3bece2b000-3bece2d000 rw-p 00000000 00:00 0 
3bed000000-3bed043000 r-xp 00000000 09:00 66380                          /usr/lib64/libpixman-1.so.0.14.0
3bed043000-3bed242000 ---p 00043000 09:00 66380                          /usr/lib64/libpixman-1.so.0.14.0
3bed242000-3bed245000 rw-p 00042000 09:00 66380                          /usr/lib64/libpixman-1.so.0.14.0
3bed400000-3bed4a5000 r-xp 00000000 09:00 262766                         /usr/lib64/libgdk-x11-2.0.so.0.1600.6
3bed4a5000-3bed6a5000 ---p 000a5000 09:00 262766                         /usr/lib64/libgdk-x11-2.0.so.0.1600.6
3bed6a5000-3bed6aa000 rw-p 000a5000 09:00 262766                         /usr/lib64/libgdk-x11-2.0.so.0.1600.6
3bed800000-3bed846000 r-xp 00000000 09:00 262673                         /usr/lib64/libpango-1.0.so.0.2400.5
3bed846000-3beda46000 ---p 00046000 09:00 262673                         /usr/lib64/libpango-1.0.so.0.2400.5
3beda46000-3beda49000 rw-p 00046000 09:00 262673                         /usr/lib64/libpango-1.0.so.0.2400.5
3bedc00000-3bedc74000 r-xp 00000000 09:00 262669                         /usr/lib64/libcairo.so.2.10800.8
3bedc74000-3bede73000 ---p 00074000 09:00 262669                         /usr/lib64/libcairo.so.2.10800.8
3bede73000-3bede76000 rw-p 00073000 09:00 262669                         /usr/lib64/libcairo.so.2.10800.8
3bee000000-3bee002000 r-xp 00000000 09:00 262762                         /usr/lib64/libXdamage.so.1.1.0
3bee002000-3bee201000 ---p 00002000 09:00 262762                         /usr/lib64/libXdamage.so.1.1.0
3bee201000-3bee202000 rw-p 00001000 09:00 262762                         /usr/lib64/libXdamage.so.1.1.0
3bef000000-3bef016000 r-xp 00000000 09:00 6957                           /lib64/libnsl-2.10.1.so
3bef016000-3bef216000 ---p 00016000 09:00 6957                           /lib64/libnsl-2.10.1.so
3bef216000-3bef217000 r--p 00016000 09:00 6957                           /lib64/libnsl-2.10.1.so
3bef217000-3bef218000 rw-p 00017000 09:00 6957                           /lib64/libnsl-2.10.1.so
3bef218000-3bef21a000 rw-p 00000000 00:00 0 
3bef800000-3bef805000 r-xp 00000000 09:00 262772                         /usr/lib64/libXxf86vm.so.1.0.0
3bef805000-3befa04000 ---p 00005000 09:00 262772                         /usr/lib64/libXxf86vm.so.1.0.0
3befa04000-3befa05000 rw-p 00004000 09:00 262772                         /usr/lib64/libXxf86vm.so.1.0.0
3befc00000-3bf09da000 r-xp 00000000 09:00 34119                          /usr/lib64/nvidia/libGLcore.so.185.18.36
3bf09da000-3bf0ada000 ---p 00dda000 09:00 34119                          /usr/lib64/nvidia/libGLcore.so.185.18.36
3bf0ada000-3bf0f13000 rwxp 00dda000 09:00 34119                          /usr/lib64/nvidia/libGLcore.so.185.18.36
3bf0f13000-3bf0f26000 rwxp 00000000 00:00 0 
3bf2800000-3bf2802000 r-xp 00000000 09:00 107166                         /lib64/libutil-2.10.1.so
3bf2802000-3bf2a01000 ---p 00002000 09:00 107166                         /lib64/libutil-2.10.1.so
3bf2a01000-3bf2a02000 r--p 00001000 09:00 107166                         /lib64/libutil-2.10.1.so
3bf2a02000-3bf2a03000 rw-p 00002000 09:00 107166                         /lib64/libutil-2.10.1.so
3bf3000000-3bf3005000 r-xp 00000000 09:00 270436                         /usr/lib64/libXtst.so.6.1.0
3bf3005000-3bf3205000 ---p 00005000 09:00 270436                         /usr/lib64/libXtst.so.6.1.0
3bf3205000-3bf3206000 rw-p 00005000 09:00 270436                         /usr/lib64/libXtst.so.6.1.0
3bf6400000-3bf6414000 r-xp 00000000 09:00 29307                          /usr/lib64/libXft.so.2.1.13
3bf6414000-3bf6613000 ---p 00014000 09:00 29307                          /usr/lib64/libXft.so.2.1.13
3bf6613000-3bf6614000 rw-p 00013000 09:00 29307                          /usr/lib64/libXft.so.2.1.13
3bf6e00000-3bf6e02000 r-xp 00000000 09:00 81010                          /usr/lib64/libXss.so.1.0.0
3bf6e02000-3bf7002000 ---p 00002000 09:00 81010                          /usr/lib64/libXss.so.1.0.0
3bf7002000-3bf7003000 rw-p 00002000 09:00 81010                          /usr/lib64/libXss.so.1.0.0
7f5254000000-7f5254021000 rw-p 00000000 00:00 0 
7f5254021000-7f5258000000 ---p 00000000 00:00 0 
7f525c000000-7f525c021000 rw-p 00000000 00:00 0 
7f525c021000-7f5260000000 ---p 00000000 00:00 0 
7f52605e7000-7f5262d6f000 rw-p 00000000 00:00 0 
7f52663d9000-7f52664c8000 r-xp 00000000 09:00 2525930                    /usr/local/lib/scilab-5.2.2/lib/thirdparty/libjogl.so
7f52664c8000-7f52665c8000 ---p 000ef000 09:00 2525930                    /usr/local/lib/scilab-5.2.2/lib/thirdparty/libjogl.so
7f52665c8000-7f52665c9000 rw-p 000ef000 09:00 2525930                    /usr/local/lib/scilab-5.2.2/lib/thirdparty/libjogl.so
7f526676f000-7f52667fc000 r-xp 00000000 09:00 55479                      /usr/lib64/nvidia/libGL.so.185.18.36
7f52667fc000-7f52668fb000 ---p 0008d000 09:00 55479                      /usr/lib64/nvidia/libGL.so.185.18.36
7f52668fb000-7f5266930000 rwxp 0008c000 09:00 55479                      /usr/lib64/nvidia/libGL.so.185.18.36
7f5266930000-7f5266947000 rwxp 00000000 00:00 0 
7f5266947000-7f5266c23000 rw-p 00000000 00:00 0 
7f5266d83000-7f5266d85000 r-xp 00000000 09:00 2525838                    /usr/local/lib/scilab-5.2.2/lib/thirdparty/libjogl_awt.so
7f5266d85000-7f5266e84000 ---p 00002000 09:00 2525838                    /usr/local/lib/scilab-5.2.2/lib/thirdparty/libjogl_awt.so
7f5266e84000-7f5266e85000 rw-p 00001000 09:00 2525838                    /usr/local/lib/scilab-5.2.2/lib/thirdparty/libjogl_awt.so
7f5266e85000-7f52675ff000 r--p 00000000 09:00 11469                      /usr/share/icons/hicolor/icon-theme.cache
7f52675ff000-7f5267600000 ---p 00000000 00:00 0 
7f5267600000-7f5268000000 rwxp 00000000 00:00 0 
7f5268000000-7f5268021000 rw-p 00000000 00:00 0 
7f5268021000-7f526c000000 ---p 00000000 00:00 0 
7f526c000000-7f526c029000 rw-p 00000000 00:00 0 
7f526c029000-7f5270000000 ---p 00000000 00:00 0 
7f5270000000-7f5270021000 rw-p 00000000 00:00 0 
7f5270021000-7f5274000000 ---p 00000000 00:00 0 
7f5274000000-7f527414f000 rw-p 00000000 00:00 0 
7f527414f000-7f5278000000 ---p 00000000 00:00 0 
7f5278000000-7f5278021000 rw-p 00000000 00:00 0 
7f5278021000-7f527c000000 ---p 00000000 00:00 0 
7f527c000000-7f527c16c000 rw-p 00000000 00:00 0 
7f527c16c000-7f5280000000 ---p 00000000 00:00 0 
7f5280000000-7f5280021000 rw-p 00000000 00:00 0 
7f5280021000-7f5284000000 ---p 00000000 00:00 0 
7f5284000000-7f5284021000 rw-p 00000000 00:00 0 
7f5284021000-7f5288000000 ---p 00000000 00:00 0 
7f5288000000-7f52887aa000 rw-p 00000000 00:00 0 
7f52887aa000-7f528c000000 ---p 00000000 00:00 0 
7f528c000000-7f528c021000 rw-p 00000000 00:00 0 
7f528c021000-7f5290000000 ---p 00000000 00:00 0 
7f5290000000-7f5290021000 rw-p 00000000 00:00 0 
7f5290021000-7f5294000000 ---p 00000000 00:00 0 
7f5294000000-7f5294726000 rw-p 00000000 00:00 0 
7f5294726000-7f5298000000 ---p 00000000 00:00 0 
7f5298000000-7f5298021000 rw-p 00000000 00:00 0 
7f5298021000-7f529c000000 ---p 00000000 00:00 0 
7f529c000000-7f529c021000 rw-p 00000000 00:00 0 
7f529c021000-7f52a0000000 ---p 00000000 00:00 0 
7f52a0000000-7f52a0021000 rw-p 00000000 00:00 0 
7f52a0021000-7f52a4000000 ---p 00000000 00:00 0 
7f52a4043000-7f52a46c9000 r--p 00000000 09:00 14306                      /usr/share/icons/gnome/icon-theme.cache
7f52a46c9000-7f52a46cc000 ---p 00000000 00:00 0 
7f52a46cc000-7f52a50ca000 rwxp 00000000 00:00 0 
7f52a50f0000-7f52a50f3000 ---p 00000000 00:00 0 
7f52a50f3000-7f52a51f1000 rwxp 00000000 00:00 0 
7f52a51f1000-7f52a533d000 rw-s 00000000 00:08 527204504                  /SYSV00000000 (deleted)
7f52a5389000-7f52a538a000 r-xp 00000000 09:00 2526431                    /usr/local/lib/scilab-5.2.2/thirdparty/java/lib/amd64/libjawt.so
7f52a538a000-7f52a5489000 ---p 00001000 09:00 2526431                    /usr/local/lib/scilab-5.2.2/thirdparty/java/lib/amd64/libjawt.so
7f52a5489000-7f52a548a000 rw-p 00000000 09:00 2526431                    /usr/local/lib/scilab-5.2.2/thirdparty/java/lib/amd64/libjawt.so
7f52a548a000-7f52a548b000 r-xp 00000000 09:00 2525767                    /usr/local/lib/scilab-5.2.2/lib/thirdparty/libgluegen-rt.so
7f52a548b000-7f52a558a000 ---p 00001000 09:00 2525767                    /usr/local/lib/scilab-5.2.2/lib/thirdparty/libgluegen-rt.so
7f52a558a000-7f52a558b000 rw-p 00000000 09:00 2525767                    /usr/local/lib/scilab-5.2.2/lib/thirdparty/libgluegen-rt.so
7f52a558b000-7f52a559b000 r-xp 00000000 09:00 139155                     /usr/lib64/gio/modules/libgioremote-volume-monitor.so
7f52a559b000-7f52a579b000 ---p 00010000 09:00 139155                     /usr/lib64/gio/modules/libgioremote-volume-monitor.so
7f52a579b000-7f52a579c000 rw-p 00010000 09:00 139155                     /usr/lib64/gio/modules/libgioremote-volume-monitor.so
7f52a57d9000-7f52a57f3000 r--s 00000000 09:00 10778                      /usr/share/mime/mime.cache
7f52a57f3000-7f52a584f000 r--p 00000000 09:00 48957                      /usr/share/icons/Fedora/icon-theme.cache
7f52a5856000-7f52a585f000 r--s 0004f000 09:00 3497141                    /usr/local/lib/scilab-5.2.2/share/scilab/modules/xcos/jar/org.scilab.modules.xcos.jar
7f52a585f000-7f52a5861000 r--s 0000b000 09:00 2526229                    /usr/local/lib/scilab-5.2.2/thirdparty/jhdf5.jar
7f52a5861000-7f52a5867000 r--s 0004a000 09:00 2526540                    /usr/local/lib/scilab-5.2.2/thirdparty/jgraphx.jar
7f52a5867000-7f52a586d000 rw-s 00000000 00:08 529039513                  /SYSV00000000 (deleted)
7f52a586d000-7f52a586e000 r--s 00004000 09:00 2526508                    /usr/local/lib/scilab-5.2.2/thirdparty/gluegen-rt.jar
7f52a586e000-7f52a5879000 r--s 00108000 09:00 2526551                    /usr/local/lib/scilab-5.2.2/thirdparty/jogl.jar
7f52a5879000-7f52a58d9000 rw-s 00000000 00:08 527138964                  /SYSV00000000 (deleted)
7f52a58d9000-7f52a58dc000 ---p 00000000 00:00 0 
7f52a58dc000-7f52a59da000 rwxp 00000000 00:00 0 
7f52a59da000-7f52a59dd000 ---p 00000000 00:00 0 
7f52a59dd000-7f52a5adb000 rwxp 00000000 00:00 0 
7f52a5adb000-7f52a5ade000 ---p 00000000 00:00 0 
7f52a5ade000-7f52a5bdc000 rwxp 00000000 00:00 0 
7f52a5bdc000-7f52a5bf1000 r-xp 00000000 09:00 10016                      /usr/lib64/libgvfscommon.so.0.0.0
7f52a5bf1000-7f52a5df1000 ---p 00015000 09:00 10016                      /usr/lib64/libgvfscommon.so.0.0.0
7f52a5df1000-7f52a5df2000 rw-p 00015000 09:00 10016                      /usr/lib64/libgvfscommon.so.0.0.0
7f52a5df4000-7f52a5e01000 r--p 00000000 09:00 32977                      /usr/share/icons/Mist/icon-theme.cache
7f52a5e02000-7f52a5e06000 r--s 00024000 09:00 3498597                    /usr/local/lib/scilab-5.2.2/share/scilab/modules/xpad/jar/org.scilab.modules.xpad.jar
7f52a5e06000-7f52a5e14000 rw-s 00000000 00:08 528187542                  /SYSV00000000 (deleted)
7f52a5e14000-7f52a5e31000 r-xp 00000000 09:00 139156                     /usr/lib64/gio/modules/libgvfsdbus.so
7f52a5e31000-7f52a6031000 ---p 0001d000 09:00 139156                     /usr/lib64/gio/modules/libgvfsdbus.so
7f52a6031000-7f52a6032000 rw-p 0001d000 09:00 139156                     /usr/lib64/gio/modules/libgvfsdbus.so
7f52a6033000-7f52a6036000 ---p 00000000 00:00 0 
7f52a6036000-7f52a6134000 rwxp 00000000 00:00 0 
7f52a6134000-7f52a6137000 ---p 00000000 00:00 0 
7f52a6137000-7f52a6235000 rwxp 00000000 00:00 0 
7f52a6235000-7f52a623a000 r-xp 00000000 09:00 94558                      /usr/lib64/gtk-2.0/2.10.0/immodules/im-ibus.so
7f52a623a000-7f52a643a000 ---p 00005000 09:00 94558                      /usr/lib64/gtk-2.0/2.10.0/immodules/im-ibus.so
7f52a643a000-7f52a643b000 rw-p 00005000 09:00 94558                      /usr/lib64/gtk-2.0/2.10.0/immodules/im-ibus.so
7f52a643b000-7f52a64d3000 r--p 00000000 09:00 11249                      /usr/share/fonts/dejavu/DejaVuSans.ttf
7f52a64d3000-7f52a64e5000 r-xp 00000000 09:00 45401                      /usr/lib64/gtk-2.0/2.10.0/engines/libnodoka.so
7f52a64e5000-7f52a66e5000 ---p 00012000 09:00 45401                      /usr/lib64/gtk-2.0/2.10.0/engines/libnodoka.so
7f52a66e5000-7f52a66e6000 rw-p 00012000 09:00 45401                      /usr/lib64/gtk-2.0/2.10.0/engines/libnodoka.so
7f52a66e6000-7f52a670e000 r--p 00000000 09:00 532351                     /usr/share/locale/fr/LC_MESSAGES/gtk20-properties.mo
7f52a670e000-7f52a6711000 ---p 00000000 00:00 0 
7f52a6711000-7f52a680f000 rwxp 00000000 00:00 0 
7f52a680f000-7f52a6816000 r-xp 00000000 09:00 2526404                    /usr/local/lib/scilab-5.2.2/thirdparty/java/lib/amd64/libnio.so
7f52a6816000-7f52a6915000 ---p 00007000 09:00 2526404                    /usr/local/lib/scilab-5.2.2/thirdparty/java/lib/amd64/libnio.so
7f52a6915000-7f52a6917000 rw-p 00006000 09:00 2526404                    /usr/local/lib/scilab-5.2.2/thirdparty/java/lib/amd64/libnio.so
7f52a6917000-7f52a692a000 r-xp 00000000 09:00 2526432                    /usr/local/lib/scilab-5.2.2/thirdparty/java/lib/amd64/libnet.so
7f52a692a000-7f52a6a2b000 ---p 00013000 09:00 2526432                    /usr/local/lib/scilab-5.2.2/thirdparty/java/lib/amd64/libnet.so
7f52a6a2b000-7f52a6a2e000 rw-p 00014000 09:00 2526432                    /usr/local/lib/scilab-5.2.2/thirdparty/java/lib/amd64/libnet.so
7f52a6a2e000-7f52a6a31000 ---p 00000000 00:00 0 
7f52a6a31000-7f52a6b2f000 rwxp 00000000 00:00 0 
7f52a6b2f000-7f52a6bad000 r-xp 00000000 09:00 2526407                    /usr/local/lib/scilab-5.2.2/thirdparty/java/lib/amd64/libfontmanager.so
7f52a6bad000-7f52a6cac000 ---p 0007e000 09:00 2526407                    /usr/local/lib/scilab-5.2.2/thirdparty/java/lib/amd64/libfontmanager.so
7f52a6cac000-7f52a6cc2000 rw-p 0007d000 09:00 2526407                    /usr/local/lib/scilab-5.2.2/thirdparty/java/lib/amd64/libfontmanager.so
7f52a6cc2000-7f52a6cd3000 rw-p 00000000 00:00 0 
7f52a6cd3000-7f52a6d15000 r-xp 00000000 09:00 2526426                    /usr/local/lib/scilab-5.2.2/thirdparty/java/lib/amd64/xawt/libmawt.so
7f52a6d15000-7f52a6e14000 ---p 00042000 09:00 2526426                    /usr/local/lib/scilab-5.2.2/thirdparty/java/lib/amd64/xawt/libmawt.so
7f52a6e14000-7f52a6e1f000 rw-p 00041000 09:00 2526426                    /usr/local/lib/scilab-5.2.2/thirdparty/java/lib/amd64/xawt/libmawt.so
7f52a6e1f000-7f52a6e21000 rw-p 00000000 00:00 0 
7f52a6e21000-7f52a6eb3000 r-xp 00000000 09:00 2526408                    /usr/local/lib/scilab-5.2.2/thirdparty/java/lib/amd64/libawt.so
7f52a6eb3000-7f52a6fb2000 ---p 00092000 09:00 2526408                    /usr/local/lib/scilab-5.2.2/thirdparty/java/lib/amd64/libawt.so
7f52a6fb2000-7f52a6fcb000 rw-p 00091000 09:00 2526408                    /usr/local/lib/scilab-5.2.2/thirdparty/java/lib/amd64/libawt.so
7f52a6fcb000-7f52a6ff0000 rw-p 00000000 00:00 0 
7f52a6ff0000-7f52a6ff1000 ---p 00000000 00:00 0 
7f52a6ff1000-7f52a70f1000 rwxp 00000000 00:00 0 
7f52a70f1000-7f52a70f4000 ---p 00000000 00:00 0 
7f52a70f4000-7f52a71f2000 rwxp 00000000 00:00 0 
7f52a71f2000-7f52a71f5000 ---p 00000000 00:00 0 
7f52a71f5000-7f52a72f3000 rwxp 00000000 00:00 0 
7f52a72f3000-7f52a72f6000 ---p 00000000 00:00 0 
7f52a72f6000-7f52a73f4000 rwxp 00000000 00:00 0 
7f52a73f4000-7f52a73f7000 ---p 00000000 00:00 0 
7f52a73f7000-7f52a74f5000 rwxp 00000000 00:00 0 
7f52a74f5000-7f52a74f8000 ---p 00000000 00:00 0 
7f52a74f8000-7f52a75f6000 rwxp 00000000 00:00 0 
7f52a75f6000-7f52a75f9000 ---p 00000000 00:00 0 
7f52a75f9000-7f52a76f7000 rwxp 00000000 00:00 0 
7f52a76f7000-7f52a76f8000 ---p 00000000 00:00 0 
7f52a76f8000-7f52a77f8000 rwxp 00000000 00:00 0 
7f52a77f8000-7f52a8000000 rw-p 00000000 00:00 0 
7f52a8000000-7f52a8021000 rw-p 00000000 00:00 0 
7f52a8021000-7f52ac000000 ---p 00000000 00:00 0 
7f52ac000000-7f52ac021000 rw-p 00000000 00:00 0 
7f52ac021000-7f52b0000000 ---p 00000000 00:00 0 
7f52b0000000-7f52b0021000 rw-p 00000000 00:00 0 
7f52b0021000-7f52b4000000 ---p 00000000 00:00 0 
7f52b4000000-7f52b4021000 rw-p 00000000 00:00 0 
7f52b4021000-7f52b8000000 ---p 00000000 00:00 0 
7f52b8000000-7f52b8021000 rw-p 00000000 00:00 0 
7f52b8021000-7f52bc000000 ---p 00000000 00:00 0 
7f52bc000000-7f52bc021000 rw-p 00000000 00:00 0 
7f52bc021000-7f52c0000000 ---p 00000000 00:00 0 
7f52c0000000-7f52c0021000 rw-p 00000000 00:00 0 
7f52c0021000-7f52c4000000 ---p 00000000 00:00 0 
7f52c4000000-7f52c4021000 rw-p 00000000 00:00 0 
7f52c4021000-7f52c8000000 ---p 00000000 00:00 0 
7f52c8000000-7f52c8021000 rw-p 00000000 00:00 0 
7f52c8021000-7f52cc000000 ---p 00000000 00:00 0 
7f52cc000000-7f52cc021000 rw-p 00000000 00:00 0 
7f52cc021000-7f52d0000000 ---p 00000000 00:00 0 
7f52d0000000-7f52d0021000 rw-p 00000000 00:00 0 
7f52d0021000-7f52d4000000 ---p 00000000 00:00 0 
7f52d4000000-7f52d4021000 rw-p 00000000 00:00 0 
7f52d4021000-7f52d8000000 ---p 00000000 00:00 0 
7f52d8000000-7f52d8021000 rw-p 00000000 00:00 0 
7f52d8021000-7f52dc000000 ---p 00000000 00:00 0 
7f52dc003000-7f52dc004000 rw-p 00000000 00:00 0 
7f52dc004000-7f52dc00b000 r--s 00111000 09:00 2526355                    /usr/local/lib/scilab-5.2.2/thirdparty/java/lib/resources.jar
7f52dc00b000-7f52dc00c000 r--p 00000000 00:00 0 
7f52dc00c000-7f52dc00d000 r--s 00007000 09:00 3494023                    /usr/local/lib/scilab-5.2.2/share/scilab/modules/graphic_export/jar/org.scilab.modules.graphic_export.jar
7f52dc00d000-7f52dc018000 r--p 00000000 09:00 94600                      /usr/share/locale/fr/LC_MESSAGES/glib20.mo
7f52dc018000-7f52dc02b000 r--p 00000000 09:00 94773                      /usr/share/locale/fr/LC_MESSAGES/gtk20.mo
7f52dc02b000-7f52dc035000 r--s 0004a000 09:00 3489405                    /usr/local/lib/scilab-5.2.2/share/scilab/modules/gui/jar/org.scilab.modules.gui.jar
7f52dc035000-7f52dc03c000 r--s 00000000 09:00 5866                       /usr/lib64/gconv/gconv-modules.cache
7f52dc03c000-7f52dc0a5000 r--p 00000000 09:00 3488255                    /usr/local/lib/scilab-5.2.2/share/locale/fr_FR/LC_MESSAGES/scilab.mo
7f52dc0a5000-7f52dc6ab000 rw-p 00000000 00:00 0 
7f52dc6ab000-7f52dc842000 r--s 02ab6000 09:00 2526467                    /usr/local/lib/scilab-5.2.2/thirdparty/java/lib/rt.jar
7f52dc842000-7f52dc843000 ---p 00000000 00:00 0 
7f52dc843000-7f52dc943000 rwxp 00000000 00:00 0 
7f52dc943000-7f52dc944000 ---p 00000000 00:00 0 
7f52dc944000-7f52dca44000 rwxp 00000000 00:00 0 
7f52dca44000-7f52dca45000 ---p 00000000 00:00 0 
7f52dca45000-7f52dcb45000 rwxp 00000000 00:00 0 
7f52dcb45000-7f52dcb46000 ---p 00000000 00:00 0 
7f52dcb46000-7f52dcc46000 rwxp 00000000 00:00 0 
7f52dcc46000-7f52dcc47000 ---p 00000000 00:00 0 
7f52dcc47000-7f52dcd47000 rwxp 00000000 00:00 0 
7f52dcd47000-7f52dcd48000 ---p 00000000 00:00 0 
7f52dcd48000-7f52dce48000 rwxp 00000000 00:00 0 
7f52dce48000-7f52dce49000 ---p 00000000 00:00 0 
7f52dce49000-7f52dcf49000 rwxp 00000000 00:00 0 
7f52dcf49000-7f52dcf4a000 ---p 00000000 00:00 0 
7f52dcf4a000-7f52dd04a000 rwxp 00000000 00:00 0 
7f52dd04a000-7f52dd04b000 ---p 00000000 00:00 0 
7f52dd04b000-7f52dd14b000 rwxp 00000000 00:00 0 
7f52dd14b000-7f52dd14c000 ---p 00000000 00:00 0 
7f52dd14c000-7f52dd24c000 rwxp 00000000 00:00 0 
7f52dd24c000-7f52dd24d000 ---p 00000000 00:00 0 
7f52dd24d000-7f52dd34d000 rwxp 00000000 00:00 0 
7f52dd34d000-7f52dd34e000 ---p 00000000 00:00 0 
7f52dd34e000-7f52dd44e000 rwxp 00000000 00:00 0 
7f52dd44e000-7f52dd44f000 ---p 00000000 00:00 0 
7f52dd44f000-7f52dd54f000 rwxp 00000000 00:00 0 
7f52dd54f000-7f52dd5b4000 rw-p 00000000 00:00 0 
7f52dd5b4000-7f52dd5cf000 rw-p 00000000 00:00 0 
7f52dd5cf000-7f52df2c0000 rw-p 00000000 00:00 0 
7f52df2c0000-7f52e2a50000 rw-p 00000000 00:00 0 
7f52e2a50000-7f52f2a50000 rw-p 00000000 00:00 0 
7f52f2a50000-7f52f2a56000 r--s 00024000 09:00 3504846                    /usr/local/lib/scilab-5.2.2/share/scilab/modules/renderer/jar/org.scilab.modules.renderer.jar
7f52f2a56000-7f52f2a57000 r--s 00000000 09:00 3500272                    /usr/local/lib/scilab-5.2.2/share/scilab/modules/action_binding/jar/org.scilab.modules.action_binding.jar
7f52f2a57000-7f52f2a58000 r--s 00000000 09:00 3490441                    /usr/local/lib/scilab-5.2.2/share/scilab/modules/localization/jar/org.scilab.modules.localization.jar
7f52f2a58000-7f52f2a5a000 r--s 0000a000 09:00 3497021                    /usr/local/lib/scilab-5.2.2/share/scilab/modules/console/jar/org.scilab.modules.console.jar
7f52f2a5a000-7f52f2a5b000 r--s 00000000 09:00 3494430                    /usr/local/lib/scilab-5.2.2/share/scilab/modules/completion/jar/org.scilab.modules.completion.jar
7f52f2a5b000-7f52f2a5d000 r--s 00006000 09:00 3488337                    /usr/local/lib/scilab-5.2.2/share/scilab/modules/hdf5/jar/org.scilab.modules.hdf5.jar
7f52f2a5d000-7f52f2a67000 rw-p 00000000 00:00 0 
7f52f2a67000-7f52f2b1d000 rw-p 00000000 00:00 0 
7f52f2b1d000-7f52f2d8d000 rwxp 00000000 00:00 0 
7f52f2d8d000-7f52f5b1d000 rw-p 00000000 00:00 0 
7f52f5b1d000-7f52f5b2b000 r-xp 00000000 09:00 2526429                    /usr/local/lib/scilab-5.2.2/thirdparty/java/lib/amd64/libzip.so
7f52f5b2b000-7f52f5c2d000 ---p 0000e000 09:00 2526429                    /usr/local/lib/scilab-5.2.2/thirdparty/java/lib/amd64/libzip.so
7f52f5c2d000-7f52f5c30000 rw-p 00010000 09:00 2526429                    /usr/local/lib/scilab-5.2.2/thirdparty/java/lib/amd64/libzip.so
7f52f5c30000-7f52f5c31000 rw-p 00000000 00:00 0 
7f52f5c31000-7f52f5c38000 r-xp 00000000 09:00 2526439                    /usr/local/lib/scilab-5.2.2/thirdparty/java/lib/amd64/native_threads/libhpi.so
7f52f5c38000-7f52f5d39000 ---p 00007000 09:00 2526439                    /usr/local/lib/scilab-5.2.2/thirdparty/java/lib/amd64/native_threads/libhpi.so
7f52f5d39000-7f52f5d3b000 rw-p 00008000 09:00 2526439                    /usr/local/lib/scilab-5.2.2/thirdparty/java/lib/amd64/native_threads/libhpi.so
7f52f5d3b000-7f52f5d3c000 rw-p 00000000 00:00 0 
7f52f5d3c000-7f52f5d65000 r-xp 00000000 09:00 2526423                    /usr/local/lib/scilab-5.2.2/thirdparty/java/lib/amd64/libjava.so
7f52f5d65000-7f52f5e64000 ---p 00029000 09:00 2526423                    /usr/local/lib/scilab-5.2.2/thirdparty/java/lib/amd64/libjava.so
7f52f5e64000-7f52f5e6b000 rw-p 00028000 09:00 2526423                    /usr/local/lib/scilab-5.2.2/thirdparty/java/lib/amd64/libjava.so
7f52f5e6b000-7f52f5e78000 r-xp 00000000 09:00 2526411                    /usr/local/lib/scilab-5.2.2/thirdparty/java/lib/amd64/libverify.so
7f52f5e78000-7f52f5f77000 ---p 0000d000 09:00 2526411                    /usr/local/lib/scilab-5.2.2/thirdparty/java/lib/amd64/libverify.so
7f52f5f77000-7f52f5f7a000 rw-p 0000c000 09:00 2526411                    /usr/local/lib/scilab-5.2.2/thirdparty/java/lib/amd64/libverify.so
7f52f5f7a000-7f52f672e000 r-xp 00000000 09:00 2526395                    /usr/local/lib/scilab-5.2.2/thirdparty/java/lib/amd64/server/libjvm.so
7f52f672e000-7f52f682e000 ---p 007b4000 09:00 2526395                    /usr/local/lib/scilab-5.2.2/thirdparty/java/lib/amd64/server/libjvm.so
7f52f682e000-7f52f69b8000 rw-p 007b4000 09:00 2526395                    /usr/local/lib/scilab-5.2.2/thirdparty/java/lib/amd64/server/libjvm.so
7f52f69b8000-7f52f69f1000 rw-p 00000000 00:00 0 
7f52f69f1000-7f52f69f2000 ---p 00000000 00:00 0 
7f52f69f2000-7f52f73f2000 rwxp 00000000 00:00 0 
7f52f73f2000-7f52f73fe000 r-xp 00000000 09:00 129671                     /lib64/libnss_files-2.10.1.so
7f52f73fe000-7f52f75fd000 ---p 0000c000 09:00 129671                     /lib64/libnss_files-2.10.1.so
7f52f75fd000-7f52f75fe000 r--p 0000b000 09:00 129671                     /lib64/libnss_files-2.10.1.so
7f52f75fe000-7f52f75ff000 rw-p 0000c000 09:00 129671                     /lib64/libnss_files-2.10.1.so
7f52f75ff000-7f52f7600000 ---p 00000000 00:00 0 
7f52f7600000-7f52f8000000 rwxp 00000000 00:00 0 
7f52f8000000-7f52f8273000 rw-p 00000000 00:00 0 
7f52f8273000-7f52fc000000 ---p 00000000 00:00 0 
7f52fc000000-7f52fc001000 r--s 00000000 09:00 3499431                    /usr/local/lib/scilab-5.2.2/share/scilab/modules/history_manager/jar/org.scilab.modules.history_manager.jar
7f52fc001000-7f52fc00b000 r--s 00087000 09:00 2526239                    /usr/local/lib/scilab-5.2.2/thirdparty/jhall.jar
7f52fc00b000-7f52fc02e000 r--p 00000000 09:00 270348                     /usr/share/locale/fr/LC_MESSAGES/libc.mo
7f52fc02e000-7f52fc0c6000 r--p 00000000 09:00 11249                      /usr/share/fonts/dejavu/DejaVuSans.ttf
7f52fc0c6000-7f52fc113000 rw-p 00000000 00:00 0 
7f52fc113000-7f52fc114000 r--s 00000000 09:00 3498556                    /usr/local/lib/scilab-5.2.2/share/scilab/modules/shell/jar/org.scilab.modules.shell.jar
7f52fc114000-7f52fc115000 r--s 0000c000 09:00 2526238                    /usr/local/lib/scilab-5.2.2/thirdparty/commons-logging.jar
7f52fc115000-7f52fc11e000 r--s 0005b000 09:00 2526230                    /usr/local/lib/scilab-5.2.2/thirdparty/looks-2.1.1.jar
7f52fc11e000-7f52fc124000 r--s 0004c000 09:00 2526231                    /usr/local/lib/scilab-5.2.2/thirdparty/skinlf.jar
7f52fc124000-7f52fc125000 r--s 00001000 09:00 2526548                    /usr/local/lib/scilab-5.2.2/thirdparty/jrosetta-API.jar
7f52fc125000-7f52fc127000 r--s 00008000 09:00 2526514                    /usr/local/lib/scilab-5.2.2/thirdparty/jrosetta-engine.jar
7f52fc127000-7f52fc131000 r--s 0006a000 09:00 2526542                    /usr/local/lib/scilab-5.2.2/thirdparty/flexdock-0.5.1.jar
7f52fc131000-7f52fc133000 r--s 00001000 09:00 3499088                    /usr/local/lib/scilab-5.2.2/share/scilab/modules/jvm/jar/org.scilab.modules.jvm.jar
7f52fc133000-7f52fc142000 rw-p 00000000 00:00 0 
7f52fc142000-7f52fc15d000 rw-p 00000000 00:00 0 
7f52fc15d000-7f52fc165000 rw-s 00000000 09:00 3505804                    /tmp/hsperfdata_delanoue/3531
7f52fc165000-7f52fc169000 r--s 00000000 09:00 94081                      /var/cache/fontconfig/87f5e051180a7a75f16eb6fe7dbd3749-x86-64.cache-2
7f52fc169000-7f52fc172000 r--s 00000000 09:00 94080                      /var/cache/fontconfig/b79f3aaa7d385a141ab53ec885cc22a8-x86-64.cache-2
7f52fc172000-7f52fc177000 r--s 00000000 09:00 1323005                    /var/cache/fontconfig/103e7fb1ea2629e851f0af6e29d50d14-x86-64.cache-2
7f52fc177000-7f52fc17c000 r--s 00000000 09:00 1323004                    /var/cache/fontconfig/c4c72d5f47a988aa2d2b5e019553fb0a-x86-64.cache-2
7f52fc17c000-7f52fc181000 r--s 00000000 09:00 1323003                    /var/cache/fontconfig/f51c2ebd7e636ed1629dff932acec21b-x86-64.cache-2
7f52fc181000-7f52fc183000 r--s 00000000 09:00 93647                      /var/cache/fontconfig/2e1514a9fdd499050989183bb65136db-x86-64.cache-2
7f52fc183000-7f52fc185000 r--s 00000000 09:00 94096                      /var/cache/fontconfig/5c755b2f27115486aa6359c84dd3cbda-x86-64.cache-2
7f52fc185000-7f52fc187000 r--s 00000000 09:00 94095                      /var/cache/fontconfig/3f821257dd33660ba7bbb45c32deb84c-x86-64.cache-2
7f52fc187000-7f52fc189000 r--s 00000000 09:00 94094                      /var/cache/fontconfig/830f035fa84a65ce80e050178dbb630d-x86-64.cache-2
7f52fc189000-7f52fc18a000 r--s 00000000 09:00 94093                      /var/cache/fontconfig/81a173283b451552b599cfaafd6236bd-x86-64.cache-2
7f52fc18a000-7f52fc18b000 r--s 00000000 09:00 94092                      /var/cache/fontconfig/6cfc7d49b27ba7d3eb71ab86e04def2c-x86-64.cache-2
7f52fc18b000-7f52fc18c000 r--s 00000000 09:00 94091                      /var/cache/fontconfig/044963cbb93fcb06c61d94a50dee394f-x86-64.cache-2
7f52fc18c000-7f52fc18d000 r--s 00000000 09:00 130217                     /var/cache/fontconfig/6fcb01a03a016cc71057b587cdea6709-x86-64.cache-2
7f52fc18d000-7f52fc1a6000 r--s 00000000 09:00 94090                      /var/cache/fontconfig/7a7f22e4c6b2236c525eb458794c6fd2-x86-64.cache-2
7f52fc1a6000-7f52fc1a9000 r--s 00000000 09:00 10702                      /var/cache/fontconfig/cfde08ab28ad1d91784abb10973575e3-x86-64.cache-2
7f52fc1a9000-7f52fc1ac000 r--s 00000000 09:00 128494                     /var/cache/fontconfig/6082f993537e886e2b8c280984f3ae67-x86-64.cache-2
7f52fc1ac000-7f52fc1ad000 r--s 00000000 09:00 94087                      /var/cache/fontconfig/e61abf8156cc476151baa07d67337cae-x86-64.cache-2
7f52fc1ad000-7f52fc1b1000 r--s 00000000 09:00 94086                      /var/cache/fontconfig/b67b32625a2bb51b023d3814a918f351-x86-64.cache-2
7f52fc1b1000-7f52fc1b3000 r--s 00000000 09:00 94085                      /var/cache/fontconfig/d3379abda271c4acd2ad0c01f565d0b0-x86-64.cache-2
7f52fc1b3000-7f52fc1b8000 r--s 00000000 09:00 94084                      /var/cache/fontconfig/46b47dbc682d2ca4191e148ea7bde7f2-x86-64.cache-2
7f52fc1b8000-7f52fc1c1000 r--s 00000000 09:00 94082                      /var/cache/fontconfig/12b26b760a24f8b4feb03ad48a333a72-x86-64.cache-2
7f52fc1c1000-7f52fc1c2000 ---p 00000000 00:00 0 
7f52fc1c2000-7f52fcbc2000 rwxp 00000000 00:00 0 
7f52fcbfb000-7f5301cce000 r--p 00000000 09:00 270371                     /usr/lib/locale/locale-archive
7f5301cce000-7f5301cd8000 rw-p 00000000 00:00 0 
7f5301cd8000-7f5301dca000 r-xp 00000000 09:00 2525855                    /usr/local/lib/scilab-5.2.2/lib/thirdparty/libstdc++.so.6.0.13
7f5301dca000-7f5301fca000 ---p 000f2000 09:00 2525855                    /usr/local/lib/scilab-5.2.2/lib/thirdparty/libstdc++.so.6.0.13
7f5301fca000-7f5301fd1000 r--p 000f2000 09:00 2525855                    /usr/local/lib/scilab-5.2.2/lib/thirdparty/libstdc++.so.6.0.13
7f5301fd1000-7f5301fd3000 rw-p 000f9000 09:00 2525855                    /usr/local/lib/scilab-5.2.2/lib/thirdparty/libstdc++.so.6.0.13
7f5301fd3000-7f5301feb000 rw-p 00000000 00:00 0 
7f5301feb000-7f5302001000 r-xp 00000000 09:00 2525895                    /usr/local/lib/scilab-5.2.2/lib/thirdparty/libgcc_s.so.1
7f5302001000-7f5302201000 ---p 00016000 09:00 2525895                    /usr/local/lib/scilab-5.2.2/lib/thirdparty/libgcc_s.so.1
7f5302201000-7f5302202000 rw-p 00016000 09:00 2525895                    /usr/local/lib/scilab-5.2.2/lib/thirdparty/libgcc_s.so.1
7f5302202000-7f5302203000 rw-p 00000000 00:00 0 
7f5302203000-7f5302219000 r-xp 00000000 09:00 2525914                    /usr/local/lib/scilab-5.2.2/lib/thirdparty/libz.so.1.2.3.3
7f5302219000-7f5302419000 ---p 00016000 09:00 2525914                    /usr/local/lib/scilab-5.2.2/lib/thirdparty/libz.so.1.2.3.3
7f5302419000-7f530241a000 rw-p 00016000 09:00 2525914                    /usr/local/lib/scilab-5.2.2/lib/thirdparty/libz.so.1.2.3.3
7f530241a000-7f530241b000 rw-p 00000000 00:00 0 
7f530241b000-7f5302456000 r-xp 00000000 09:00 2525782                    /usr/local/lib/scilab-5.2.2/lib/thirdparty/libncurses.so.5.7
7f5302456000-7f5302655000 ---p 0003b000 09:00 2525782                    /usr/local/lib/scilab-5.2.2/lib/thirdparty/libncurses.so.5.7
7f5302655000-7f530265a000 rw-p 0003a000 09:00 2525782                    /usr/local/lib/scilab-5.2.2/lib/thirdparty/libncurses.so.5.7
7f530265a000-7f530265b000 r--s 00001000 09:00 2526548                    /usr/local/lib/scilab-5.2.2/thirdparty/jrosetta-API.jar
7f530265b000-7f530265c000 rw-p 00000000 00:00 0 
7f530265c000-7f530265d000 r--p 00000000 00:00 0 
7f530265d000-7f530265e000 r--s 00000000 09:00 94083                      /var/cache/fontconfig/b4d0b56f766d89640448751fcd18ec1e-x86-64.cache-2
7f530265e000-7f5302665000 r--s 00000000 09:00 94078                      /var/cache/fontconfig/928306c3ad40271d946e41014a49fc28-x86-64.cache-2
7f5302665000-7f530266c000 r--s 00000000 09:00 94077                      /var/cache/fontconfig/fa1582dab13e7e8e44e5a9424d309f0e-x86-64.cache-2
7f530266c000-7f5302677000 r--s 00000000 09:00 94076                      /var/cache/fontconfig/e19de935dec46bbf3ed114ee4965548a-x86-64.cache-2
7f5302677000-7f5302678000 r--s 00000000 09:00 94016                      /var/cache/fontconfig/1248881498ac025e45c3042f6afe9284-x86-64.cache-2
7f5302678000-7f5302679000 r--s 00000000 09:00 244142                     /var/cache/fontconfig/d04038e664b0033ae700a78c51f179d3-x86-64.cache-2
7f5302679000-7f530267c000 r--s 00000000 09:00 243947                     /var/cache/fontconfig/beeeeb3dfe132a8a0633a017c99ce0c0-x86-64.cache-2
7f530267c000-7f5302755000 r-xp 00000000 09:00 2525911                    /usr/local/lib/scilab-5.2.2/lib/thirdparty/libgfortran.so.3.0.0
7f5302755000-7f5302955000 ---p 000d9000 09:00 2525911                    /usr/local/lib/scilab-5.2.2/lib/thirdparty/libgfortran.so.3.0.0
7f5302955000-7f5302957000 rw-p 000d9000 09:00 2525911                    /usr/local/lib/scilab-5.2.2/lib/thirdparty/libgfortran.so.3.0.0
7f5302957000-7f5302958000 rw-p 00000000 00:00 0 
7f5302958000-7f5303109000 r-xp 00000000 09:00 2525773                    /usr/local/lib/scilab-5.2.2/lib/thirdparty/liblapack.so.3gf.0
7f5303109000-7f5303308000 ---p 007b1000 09:00 2525773                    /usr/local/lib/scilab-5.2.2/lib/thirdparty/liblapack.so.3gf.0
7f5303308000-7f5303309000 r--p 007b0000 09:00 2525773                    /usr/local/lib/scilab-5.2.2/lib/thirdparty/liblapack.so.3gf.0
7f5303309000-7f530330d000 rw-p 007b1000 09:00 2525773                    /usr/local/lib/scilab-5.2.2/lib/thirdparty/liblapack.so.3gf.0
7f530330d000-7f530341a000 rw-p 00000000 00:00 0 
7f530341a000-7f5303449000 r-xp 00000000 09:00 2525819                    /usr/local/lib/scilab-5.2.2/lib/thirdparty/libpcre.so.7.8.0
7f5303449000-7f5303648000 ---p 0002f000 09:00 2525819                    /usr/local/lib/scilab-5.2.2/lib/thirdparty/libpcre.so.7.8.0
7f5303648000-7f5303649000 rw-p 0002e000 09:00 2525819                    /usr/local/lib/scilab-5.2.2/lib/thirdparty/libpcre.so.7.8.0
7f5303649000-7f530364b000 r-xp 00000000 09:00 2525810                    /usr/local/lib/scilab-5.2.2/lib/thirdparty/libpcreposix.so.7.8.0
7f530364b000-7f530384a000 ---p 00002000 09:00 2525810                    /usr/local/lib/scilab-5.2.2/lib/thirdparty/libpcreposix.so.7.8.0
7f530384a000-7f530384b000 rw-p 00001000 09:00 2525810                    /usr/local/lib/scilab-5.2.2/lib/thirdparty/libpcreposix.so.7.8.0
7f530384b000-7f530384c000 rw-p 00000000 00:00 0 
7f530384c000-7f5303959000 r-xp 00000000 09:00 2525769                    /usr/local/lib/scilab-5.2.2/lib/thirdparty/libtcl8.5.3.so
7f5303959000-7f5303b59000 ---p 0010d000 09:00 2525769                    /usr/local/lib/scilab-5.2.2/lib/thirdparty/libtcl8.5.3.so
7f5303b59000-7f5303b68000 rw-p 0010d000 09:00 2525769                    /usr/local/lib/scilab-5.2.2/lib/thirdparty/libtcl8.5.3.so
7f5303b68000-7f5303b69000 rw-p 00000000 00:00 0 
7f5303b69000-7f5303c92000 r-xp 00000000 09:00 2525784                    /usr/local/lib/scilab-5.2.2/lib/thirdparty/libtk8.5.3.so
7f5303c92000-7f5303e92000 ---p 00129000 09:00 2525784                    /usr/local/lib/scilab-5.2.2/lib/thirdparty/libtk8.5.3.so
7f5303e92000-7f5303eaf000 rw-p 00129000 09:00 2525784                    /usr/local/lib/scilab-5.2.2/lib/thirdparty/libtk8.5.3.so
7f5303eaf000-7f5303eb0000 rw-p 00000000 00:00 0 
7f5303eb0000-7f5303f3e000 r-xp 00000000 09:00 2525886                    /usr/local/lib/scilab-5.2.2/lib/thirdparty/libblas.so.3gf.0
7f5303f3e000-7f530413e000 ---p 0008e000 09:00 2525886                    /usr/local/lib/scilab-5.2.2/lib/thirdparty/libblas.so.3gf.0
7f530413e000-7f530413f000 rw-p 0008e000 09:00 2525886                    /usr/local/lib/scilab-5.2.2/lib/thirdparty/libblas.so.3gf.0
7f530413f000-7f5304140000 rw-p 00000000 00:00 0 
7f5304140000-7f53043e8000 r-xp 00000000 09:00 2525859                    /usr/local/lib/scilab-5.2.2/lib/thirdparty/libhdf5-1.8.3.so.6.0.2
7f53043e8000-7f53044e8000 ---p 002a8000 09:00 2525859                    /usr/local/lib/scilab-5.2.2/lib/thirdparty/libhdf5-1.8.3.so.6.0.2
7f53044e8000-7f53044f2000 rw-p 002a8000 09:00 2525859                    /usr/local/lib/scilab-5.2.2/lib/thirdparty/libhdf5-1.8.3.so.6.0.2
7f53044f2000-7f53044f3000 rw-p 00000000 00:00 0 
7f53044f3000-7f53044f7000 r-xp 00000000 09:00 2526128                    /usr/local/lib/scilab-5.2.2/lib/scilab/libscihdf5-forceload.so.5.0.2
7f53044f7000-7f53046f6000 ---p 00004000 09:00 2526128                    /usr/local/lib/scilab-5.2.2/lib/scilab/libscihdf5-forceload.so.5.0.2
7f53046f6000-7f53046f7000 r--p 00003000 09:00 2526128                    /usr/local/lib/scilab-5.2.2/lib/scilab/libscihdf5-forceload.so.5.0.2
7f53046f7000-7f53046f8000 rw-p 00004000 09:00 2526128                    /usr/local/lib/scilab-5.2.2/lib/scilab/libscihdf5-forceload.so.5.0.2
7f53046f8000-7f5304725000 r-xp 00000000 09:00 2526031                    /usr/local/lib/scilab-5.2.2/lib/scilab/libscioutput_stream.so.5.0.2
7f5304725000-7f5304924000 ---p 0002d000 09:00 2526031                    /usr/local/lib/scilab-5.2.2/lib/scilab/libscioutput_stream.so.5.0.2
7f5304924000-7f5304925000 r--p 0002c000 09:00 2526031                    /usr/local/lib/scilab-5.2.2/lib/scilab/libscioutput_stream.so.5.0.2
7f5304925000-7f5304926000 rw-p 0002d000 09:00 2526031                    /usr/local/lib/scilab-5.2.2/lib/scilab/libscioutput_stream.so.5.0.2
7f5304926000-7f53049e4000 rw-p 00000000 00:00 0 
7f53049e4000-7f53049e5000 r-xp 00000000 09:00 2526136                    /usr/local/lib/scilab-5.2.2/lib/scilab/libscimalloc.so.5.0.2
7f53049e5000-7f5304be4000 ---p 00001000 09:00 2526136                    /usr/local/lib/scilab-5.2.2/lib/scilab/libscimalloc.so.5.0.2
7f5304be4000-7f5304be5000 r--p 00000000 09:00 2526136                    /usr/local/lib/scilab-5.2.2/lib/scilab/libscimalloc.so.5.0.2
7f5304be5000-7f5304be6000 rw-p 00001000 09:00 2526136                    /usr/local/lib/scilab-5.2.2/lib/scilab/libscimalloc.so.5.0.2
7f5304be6000-7f5304d37000 r-xp 00000000 09:00 2525921                    /usr/local/lib/scilab-5.2.2/lib/thirdparty/libxml2.so.2.7.6
7f5304d37000-7f5304f36000 ---p 00151000 09:00 2525921                    /usr/local/lib/scilab-5.2.2/lib/thirdparty/libxml2.so.2.7.6
7f5304f36000-7f5304f40000 rw-p 00150000 09:00 2525921                    /usr/local/lib/scilab-5.2.2/lib/thirdparty/libxml2.so.2.7.6
7f5304f40000-7f5304f41000 rw-p 00000000 00:00 0 
7f5304f41000-7f5304f4d000 r-xp 00000000 09:00 2526183                    /usr/local/lib/scilab-5.2.2/lib/scilab/libscixpad.so.5.0.2
7f5304f4d000-7f530514c000 ---p 0000c000 09:00 2526183                    /usr/local/lib/scilab-5.2.2/lib/scilab/libscixpad.so.5.0.2
7f530514c000-7f530514d000 r--p 0000b000 09:00 2526183                    /usr/local/lib/scilab-5.2.2/lib/scilab/libscixpad.so.5.0.2
7f530514d000-7f530514e000 rw-p 0000c000 09:00 2526183                    /usr/local/lib/scilab-5.2.2/lib/scilab/libscixpad.so.5.0.2
7f530514e000-7f530514f000 rw-p 00000000 00:00 0 
7f530514f000-7f530515f000 r-xp 00000000 09:00 2525978                    /usr/local/lib/scilab-5.2.2/lib/scilab/libscixcos.so.5.0.2
7f530515f000-7f530535e000 ---p 00010000 09:00 2525978                    /usr/local/lib/scilab-5.2.2/lib/scilab/libscixcos.so.5.0.2
7f530535e000-7f530535f000 r--p 0000f000 09:00 2525978                    /usr/local/lib/scilab-5.2.2/lib/scilab/libscixcos.so.5.0.2
7f530535f000-7f5305360000 rw-p 00010000 09:00 2525978                    /usr/local/lib/scilab-5.2.2/lib/scilab/libscixcos.so.5.0.2
7f5305360000-7f5305361000 r-xp 00000000 09:00 2526192                    /usr/local/lib/scilab-5.2.2/lib/scilab/libscidynamiclibrary.so.5.0.2
7f5305361000-7f5305560000 ---p 00001000 09:00 2526192                    /usr/local/lib/scilab-5.2.2/lib/scilab/libscidynamiclibrary.so.5.0.2
7f5305560000-7f5305561000 r--p 00000000 09:00 2526192                    /usr/local/lib/scilab-5.2.2/lib/scilab/libscidynamiclibrary.so.5.0.2
7f5305561000-7f5305562000 rw-p 00001000 09:00 2526192                    /usr/local/lib/scilab-5.2.2/lib/scilab/libscidynamiclibrary.so.5.0.2
7f5305562000-7f5305565000 r-xp 00000000 09:00 2526099                    /usr/local/lib/scilab-5.2.2/lib/scilab/libscilibst.so.5.0.2
7f5305565000-7f5305764000 ---p 00003000 09:00 2526099                    /usr/local/lib/scilab-5.2.2/lib/scilab/libscilibst.so.5.0.2
7f5305764000-7f5305765000 r--p 00002000 09:00 2526099                    /usr/local/lib/scilab-5.2.2/lib/scilab/libscilibst.so.5.0.2
7f5305765000-7f5305766000 rw-p 00003000 09:00 2526099                    /usr/local/lib/scilab-5.2.2/lib/scilab/libscilibst.so.5.0.2
7f5305766000-7f5305767000 rw-p 00000000 00:00 0 
7f5305767000-7f5305783000 r-xp 00000000 09:00 2526010                    /usr/local/lib/scilab-5.2.2/lib/scilab/libsciapi_scilab.so.5.0.2
7f5305783000-7f5305982000 ---p 0001c000 09:00 2526010                    /usr/local/lib/scilab-5.2.2/lib/scilab/libsciapi_scilab.so.5.0.2
7f5305982000-7f5305983000 r--p 0001b000 09:00 2526010                    /usr/local/lib/scilab-5.2.2/lib/scilab/libsciapi_scilab.so.5.0.2
7f5305983000-7f5305984000 rw-p 0001c000 09:00 2526010                    /usr/local/lib/scilab-5.2.2/lib/scilab/libsciapi_scilab.so.5.0.2
7f5305984000-7f53059b8000 r-xp 00000000 09:00 2526185                    /usr/local/lib/scilab-5.2.2/lib/scilab/libsciarnoldi.so.5.0.2
7f53059b8000-7f5305bb8000 ---p 00034000 09:00 2526185                    /usr/local/lib/scilab-5.2.2/lib/scilab/libsciarnoldi.so.5.0.2
7f5305bb8000-7f5305bb9000 r--p 00034000 09:00 2526185                    /usr/local/lib/scilab-5.2.2/lib/scilab/libsciarnoldi.so.5.0.2
7f5305bb9000-7f5305bba000 rw-p 00035000 09:00 2526185                    /usr/local/lib/scilab-5.2.2/lib/scilab/libsciarnoldi.so.5.0.2
7f5305bba000-7f5305c4c000 r-xp 00000000 09:00 2526001                    /usr/local/lib/scilab-5.2.2/lib/scilab/libscielementary_functions.so.5.0.2
7f5305c4c000-7f5305e4b000 ---p 00092000 09:00 2526001                    /usr/local/lib/scilab-5.2.2/lib/scilab/libscielementary_functions.so.5.0.2
7f5305e4b000-7f5305e4c000 r--p 00091000 09:00 2526001                    /usr/local/lib/scilab-5.2.2/lib/scilab/libscielementary_functions.so.5.0.2
7f5305e4c000-7f5305e50000 rw-p 00092000 09:00 2526001                    /usr/local/lib/scilab-5.2.2/lib/scilab/libscielementary_functions.so.5.0.2
7f5305e50000-7f5305f0c000 rw-p 00000000 00:00 0 
7f5305f0c000-7f5305f2a000 r-xp 00000000 09:00 2525936                    /usr/local/lib/scilab-5.2.2/lib/scilab/libscistring.so.5.0.2
7f5305f2a000-7f5306129000 ---p 0001e000 09:00 2525936                    /usr/local/lib/scilab-5.2.2/lib/scilab/libscistring.so.5.0.2
7f5306129000-7f530612a000 r--p 0001d000 09:00 2525936                    /usr/local/lib/scilab-5.2.2/lib/scilab/libscistring.so.5.0.2
7f530612a000-7f530612b000 rw-p 0001e000 09:00 2525936                    /usr/local/lib/scilab-5.2.2/lib/scilab/libscistring.so.5.0.2
7f530612b000-7f53061e5000 rw-p 00000000 00:00 0 
7f53061e5000-7f5306209000 r-xp 00000000 09:00 2525938                    /usr/local/lib/scilab-5.2.2/lib/scilab/libscifileio.so.5.0.2
7f5306209000-7f5306408000 ---p 00024000 09:00 2525938                    /usr/local/lib/scilab-5.2.2/lib/scilab/libscifileio.so.5.0.2
7f5306408000-7f5306409000 r--p 00023000 09:00 2525938                    /usr/local/lib/scilab-5.2.2/lib/scilab/libscifileio.so.5.0.2
7f5306409000-7f530640a000 rw-p 00024000 09:00 2525938                    /usr/local/lib/scilab-5.2.2/lib/scilab/libscifileio.so.5.0.2
7f530640a000-7f5306411000 r-xp 00000000 09:00 2525942                    /usr/local/lib/scilab-5.2.2/lib/scilab/libscijvm.so.5.0.2
7f5306411000-7f5306611000 ---p 00007000 09:00 2525942                    /usr/local/lib/scilab-5.2.2/lib/scilab/libscijvm.so.5.0.2
7f5306611000-7f5306612000 r--p 00007000 09:00 2525942                    /usr/local/lib/scilab-5.2.2/lib/scilab/libscijvm.so.5.0.2
7f5306612000-7f5306613000 rw-p 00008000 09:00 2525942                    /usr/local/lib/scilab-5.2.2/lib/scilab/libscijvm.so.5.0.2
7f5306613000-7f5306614000 rw-p 00000000 00:00 0 
7f5306614000-7f5306622000 r-xp 00000000 09:00 2526138                    /usr/local/lib/scilab-5.2.2/lib/scilab/libscihistory_manager.so.5.0.2
7f5306622000-7f5306821000 ---p 0000e000 09:00 2526138                    /usr/local/lib/scilab-5.2.2/lib/scilab/libscihistory_manager.so.5.0.2
7f5306821000-7f5306822000 r--p 0000d000 09:00 2526138                    /usr/local/lib/scilab-5.2.2/lib/scilab/libscihistory_manager.so.5.0.2
7f5306822000-7f5306823000 rw-p 0000e000 09:00 2526138                    /usr/local/lib/scilab-5.2.2/lib/scilab/libscihistory_manager.so.5.0.2
7f5306823000-7f5306825000 r-xp 00000000 09:00 2526028                    /usr/local/lib/scilab-5.2.2/lib/scilab/libsciaction_binding.so.5.0.2
7f5306825000-7f5306a24000 ---p 00002000 09:00 2526028                    /usr/local/lib/scilab-5.2.2/lib/scilab/libsciaction_binding.so.5.0.2
7f5306a24000-7f5306a25000 r--p 00001000 09:00 2526028                    /usr/local/lib/scilab-5.2.2/lib/scilab/libsciaction_binding.so.5.0.2
7f5306a25000-7f5306a26000 rw-p 00002000 09:00 2526028                    /usr/local/lib/scilab-5.2.2/lib/scilab/libsciaction_binding.so.5.0.2
7f5306a26000-7f5306a33000 r-xp 00000000 09:00 2525940                    /usr/local/lib/scilab-5.2.2/lib/scilab/libsciconsole.so.5.0.2
7f5306a33000-7f5306c32000 ---p 0000d000 09:00 2525940                    /usr/local/lib/scilab-5.2.2/lib/scilab/libsciconsole.so.5.0.2
7f5306c32000-7f5306c33000 r--p 0000c000 09:00 2525940                    /usr/local/lib/scilab-5.2.2/lib/scilab/libsciconsole.so.5.0.2
7f5306c33000-7f5306c34000 rw-p 0000d000 09:00 2525940                    /usr/local/lib/scilab-5.2.2/lib/scilab/libsciconsole.so.5.0.2
7f5306c34000-7f5306c35000 rw-p 00000000 00:00 0 
7f5306c35000-7f5306c69000 r-xp 00000000 09:00 2526097                    /usr/local/lib/scilab-5.2.2/lib/scilab/libscigraphic_export.so.5.0.2
7f5306c69000-7f5306e68000 ---p 00034000 09:00 2526097                    /usr/local/lib/scilab-5.2.2/lib/scilab/libscigraphic_export.so.5.0.2
7f5306e68000-7f5306e69000 r--p 00033000 09:00 2526097                    /usr/local/lib/scilab-5.2.2/lib/scilab/libscigraphic_export.so.5.0.2
7f5306e69000-7f5306e6a000 rw-p 00034000 09:00 2526097                    /usr/local/lib/scilab-5.2.2/lib/scilab/libscigraphic_export.so.5.0.2
7f5306e6a000-7f5306e6c000 r-xp 00000000 09:00 2525988                    /usr/local/lib/scilab-5.2.2/lib/scilab/libscidoublylinkedlist.so.5.0.2
7f5306e6c000-7f530706b000 ---p 00002000 09:00 2525988                    /usr/local/lib/scilab-5.2.2/lib/scilab/libscidoublylinkedlist.so.5.0.2
7f530706b000-7f530706c000 r--p 00001000 09:00 2525988                    /usr/local/lib/scilab-5.2.2/lib/scilab/libscidoublylinkedlist.so.5.0.2
7f530706c000-7f530706d000 rw-p 00002000 09:00 2525988                    /usr/local/lib/scilab-5.2.2/lib/scilab/libscidoublylinkedlist.so.5.0.2
7f530706d000-7f53071e5000 r-xp 00000000 09:00 2525962                    /usr/local/lib/scilab-5.2.2/lib/scilab/libscirenderer.so.5.0.2
7f53071e5000-7f53073e4000 ---p 00178000 09:00 2525962                    /usr/local/lib/scilab-5.2.2/lib/scilab/libscirenderer.so.5.0.2
7f53073e4000-7f53073fc000 r--p 00177000 09:00 2525962                    /usr/local/lib/scilab-5.2.2/lib/scilab/libscirenderer.so.5.0.2
7f53073fc000-7f53073ff000 rw-p 0018f000 09:00 2525962                    /usr/local/lib/scilab-5.2.2/lib/scilab/libscirenderer.so.5.0.2
7f53073ff000-7f5307400000 rw-p 00000000 00:00 0 
7f5307400000-7f5307466000 r-xp 00000000 09:00 2526049                    /usr/local/lib/scilab-5.2.2/lib/scilab/libscigui.so.5.0.2
7f5307466000-7f5307665000 ---p 00066000 09:00 2526049                    /usr/local/lib/scilab-5.2.2/lib/scilab/libscigui.so.5.0.2
7f5307665000-7f5307666000 r--p 00065000 09:00 2526049                    /usr/local/lib/scilab-5.2.2/lib/scilab/libscigui.so.5.0.2
7f5307666000-7f5307668000 rw-p 00066000 09:00 2526049                    /usr/local/lib/scilab-5.2.2/lib/scilab/libscigui.so.5.0.2
7f5307668000-7f5307672000 r-xp 00000000 09:00 2526052                    /usr/local/lib/scilab-5.2.2/lib/scilab/libscitclsci.so.5.0.2
7f5307672000-7f5307871000 ---p 0000a000 09:00 2526052                    /usr/local/lib/scilab-5.2.2/lib/scilab/libscitclsci.so.5.0.2
7f5307871000-7f5307872000 r--p 00009000 09:00 2526052                    /usr/local/lib/scilab-5.2.2/lib/scilab/libscitclsci.so.5.0.2
7f5307872000-7f5307873000 rw-p 0000a000 09:00 2526052                    /usr/local/lib/scilab-5.2.2/lib/scilab/libscitclsci.so.5.0.2
7f5307873000-7f5307875000 r-xp 00000000 09:00 2526197                    /usr/local/lib/scilab-5.2.2/lib/scilab/libscihashtable.so.5.0.2
7f5307875000-7f5307a74000 ---p 00002000 09:00 2526197                    /usr/local/lib/scilab-5.2.2/lib/scilab/libscihashtable.so.5.0.2
7f5307a74000-7f5307a75000 r--p 00001000 09:00 2526197                    /usr/local/lib/scilab-5.2.2/lib/scilab/libscihashtable.so.5.0.2
7f5307a75000-7f5307a76000 rw-p 00002000 09:00 2526197                    /usr/local/lib/scilab-5.2.2/lib/scilab/libscihashtable.so.5.0.2
7f5307a76000-7f5307a77000 rw-p 00000000 00:00 0 
7f5307a77000-7f5307af1000 r-xp 00000000 09:00 2526117                    /usr/local/lib/scilab-5.2.2/lib/scilab/libscigraphics.so.5.0.2
7f5307af1000-7f5307cf0000 ---p 0007a000 09:00 2526117                    /usr/local/lib/scilab-5.2.2/lib/scilab/libscigraphics.so.5.0.2
7f5307cf0000-7f5307cf2000 r--p 00079000 09:00 2526117                    /usr/local/lib/scilab-5.2.2/lib/scilab/libscigraphics.so.5.0.2
7f5307cf2000-7f5307cf5000 rw-p 0007b000 09:00 2526117                    /usr/local/lib/scilab-5.2.2/lib/scilab/libscigraphics.so.5.0.2
7f5307cf5000-7f5307cf6000 rw-p 00000000 00:00 0 
7f5307cf6000-7f5307cff000 r-xp 00000000 09:00 2526030                    /usr/local/lib/scilab-5.2.2/lib/scilab/libscifunctions.so.5.0.2
7f5307cff000-7f5307efe000 ---p 00009000 09:00 2526030                    /usr/local/lib/scilab-5.2.2/lib/scilab/libscifunctions.so.5.0.2
7f5307efe000-7f5307eff000 r--p 00008000 09:00 2526030                    /usr/local/lib/scilab-5.2.2/lib/scilab/libscifunctions.so.5.0.2
7f5307eff000-7f5307f00000 rw-p 00009000 09:00 2526030                    /usr/local/lib/scilab-5.2.2/lib/scilab/libscifunctions.so.5.0.2
7f5307f00000-7f5307fba000 rw-p 00000000 00:00 0 
7f5307fba000-7f5307fcf000 r-xp 00000000 09:00 2526160                    /usr/local/lib/scilab-5.2.2/lib/scilab/libscihdf5.so.5.0.2
7f5307fcf000-7f53081ce000 ---p 00015000 09:00 2526160                    /usr/local/lib/scilab-5.2.2/lib/scilab/libscihdf5.so.5.0.2
7f53081ce000-7f53081cf000 r--p 00014000 09:00 2526160                    /usr/local/lib/scilab-5.2.2/lib/scilab/libscihdf5.so.5.0.2
7f53081cf000-7f53081d0000 rw-p 00015000 09:00 2526160                    /usr/local/lib/scilab-5.2.2/lib/scilab/libscihdf5.so.5.0.2
7f53081d0000-7f53081d1000 rw-p 00000000 00:00 0 
7f53081d1000-7f53082ce000 r-xp 00000000 09:00 2525856                    /usr/local/lib/scilab-5.2.2/lib/thirdparty/libfftw3.so.3.2.3
7f53082ce000-7f53084ce000 ---p 000fd000 09:00 2525856                    /usr/local/lib/scilab-5.2.2/lib/thirdparty/libfftw3.so.3.2.3
7f53084ce000-7f53084d5000 rw-p 000fd000 09:00 2525856                    /usr/local/lib/scilab-5.2.2/lib/thirdparty/libfftw3.so.3.2.3
7f53084d5000-7f53084db000 r-xp 00000000 09:00 2525952                    /usr/local/lib/scilab-5.2.2/lib/scilab/libscifftw.so.5.0.2
7f53084db000-7f53086da000 ---p 00006000 09:00 2525952                    /usr/local/lib/scilab-5.2.2/lib/scilab/libscifftw.so.5.0.2
7f53086da000-7f53086db000 r--p 00005000 09:00 2525952                    /usr/local/lib/scilab-5.2.2/lib/scilab/libscifftw.so.5.0.2
7f53086db000-7f53086dc000 rw-p 00006000 09:00 2525952                    /usr/local/lib/scilab-5.2.2/lib/scilab/libscifftw.so.5.0.2
7f53086dc000-7f53086e5000 r-xp 00000000 09:00 2526018                    /usr/local/lib/scilab-5.2.2/lib/scilab/libscidynamic_link.so.5.0.2
7f53086e5000-7f53088e4000 ---p 00009000 09:00 2526018                    /usr/local/lib/scilab-5.2.2/lib/scilab/libscidynamic_link.so.5.0.2
7f53088e4000-7f53088e5000 r--p 00008000 09:00 2526018                    /usr/local/lib/scilab-5.2.2/lib/scilab/libscidynamic_link.so.5.0.2
7f53088e5000-7f53088e6000 rw-p 00009000 09:00 2526018                    /usr/local/lib/scilab-5.2.2/lib/scilab/libscidynamic_link.so.5.0.2
7f53088e6000-7f53089e9000 rw-p 00000000 00:00 0 
7f53089e9000-7f5308a14000 r-xp 00000000 09:00 2526102                    /usr/local/lib/scilab-5.2.2/lib/scilab/libscilinear_algebra.so.5.0.2
7f5308a14000-7f5308c13000 ---p 0002b000 09:00 2526102                    /usr/local/lib/scilab-5.2.2/lib/scilab/libscilinear_algebra.so.5.0.2
7f5308c13000-7f5308c14000 r--p 0002a000 09:00 2526102                    /usr/local/lib/scilab-5.2.2/lib/scilab/libscilinear_algebra.so.5.0.2
7f5308c14000-7f5308c15000 rw-p 0002b000 09:00 2526102                    /usr/local/lib/scilab-5.2.2/lib/scilab/libscilinear_algebra.so.5.0.2
7f5308c15000-7f5308ccf000 rw-p 00000000 00:00 0 
7f5308ccf000-7f5308cfc000 r-xp 00000000 09:00 2526167                    /usr/local/lib/scilab-5.2.2/lib/scilab/libsciinteger.so.5.0.2
7f5308cfc000-7f5308efb000 ---p 0002d000 09:00 2526167                    /usr/local/lib/scilab-5.2.2/lib/scilab/libsciinteger.so.5.0.2
7f5308efb000-7f5308efc000 r--p 0002c000 09:00 2526167                    /usr/local/lib/scilab-5.2.2/lib/scilab/libsciinteger.so.5.0.2
7f5308efc000-7f5308efd000 rw-p 0002d000 09:00 2526167                    /usr/local/lib/scilab-5.2.2/lib/scilab/libsciinteger.so.5.0.2
7f5308efd000-7f5308fb7000 rw-p 00000000 00:00 0 
7f5308fb7000-7f5308fc7000 r-xp 00000000 09:00 2526040                    /usr/local/lib/scilab-5.2.2/lib/scilab/libscidata_structures.so.5.0.2
7f5308fc7000-7f53091c6000 ---p 00010000 09:00 2526040                    /usr/local/lib/scilab-5.2.2/lib/scilab/libscidata_structures.so.5.0.2
7f53091c6000-7f53091c7000 r--p 0000f000 09:00 2526040                    /usr/local/lib/scilab-5.2.2/lib/scilab/libscidata_structures.so.5.0.2
7f53091c7000-7f53091c8000 rw-p 00010000 09:00 2526040                    /usr/local/lib/scilab-5.2.2/lib/scilab/libscidata_structures.so.5.0.2
7f53091c8000-7f5309283000 rw-p 00000000 00:00 0 
7f5309283000-7f530928f000 r-xp 00000000 09:00 2526198                    /usr/local/lib/scilab-5.2.2/lib/scilab/libmex.so.5.0.2
7f530928f000-7f530948e000 ---p 0000c000 09:00 2526198                    /usr/local/lib/scilab-5.2.2/lib/scilab/libmex.so.5.0.2
7f530948e000-7f530948f000 r--p 0000b000 09:00 2526198                    /usr/local/lib/scilab-5.2.2/lib/scilab/libmex.so.5.0.2
7f530948f000-7f5309490000 rw-p 0000c000 09:00 2526198                    /usr/local/lib/scilab-5.2.2/lib/scilab/libmex.so.5.0.2
7f5309490000-7f5309492000 rw-p 00000000 00:00 0 
7f5309492000-7f53094fd000 r-xp 00000000 09:00 2525987                    /usr/local/lib/scilab-5.2.2/lib/scilab/libscidifferential_equations.so.5.0.2
7f53094fd000-7f53096fd000 ---p 0006b000 09:00 2525987                    /usr/local/lib/scilab-5.2.2/lib/scilab/libscidifferential_equations.so.5.0.2
7f53096fd000-7f53096fe000 r--p 0006b000 09:00 2525987                    /usr/local/lib/scilab-5.2.2/lib/scilab/libscidifferential_equations.so.5.0.2
7f53096fe000-7f53096ff000 rw-p 0006c000 09:00 2525987                    /usr/local/lib/scilab-5.2.2/lib/scilab/libscidifferential_equations.so.5.0.2
7f53096ff000-7f53097c1000 rw-p 00000000 00:00 0 
7f53097c1000-7f53097cd000 r-xp 00000000 09:00 2525996                    /usr/local/lib/scilab-5.2.2/lib/scilab/libmat.so.5.0.2
7f53097cd000-7f53099cc000 ---p 0000c000 09:00 2525996                    /usr/local/lib/scilab-5.2.2/lib/scilab/libmat.so.5.0.2
7f53099cc000-7f53099cd000 r--p 0000b000 09:00 2525996                    /usr/local/lib/scilab-5.2.2/lib/scilab/libmat.so.5.0.2
7f53099cd000-7f53099ce000 rw-p 0000c000 09:00 2525996                    /usr/local/lib/scilab-5.2.2/lib/scilab/libmat.so.5.0.2
7f53099ce000-7f53099d1000 rw-p 00000000 00:00 0 
7f53099d1000-7f53099dd000 r-xp 00000000 09:00 2525939                    /usr/local/lib/scilab-5.2.2/lib/scilab/libmx.so.5.0.2
7f53099dd000-7f5309bdc000 ---p 0000c000 09:00 2525939                    /usr/local/lib/scilab-5.2.2/lib/scilab/libmx.so.5.0.2
7f5309bdc000-7f5309bdd000 r--p 0000b000 09:00 2525939                    /usr/local/lib/scilab-5.2.2/lib/scilab/libmx.so.5.0.2
7f5309bdd000-7f5309bde000 rw-p 0000c000 09:00 2525939                    /usr/local/lib/scilab-5.2.2/lib/scilab/libmx.so.5.0.2
7f5309bde000-7f5309be0000 rw-p 00000000 00:00 0 
7f5309be0000-7f5309cbf000 r-xp 00000000 09:00 2526190                    /usr/local/lib/scilab-5.2.2/lib/scilab/libscicacsd.so.5.0.2
7f5309cbf000-7f5309ebf000 ---p 000df000 09:00 2526190                    /usr/local/lib/scilab-5.2.2/lib/scilab/libscicacsd.so.5.0.2
7f5309ebf000-7f5309ec0000 r--p 000df000 09:00 2526190                    /usr/local/lib/scilab-5.2.2/lib/scilab/libscicacsd.so.5.0.2
7f5309ec0000-7f5309ec1000 rw-p 000e0000 09:00 2526190                    /usr/local/lib/scilab-5.2.2/lib/scilab/libscicacsd.so.5.0.2
7f5309ec1000-7f5309f7b000 rw-p 00000000 00:00 0 
7f5309f7b000-7f5309fa8000 r-xp 00000000 09:00 2526113                    /usr/local/lib/scilab-5.2.2/lib/scilab/libscipolynomials.so.5.0.2
7f5309fa8000-7f530a1a7000 ---p 0002d000 09:00 2526113                    /usr/local/lib/scilab-5.2.2/lib/scilab/libscipolynomials.so.5.0.2
7f530a1a7000-7f530a1a8000 r--p 0002c000 09:00 2526113                    /usr/local/lib/scilab-5.2.2/lib/scilab/libscipolynomials.so.5.0.2
7f530a1a8000-7f530a1a9000 rw-p 0002d000 09:00 2526113                    /usr/local/lib/scilab-5.2.2/lib/scilab/libscipolynomials.so.5.0.2
7f530a1a9000-7f530a265000 rw-p 00000000 00:00 0 
7f530a265000-7f530a2b4000 r-xp 00000000 09:00 2526125                    /usr/local/lib/scilab-5.2.2/lib/scilab/libscisparse.so.5.0.2
7f530a2b4000-7f530a4b3000 ---p 0004f000 09:00 2526125                    /usr/local/lib/scilab-5.2.2/lib/scilab/libscisparse.so.5.0.2
7f530a4b3000-7f530a4b4000 r--p 0004e000 09:00 2526125                    /usr/local/lib/scilab-5.2.2/lib/scilab/libscisparse.so.5.0.2
7f530a4b4000-7f530a4b5000 rw-p 0004f000 09:00 2526125                    /usr/local/lib/scilab-5.2.2/lib/scilab/libscisparse.so.5.0.2
7f530a4b5000-7f530a56f000 rw-p 00000000 00:00 0 
7f530a56f000-7f530a570000 r-xp 00000000 09:00 2526110                    /usr/local/lib/scilab-5.2.2/lib/scilab/libscipvm.so.5.0.2
7f530a570000-7f530a76f000 ---p 00001000 09:00 2526110                    /usr/local/lib/scilab-5.2.2/lib/scilab/libscipvm.so.5.0.2
7f530a76f000-7f530a770000 r--p 00000000 09:00 2526110                    /usr/local/lib/scilab-5.2.2/lib/scilab/libscipvm.so.5.0.2
7f530a770000-7f530a771000 rw-p 00001000 09:00 2526110                    /usr/local/lib/scilab-5.2.2/lib/scilab/libscipvm.so.5.0.2
7f530a771000-7f530a772000 r-xp 00000000 09:00 2526115                    /usr/local/lib/scilab-5.2.2/lib/scilab/libsciwindows_tools.so.5.0.2
7f530a772000-7f530a971000 ---p 00001000 09:00 2526115                    /usr/local/lib/scilab-5.2.2/lib/scilab/libsciwindows_tools.so.5.0.2
7f530a971000-7f530a972000 r--p 00000000 09:00 2526115                    /usr/local/lib/scilab-5.2.2/lib/scilab/libsciwindows_tools.so.5.0.2
7f530a972000-7f530a973000 rw-p 00001000 09:00 2526115                    /usr/local/lib/scilab-5.2.2/lib/scilab/libsciwindows_tools.so.5.0.2
7f530a973000-7f530a974000 rw-p 00000000 00:00 0 
7f530a974000-7f530a977000 r-xp 00000000 09:00 2526016                    /usr/local/lib/scilab-5.2.2/lib/scilab/libscitime.so.5.0.2
7f530a977000-7f530ab77000 ---p 00003000 09:00 2526016                    /usr/local/lib/scilab-5.2.2/lib/scilab/libscitime.so.5.0.2
7f530ab77000-7f530ab78000 r--p 00003000 09:00 2526016                    /usr/local/lib/scilab-5.2.2/lib/scilab/libscitime.so.5.0.2
7f530ab78000-7f530ab79000 rw-p 00004000 09:00 2526016                    /usr/local/lib/scilab-5.2.2/lib/scilab/libscitime.so.5.0.2
7f530ab79000-7f530ab93000 r-xp 00000000 09:00 2526195                    /usr/local/lib/scilab-5.2.2/lib/scilab/libscistatistics.so.5.0.2
7f530ab93000-7f530ad92000 ---p 0001a000 09:00 2526195                    /usr/local/lib/scilab-5.2.2/lib/scilab/libscistatistics.so.5.0.2
7f530ad92000-7f530ad93000 r--p 00019000 09:00 2526195                    /usr/local/lib/scilab-5.2.2/lib/scilab/libscistatistics.so.5.0.2
7f530ad93000-7f530ad94000 rw-p 0001a000 09:00 2526195                    /usr/local/lib/scilab-5.2.2/lib/scilab/libscistatistics.so.5.0.2
7f530ad94000-7f530ae4e000 rw-p 00000000 00:00 0 
7f530ae4e000-7f530ae58000 r-xp 00000000 09:00 2526153                    /usr/local/lib/scilab-5.2.2/lib/scilab/libscispecial_functions.so.5.0.2
7f530ae58000-7f530b058000 ---p 0000a000 09:00 2526153                    /usr/local/lib/scilab-5.2.2/lib/scilab/libscispecial_functions.so.5.0.2
7f530b058000-7f530b059000 r--p 0000a000 09:00 2526153                    /usr/local/lib/scilab-5.2.2/lib/scilab/libscispecial_functions.so.5.0.2
7f530b059000-7f530b05a000 rw-p 0000b000 09:00 2526153                    /usr/local/lib/scilab-5.2.2/lib/scilab/libscispecial_functions.so.5.0.2
7f530b05a000-7f530b115000 rw-p 00000000 00:00 0 
7f530b115000-7f530b117000 r-xp 00000000 09:00 2526013                    /usr/local/lib/scilab-5.2.2/lib/scilab/libsciintersci.so.5.0.2
7f530b117000-7f530b316000 ---p 00002000 09:00 2526013                    /usr/local/lib/scilab-5.2.2/lib/scilab/libsciintersci.so.5.0.2
7f530b316000-7f530b317000 r--p 00001000 09:00 2526013                    /usr/local/lib/scilab-5.2.2/lib/scilab/libsciintersci.so.5.0.2
7f530b317000-7f530b318000 rw-p 00002000 09:00 2526013                    /usr/local/lib/scilab-5.2.2/lib/scilab/libsciintersci.so.5.0.2
7f530b318000-7f530b321000 r-xp 00000000 09:00 2525981                    /usr/local/lib/scilab-5.2.2/lib/scilab/libsciboolean.so.5.0.2
7f530b321000-7f530b520000 ---p 00009000 09:00 2525981                    /usr/local/lib/scilab-5.2.2/lib/scilab/libsciboolean.so.5.0.2
7f530b520000-7f530b521000 r--p 00008000 09:00 2525981                    /usr/local/lib/scilab-5.2.2/lib/scilab/libsciboolean.so.5.0.2
7f530b521000-7f530b522000 rw-p 00009000 09:00 2525981                    /usr/local/lib/scilab-5.2.2/lib/scilab/libsciboolean.so.5.0.2
7f530b522000-7f530b5dc000 rw-p 00000000 00:00 0 
7f530b5dc000-7f530b5ed000 r-xp 00000000 09:00 2526129                    /usr/local/lib/scilab-5.2.2/lib/scilab/libscidouble.so.5.0.2
7f530b5ed000-7f530b7ec000 ---p 00011000 09:00 2526129                    /usr/local/lib/scilab-5.2.2/lib/scilab/libscidouble.so.5.0.2
7f530b7ec000-7f530b7ed000 r--p 00010000 09:00 2526129                    /usr/local/lib/scilab-5.2.2/lib/scilab/libscidouble.so.5.0.2
7f530b7ed000-7f530b7ee000 rw-p 00011000 09:00 2526129                    /usr/local/lib/scilab-5.2.2/lib/scilab/libscidouble.so.5.0.2
7f530b7ee000-7f530b8a9000 rw-p 00000000 00:00 0 
7f530b8a9000-7f530b8ac000 r-xp 00000000 09:00 2526089                    /usr/local/lib/scilab-5.2.2/lib/scilab/libscicall_scilab.so.5.0.2
7f530b8ac000-7f530baab000 ---p 00003000 09:00 2526089                    /usr/local/lib/scilab-5.2.2/lib/scilab/libscicall_scilab.so.5.0.2
7f530baab000-7f530baac000 r--p 00002000 09:00 2526089                    /usr/local/lib/scilab-5.2.2/lib/scilab/libscicall_scilab.so.5.0.2
7f530baac000-7f530baad000 rw-p 00003000 09:00 2526089                    /usr/local/lib/scilab-5.2.2/lib/scilab/libscicall_scilab.so.5.0.2
7f530baad000-7f530baae000 r-xp 00000000 09:00 2526188                    /usr/local/lib/scilab-5.2.2/lib/scilab/libscilab.so.0.0.0
7f530baae000-7f530bcae000 ---p 00001000 09:00 2526188                    /usr/local/lib/scilab-5.2.2/lib/scilab/libscilab.so.0.0.0
7f530bcae000-7f530bcaf000 r--p 00001000 09:00 2526188                    /usr/local/lib/scilab-5.2.2/lib/scilab/libscilab.so.0.0.0
7f530bcaf000-7f530bcb0000 rw-p 00002000 09:00 2526188                    /usr/local/lib/scilab-5.2.2/lib/scilab/libscilab.so.0.0.0
7f530bcb0000-7f530bcc6000 r-xp 00000000 09:00 2526123                    /usr/local/lib/scilab-5.2.2/lib/scilab/libsciio.so.5.0.2
7f530bcc6000-7f530bec5000 ---p 00016000 09:00 2526123                    /usr/local/lib/scilab-5.2.2/lib/scilab/libsciio.so.5.0.2
7f530bec5000-7f530bec6000 r--p 00015000 09:00 2526123                    /usr/local/lib/scilab-5.2.2/lib/scilab/libsciio.so.5.0.2
7f530bec6000-7f530bec7000 rw-p 00016000 09:00 2526123                    /usr/local/lib/scilab-5.2.2/lib/scilab/libsciio.so.5.0.2
7f530bec7000-7f530bf82000 rw-p 00000000 00:00 0 
7f530bf82000-7f530bf86000 r-xp 00000000 09:00 2526027                    /usr/local/lib/scilab-5.2.2/lib/scilab/libscilocalization.so.5.0.2
7f530bf86000-7f530c185000 ---p 00004000 09:00 2526027                    /usr/local/lib/scilab-5.2.2/lib/scilab/libscilocalization.so.5.0.2
7f530c185000-7f530c186000 r--p 00003000 09:00 2526027                    /usr/local/lib/scilab-5.2.2/lib/scilab/libscilocalization.so.5.0.2
7f530c186000-7f530c18b000 rw-p 00004000 09:00 2526027                    /usr/local/lib/scilab-5.2.2/lib/scilab/libscilocalization.so.5.0.2
7f530c18b000-7f530c192000 r-xp 00000000 09:00 2526055                    /usr/local/lib/scilab-5.2.2/lib/scilab/libscicompletion.so.5.0.2
7f530c192000-7f530c391000 ---p 00007000 09:00 2526055                    /usr/local/lib/scilab-5.2.2/lib/scilab/libscicompletion.so.5.0.2
7f530c391000-7f530c392000 r--p 00006000 09:00 2526055                    /usr/local/lib/scilab-5.2.2/lib/scilab/libscicompletion.so.5.0.2
7f530c392000-7f530c393000 rw-p 00007000 09:00 2526055                    /usr/local/lib/scilab-5.2.2/lib/scilab/libscicompletion.so.5.0.2
7f530c393000-7f530c419000 r-xp 00000000 09:00 2526131                    /usr/local/lib/scilab-5.2.2/lib/scilab/libscicore.so.5.0.2
7f530c419000-7f530c619000 ---p 00086000 09:00 2526131                    /usr/local/lib/scilab-5.2.2/lib/scilab/libscicore.so.5.0.2
7f530c619000-7f530c61b000 r--p 00086000 09:00 2526131                    /usr/local/lib/scilab-5.2.2/lib/scilab/libscicore.so.5.0.2
7f530c61b000-7f530c61e000 rw-p 00088000 09:00 2526131                    /usr/local/lib/scilab-5.2.2/lib/scilab/libscicore.so.5.0.2
7f530c61e000-7f530c71c000 rw-p 00000000 00:00 0 
7f530c71c000-7f530c725000 r-xp 00000000 09:00 2525955                    /usr/local/lib/scilab-5.2.2/lib/scilab/libscishell.so.5.0.2
7f530c725000-7f530c925000 ---p 00009000 09:00 2525955                    /usr/local/lib/scilab-5.2.2/lib/scilab/libscishell.so.5.0.2
7f530c925000-7f530c926000 r--p 00009000 09:00 2525955                    /usr/local/lib/scilab-5.2.2/lib/scilab/libscishell.so.5.0.2
7f530c926000-7f530c927000 rw-p 0000a000 09:00 2525955                    /usr/local/lib/scilab-5.2.2/lib/scilab/libscishell.so.5.0.2
7f530c927000-7f530c929000 rw-p 00000000 00:00 0 
7fff3f22e000-7fff3f231000 ---p 00000000 00:00 0 
7fff3f231000-7fff3f32e000 rwxp 00000000 00:00 0                          [stack]
7fff3f32e000-7fff3f32f000 rw-p 00000000 00:00 0 
7fff3f3ff000-7fff3f400000 r-xp 00000000 00:00 0                          [vdso]
ffffffffff600000-ffffffffff601000 r-xp 00000000 00:00 0                  [vsyscall]

VM Arguments:
jvm_args: -Djava.library.path= -Djava.compiler=JIT -Xmx256m -Dapple.laf.useScreenMenuBar=true 
java_command: <unknown>
Launcher Type: generic

Environment Variables:
JAVA_HOME=/usr/local/lib/scilab-5.2.2/thirdparty/java
JRE_HOME=/usr/local/lib/scilab-5.2.2/thirdparty/java
CLASSPATH=/usr/local/lib/scilab-5.2.2/thirdparty:/usr/local/lib/scilab-5.2.2/thirdparty/java/lib
PATH=/usr/local/lib/scilab-5.2.2/bin:/usr/local/bin:/usr/lib64/qt-3.3/bin:/usr/kerberos/bin:/usr/lib64/ccache:/usr/local/bin:/bin:/usr/bin:/usr/lib64/paraview-3.6.1-Linux-x86_64/bin/:/usr/local/sbin:/usr/sbin:/sbin:/usr/lib64/paraview-3.6.1-Linux-x86_64/bin/:/home/M2SITN/delanoue/bin:/usr/lib64/paraview-3.6.1-Linux-x86_64/bin/:/usr/local/lib/scilab-5.2.2/share/scilab/modules/scicos/
LD_LIBRARY_PATH=/usr/local/lib/scilab-5.2.2/share/scilab/bin:/usr/local/lib/scilab-5.2.2/share/scilab/lib/scilab/:/usr/local/lib/scilab-5.2.2/share/scilab/lib64/scilab/:/usr/local/lib/scilab-5.2.2/lib/scilab:/usr/local/lib/scilab-5.2.2/lib/thirdparty:/usr/local/lib/scilab-5.2.2/thirdparty/java/lib/amd64:/usr/local/lib/scilab-5.2.2/thirdparty/java/lib/amd64/server:/usr/local/lib/scilab-5.2.2/thirdparty/java/lib/amd64/native_threads
SHELL=/bin/bash
DISPLAY=:2003.0

Signal Handlers:
SIGSEGV: [libjvm.so+0x70f1a0], sa_mask[0]=0x7ffbfeff, sa_flags=0x10000004
SIGBUS: [libjvm.so+0x70f1a0], sa_mask[0]=0x7ffbfeff, sa_flags=0x10000004
SIGFPE: [libjvm.so+0x5d7f70], sa_mask[0]=0x7ffbfeff, sa_flags=0x10000004
SIGPIPE: SIG_IGN, sa_mask[0]=0x00001000, sa_flags=0x10000000
SIGXFSZ: [libjvm.so+0x5d7f70], sa_mask[0]=0x7ffbfeff, sa_flags=0x10000004
SIGILL: [libjvm.so+0x5d7f70], sa_mask[0]=0x7ffbfeff, sa_flags=0x10000004
SIGUSR1: SIG_DFL, sa_mask[0]=0x00000000, sa_flags=0x00000000
SIGUSR2: [libjvm.so+0x5da790], sa_mask[0]=0x00000000, sa_flags=0x10000004
SIGHUP: [libjvm.so+0x5da4e0], sa_mask[0]=0x7ffbfeff, sa_flags=0x10000004
SIGINT: [libscicore.so.5+0x2c190], sa_mask[0]=0x00000002, sa_flags=0x10000000
SIGTERM: [libjvm.so+0x5da4e0], sa_mask[0]=0x7ffbfeff, sa_flags=0x10000004
SIGQUIT: [libjvm.so+0x5da4e0], sa_mask[0]=0x7ffbfeff, sa_flags=0x10000004


---------------  S Y S T E M  ---------------

OS:Fedora release 11 (Leonidas)

uname:Linux 2.6.30.9-90.fc11.x86_64 #1 SMP Sat Oct 17 11:25:35 EDT 2009 x86_64
libc:glibc 2.10.1 NPTL 2.10.1 
rlimit: STACK 10240k, CORE 0k, NPROC 1024, NOFILE 1024, AS infinity
load average:2.55 2.42 2.31

CPU:total 16 (8 cores per cpu, 2 threads per core) family 6 model 26 stepping 5, cmov, cx8, fxsr, mmx, sse, sse2, sse3, ssse3, sse4.1, sse4.2, popcnt, ht

Memory: 4k page, physical 49065876k(6558332k free), swap 50331632k(50219188k free)

vm_info: Java HotSpot(TM) 64-Bit Server VM (16.0-b13) for linux-amd64 JRE (1.6.0_18-b07), built on Dec 17 2009 13:42:22 by "java_re" with gcc 3.2.2 (SuSE Linux)

time: Wed Jul  7 13:37:56 2010
elapsed time: 49 seconds

