#
# A fatal error has been detected by the Java Runtime Environment:
#
#  SIGSEGV (0xb) at pc=0x00007fc8ecb62440, pid=22583, tid=140502976223504
#
# JRE version: 6.0_18-b07
# Java VM: Java HotSpot(TM) 64-Bit Server VM (16.0-b13 mixed mode linux-amd64 )
# Problematic frame:
# C  [libGL.so.1+0x7f440]
#
# If you would like to submit a bug report, please visit:
#   http://java.sun.com/webapps/bugreport/crash.jsp
#

---------------  T H R E A D  ---------------

Current thread is native thread

siginfo:si_signo=SIGSEGV: si_errno=0, si_code=1 (SEGV_MAPERR), si_addr=0x0000000000000000

Registers:
RAX=0x0000000000000000, RBX=0x0000000001f2ffb0, RCX=0x0000003be3769e88, RDX=0x0000000000000000
RSP=0x00007fc965fcafa0, RBP=0x00007fc8ecca4020, RSI=0x00000000022ef4a0, RDI=0x0000003be3769e80
R8 =0x00007fc96000d1f0, R9 =0x0000000000000000, R10=0x00007fc965fcad40, R11=0x0000000000000000
R12=0x0000003bf0420790, R13=0x00007fc8eccba360, R14=0x0000000002228130, R15=0x0000000000000050
RIP=0x00007fc8ecb62440, EFL=0x0000000000010246, CSGSFS=0x0000000000000033, ERR=0x0000000000000004
  TRAPNO=0x000000000000000e

Top of Stack: (sp=0x00007fc965fcafa0)
0x00007fc965fcafa0:   00007fc8ecca4020 0000000000005837
0x00007fc965fcafb0:   0000003bf0420790 00007fc8ecb534e5
0x00007fc965fcafc0:   00007fc965fcafd0 000000000000008a
0x00007fc965fcafd0:   00007fc965fcb4c0 0000000000000000
0x00007fc965fcafe0:   0000003be301f008 0000003be2e0f0cc
0x00007fc965fcaff0:   00007fc975d34000 00007fc975d34590
0x00007fc965fcb000:   00007fc97538d508 00007fc970040000
0x00007fc965fcb010:   00007fc975d33a38 00007fc975b27510
0x00007fc965fcb020:   00007fc975b27a30 00007fc973d7fa30
0x00007fc965fcb030:   00007fc97538d000 00007fc97538da18
0x00007fc965fcb040:   00007fc974cb4000 00007fc974cb4520
0x00007fc965fcb050:   00007fc974cb4a40 00007fc974520000
0x00007fc965fcb060:   00007fc974520530 00007fc974520a48
0x00007fc965fcb070:   00007fc973d7f520 00007fc973670000
0x00007fc965fcb080:   00007fc973670518 00007fc973670a28
0x00007fc965fcb090:   00007fc972ddc000 00007fc972ddc520
0x00007fc965fcb0a0:   00007fc972ddca58 00007fc97268e000
0x00007fc965fcb0b0:   00007fc97268e530 00007fc97268ea58
0x00007fc965fcb0c0:   00007fc971df4000 00007fc971df4518
0x00007fc965fcb0d0:   00007fc9715dc000 00007fc9715dc510
0x00007fc965fcb0e0:   00007fc9715dca30 00007fc970e82520
0x00007fc965fcb0f0:   00007fc970e82a38 00007fc97080ba60
0x00007fc965fcb100:   00007fc970040528 00007fc970040a60
0x00007fc965fcb110:   00007fc96fa1f000 00007fc96fa1f510
0x00007fc965fcb120:   00007fc96fa1fa30 00007fc96f317530
0x00007fc965fcb130:   00007fc96f317a50 00007fc96eb72a48
0x00007fc965fcb140:   00007fc96e55a000 00007fc975b27000
0x00007fc965fcb150:   00007fc973d7f000 00007fc971df4a28
0x00007fc965fcb160:   00007fc970e82000 00007fc97080b000
0x00007fc965fcb170:   00007fc97080b528 00007fc96f317000
0x00007fc965fcb180:   00007fc96eb72000 00007fc96eb72520
0x00007fc965fcb190:   00007fc96e55a508 00007fc96e55aa18 

Instructions: (pc=0x00007fc8ecb62440)
0x00007fc8ecb62430:   10 48 85 d2 74 43 48 8b 42 10 48 8b 5a 08 31 d2
0x00007fc8ecb62440:   44 8b 20 48 89 df 44 89 e6 e8 42 a9 fb ff 31 d2 

Stack: [0x00007fc9655cd000,0x00007fc965fce000],  sp=0x00007fc965fcafa0,  free space=27f70000000000000018k
Native frames: (J=compiled Java code, j=interpreted, Vv=VM code, C=native code)
C  [libGL.so.1+0x7f440]


---------------  P R O C E S S  ---------------

VM state:not at safepoint (normal execution)

VM Mutex/Monitor currently owned by a thread: None

Heap
 PSYoungGen      total 76480K, used 56205K [0x00007fc956630000, 0x00007fc95bb80000, 0x00007fc95bb80000)
  eden space 65600K, 70% used [0x00007fc956630000,0x00007fc9593a87f0,0x00007fc95a640000)
  from space 10880K, 88% used [0x00007fc95a640000,0x00007fc95afaac18,0x00007fc95b0e0000)
  to   space 10880K, 0% used [0x00007fc95b0e0000,0x00007fc95b0e0000,0x00007fc95bb80000)
 PSOldGen        total 174784K, used 0K [0x00007fc94bb80000, 0x00007fc956630000, 0x00007fc956630000)
  object space 174784K, 0% used [0x00007fc94bb80000,0x00007fc94bb80380,0x00007fc956630000)
 PSPermGen       total 27584K, used 27540K [0x00007fc946780000, 0x00007fc948270000, 0x00007fc94bb80000)
  object space 27584K, 99% used [0x00007fc946780000,0x00007fc948265008,0x00007fc948270000)

Dynamic libraries:
00400000-00402000 r-xp 00000000 09:00 2526212                            /usr/local/lib/scilab-5.2.2/bin/scilab-bin
00601000-00602000 r--p 00001000 09:00 2526212                            /usr/local/lib/scilab-5.2.2/bin/scilab-bin
00602000-00603000 rw-p 00002000 09:00 2526212                            /usr/local/lib/scilab-5.2.2/bin/scilab-bin
01cf3000-02b71000 rw-p 00000000 00:00 0                                  [heap]
4002a000-4002c000 rwxp 00000000 00:0f 703                                /dev/zero
3be2e00000-3be2e1f000 r-xp 00000000 09:00 3622                           /lib64/ld-2.10.1.so
3be301e000-3be301f000 r--p 0001e000 09:00 3622                           /lib64/ld-2.10.1.so
3be301f000-3be3020000 rw-p 0001f000 09:00 3622                           /lib64/ld-2.10.1.so
3be3200000-3be3201000 r-xp 00000000 09:00 55465                          /usr/lib64/nvidia/tls/libnvidia-tls.so.185.18.36
3be3201000-3be3301000 ---p 00001000 09:00 55465                          /usr/lib64/nvidia/tls/libnvidia-tls.so.185.18.36
3be3301000-3be3302000 rw-p 00001000 09:00 55465                          /usr/lib64/nvidia/tls/libnvidia-tls.so.185.18.36
3be3400000-3be3564000 r-xp 00000000 09:00 6311                           /lib64/libc-2.10.1.so
3be3564000-3be3764000 ---p 00164000 09:00 6311                           /lib64/libc-2.10.1.so
3be3764000-3be3768000 r--p 00164000 09:00 6311                           /lib64/libc-2.10.1.so
3be3768000-3be3769000 rw-p 00168000 09:00 6311                           /lib64/libc-2.10.1.so
3be3769000-3be376e000 rw-p 00000000 00:00 0 
3be3800000-3be3802000 r-xp 00000000 09:00 270374                         /lib64/libdl-2.10.1.so
3be3802000-3be3a02000 ---p 00002000 09:00 270374                         /lib64/libdl-2.10.1.so
3be3a02000-3be3a03000 r--p 00002000 09:00 270374                         /lib64/libdl-2.10.1.so
3be3a03000-3be3a04000 rw-p 00003000 09:00 270374                         /lib64/libdl-2.10.1.so
3be3c00000-3be3c82000 r-xp 00000000 09:00 11622                          /lib64/libm-2.10.1.so
3be3c82000-3be3e82000 ---p 00082000 09:00 11622                          /lib64/libm-2.10.1.so
3be3e82000-3be3e83000 r--p 00082000 09:00 11622                          /lib64/libm-2.10.1.so
3be3e83000-3be3e84000 rw-p 00083000 09:00 11622                          /lib64/libm-2.10.1.so
3be4000000-3be4017000 r-xp 00000000 09:00 262769                         /lib64/libpthread-2.10.1.so
3be4017000-3be4216000 ---p 00017000 09:00 262769                         /lib64/libpthread-2.10.1.so
3be4216000-3be4217000 r--p 00016000 09:00 262769                         /lib64/libpthread-2.10.1.so
3be4217000-3be4218000 rw-p 00017000 09:00 262769                         /lib64/libpthread-2.10.1.so
3be4218000-3be421c000 rw-p 00000000 00:00 0 
3be4800000-3be4934000 r-xp 00000000 09:00 262666                         /usr/lib64/libX11.so.6.2.0
3be4934000-3be4b33000 ---p 00134000 09:00 262666                         /usr/lib64/libX11.so.6.2.0
3be4b33000-3be4b39000 rw-p 00133000 09:00 262666                         /usr/lib64/libX11.so.6.2.0
3be4c00000-3be4c02000 r-xp 00000000 09:00 262162                         /usr/lib64/libXau.so.6.0.0
3be4c02000-3be4e01000 ---p 00002000 09:00 262162                         /usr/lib64/libXau.so.6.0.0
3be4e01000-3be4e02000 rw-p 00001000 09:00 262162                         /usr/lib64/libXau.so.6.0.0
3be5000000-3be501a000 r-xp 00000000 09:00 262665                         /usr/lib64/libxcb.so.1.1.0
3be501a000-3be521a000 ---p 0001a000 09:00 262665                         /usr/lib64/libxcb.so.1.1.0
3be521a000-3be521b000 rw-p 0001a000 09:00 262665                         /usr/lib64/libxcb.so.1.1.0
3be5400000-3be541c000 r-xp 00000000 09:00 262763                         /lib64/libselinux.so.1
3be541c000-3be561b000 ---p 0001c000 09:00 262763                         /lib64/libselinux.so.1
3be561b000-3be561c000 r--p 0001b000 09:00 262763                         /lib64/libselinux.so.1
3be561c000-3be561d000 rw-p 0001c000 09:00 262763                         /lib64/libselinux.so.1
3be561d000-3be561e000 rw-p 00000000 00:00 0 
3be5800000-3be5811000 r-xp 00000000 09:00 262755                         /usr/lib64/libXext.so.6.4.0
3be5811000-3be5a11000 ---p 00011000 09:00 262755                         /usr/lib64/libXext.so.6.4.0
3be5a11000-3be5a12000 rw-p 00011000 09:00 262755                         /usr/lib64/libXext.so.6.4.0
3be5c00000-3be5cdd000 r-xp 00000000 09:00 262670                         /lib64/libglib-2.0.so.0.2000.5
3be5cdd000-3be5edc000 ---p 000dd000 09:00 262670                         /lib64/libglib-2.0.so.0.2000.5
3be5edc000-3be5ede000 rw-p 000dc000 09:00 262670                         /lib64/libglib-2.0.so.0.2000.5
3be6000000-3be6007000 r-xp 00000000 09:00 262770                         /lib64/librt-2.10.1.so
3be6007000-3be6206000 ---p 00007000 09:00 262770                         /lib64/librt-2.10.1.so
3be6206000-3be6207000 r--p 00006000 09:00 262770                         /lib64/librt-2.10.1.so
3be6207000-3be6208000 rw-p 00007000 09:00 262770                         /lib64/librt-2.10.1.so
3be6400000-3be6441000 r-xp 00000000 09:00 262671                         /lib64/libgobject-2.0.so.0.2000.5
3be6441000-3be6641000 ---p 00041000 09:00 262671                         /lib64/libgobject-2.0.so.0.2000.5
3be6641000-3be6643000 rw-p 00041000 09:00 262671                         /lib64/libgobject-2.0.so.0.2000.5
3be6800000-3be6826000 r-xp 00000000 09:00 95997                          /lib64/libexpat.so.1.5.2
3be6826000-3be6a25000 ---p 00026000 09:00 95997                          /lib64/libexpat.so.1.5.2
3be6a25000-3be6a28000 rw-p 00025000 09:00 95997                          /lib64/libexpat.so.1.5.2
3be6c00000-3be6c03000 r-xp 00000000 09:00 262672                         /lib64/libgmodule-2.0.so.0.2000.5
3be6c03000-3be6e02000 ---p 00003000 09:00 262672                         /lib64/libgmodule-2.0.so.0.2000.5
3be6e02000-3be6e03000 rw-p 00002000 09:00 262672                         /lib64/libgmodule-2.0.so.0.2000.5
3be7000000-3be7093000 r-xp 00000000 09:00 95977                          /usr/lib64/libfreetype.so.6.3.20
3be7093000-3be7293000 ---p 00093000 09:00 95977                          /usr/lib64/libfreetype.so.6.3.20
3be7293000-3be7299000 rw-p 00093000 09:00 95977                          /usr/lib64/libfreetype.so.6.3.20
3be7400000-3be7425000 r-xp 00000000 09:00 270373                         /usr/lib64/libpng12.so.0.37.0
3be7425000-3be7624000 ---p 00025000 09:00 270373                         /usr/lib64/libpng12.so.0.37.0
3be7624000-3be7625000 rw-p 00024000 09:00 270373                         /usr/lib64/libpng12.so.0.37.0
3be7800000-3be7833000 r-xp 00000000 09:00 130668                         /usr/lib64/libfontconfig.so.1.4.1
3be7833000-3be7a32000 ---p 00033000 09:00 130668                         /usr/lib64/libfontconfig.so.1.4.1
3be7a32000-3be7a34000 rw-p 00032000 09:00 130668                         /usr/lib64/libfontconfig.so.1.4.1
3be7c00000-3be7c75000 r-xp 00000000 09:00 262764                         /lib64/libgio-2.0.so.0.2000.5
3be7c75000-3be7e75000 ---p 00075000 09:00 262764                         /lib64/libgio-2.0.so.0.2000.5
3be7e75000-3be7e77000 rw-p 00075000 09:00 262764                         /lib64/libgio-2.0.so.0.2000.5
3be7e77000-3be7e78000 rw-p 00000000 00:00 0 
3be8000000-3be803b000 r-xp 00000000 09:00 125888                         /usr/lib64/libibus.so.1.0.0
3be803b000-3be823b000 ---p 0003b000 09:00 125888                         /usr/lib64/libibus.so.1.0.0
3be823b000-3be823e000 rw-p 0003b000 09:00 125888                         /usr/lib64/libibus.so.1.0.0
3be8400000-3be8409000 r-xp 00000000 09:00 262668                         /usr/lib64/libXrender.so.1.3.0
3be8409000-3be8608000 ---p 00009000 09:00 262668                         /usr/lib64/libXrender.so.1.3.0
3be8608000-3be8609000 rw-p 00008000 09:00 262668                         /usr/lib64/libXrender.so.1.3.0
3be8800000-3be8802000 r-xp 00000000 09:00 262756                         /usr/lib64/libXinerama.so.1.0.0
3be8802000-3be8a01000 ---p 00002000 09:00 262756                         /usr/lib64/libXinerama.so.1.0.0
3be8a01000-3be8a02000 rw-p 00001000 09:00 262756                         /usr/lib64/libXinerama.so.1.0.0
3be8c00000-3be8c08000 r-xp 00000000 09:00 262758                         /usr/lib64/libXrandr.so.2.2.0
3be8c08000-3be8e07000 ---p 00008000 09:00 262758                         /usr/lib64/libXrandr.so.2.2.0
3be8e07000-3be8e08000 rw-p 00007000 09:00 262758                         /usr/lib64/libXrandr.so.2.2.0
3be9000000-3be9004000 r-xp 00000000 09:00 262771                         /lib64/libgthread-2.0.so.0.2000.5
3be9004000-3be9203000 ---p 00004000 09:00 262771                         /lib64/libgthread-2.0.so.0.2000.5
3be9203000-3be9204000 rw-p 00003000 09:00 262771                         /lib64/libgthread-2.0.so.0.2000.5
3be9400000-3be9409000 r-xp 00000000 09:00 262760                         /usr/lib64/libXcursor.so.1.0.2
3be9409000-3be9609000 ---p 00009000 09:00 262760                         /usr/lib64/libXcursor.so.1.0.2
3be9609000-3be960a000 rw-p 00009000 09:00 262760                         /usr/lib64/libXcursor.so.1.0.2
3be9800000-3be9805000 r-xp 00000000 09:00 262759                         /usr/lib64/libXfixes.so.3.1.0
3be9805000-3be9a04000 ---p 00005000 09:00 262759                         /usr/lib64/libXfixes.so.3.1.0
3be9a04000-3be9a05000 rw-p 00004000 09:00 262759                         /usr/lib64/libXfixes.so.3.1.0
3bea400000-3bea409000 r-xp 00000000 09:00 262757                         /usr/lib64/libXi.so.6.0.0
3bea409000-3bea609000 ---p 00009000 09:00 262757                         /usr/lib64/libXi.so.6.0.0
3bea609000-3bea60a000 rw-p 00009000 09:00 262757                         /usr/lib64/libXi.so.6.0.0
3bea800000-3bea804000 r-xp 00000000 09:00 27035                          /lib64/libattr.so.1.1.0
3bea804000-3beaa03000 ---p 00004000 09:00 27035                          /lib64/libattr.so.1.1.0
3beaa03000-3beaa04000 rw-p 00003000 09:00 27035                          /lib64/libattr.so.1.1.0
3beac00000-3beac1d000 r-xp 00000000 09:00 262765                         /usr/lib64/libgdk_pixbuf-2.0.so.0.1600.6
3beac1d000-3beae1d000 ---p 0001d000 09:00 262765                         /usr/lib64/libgdk_pixbuf-2.0.so.0.1600.6
3beae1d000-3beae1e000 rw-p 0001d000 09:00 262765                         /usr/lib64/libgdk_pixbuf-2.0.so.0.1600.6
3beb000000-3beb004000 r-xp 00000000 09:00 270409                         /lib64/libcap.so.2.16
3beb004000-3beb203000 ---p 00004000 09:00 270409                         /lib64/libcap.so.2.16
3beb203000-3beb204000 rw-p 00003000 09:00 270409                         /lib64/libcap.so.2.16
3beb400000-3beb43c000 r-xp 00000000 09:00 262781                         /lib64/libdbus-1.so.3.4.0
3beb43c000-3beb63c000 ---p 0003c000 09:00 262781                         /lib64/libdbus-1.so.3.4.0
3beb63c000-3beb63d000 r--p 0003c000 09:00 262781                         /lib64/libdbus-1.so.3.4.0
3beb63d000-3beb63e000 rw-p 0003d000 09:00 262781                         /lib64/libdbus-1.so.3.4.0
3beb800000-3beb802000 r-xp 00000000 09:00 262761                         /usr/lib64/libXcomposite.so.1.0.0
3beb802000-3beba01000 ---p 00002000 09:00 262761                         /usr/lib64/libXcomposite.so.1.0.0
3beba01000-3beba02000 rw-p 00001000 09:00 262761                         /usr/lib64/libXcomposite.so.1.0.0
3bebc00000-3bebc2c000 r-xp 00000000 09:00 262674                         /usr/lib64/libpangoft2-1.0.so.0.2400.5
3bebc2c000-3bebe2b000 ---p 0002c000 09:00 262674                         /usr/lib64/libpangoft2-1.0.so.0.2400.5
3bebe2b000-3bebe2d000 rw-p 0002b000 09:00 262674                         /usr/lib64/libpangoft2-1.0.so.0.2400.5
3bec000000-3bec00b000 r-xp 00000000 09:00 262675                         /usr/lib64/libpangocairo-1.0.so.0.2400.5
3bec00b000-3bec20a000 ---p 0000b000 09:00 262675                         /usr/lib64/libpangocairo-1.0.so.0.2400.5
3bec20a000-3bec20b000 rw-p 0000a000 09:00 262675                         /usr/lib64/libpangocairo-1.0.so.0.2400.5
3bec400000-3bec41d000 r-xp 00000000 09:00 262767                         /usr/lib64/libatk-1.0.so.0.2511.1
3bec41d000-3bec61c000 ---p 0001d000 09:00 262767                         /usr/lib64/libatk-1.0.so.0.2511.1
3bec61c000-3bec61f000 rw-p 0001c000 09:00 262767                         /usr/lib64/libatk-1.0.so.0.2511.1
3bec800000-3becc21000 r-xp 00000000 09:00 262768                         /usr/lib64/libgtk-x11-2.0.so.0.1600.6
3becc21000-3bece20000 ---p 00421000 09:00 262768                         /usr/lib64/libgtk-x11-2.0.so.0.1600.6
3bece20000-3bece2b000 rw-p 00420000 09:00 262768                         /usr/lib64/libgtk-x11-2.0.so.0.1600.6
3bece2b000-3bece2d000 rw-p 00000000 00:00 0 
3bed000000-3bed043000 r-xp 00000000 09:00 66380                          /usr/lib64/libpixman-1.so.0.14.0
3bed043000-3bed242000 ---p 00043000 09:00 66380                          /usr/lib64/libpixman-1.so.0.14.0
3bed242000-3bed245000 rw-p 00042000 09:00 66380                          /usr/lib64/libpixman-1.so.0.14.0
3bed400000-3bed4a5000 r-xp 00000000 09:00 262766                         /usr/lib64/libgdk-x11-2.0.so.0.1600.6
3bed4a5000-3bed6a5000 ---p 000a5000 09:00 262766                         /usr/lib64/libgdk-x11-2.0.so.0.1600.6
3bed6a5000-3bed6aa000 rw-p 000a5000 09:00 262766                         /usr/lib64/libgdk-x11-2.0.so.0.1600.6
3bed800000-3bed846000 r-xp 00000000 09:00 262673                         /usr/lib64/libpango-1.0.so.0.2400.5
3bed846000-3beda46000 ---p 00046000 09:00 262673                         /usr/lib64/libpango-1.0.so.0.2400.5
3beda46000-3beda49000 rw-p 00046000 09:00 262673                         /usr/lib64/libpango-1.0.so.0.2400.5
3bedc00000-3bedc74000 r-xp 00000000 09:00 262669                         /usr/lib64/libcairo.so.2.10800.8
3bedc74000-3bede73000 ---p 00074000 09:00 262669                         /usr/lib64/libcairo.so.2.10800.8
3bede73000-3bede76000 rw-p 00073000 09:00 262669                         /usr/lib64/libcairo.so.2.10800.8
3bee000000-3bee002000 r-xp 00000000 09:00 262762                         /usr/lib64/libXdamage.so.1.1.0
3bee002000-3bee201000 ---p 00002000 09:00 262762                         /usr/lib64/libXdamage.so.1.1.0
3bee201000-3bee202000 rw-p 00001000 09:00 262762                         /usr/lib64/libXdamage.so.1.1.0
3bef000000-3bef016000 r-xp 00000000 09:00 6957                           /lib64/libnsl-2.10.1.so
3bef016000-3bef216000 ---p 00016000 09:00 6957                           /lib64/libnsl-2.10.1.so
3bef216000-3bef217000 r--p 00016000 09:00 6957                           /lib64/libnsl-2.10.1.so
3bef217000-3bef218000 rw-p 00017000 09:00 6957                           /lib64/libnsl-2.10.1.so
3bef218000-3bef21a000 rw-p 00000000 00:00 0 
3bef800000-3bef805000 r-xp 00000000 09:00 262772                         /usr/lib64/libXxf86vm.so.1.0.0
3bef805000-3befa04000 ---p 00005000 09:00 262772                         /usr/lib64/libXxf86vm.so.1.0.0
3befa04000-3befa05000 rw-p 00004000 09:00 262772                         /usr/lib64/libXxf86vm.so.1.0.0
3befc00000-3bf09da000 r-xp 00000000 09:00 34119                          /usr/lib64/nvidia/libGLcore.so.185.18.36
3bf09da000-3bf0ada000 ---p 00dda000 09:00 34119                          /usr/lib64/nvidia/libGLcore.so.185.18.36
3bf0ada000-3bf0f13000 rwxp 00dda000 09:00 34119                          /usr/lib64/nvidia/libGLcore.so.185.18.36
3bf0f13000-3bf0f26000 rwxp 00000000 00:00 0 
3bf2800000-3bf2802000 r-xp 00000000 09:00 107166                         /lib64/libutil-2.10.1.so
3bf2802000-3bf2a01000 ---p 00002000 09:00 107166                         /lib64/libutil-2.10.1.so
3bf2a01000-3bf2a02000 r--p 00001000 09:00 107166                         /lib64/libutil-2.10.1.so
3bf2a02000-3bf2a03000 rw-p 00002000 09:00 107166                         /lib64/libutil-2.10.1.so
3bf3000000-3bf3005000 r-xp 00000000 09:00 270436                         /usr/lib64/libXtst.so.6.1.0
3bf3005000-3bf3205000 ---p 00005000 09:00 270436                         /usr/lib64/libXtst.so.6.1.0
3bf3205000-3bf3206000 rw-p 00005000 09:00 270436                         /usr/lib64/libXtst.so.6.1.0
3bf6400000-3bf6414000 r-xp 00000000 09:00 29307                          /usr/lib64/libXft.so.2.1.13
3bf6414000-3bf6613000 ---p 00014000 09:00 29307                          /usr/lib64/libXft.so.2.1.13
3bf6613000-3bf6614000 rw-p 00013000 09:00 29307                          /usr/lib64/libXft.so.2.1.13
3bf6e00000-3bf6e02000 r-xp 00000000 09:00 81010                          /usr/lib64/libXss.so.1.0.0
3bf6e02000-3bf7002000 ---p 00002000 09:00 81010                          /usr/lib64/libXss.so.1.0.0
3bf7002000-3bf7003000 rw-p 00002000 09:00 81010                          /usr/lib64/libXss.so.1.0.0
7fc8bc000000-7fc8bc021000 rw-p 00000000 00:00 0 
7fc8bc021000-7fc8c0000000 ---p 00000000 00:00 0 
7fc8c0000000-7fc8c0021000 rw-p 00000000 00:00 0 
7fc8c0021000-7fc8c4000000 ---p 00000000 00:00 0 
7fc8c4000000-7fc8c4021000 rw-p 00000000 00:00 0 
7fc8c4021000-7fc8c8000000 ---p 00000000 00:00 0 
7fc8c85e7000-7fc8cad6f000 rw-p 00000000 00:00 0 
7fc8d0000000-7fc8d0021000 rw-p 00000000 00:00 0 
7fc8d0021000-7fc8d4000000 ---p 00000000 00:00 0 
7fc8d4000000-7fc8d4021000 rw-p 00000000 00:00 0 
7fc8d4021000-7fc8d8000000 ---p 00000000 00:00 0 
7fc8d8000000-7fc8d8021000 rw-p 00000000 00:00 0 
7fc8d8021000-7fc8dc000000 ---p 00000000 00:00 0 
7fc8dc000000-7fc8dc15c000 rw-p 00000000 00:00 0 
7fc8dc15c000-7fc8e0000000 ---p 00000000 00:00 0 
7fc8e0000000-7fc8e0021000 rw-p 00000000 00:00 0 
7fc8e0021000-7fc8e4000000 ---p 00000000 00:00 0 
7fc8e4000000-7fc8e415b000 rw-p 00000000 00:00 0 
7fc8e415b000-7fc8e8000000 ---p 00000000 00:00 0 
7fc8e8000000-7fc8e8021000 rw-p 00000000 00:00 0 
7fc8e8021000-7fc8ec000000 ---p 00000000 00:00 0 
7fc8ec6f0000-7fc8ec6f2000 r-xp 00000000 09:00 2525838                    /usr/local/lib/scilab-5.2.2/lib/thirdparty/libjogl_awt.so
7fc8ec6f2000-7fc8ec7f1000 ---p 00002000 09:00 2525838                    /usr/local/lib/scilab-5.2.2/lib/thirdparty/libjogl_awt.so
7fc8ec7f1000-7fc8ec7f2000 rw-p 00001000 09:00 2525838                    /usr/local/lib/scilab-5.2.2/lib/thirdparty/libjogl_awt.so
7fc8ec7f2000-7fc8ec7f3000 r-xp 00000000 09:00 2526431                    /usr/local/lib/scilab-5.2.2/thirdparty/java/lib/amd64/libjawt.so
7fc8ec7f3000-7fc8ec8f2000 ---p 00001000 09:00 2526431                    /usr/local/lib/scilab-5.2.2/thirdparty/java/lib/amd64/libjawt.so
7fc8ec8f2000-7fc8ec8f3000 rw-p 00000000 09:00 2526431                    /usr/local/lib/scilab-5.2.2/thirdparty/java/lib/amd64/libjawt.so
7fc8ec8f3000-7fc8ec9e2000 r-xp 00000000 09:00 2525930                    /usr/local/lib/scilab-5.2.2/lib/thirdparty/libjogl.so
7fc8ec9e2000-7fc8ecae2000 ---p 000ef000 09:00 2525930                    /usr/local/lib/scilab-5.2.2/lib/thirdparty/libjogl.so
7fc8ecae2000-7fc8ecae3000 rw-p 000ef000 09:00 2525930                    /usr/local/lib/scilab-5.2.2/lib/thirdparty/libjogl.so
7fc8ecae3000-7fc8ecb70000 r-xp 00000000 09:00 55479                      /usr/lib64/nvidia/libGL.so.185.18.36
7fc8ecb70000-7fc8ecc6f000 ---p 0008d000 09:00 55479                      /usr/lib64/nvidia/libGL.so.185.18.36
7fc8ecc6f000-7fc8ecca4000 rwxp 0008c000 09:00 55479                      /usr/lib64/nvidia/libGL.so.185.18.36
7fc8ecca4000-7fc8eccbb000 rwxp 00000000 00:00 0 
7fc8eccdb000-7fc8eccde000 ---p 00000000 00:00 0 
7fc8eccde000-7fc8ecddc000 rwxp 00000000 00:00 0 
7fc8ecddc000-7fc8ecddf000 ---p 00000000 00:00 0 
7fc8ecddf000-7fc8ecedd000 rwxp 00000000 00:00 0 
7fc8ecedd000-7fc8ed0b5000 rw-p 00000000 00:00 0 
7fc8ed0b5000-7fc8ed0b6000 ---p 00000000 00:00 0 
7fc8ed0b6000-7fc8edab6000 rwxp 00000000 00:00 0 
7fc8edab6000-7fc8edab9000 ---p 00000000 00:00 0 
7fc8edab9000-7fc8ee4b7000 rwxp 00000000 00:00 0 
7fc8ee4dd000-7fc8ee4de000 r-xp 00000000 09:00 2525767                    /usr/local/lib/scilab-5.2.2/lib/thirdparty/libgluegen-rt.so
7fc8ee4de000-7fc8ee5dd000 ---p 00001000 09:00 2525767                    /usr/local/lib/scilab-5.2.2/lib/thirdparty/libgluegen-rt.so
7fc8ee5dd000-7fc8ee5de000 rw-p 00000000 09:00 2525767                    /usr/local/lib/scilab-5.2.2/lib/thirdparty/libgluegen-rt.so
7fc8ee5de000-7fc8ee72a000 rw-s 00000000 00:08 1102872730                 /SYSV00000000 (deleted)
7fc8ee7a0000-7fc8ee978000 rw-p 00000000 00:00 0 
7fc8ee978000-7fc8ee988000 r-xp 00000000 09:00 139155                     /usr/lib64/gio/modules/libgioremote-volume-monitor.so
7fc8ee988000-7fc8eeb88000 ---p 00010000 09:00 139155                     /usr/lib64/gio/modules/libgioremote-volume-monitor.so
7fc8eeb88000-7fc8eeb89000 rw-p 00010000 09:00 139155                     /usr/lib64/gio/modules/libgioremote-volume-monitor.so
7fc8eec66000-7fc8eecc6000 rw-s 00000000 00:08 1102807189                 /SYSV00000000 (deleted)
7fc8eecc6000-7fc8eecc9000 ---p 00000000 00:00 0 
7fc8eecc9000-7fc8eedc7000 rwxp 00000000 00:00 0 
7fc8eedc7000-7fc8eedca000 ---p 00000000 00:00 0 
7fc8eedca000-7fc8eeec8000 rwxp 00000000 00:00 0 
7fc8eeec8000-7fc8eeecb000 ---p 00000000 00:00 0 
7fc8eeecb000-7fc8eefc9000 rwxp 00000000 00:00 0 
7fc8eefc9000-7fc8eefde000 r-xp 00000000 09:00 10016                      /usr/lib64/libgvfscommon.so.0.0.0
7fc8eefde000-7fc8ef1de000 ---p 00015000 09:00 10016                      /usr/lib64/libgvfscommon.so.0.0.0
7fc8ef1de000-7fc8ef1df000 rw-p 00015000 09:00 10016                      /usr/lib64/libgvfscommon.so.0.0.0
7fc8ef201000-7fc8ef21e000 r-xp 00000000 09:00 139156                     /usr/lib64/gio/modules/libgvfsdbus.so
7fc8ef21e000-7fc8ef41e000 ---p 0001d000 09:00 139156                     /usr/lib64/gio/modules/libgvfsdbus.so
7fc8ef41e000-7fc8ef41f000 rw-p 0001d000 09:00 139156                     /usr/lib64/gio/modules/libgvfsdbus.so
7fc8ef420000-7fc8ef423000 ---p 00000000 00:00 0 
7fc8ef423000-7fc8ef521000 rwxp 00000000 00:00 0 
7fc8ef521000-7fc8ef524000 ---p 00000000 00:00 0 
7fc8ef524000-7fc8ef622000 rwxp 00000000 00:00 0 
7fc8ef622000-7fc8ef627000 r-xp 00000000 09:00 94558                      /usr/lib64/gtk-2.0/2.10.0/immodules/im-ibus.so
7fc8ef627000-7fc8ef827000 ---p 00005000 09:00 94558                      /usr/lib64/gtk-2.0/2.10.0/immodules/im-ibus.so
7fc8ef827000-7fc8ef828000 rw-p 00005000 09:00 94558                      /usr/lib64/gtk-2.0/2.10.0/immodules/im-ibus.so
7fc8ef828000-7fc8ef83a000 r-xp 00000000 09:00 45401                      /usr/lib64/gtk-2.0/2.10.0/engines/libnodoka.so
7fc8ef83a000-7fc8efa3a000 ---p 00012000 09:00 45401                      /usr/lib64/gtk-2.0/2.10.0/engines/libnodoka.so
7fc8efa3a000-7fc8efa3b000 rw-p 00012000 09:00 45401                      /usr/lib64/gtk-2.0/2.10.0/engines/libnodoka.so
7fc8efa3b000-7fc8efa3e000 ---p 00000000 00:00 0 
7fc8efa3e000-7fc8efb3c000 rwxp 00000000 00:00 0 
7fc8efb3c000-7fc8efb43000 r-xp 00000000 09:00 2526404                    /usr/local/lib/scilab-5.2.2/thirdparty/java/lib/amd64/libnio.so
7fc8efb43000-7fc8efc42000 ---p 00007000 09:00 2526404                    /usr/local/lib/scilab-5.2.2/thirdparty/java/lib/amd64/libnio.so
7fc8efc42000-7fc8efc44000 rw-p 00006000 09:00 2526404                    /usr/local/lib/scilab-5.2.2/thirdparty/java/lib/amd64/libnio.so
7fc8efc44000-7fc8efc57000 r-xp 00000000 09:00 2526432                    /usr/local/lib/scilab-5.2.2/thirdparty/java/lib/amd64/libnet.so
7fc8efc57000-7fc8efd58000 ---p 00013000 09:00 2526432                    /usr/local/lib/scilab-5.2.2/thirdparty/java/lib/amd64/libnet.so
7fc8efd58000-7fc8efd5b000 rw-p 00014000 09:00 2526432                    /usr/local/lib/scilab-5.2.2/thirdparty/java/lib/amd64/libnet.so
7fc8efd5b000-7fc8efd5e000 ---p 00000000 00:00 0 
7fc8efd5e000-7fc8efe5c000 rwxp 00000000 00:00 0 
7fc8efe5c000-7fc8efeda000 r-xp 00000000 09:00 2526407                    /usr/local/lib/scilab-5.2.2/thirdparty/java/lib/amd64/libfontmanager.so
7fc8efeda000-7fc8effd9000 ---p 0007e000 09:00 2526407                    /usr/local/lib/scilab-5.2.2/thirdparty/java/lib/amd64/libfontmanager.so
7fc8effd9000-7fc8effef000 rw-p 0007d000 09:00 2526407                    /usr/local/lib/scilab-5.2.2/thirdparty/java/lib/amd64/libfontmanager.so
7fc8effef000-7fc8f0000000 rw-p 00000000 00:00 0 
7fc8f0000000-7fc8f0021000 rw-p 00000000 00:00 0 
7fc8f0021000-7fc8f4000000 ---p 00000000 00:00 0 
7fc8f4000000-7fc8f4021000 rw-p 00000000 00:00 0 
7fc8f4021000-7fc8f8000000 ---p 00000000 00:00 0 
7fc8f8000000-7fc8f8b61000 rw-p 00000000 00:00 0 
7fc8f8b61000-7fc8fc000000 ---p 00000000 00:00 0 
7fc8fc000000-7fc8fc971000 rw-p 00000000 00:00 0 
7fc8fc971000-7fc900000000 ---p 00000000 00:00 0 
7fc900000000-7fc900021000 rw-p 00000000 00:00 0 
7fc900021000-7fc904000000 ---p 00000000 00:00 0 
7fc904000000-7fc904021000 rw-p 00000000 00:00 0 
7fc904021000-7fc908000000 ---p 00000000 00:00 0 
7fc908000000-7fc908021000 rw-p 00000000 00:00 0 
7fc908021000-7fc90c000000 ---p 00000000 00:00 0 
7fc90c000000-7fc90c021000 rw-p 00000000 00:00 0 
7fc90c021000-7fc910000000 ---p 00000000 00:00 0 
7fc910000000-7fc910021000 rw-p 00000000 00:00 0 
7fc910021000-7fc914000000 ---p 00000000 00:00 0 
7fc914000000-7fc914021000 rw-p 00000000 00:00 0 
7fc914021000-7fc918000000 ---p 00000000 00:00 0 
7fc918000000-7fc918021000 rw-p 00000000 00:00 0 
7fc918021000-7fc91c000000 ---p 00000000 00:00 0 
7fc91c000000-7fc91c021000 rw-p 00000000 00:00 0 
7fc91c021000-7fc920000000 ---p 00000000 00:00 0 
7fc920000000-7fc920021000 rw-p 00000000 00:00 0 
7fc920021000-7fc924000000 ---p 00000000 00:00 0 
7fc924000000-7fc924021000 rw-p 00000000 00:00 0 
7fc924021000-7fc928000000 ---p 00000000 00:00 0 
7fc928000000-7fc928021000 rw-p 00000000 00:00 0 
7fc928021000-7fc92c000000 ---p 00000000 00:00 0 
7fc92c000000-7fc92c021000 rw-p 00000000 00:00 0 
7fc92c021000-7fc930000000 ---p 00000000 00:00 0 
7fc930000000-7fc930021000 rw-p 00000000 00:00 0 
7fc930021000-7fc934000000 ---p 00000000 00:00 0 
7fc934000000-7fc934021000 rw-p 00000000 00:00 0 
7fc934021000-7fc938000000 ---p 00000000 00:00 0 
7fc938000000-7fc938021000 rw-p 00000000 00:00 0 
7fc938021000-7fc93c000000 ---p 00000000 00:00 0 
7fc93c000000-7fc93c021000 rw-p 00000000 00:00 0 
7fc93c021000-7fc940000000 ---p 00000000 00:00 0 
7fc940000000-7fc940021000 rw-p 00000000 00:00 0 
7fc940021000-7fc944000000 ---p 00000000 00:00 0 
7fc944001000-7fc944006000 rw-s 00000000 00:08 1103986845                 /SYSV00000000 (deleted)
7fc944006000-7fc944011000 r--s 00108000 09:00 2526551                    /usr/local/lib/scilab-5.2.2/thirdparty/jogl.jar
7fc944015000-7fc944016000 rw-p 00000000 00:00 0 
7fc944016000-7fc94401b000 rw-s 00000000 00:08 1103724700                 /SYSV00000000 (deleted)
7fc94401b000-7fc9440b3000 r--p 00000000 09:00 11249                      /usr/share/fonts/dejavu/DejaVuSans.ttf
7fc9440b3000-7fc9440db000 r--p 00000000 09:00 532351                     /usr/share/locale/fr/LC_MESSAGES/gtk20-properties.mo
7fc9440db000-7fc9440e5000 r--s 0004a000 09:00 3489405                    /usr/local/lib/scilab-5.2.2/share/scilab/modules/gui/jar/org.scilab.modules.gui.jar
7fc9440e5000-7fc9440e6000 r--s 00000000 09:00 3500272                    /usr/local/lib/scilab-5.2.2/share/scilab/modules/action_binding/jar/org.scilab.modules.action_binding.jar
7fc9440e6000-7fc9440e7000 r--s 00000000 09:00 3490441                    /usr/local/lib/scilab-5.2.2/share/scilab/modules/localization/jar/org.scilab.modules.localization.jar
7fc9440e7000-7fc9440e9000 r--s 0000a000 09:00 3497021                    /usr/local/lib/scilab-5.2.2/share/scilab/modules/console/jar/org.scilab.modules.console.jar
7fc9440e9000-7fc9440ea000 r--s 00000000 09:00 3494430                    /usr/local/lib/scilab-5.2.2/share/scilab/modules/completion/jar/org.scilab.modules.completion.jar
7fc9440ea000-7fc9440eb000 r--s 00000000 09:00 3499431                    /usr/local/lib/scilab-5.2.2/share/scilab/modules/history_manager/jar/org.scilab.modules.history_manager.jar
7fc9440eb000-7fc9440ec000 r--s 00000000 09:00 3498556                    /usr/local/lib/scilab-5.2.2/share/scilab/modules/shell/jar/org.scilab.modules.shell.jar
7fc9440ec000-7fc9440ee000 r--s 00006000 09:00 3488337                    /usr/local/lib/scilab-5.2.2/share/scilab/modules/hdf5/jar/org.scilab.modules.hdf5.jar
7fc9440ee000-7fc9440f8000 r--s 00087000 09:00 2526239                    /usr/local/lib/scilab-5.2.2/thirdparty/jhall.jar
7fc9440f8000-7fc9440f9000 r--s 0000c000 09:00 2526238                    /usr/local/lib/scilab-5.2.2/thirdparty/commons-logging.jar
7fc9440f9000-7fc944102000 r--s 0005b000 09:00 2526230                    /usr/local/lib/scilab-5.2.2/thirdparty/looks-2.1.1.jar
7fc944102000-7fc944108000 r--s 0004c000 09:00 2526231                    /usr/local/lib/scilab-5.2.2/thirdparty/skinlf.jar
7fc944108000-7fc944109000 r--s 00001000 09:00 2526548                    /usr/local/lib/scilab-5.2.2/thirdparty/jrosetta-API.jar
7fc944109000-7fc94410b000 r--s 00008000 09:00 2526514                    /usr/local/lib/scilab-5.2.2/thirdparty/jrosetta-engine.jar
7fc94410b000-7fc94410c000 r--s 00001000 09:00 2526548                    /usr/local/lib/scilab-5.2.2/thirdparty/jrosetta-API.jar
7fc94410c000-7fc944116000 r--s 0006a000 09:00 2526542                    /usr/local/lib/scilab-5.2.2/thirdparty/flexdock-0.5.1.jar
7fc944116000-7fc944139000 r--p 00000000 09:00 270348                     /usr/share/locale/fr/LC_MESSAGES/libc.mo
7fc944139000-7fc94417b000 r-xp 00000000 09:00 2526426                    /usr/local/lib/scilab-5.2.2/thirdparty/java/lib/amd64/xawt/libmawt.so
7fc94417b000-7fc94427a000 ---p 00042000 09:00 2526426                    /usr/local/lib/scilab-5.2.2/thirdparty/java/lib/amd64/xawt/libmawt.so
7fc94427a000-7fc944285000 rw-p 00041000 09:00 2526426                    /usr/local/lib/scilab-5.2.2/thirdparty/java/lib/amd64/xawt/libmawt.so
7fc944285000-7fc944287000 rw-p 00000000 00:00 0 
7fc944287000-7fc944319000 r-xp 00000000 09:00 2526408                    /usr/local/lib/scilab-5.2.2/thirdparty/java/lib/amd64/libawt.so
7fc944319000-7fc944418000 ---p 00092000 09:00 2526408                    /usr/local/lib/scilab-5.2.2/thirdparty/java/lib/amd64/libawt.so
7fc944418000-7fc944431000 rw-p 00091000 09:00 2526408                    /usr/local/lib/scilab-5.2.2/thirdparty/java/lib/amd64/libawt.so
7fc944431000-7fc944456000 rw-p 00000000 00:00 0 
7fc944456000-7fc94445d000 r--s 00000000 09:00 5866                       /usr/lib64/gconv/gconv-modules.cache
7fc94445d000-7fc9444c6000 r--p 00000000 09:00 3488255                    /usr/local/lib/scilab-5.2.2/share/locale/fr_FR/LC_MESSAGES/scilab.mo
7fc9444c6000-7fc9444c8000 r--s 00001000 09:00 3499088                    /usr/local/lib/scilab-5.2.2/share/scilab/modules/jvm/jar/org.scilab.modules.jvm.jar
7fc9444c8000-7fc9444c9000 ---p 00000000 00:00 0 
7fc9444c9000-7fc9445c9000 rwxp 00000000 00:00 0 
7fc9445c9000-7fc9445cc000 ---p 00000000 00:00 0 
7fc9445cc000-7fc9446ca000 rwxp 00000000 00:00 0 
7fc9446ca000-7fc9446cd000 ---p 00000000 00:00 0 
7fc9446cd000-7fc9447cb000 rwxp 00000000 00:00 0 
7fc9447cb000-7fc9447ce000 ---p 00000000 00:00 0 
7fc9447ce000-7fc9448cc000 rwxp 00000000 00:00 0 
7fc9448cc000-7fc9448cf000 ---p 00000000 00:00 0 
7fc9448cf000-7fc9449cd000 rwxp 00000000 00:00 0 
7fc9449cd000-7fc9449d0000 ---p 00000000 00:00 0 
7fc9449d0000-7fc944ace000 rwxp 00000000 00:00 0 
7fc944ace000-7fc944ad1000 ---p 00000000 00:00 0 
7fc944ad1000-7fc944bcf000 rwxp 00000000 00:00 0 
7fc944bcf000-7fc944bd0000 ---p 00000000 00:00 0 
7fc944bd0000-7fc944cd0000 rwxp 00000000 00:00 0 
7fc944cd0000-7fc945ade000 rw-p 00000000 00:00 0 
7fc945ade000-7fc945c75000 r--s 02ab6000 09:00 2526467                    /usr/local/lib/scilab-5.2.2/thirdparty/java/lib/rt.jar
7fc945c75000-7fc945c76000 ---p 00000000 00:00 0 
7fc945c76000-7fc945d76000 rwxp 00000000 00:00 0 
7fc945d76000-7fc945d77000 ---p 00000000 00:00 0 
7fc945d77000-7fc945e77000 rwxp 00000000 00:00 0 
7fc945e77000-7fc945e78000 ---p 00000000 00:00 0 
7fc945e78000-7fc945f78000 rwxp 00000000 00:00 0 
7fc945f78000-7fc945f79000 ---p 00000000 00:00 0 
7fc945f79000-7fc946079000 rwxp 00000000 00:00 0 
7fc946079000-7fc94607a000 ---p 00000000 00:00 0 
7fc94607a000-7fc94617a000 rwxp 00000000 00:00 0 
7fc94617a000-7fc94617b000 ---p 00000000 00:00 0 
7fc94617b000-7fc94627b000 rwxp 00000000 00:00 0 
7fc94627b000-7fc94627c000 ---p 00000000 00:00 0 
7fc94627c000-7fc94637c000 rwxp 00000000 00:00 0 
7fc94637c000-7fc94637d000 ---p 00000000 00:00 0 
7fc94637d000-7fc94647d000 rwxp 00000000 00:00 0 
7fc94647d000-7fc94647e000 ---p 00000000 00:00 0 
7fc94647e000-7fc94657e000 rwxp 00000000 00:00 0 
7fc94657e000-7fc94657f000 ---p 00000000 00:00 0 
7fc94657f000-7fc94667f000 rwxp 00000000 00:00 0 
7fc94667f000-7fc946680000 ---p 00000000 00:00 0 
7fc946680000-7fc946780000 rwxp 00000000 00:00 0 
7fc946780000-7fc948270000 rw-p 00000000 00:00 0 
7fc948270000-7fc94bb80000 rw-p 00000000 00:00 0 
7fc94bb80000-7fc95bb80000 rw-p 00000000 00:00 0 
7fc95bb81000-7fc95bb88000 r--s 00111000 09:00 2526355                    /usr/local/lib/scilab-5.2.2/thirdparty/java/lib/resources.jar
7fc95bb88000-7fc95bdf8000 rwxp 00000000 00:00 0 
7fc95bdf8000-7fc95eb88000 rw-p 00000000 00:00 0 
7fc95eb88000-7fc95f33c000 r-xp 00000000 09:00 2526395                    /usr/local/lib/scilab-5.2.2/thirdparty/java/lib/amd64/server/libjvm.so
7fc95f33c000-7fc95f43c000 ---p 007b4000 09:00 2526395                    /usr/local/lib/scilab-5.2.2/thirdparty/java/lib/amd64/server/libjvm.so
7fc95f43c000-7fc95f5c6000 rw-p 007b4000 09:00 2526395                    /usr/local/lib/scilab-5.2.2/thirdparty/java/lib/amd64/server/libjvm.so
7fc95f5c6000-7fc95f5ff000 rw-p 00000000 00:00 0 
7fc95f5ff000-7fc95f600000 ---p 00000000 00:00 0 
7fc95f600000-7fc960000000 rwxp 00000000 00:00 0 
7fc960000000-7fc960273000 rw-p 00000000 00:00 0 
7fc960273000-7fc964000000 ---p 00000000 00:00 0 
7fc964004000-7fc964005000 rw-p 00000000 00:00 0 
7fc964005000-7fc96400b000 r--s 00024000 09:00 3504846                    /usr/local/lib/scilab-5.2.2/share/scilab/modules/renderer/jar/org.scilab.modules.renderer.jar
7fc96400b000-7fc964016000 r--p 00000000 09:00 94600                      /usr/share/locale/fr/LC_MESSAGES/glib20.mo
7fc964016000-7fc964017000 ---p 00000000 00:00 0 
7fc964017000-7fc964117000 rwxp 00000000 00:00 0 
7fc964117000-7fc964118000 ---p 00000000 00:00 0 
7fc964118000-7fc964218000 rwxp 00000000 00:00 0 
7fc964218000-7fc964226000 rw-p 00000000 00:00 0 
7fc964226000-7fc964242000 rw-p 00000000 00:00 0 
7fc964242000-7fc964250000 rw-p 00000000 00:00 0 
7fc964250000-7fc96426c000 rw-p 00000000 00:00 0 
7fc96426c000-7fc9642f7000 rw-p 00000000 00:00 0 
7fc9642f7000-7fc9643ad000 rw-p 00000000 00:00 0 
7fc9643ad000-7fc9643bb000 r-xp 00000000 09:00 2526429                    /usr/local/lib/scilab-5.2.2/thirdparty/java/lib/amd64/libzip.so
7fc9643bb000-7fc9644bd000 ---p 0000e000 09:00 2526429                    /usr/local/lib/scilab-5.2.2/thirdparty/java/lib/amd64/libzip.so
7fc9644bd000-7fc9644c0000 rw-p 00010000 09:00 2526429                    /usr/local/lib/scilab-5.2.2/thirdparty/java/lib/amd64/libzip.so
7fc9644c0000-7fc9644c1000 rw-p 00000000 00:00 0 
7fc9644c1000-7fc9644c8000 r-xp 00000000 09:00 2526439                    /usr/local/lib/scilab-5.2.2/thirdparty/java/lib/amd64/native_threads/libhpi.so
7fc9644c8000-7fc9645c9000 ---p 00007000 09:00 2526439                    /usr/local/lib/scilab-5.2.2/thirdparty/java/lib/amd64/native_threads/libhpi.so
7fc9645c9000-7fc9645cb000 rw-p 00008000 09:00 2526439                    /usr/local/lib/scilab-5.2.2/thirdparty/java/lib/amd64/native_threads/libhpi.so
7fc9645cb000-7fc9645cc000 rw-p 00000000 00:00 0 
7fc9645cc000-7fc9645f5000 r-xp 00000000 09:00 2526423                    /usr/local/lib/scilab-5.2.2/thirdparty/java/lib/amd64/libjava.so
7fc9645f5000-7fc9646f4000 ---p 00029000 09:00 2526423                    /usr/local/lib/scilab-5.2.2/thirdparty/java/lib/amd64/libjava.so
7fc9646f4000-7fc9646fb000 rw-p 00028000 09:00 2526423                    /usr/local/lib/scilab-5.2.2/thirdparty/java/lib/amd64/libjava.so
7fc9646fb000-7fc964708000 r-xp 00000000 09:00 2526411                    /usr/local/lib/scilab-5.2.2/thirdparty/java/lib/amd64/libverify.so
7fc964708000-7fc964807000 ---p 0000d000 09:00 2526411                    /usr/local/lib/scilab-5.2.2/thirdparty/java/lib/amd64/libverify.so
7fc964807000-7fc96480a000 rw-p 0000c000 09:00 2526411                    /usr/local/lib/scilab-5.2.2/thirdparty/java/lib/amd64/libverify.so
7fc96480a000-7fc9648a2000 r--p 00000000 09:00 11249                      /usr/share/fonts/dejavu/DejaVuSans.ttf
7fc9648a2000-7fc9648ef000 rw-p 00000000 00:00 0 
7fc9648ef000-7fc9648f0000 rw-p 00000000 00:00 0 
7fc9648f0000-7fc9648f1000 r--s 00004000 09:00 2526508                    /usr/local/lib/scilab-5.2.2/thirdparty/gluegen-rt.jar
7fc9648f1000-7fc9648f2000 r--p 00000000 00:00 0 
7fc9648f2000-7fc9648f3000 r--s 00007000 09:00 3494023                    /usr/local/lib/scilab-5.2.2/share/scilab/modules/graphic_export/jar/org.scilab.modules.graphic_export.jar
7fc9648f3000-7fc964906000 r--p 00000000 09:00 94773                      /usr/share/locale/fr/LC_MESSAGES/gtk20.mo
7fc964906000-7fc96495c000 rw-p 00000000 00:00 0 
7fc96495c000-7fc964964000 rw-s 00000000 09:00 3570941                    /tmp/hsperfdata_delanoue/22583
7fc964964000-7fc964965000 rw-p 00000000 00:00 0 
7fc964965000-7fc964966000 r--p 00000000 00:00 0 
7fc964966000-7fc96496a000 r--s 00000000 09:00 94081                      /var/cache/fontconfig/87f5e051180a7a75f16eb6fe7dbd3749-x86-64.cache-2
7fc96496a000-7fc964973000 r--s 00000000 09:00 94080                      /var/cache/fontconfig/b79f3aaa7d385a141ab53ec885cc22a8-x86-64.cache-2
7fc964973000-7fc964978000 r--s 00000000 09:00 1323005                    /var/cache/fontconfig/103e7fb1ea2629e851f0af6e29d50d14-x86-64.cache-2
7fc964978000-7fc96497d000 r--s 00000000 09:00 1323004                    /var/cache/fontconfig/c4c72d5f47a988aa2d2b5e019553fb0a-x86-64.cache-2
7fc96497d000-7fc964982000 r--s 00000000 09:00 1323003                    /var/cache/fontconfig/f51c2ebd7e636ed1629dff932acec21b-x86-64.cache-2
7fc964982000-7fc964984000 r--s 00000000 09:00 93647                      /var/cache/fontconfig/2e1514a9fdd499050989183bb65136db-x86-64.cache-2
7fc964984000-7fc96499d000 r--s 00000000 09:00 94090                      /var/cache/fontconfig/7a7f22e4c6b2236c525eb458794c6fd2-x86-64.cache-2
7fc96499d000-7fc9649a9000 r-xp 00000000 09:00 129671                     /lib64/libnss_files-2.10.1.so
7fc9649a9000-7fc964ba8000 ---p 0000c000 09:00 129671                     /lib64/libnss_files-2.10.1.so
7fc964ba8000-7fc964ba9000 r--p 0000b000 09:00 129671                     /lib64/libnss_files-2.10.1.so
7fc964ba9000-7fc964baa000 rw-p 0000c000 09:00 129671                     /lib64/libnss_files-2.10.1.so
7fc964baa000-7fc964bac000 r--s 00000000 09:00 94096                      /var/cache/fontconfig/5c755b2f27115486aa6359c84dd3cbda-x86-64.cache-2
7fc964bac000-7fc964bae000 r--s 00000000 09:00 94095                      /var/cache/fontconfig/3f821257dd33660ba7bbb45c32deb84c-x86-64.cache-2
7fc964bae000-7fc964bb0000 r--s 00000000 09:00 94094                      /var/cache/fontconfig/830f035fa84a65ce80e050178dbb630d-x86-64.cache-2
7fc964bb0000-7fc964bb1000 r--s 00000000 09:00 94093                      /var/cache/fontconfig/81a173283b451552b599cfaafd6236bd-x86-64.cache-2
7fc964bb1000-7fc964bb4000 r--s 00000000 09:00 10702                      /var/cache/fontconfig/cfde08ab28ad1d91784abb10973575e3-x86-64.cache-2
7fc964bb4000-7fc964bb7000 r--s 00000000 09:00 128494                     /var/cache/fontconfig/6082f993537e886e2b8c280984f3ae67-x86-64.cache-2
7fc964bb7000-7fc964bb8000 r--s 00000000 09:00 94087                      /var/cache/fontconfig/e61abf8156cc476151baa07d67337cae-x86-64.cache-2
7fc964bb8000-7fc964bbc000 r--s 00000000 09:00 94086                      /var/cache/fontconfig/b67b32625a2bb51b023d3814a918f351-x86-64.cache-2
7fc964bbc000-7fc964bbe000 r--s 00000000 09:00 94085                      /var/cache/fontconfig/d3379abda271c4acd2ad0c01f565d0b0-x86-64.cache-2
7fc964bbe000-7fc964bc3000 r--s 00000000 09:00 94084                      /var/cache/fontconfig/46b47dbc682d2ca4191e148ea7bde7f2-x86-64.cache-2
7fc964bc3000-7fc964bcc000 r--s 00000000 09:00 94082                      /var/cache/fontconfig/12b26b760a24f8b4feb03ad48a333a72-x86-64.cache-2
7fc964bcc000-7fc964bcd000 ---p 00000000 00:00 0 
7fc964bcd000-7fc9655cd000 rwxp 00000000 00:00 0 
7fc9655cd000-7fc9655ce000 ---p 00000000 00:00 0 
7fc9655ce000-7fc965fce000 rwxp 00000000 00:00 0 
7fc965fce000-7fc966007000 rw-p 00000000 00:00 0 
7fc966007000-7fc96b0da000 r--p 00000000 09:00 270371                     /usr/lib/locale/locale-archive
7fc96b0da000-7fc96b0e4000 rw-p 00000000 00:00 0 
7fc96b0e4000-7fc96b1d6000 r-xp 00000000 09:00 2525855                    /usr/local/lib/scilab-5.2.2/lib/thirdparty/libstdc++.so.6.0.13
7fc96b1d6000-7fc96b3d6000 ---p 000f2000 09:00 2525855                    /usr/local/lib/scilab-5.2.2/lib/thirdparty/libstdc++.so.6.0.13
7fc96b3d6000-7fc96b3dd000 r--p 000f2000 09:00 2525855                    /usr/local/lib/scilab-5.2.2/lib/thirdparty/libstdc++.so.6.0.13
7fc96b3dd000-7fc96b3df000 rw-p 000f9000 09:00 2525855                    /usr/local/lib/scilab-5.2.2/lib/thirdparty/libstdc++.so.6.0.13
7fc96b3df000-7fc96b3f7000 rw-p 00000000 00:00 0 
7fc96b3f7000-7fc96b40d000 r-xp 00000000 09:00 2525895                    /usr/local/lib/scilab-5.2.2/lib/thirdparty/libgcc_s.so.1
7fc96b40d000-7fc96b60d000 ---p 00016000 09:00 2525895                    /usr/local/lib/scilab-5.2.2/lib/thirdparty/libgcc_s.so.1
7fc96b60d000-7fc96b60e000 rw-p 00016000 09:00 2525895                    /usr/local/lib/scilab-5.2.2/lib/thirdparty/libgcc_s.so.1
7fc96b60e000-7fc96b60f000 rw-p 00000000 00:00 0 
7fc96b60f000-7fc96b625000 r-xp 00000000 09:00 2525914                    /usr/local/lib/scilab-5.2.2/lib/thirdparty/libz.so.1.2.3.3
7fc96b625000-7fc96b825000 ---p 00016000 09:00 2525914                    /usr/local/lib/scilab-5.2.2/lib/thirdparty/libz.so.1.2.3.3
7fc96b825000-7fc96b826000 rw-p 00016000 09:00 2525914                    /usr/local/lib/scilab-5.2.2/lib/thirdparty/libz.so.1.2.3.3
7fc96b826000-7fc96b827000 rw-p 00000000 00:00 0 
7fc96b827000-7fc96b862000 r-xp 00000000 09:00 2525782                    /usr/local/lib/scilab-5.2.2/lib/thirdparty/libncurses.so.5.7
7fc96b862000-7fc96ba61000 ---p 0003b000 09:00 2525782                    /usr/local/lib/scilab-5.2.2/lib/thirdparty/libncurses.so.5.7
7fc96ba61000-7fc96ba66000 rw-p 0003a000 09:00 2525782                    /usr/local/lib/scilab-5.2.2/lib/thirdparty/libncurses.so.5.7
7fc96ba66000-7fc96ba67000 r--s 00000000 09:00 94092                      /var/cache/fontconfig/6cfc7d49b27ba7d3eb71ab86e04def2c-x86-64.cache-2
7fc96ba67000-7fc96ba68000 r--s 00000000 09:00 94091                      /var/cache/fontconfig/044963cbb93fcb06c61d94a50dee394f-x86-64.cache-2
7fc96ba68000-7fc96ba69000 r--s 00000000 09:00 130217                     /var/cache/fontconfig/6fcb01a03a016cc71057b587cdea6709-x86-64.cache-2
7fc96ba69000-7fc96ba6a000 r--s 00000000 09:00 94083                      /var/cache/fontconfig/b4d0b56f766d89640448751fcd18ec1e-x86-64.cache-2
7fc96ba6a000-7fc96ba71000 r--s 00000000 09:00 94078                      /var/cache/fontconfig/928306c3ad40271d946e41014a49fc28-x86-64.cache-2
7fc96ba71000-7fc96ba78000 r--s 00000000 09:00 94077                      /var/cache/fontconfig/fa1582dab13e7e8e44e5a9424d309f0e-x86-64.cache-2
7fc96ba78000-7fc96ba83000 r--s 00000000 09:00 94076                      /var/cache/fontconfig/e19de935dec46bbf3ed114ee4965548a-x86-64.cache-2
7fc96ba83000-7fc96ba84000 r--s 00000000 09:00 94016                      /var/cache/fontconfig/1248881498ac025e45c3042f6afe9284-x86-64.cache-2
7fc96ba84000-7fc96ba85000 r--s 00000000 09:00 244142                     /var/cache/fontconfig/d04038e664b0033ae700a78c51f179d3-x86-64.cache-2
7fc96ba85000-7fc96ba88000 r--s 00000000 09:00 243947                     /var/cache/fontconfig/beeeeb3dfe132a8a0633a017c99ce0c0-x86-64.cache-2
7fc96ba88000-7fc96bb61000 r-xp 00000000 09:00 2525911                    /usr/local/lib/scilab-5.2.2/lib/thirdparty/libgfortran.so.3.0.0
7fc96bb61000-7fc96bd61000 ---p 000d9000 09:00 2525911                    /usr/local/lib/scilab-5.2.2/lib/thirdparty/libgfortran.so.3.0.0
7fc96bd61000-7fc96bd63000 rw-p 000d9000 09:00 2525911                    /usr/local/lib/scilab-5.2.2/lib/thirdparty/libgfortran.so.3.0.0
7fc96bd63000-7fc96bd64000 rw-p 00000000 00:00 0 
7fc96bd64000-7fc96c515000 r-xp 00000000 09:00 2525773                    /usr/local/lib/scilab-5.2.2/lib/thirdparty/liblapack.so.3gf.0
7fc96c515000-7fc96c714000 ---p 007b1000 09:00 2525773                    /usr/local/lib/scilab-5.2.2/lib/thirdparty/liblapack.so.3gf.0
7fc96c714000-7fc96c715000 r--p 007b0000 09:00 2525773                    /usr/local/lib/scilab-5.2.2/lib/thirdparty/liblapack.so.3gf.0
7fc96c715000-7fc96c719000 rw-p 007b1000 09:00 2525773                    /usr/local/lib/scilab-5.2.2/lib/thirdparty/liblapack.so.3gf.0
7fc96c719000-7fc96c826000 rw-p 00000000 00:00 0 
7fc96c826000-7fc96c855000 r-xp 00000000 09:00 2525819                    /usr/local/lib/scilab-5.2.2/lib/thirdparty/libpcre.so.7.8.0
7fc96c855000-7fc96ca54000 ---p 0002f000 09:00 2525819                    /usr/local/lib/scilab-5.2.2/lib/thirdparty/libpcre.so.7.8.0
7fc96ca54000-7fc96ca55000 rw-p 0002e000 09:00 2525819                    /usr/local/lib/scilab-5.2.2/lib/thirdparty/libpcre.so.7.8.0
7fc96ca55000-7fc96ca57000 r-xp 00000000 09:00 2525810                    /usr/local/lib/scilab-5.2.2/lib/thirdparty/libpcreposix.so.7.8.0
7fc96ca57000-7fc96cc56000 ---p 00002000 09:00 2525810                    /usr/local/lib/scilab-5.2.2/lib/thirdparty/libpcreposix.so.7.8.0
7fc96cc56000-7fc96cc57000 rw-p 00001000 09:00 2525810                    /usr/local/lib/scilab-5.2.2/lib/thirdparty/libpcreposix.so.7.8.0
7fc96cc57000-7fc96cc58000 rw-p 00000000 00:00 0 
7fc96cc58000-7fc96cd65000 r-xp 00000000 09:00 2525769                    /usr/local/lib/scilab-5.2.2/lib/thirdparty/libtcl8.5.3.so
7fc96cd65000-7fc96cf65000 ---p 0010d000 09:00 2525769                    /usr/local/lib/scilab-5.2.2/lib/thirdparty/libtcl8.5.3.so
7fc96cf65000-7fc96cf74000 rw-p 0010d000 09:00 2525769                    /usr/local/lib/scilab-5.2.2/lib/thirdparty/libtcl8.5.3.so
7fc96cf74000-7fc96cf75000 rw-p 00000000 00:00 0 
7fc96cf75000-7fc96d09e000 r-xp 00000000 09:00 2525784                    /usr/local/lib/scilab-5.2.2/lib/thirdparty/libtk8.5.3.so
7fc96d09e000-7fc96d29e000 ---p 00129000 09:00 2525784                    /usr/local/lib/scilab-5.2.2/lib/thirdparty/libtk8.5.3.so
7fc96d29e000-7fc96d2bb000 rw-p 00129000 09:00 2525784                    /usr/local/lib/scilab-5.2.2/lib/thirdparty/libtk8.5.3.so
7fc96d2bb000-7fc96d2bc000 rw-p 00000000 00:00 0 
7fc96d2bc000-7fc96d34a000 r-xp 00000000 09:00 2525886                    /usr/local/lib/scilab-5.2.2/lib/thirdparty/libblas.so.3gf.0
7fc96d34a000-7fc96d54a000 ---p 0008e000 09:00 2525886                    /usr/local/lib/scilab-5.2.2/lib/thirdparty/libblas.so.3gf.0
7fc96d54a000-7fc96d54b000 rw-p 0008e000 09:00 2525886                    /usr/local/lib/scilab-5.2.2/lib/thirdparty/libblas.so.3gf.0
7fc96d54b000-7fc96d54c000 rw-p 00000000 00:00 0 
7fc96d54c000-7fc96d7f4000 r-xp 00000000 09:00 2525859                    /usr/local/lib/scilab-5.2.2/lib/thirdparty/libhdf5-1.8.3.so.6.0.2
7fc96d7f4000-7fc96d8f4000 ---p 002a8000 09:00 2525859                    /usr/local/lib/scilab-5.2.2/lib/thirdparty/libhdf5-1.8.3.so.6.0.2
7fc96d8f4000-7fc96d8fe000 rw-p 002a8000 09:00 2525859                    /usr/local/lib/scilab-5.2.2/lib/thirdparty/libhdf5-1.8.3.so.6.0.2
7fc96d8fe000-7fc96d8ff000 rw-p 00000000 00:00 0 
7fc96d8ff000-7fc96d903000 r-xp 00000000 09:00 2526128                    /usr/local/lib/scilab-5.2.2/lib/scilab/libscihdf5-forceload.so.5.0.2
7fc96d903000-7fc96db02000 ---p 00004000 09:00 2526128                    /usr/local/lib/scilab-5.2.2/lib/scilab/libscihdf5-forceload.so.5.0.2
7fc96db02000-7fc96db03000 r--p 00003000 09:00 2526128                    /usr/local/lib/scilab-5.2.2/lib/scilab/libscihdf5-forceload.so.5.0.2
7fc96db03000-7fc96db04000 rw-p 00004000 09:00 2526128                    /usr/local/lib/scilab-5.2.2/lib/scilab/libscihdf5-forceload.so.5.0.2
7fc96db04000-7fc96db31000 r-xp 00000000 09:00 2526031                    /usr/local/lib/scilab-5.2.2/lib/scilab/libscioutput_stream.so.5.0.2
7fc96db31000-7fc96dd30000 ---p 0002d000 09:00 2526031                    /usr/local/lib/scilab-5.2.2/lib/scilab/libscioutput_stream.so.5.0.2
7fc96dd30000-7fc96dd31000 r--p 0002c000 09:00 2526031                    /usr/local/lib/scilab-5.2.2/lib/scilab/libscioutput_stream.so.5.0.2
7fc96dd31000-7fc96dd32000 rw-p 0002d000 09:00 2526031                    /usr/local/lib/scilab-5.2.2/lib/scilab/libscioutput_stream.so.5.0.2
7fc96dd32000-7fc96ddf0000 rw-p 00000000 00:00 0 
7fc96ddf0000-7fc96ddf1000 r-xp 00000000 09:00 2526136                    /usr/local/lib/scilab-5.2.2/lib/scilab/libscimalloc.so.5.0.2
7fc96ddf1000-7fc96dff0000 ---p 00001000 09:00 2526136                    /usr/local/lib/scilab-5.2.2/lib/scilab/libscimalloc.so.5.0.2
7fc96dff0000-7fc96dff1000 r--p 00000000 09:00 2526136                    /usr/local/lib/scilab-5.2.2/lib/scilab/libscimalloc.so.5.0.2
7fc96dff1000-7fc96dff2000 rw-p 00001000 09:00 2526136                    /usr/local/lib/scilab-5.2.2/lib/scilab/libscimalloc.so.5.0.2
7fc96dff2000-7fc96e143000 r-xp 00000000 09:00 2525921                    /usr/local/lib/scilab-5.2.2/lib/thirdparty/libxml2.so.2.7.6
7fc96e143000-7fc96e342000 ---p 00151000 09:00 2525921                    /usr/local/lib/scilab-5.2.2/lib/thirdparty/libxml2.so.2.7.6
7fc96e342000-7fc96e34c000 rw-p 00150000 09:00 2525921                    /usr/local/lib/scilab-5.2.2/lib/thirdparty/libxml2.so.2.7.6
7fc96e34c000-7fc96e34d000 rw-p 00000000 00:00 0 
7fc96e34d000-7fc96e359000 r-xp 00000000 09:00 2526183                    /usr/local/lib/scilab-5.2.2/lib/scilab/libscixpad.so.5.0.2
7fc96e359000-7fc96e558000 ---p 0000c000 09:00 2526183                    /usr/local/lib/scilab-5.2.2/lib/scilab/libscixpad.so.5.0.2
7fc96e558000-7fc96e559000 r--p 0000b000 09:00 2526183                    /usr/local/lib/scilab-5.2.2/lib/scilab/libscixpad.so.5.0.2
7fc96e559000-7fc96e55a000 rw-p 0000c000 09:00 2526183                    /usr/local/lib/scilab-5.2.2/lib/scilab/libscixpad.so.5.0.2
7fc96e55a000-7fc96e55b000 rw-p 00000000 00:00 0 
7fc96e55b000-7fc96e56b000 r-xp 00000000 09:00 2525978                    /usr/local/lib/scilab-5.2.2/lib/scilab/libscixcos.so.5.0.2
7fc96e56b000-7fc96e76a000 ---p 00010000 09:00 2525978                    /usr/local/lib/scilab-5.2.2/lib/scilab/libscixcos.so.5.0.2
7fc96e76a000-7fc96e76b000 r--p 0000f000 09:00 2525978                    /usr/local/lib/scilab-5.2.2/lib/scilab/libscixcos.so.5.0.2
7fc96e76b000-7fc96e76c000 rw-p 00010000 09:00 2525978                    /usr/local/lib/scilab-5.2.2/lib/scilab/libscixcos.so.5.0.2
7fc96e76c000-7fc96e76d000 r-xp 00000000 09:00 2526192                    /usr/local/lib/scilab-5.2.2/lib/scilab/libscidynamiclibrary.so.5.0.2
7fc96e76d000-7fc96e96c000 ---p 00001000 09:00 2526192                    /usr/local/lib/scilab-5.2.2/lib/scilab/libscidynamiclibrary.so.5.0.2
7fc96e96c000-7fc96e96d000 r--p 00000000 09:00 2526192                    /usr/local/lib/scilab-5.2.2/lib/scilab/libscidynamiclibrary.so.5.0.2
7fc96e96d000-7fc96e96e000 rw-p 00001000 09:00 2526192                    /usr/local/lib/scilab-5.2.2/lib/scilab/libscidynamiclibrary.so.5.0.2
7fc96e96e000-7fc96e971000 r-xp 00000000 09:00 2526099                    /usr/local/lib/scilab-5.2.2/lib/scilab/libscilibst.so.5.0.2
7fc96e971000-7fc96eb70000 ---p 00003000 09:00 2526099                    /usr/local/lib/scilab-5.2.2/lib/scilab/libscilibst.so.5.0.2
7fc96eb70000-7fc96eb71000 r--p 00002000 09:00 2526099                    /usr/local/lib/scilab-5.2.2/lib/scilab/libscilibst.so.5.0.2
7fc96eb71000-7fc96eb72000 rw-p 00003000 09:00 2526099                    /usr/local/lib/scilab-5.2.2/lib/scilab/libscilibst.so.5.0.2
7fc96eb72000-7fc96eb73000 rw-p 00000000 00:00 0 
7fc96eb73000-7fc96eb8f000 r-xp 00000000 09:00 2526010                    /usr/local/lib/scilab-5.2.2/lib/scilab/libsciapi_scilab.so.5.0.2
7fc96eb8f000-7fc96ed8e000 ---p 0001c000 09:00 2526010                    /usr/local/lib/scilab-5.2.2/lib/scilab/libsciapi_scilab.so.5.0.2
7fc96ed8e000-7fc96ed8f000 r--p 0001b000 09:00 2526010                    /usr/local/lib/scilab-5.2.2/lib/scilab/libsciapi_scilab.so.5.0.2
7fc96ed8f000-7fc96ed90000 rw-p 0001c000 09:00 2526010                    /usr/local/lib/scilab-5.2.2/lib/scilab/libsciapi_scilab.so.5.0.2
7fc96ed90000-7fc96edc4000 r-xp 00000000 09:00 2526185                    /usr/local/lib/scilab-5.2.2/lib/scilab/libsciarnoldi.so.5.0.2
7fc96edc4000-7fc96efc4000 ---p 00034000 09:00 2526185                    /usr/local/lib/scilab-5.2.2/lib/scilab/libsciarnoldi.so.5.0.2
7fc96efc4000-7fc96efc5000 r--p 00034000 09:00 2526185                    /usr/local/lib/scilab-5.2.2/lib/scilab/libsciarnoldi.so.5.0.2
7fc96efc5000-7fc96efc6000 rw-p 00035000 09:00 2526185                    /usr/local/lib/scilab-5.2.2/lib/scilab/libsciarnoldi.so.5.0.2
7fc96efc6000-7fc96f058000 r-xp 00000000 09:00 2526001                    /usr/local/lib/scilab-5.2.2/lib/scilab/libscielementary_functions.so.5.0.2
7fc96f058000-7fc96f257000 ---p 00092000 09:00 2526001                    /usr/local/lib/scilab-5.2.2/lib/scilab/libscielementary_functions.so.5.0.2
7fc96f257000-7fc96f258000 r--p 00091000 09:00 2526001                    /usr/local/lib/scilab-5.2.2/lib/scilab/libscielementary_functions.so.5.0.2
7fc96f258000-7fc96f25c000 rw-p 00092000 09:00 2526001                    /usr/local/lib/scilab-5.2.2/lib/scilab/libscielementary_functions.so.5.0.2
7fc96f25c000-7fc96f318000 rw-p 00000000 00:00 0 
7fc96f318000-7fc96f336000 r-xp 00000000 09:00 2525936                    /usr/local/lib/scilab-5.2.2/lib/scilab/libscistring.so.5.0.2
7fc96f336000-7fc96f535000 ---p 0001e000 09:00 2525936                    /usr/local/lib/scilab-5.2.2/lib/scilab/libscistring.so.5.0.2
7fc96f535000-7fc96f536000 r--p 0001d000 09:00 2525936                    /usr/local/lib/scilab-5.2.2/lib/scilab/libscistring.so.5.0.2
7fc96f536000-7fc96f537000 rw-p 0001e000 09:00 2525936                    /usr/local/lib/scilab-5.2.2/lib/scilab/libscistring.so.5.0.2
7fc96f537000-7fc96f5f1000 rw-p 00000000 00:00 0 
7fc96f5f1000-7fc96f615000 r-xp 00000000 09:00 2525938                    /usr/local/lib/scilab-5.2.2/lib/scilab/libscifileio.so.5.0.2
7fc96f615000-7fc96f814000 ---p 00024000 09:00 2525938                    /usr/local/lib/scilab-5.2.2/lib/scilab/libscifileio.so.5.0.2
7fc96f814000-7fc96f815000 r--p 00023000 09:00 2525938                    /usr/local/lib/scilab-5.2.2/lib/scilab/libscifileio.so.5.0.2
7fc96f815000-7fc96f816000 rw-p 00024000 09:00 2525938                    /usr/local/lib/scilab-5.2.2/lib/scilab/libscifileio.so.5.0.2
7fc96f816000-7fc96f81d000 r-xp 00000000 09:00 2525942                    /usr/local/lib/scilab-5.2.2/lib/scilab/libscijvm.so.5.0.2
7fc96f81d000-7fc96fa1d000 ---p 00007000 09:00 2525942                    /usr/local/lib/scilab-5.2.2/lib/scilab/libscijvm.so.5.0.2
7fc96fa1d000-7fc96fa1e000 r--p 00007000 09:00 2525942                    /usr/local/lib/scilab-5.2.2/lib/scilab/libscijvm.so.5.0.2
7fc96fa1e000-7fc96fa1f000 rw-p 00008000 09:00 2525942                    /usr/local/lib/scilab-5.2.2/lib/scilab/libscijvm.so.5.0.2
7fc96fa1f000-7fc96fa20000 rw-p 00000000 00:00 0 
7fc96fa20000-7fc96fa2e000 r-xp 00000000 09:00 2526138                    /usr/local/lib/scilab-5.2.2/lib/scilab/libscihistory_manager.so.5.0.2
7fc96fa2e000-7fc96fc2d000 ---p 0000e000 09:00 2526138                    /usr/local/lib/scilab-5.2.2/lib/scilab/libscihistory_manager.so.5.0.2
7fc96fc2d000-7fc96fc2e000 r--p 0000d000 09:00 2526138                    /usr/local/lib/scilab-5.2.2/lib/scilab/libscihistory_manager.so.5.0.2
7fc96fc2e000-7fc96fc2f000 rw-p 0000e000 09:00 2526138                    /usr/local/lib/scilab-5.2.2/lib/scilab/libscihistory_manager.so.5.0.2
7fc96fc2f000-7fc96fc31000 r-xp 00000000 09:00 2526028                    /usr/local/lib/scilab-5.2.2/lib/scilab/libsciaction_binding.so.5.0.2
7fc96fc31000-7fc96fe30000 ---p 00002000 09:00 2526028                    /usr/local/lib/scilab-5.2.2/lib/scilab/libsciaction_binding.so.5.0.2
7fc96fe30000-7fc96fe31000 r--p 00001000 09:00 2526028                    /usr/local/lib/scilab-5.2.2/lib/scilab/libsciaction_binding.so.5.0.2
7fc96fe31000-7fc96fe32000 rw-p 00002000 09:00 2526028                    /usr/local/lib/scilab-5.2.2/lib/scilab/libsciaction_binding.so.5.0.2
7fc96fe32000-7fc96fe3f000 r-xp 00000000 09:00 2525940                    /usr/local/lib/scilab-5.2.2/lib/scilab/libsciconsole.so.5.0.2
7fc96fe3f000-7fc97003e000 ---p 0000d000 09:00 2525940                    /usr/local/lib/scilab-5.2.2/lib/scilab/libsciconsole.so.5.0.2
7fc97003e000-7fc97003f000 r--p 0000c000 09:00 2525940                    /usr/local/lib/scilab-5.2.2/lib/scilab/libsciconsole.so.5.0.2
7fc97003f000-7fc970040000 rw-p 0000d000 09:00 2525940                    /usr/local/lib/scilab-5.2.2/lib/scilab/libsciconsole.so.5.0.2
7fc970040000-7fc970041000 rw-p 00000000 00:00 0 
7fc970041000-7fc970075000 r-xp 00000000 09:00 2526097                    /usr/local/lib/scilab-5.2.2/lib/scilab/libscigraphic_export.so.5.0.2
7fc970075000-7fc970274000 ---p 00034000 09:00 2526097                    /usr/local/lib/scilab-5.2.2/lib/scilab/libscigraphic_export.so.5.0.2
7fc970274000-7fc970275000 r--p 00033000 09:00 2526097                    /usr/local/lib/scilab-5.2.2/lib/scilab/libscigraphic_export.so.5.0.2
7fc970275000-7fc970276000 rw-p 00034000 09:00 2526097                    /usr/local/lib/scilab-5.2.2/lib/scilab/libscigraphic_export.so.5.0.2
7fc970276000-7fc970278000 r-xp 00000000 09:00 2525988                    /usr/local/lib/scilab-5.2.2/lib/scilab/libscidoublylinkedlist.so.5.0.2
7fc970278000-7fc970477000 ---p 00002000 09:00 2525988                    /usr/local/lib/scilab-5.2.2/lib/scilab/libscidoublylinkedlist.so.5.0.2
7fc970477000-7fc970478000 r--p 00001000 09:00 2525988                    /usr/local/lib/scilab-5.2.2/lib/scilab/libscidoublylinkedlist.so.5.0.2
7fc970478000-7fc970479000 rw-p 00002000 09:00 2525988                    /usr/local/lib/scilab-5.2.2/lib/scilab/libscidoublylinkedlist.so.5.0.2
7fc970479000-7fc9705f1000 r-xp 00000000 09:00 2525962                    /usr/local/lib/scilab-5.2.2/lib/scilab/libscirenderer.so.5.0.2
7fc9705f1000-7fc9707f0000 ---p 00178000 09:00 2525962                    /usr/local/lib/scilab-5.2.2/lib/scilab/libscirenderer.so.5.0.2
7fc9707f0000-7fc970808000 r--p 00177000 09:00 2525962                    /usr/local/lib/scilab-5.2.2/lib/scilab/libscirenderer.so.5.0.2
7fc970808000-7fc97080b000 rw-p 0018f000 09:00 2525962                    /usr/local/lib/scilab-5.2.2/lib/scilab/libscirenderer.so.5.0.2
7fc97080b000-7fc97080c000 rw-p 00000000 00:00 0 
7fc97080c000-7fc970872000 r-xp 00000000 09:00 2526049                    /usr/local/lib/scilab-5.2.2/lib/scilab/libscigui.so.5.0.2
7fc970872000-7fc970a71000 ---p 00066000 09:00 2526049                    /usr/local/lib/scilab-5.2.2/lib/scilab/libscigui.so.5.0.2
7fc970a71000-7fc970a72000 r--p 00065000 09:00 2526049                    /usr/local/lib/scilab-5.2.2/lib/scilab/libscigui.so.5.0.2
7fc970a72000-7fc970a74000 rw-p 00066000 09:00 2526049                    /usr/local/lib/scilab-5.2.2/lib/scilab/libscigui.so.5.0.2
7fc970a74000-7fc970a7e000 r-xp 00000000 09:00 2526052                    /usr/local/lib/scilab-5.2.2/lib/scilab/libscitclsci.so.5.0.2
7fc970a7e000-7fc970c7d000 ---p 0000a000 09:00 2526052                    /usr/local/lib/scilab-5.2.2/lib/scilab/libscitclsci.so.5.0.2
7fc970c7d000-7fc970c7e000 r--p 00009000 09:00 2526052                    /usr/local/lib/scilab-5.2.2/lib/scilab/libscitclsci.so.5.0.2
7fc970c7e000-7fc970c7f000 rw-p 0000a000 09:00 2526052                    /usr/local/lib/scilab-5.2.2/lib/scilab/libscitclsci.so.5.0.2
7fc970c7f000-7fc970c81000 r-xp 00000000 09:00 2526197                    /usr/local/lib/scilab-5.2.2/lib/scilab/libscihashtable.so.5.0.2
7fc970c81000-7fc970e80000 ---p 00002000 09:00 2526197                    /usr/local/lib/scilab-5.2.2/lib/scilab/libscihashtable.so.5.0.2
7fc970e80000-7fc970e81000 r--p 00001000 09:00 2526197                    /usr/local/lib/scilab-5.2.2/lib/scilab/libscihashtable.so.5.0.2
7fc970e81000-7fc970e82000 rw-p 00002000 09:00 2526197                    /usr/local/lib/scilab-5.2.2/lib/scilab/libscihashtable.so.5.0.2
7fc970e82000-7fc970e83000 rw-p 00000000 00:00 0 
7fc970e83000-7fc970efd000 r-xp 00000000 09:00 2526117                    /usr/local/lib/scilab-5.2.2/lib/scilab/libscigraphics.so.5.0.2
7fc970efd000-7fc9710fc000 ---p 0007a000 09:00 2526117                    /usr/local/lib/scilab-5.2.2/lib/scilab/libscigraphics.so.5.0.2
7fc9710fc000-7fc9710fe000 r--p 00079000 09:00 2526117                    /usr/local/lib/scilab-5.2.2/lib/scilab/libscigraphics.so.5.0.2
7fc9710fe000-7fc971101000 rw-p 0007b000 09:00 2526117                    /usr/local/lib/scilab-5.2.2/lib/scilab/libscigraphics.so.5.0.2
7fc971101000-7fc971102000 rw-p 00000000 00:00 0 
7fc971102000-7fc97110b000 r-xp 00000000 09:00 2526030                    /usr/local/lib/scilab-5.2.2/lib/scilab/libscifunctions.so.5.0.2
7fc97110b000-7fc97130a000 ---p 00009000 09:00 2526030                    /usr/local/lib/scilab-5.2.2/lib/scilab/libscifunctions.so.5.0.2
7fc97130a000-7fc97130b000 r--p 00008000 09:00 2526030                    /usr/local/lib/scilab-5.2.2/lib/scilab/libscifunctions.so.5.0.2
7fc97130b000-7fc97130c000 rw-p 00009000 09:00 2526030                    /usr/local/lib/scilab-5.2.2/lib/scilab/libscifunctions.so.5.0.2
7fc97130c000-7fc9713c6000 rw-p 00000000 00:00 0 
7fc9713c6000-7fc9713db000 r-xp 00000000 09:00 2526160                    /usr/local/lib/scilab-5.2.2/lib/scilab/libscihdf5.so.5.0.2
7fc9713db000-7fc9715da000 ---p 00015000 09:00 2526160                    /usr/local/lib/scilab-5.2.2/lib/scilab/libscihdf5.so.5.0.2
7fc9715da000-7fc9715db000 r--p 00014000 09:00 2526160                    /usr/local/lib/scilab-5.2.2/lib/scilab/libscihdf5.so.5.0.2
7fc9715db000-7fc9715dc000 rw-p 00015000 09:00 2526160                    /usr/local/lib/scilab-5.2.2/lib/scilab/libscihdf5.so.5.0.2
7fc9715dc000-7fc9715dd000 rw-p 00000000 00:00 0 
7fc9715dd000-7fc9716da000 r-xp 00000000 09:00 2525856                    /usr/local/lib/scilab-5.2.2/lib/thirdparty/libfftw3.so.3.2.3
7fc9716da000-7fc9718da000 ---p 000fd000 09:00 2525856                    /usr/local/lib/scilab-5.2.2/lib/thirdparty/libfftw3.so.3.2.3
7fc9718da000-7fc9718e1000 rw-p 000fd000 09:00 2525856                    /usr/local/lib/scilab-5.2.2/lib/thirdparty/libfftw3.so.3.2.3
7fc9718e1000-7fc9718e7000 r-xp 00000000 09:00 2525952                    /usr/local/lib/scilab-5.2.2/lib/scilab/libscifftw.so.5.0.2
7fc9718e7000-7fc971ae6000 ---p 00006000 09:00 2525952                    /usr/local/lib/scilab-5.2.2/lib/scilab/libscifftw.so.5.0.2
7fc971ae6000-7fc971ae7000 r--p 00005000 09:00 2525952                    /usr/local/lib/scilab-5.2.2/lib/scilab/libscifftw.so.5.0.2
7fc971ae7000-7fc971ae8000 rw-p 00006000 09:00 2525952                    /usr/local/lib/scilab-5.2.2/lib/scilab/libscifftw.so.5.0.2
7fc971ae8000-7fc971af1000 r-xp 00000000 09:00 2526018                    /usr/local/lib/scilab-5.2.2/lib/scilab/libscidynamic_link.so.5.0.2
7fc971af1000-7fc971cf0000 ---p 00009000 09:00 2526018                    /usr/local/lib/scilab-5.2.2/lib/scilab/libscidynamic_link.so.5.0.2
7fc971cf0000-7fc971cf1000 r--p 00008000 09:00 2526018                    /usr/local/lib/scilab-5.2.2/lib/scilab/libscidynamic_link.so.5.0.2
7fc971cf1000-7fc971cf2000 rw-p 00009000 09:00 2526018                    /usr/local/lib/scilab-5.2.2/lib/scilab/libscidynamic_link.so.5.0.2
7fc971cf2000-7fc971df5000 rw-p 00000000 00:00 0 
7fc971df5000-7fc971e20000 r-xp 00000000 09:00 2526102                    /usr/local/lib/scilab-5.2.2/lib/scilab/libscilinear_algebra.so.5.0.2
7fc971e20000-7fc97201f000 ---p 0002b000 09:00 2526102                    /usr/local/lib/scilab-5.2.2/lib/scilab/libscilinear_algebra.so.5.0.2
7fc97201f000-7fc972020000 r--p 0002a000 09:00 2526102                    /usr/local/lib/scilab-5.2.2/lib/scilab/libscilinear_algebra.so.5.0.2
7fc972020000-7fc972021000 rw-p 0002b000 09:00 2526102                    /usr/local/lib/scilab-5.2.2/lib/scilab/libscilinear_algebra.so.5.0.2
7fc972021000-7fc9720db000 rw-p 00000000 00:00 0 
7fc9720db000-7fc972108000 r-xp 00000000 09:00 2526167                    /usr/local/lib/scilab-5.2.2/lib/scilab/libsciinteger.so.5.0.2
7fc972108000-7fc972307000 ---p 0002d000 09:00 2526167                    /usr/local/lib/scilab-5.2.2/lib/scilab/libsciinteger.so.5.0.2
7fc972307000-7fc972308000 r--p 0002c000 09:00 2526167                    /usr/local/lib/scilab-5.2.2/lib/scilab/libsciinteger.so.5.0.2
7fc972308000-7fc972309000 rw-p 0002d000 09:00 2526167                    /usr/local/lib/scilab-5.2.2/lib/scilab/libsciinteger.so.5.0.2
7fc972309000-7fc9723c3000 rw-p 00000000 00:00 0 
7fc9723c3000-7fc9723d3000 r-xp 00000000 09:00 2526040                    /usr/local/lib/scilab-5.2.2/lib/scilab/libscidata_structures.so.5.0.2
7fc9723d3000-7fc9725d2000 ---p 00010000 09:00 2526040                    /usr/local/lib/scilab-5.2.2/lib/scilab/libscidata_structures.so.5.0.2
7fc9725d2000-7fc9725d3000 r--p 0000f000 09:00 2526040                    /usr/local/lib/scilab-5.2.2/lib/scilab/libscidata_structures.so.5.0.2
7fc9725d3000-7fc9725d4000 rw-p 00010000 09:00 2526040                    /usr/local/lib/scilab-5.2.2/lib/scilab/libscidata_structures.so.5.0.2
7fc9725d4000-7fc97268f000 rw-p 00000000 00:00 0 
7fc97268f000-7fc97269b000 r-xp 00000000 09:00 2526198                    /usr/local/lib/scilab-5.2.2/lib/scilab/libmex.so.5.0.2
7fc97269b000-7fc97289a000 ---p 0000c000 09:00 2526198                    /usr/local/lib/scilab-5.2.2/lib/scilab/libmex.so.5.0.2
7fc97289a000-7fc97289b000 r--p 0000b000 09:00 2526198                    /usr/local/lib/scilab-5.2.2/lib/scilab/libmex.so.5.0.2
7fc97289b000-7fc97289c000 rw-p 0000c000 09:00 2526198                    /usr/local/lib/scilab-5.2.2/lib/scilab/libmex.so.5.0.2
7fc97289c000-7fc97289e000 rw-p 00000000 00:00 0 
7fc97289e000-7fc972909000 r-xp 00000000 09:00 2525987                    /usr/local/lib/scilab-5.2.2/lib/scilab/libscidifferential_equations.so.5.0.2
7fc972909000-7fc972b09000 ---p 0006b000 09:00 2525987                    /usr/local/lib/scilab-5.2.2/lib/scilab/libscidifferential_equations.so.5.0.2
7fc972b09000-7fc972b0a000 r--p 0006b000 09:00 2525987                    /usr/local/lib/scilab-5.2.2/lib/scilab/libscidifferential_equations.so.5.0.2
7fc972b0a000-7fc972b0b000 rw-p 0006c000 09:00 2525987                    /usr/local/lib/scilab-5.2.2/lib/scilab/libscidifferential_equations.so.5.0.2
7fc972b0b000-7fc972bcd000 rw-p 00000000 00:00 0 
7fc972bcd000-7fc972bd9000 r-xp 00000000 09:00 2525996                    /usr/local/lib/scilab-5.2.2/lib/scilab/libmat.so.5.0.2
7fc972bd9000-7fc972dd8000 ---p 0000c000 09:00 2525996                    /usr/local/lib/scilab-5.2.2/lib/scilab/libmat.so.5.0.2
7fc972dd8000-7fc972dd9000 r--p 0000b000 09:00 2525996                    /usr/local/lib/scilab-5.2.2/lib/scilab/libmat.so.5.0.2
7fc972dd9000-7fc972dda000 rw-p 0000c000 09:00 2525996                    /usr/local/lib/scilab-5.2.2/lib/scilab/libmat.so.5.0.2
7fc972dda000-7fc972ddd000 rw-p 00000000 00:00 0 
7fc972ddd000-7fc972de9000 r-xp 00000000 09:00 2525939                    /usr/local/lib/scilab-5.2.2/lib/scilab/libmx.so.5.0.2
7fc972de9000-7fc972fe8000 ---p 0000c000 09:00 2525939                    /usr/local/lib/scilab-5.2.2/lib/scilab/libmx.so.5.0.2
7fc972fe8000-7fc972fe9000 r--p 0000b000 09:00 2525939                    /usr/local/lib/scilab-5.2.2/lib/scilab/libmx.so.5.0.2
7fc972fe9000-7fc972fea000 rw-p 0000c000 09:00 2525939                    /usr/local/lib/scilab-5.2.2/lib/scilab/libmx.so.5.0.2
7fc972fea000-7fc972fec000 rw-p 00000000 00:00 0 
7fc972fec000-7fc9730cb000 r-xp 00000000 09:00 2526190                    /usr/local/lib/scilab-5.2.2/lib/scilab/libscicacsd.so.5.0.2
7fc9730cb000-7fc9732cb000 ---p 000df000 09:00 2526190                    /usr/local/lib/scilab-5.2.2/lib/scilab/libscicacsd.so.5.0.2
7fc9732cb000-7fc9732cc000 r--p 000df000 09:00 2526190                    /usr/local/lib/scilab-5.2.2/lib/scilab/libscicacsd.so.5.0.2
7fc9732cc000-7fc9732cd000 rw-p 000e0000 09:00 2526190                    /usr/local/lib/scilab-5.2.2/lib/scilab/libscicacsd.so.5.0.2
7fc9732cd000-7fc973387000 rw-p 00000000 00:00 0 
7fc973387000-7fc9733b4000 r-xp 00000000 09:00 2526113                    /usr/local/lib/scilab-5.2.2/lib/scilab/libscipolynomials.so.5.0.2
7fc9733b4000-7fc9735b3000 ---p 0002d000 09:00 2526113                    /usr/local/lib/scilab-5.2.2/lib/scilab/libscipolynomials.so.5.0.2
7fc9735b3000-7fc9735b4000 r--p 0002c000 09:00 2526113                    /usr/local/lib/scilab-5.2.2/lib/scilab/libscipolynomials.so.5.0.2
7fc9735b4000-7fc9735b5000 rw-p 0002d000 09:00 2526113                    /usr/local/lib/scilab-5.2.2/lib/scilab/libscipolynomials.so.5.0.2
7fc9735b5000-7fc973671000 rw-p 00000000 00:00 0 
7fc973671000-7fc9736c0000 r-xp 00000000 09:00 2526125                    /usr/local/lib/scilab-5.2.2/lib/scilab/libscisparse.so.5.0.2
7fc9736c0000-7fc9738bf000 ---p 0004f000 09:00 2526125                    /usr/local/lib/scilab-5.2.2/lib/scilab/libscisparse.so.5.0.2
7fc9738bf000-7fc9738c0000 r--p 0004e000 09:00 2526125                    /usr/local/lib/scilab-5.2.2/lib/scilab/libscisparse.so.5.0.2
7fc9738c0000-7fc9738c1000 rw-p 0004f000 09:00 2526125                    /usr/local/lib/scilab-5.2.2/lib/scilab/libscisparse.so.5.0.2
7fc9738c1000-7fc97397b000 rw-p 00000000 00:00 0 
7fc97397b000-7fc97397c000 r-xp 00000000 09:00 2526110                    /usr/local/lib/scilab-5.2.2/lib/scilab/libscipvm.so.5.0.2
7fc97397c000-7fc973b7b000 ---p 00001000 09:00 2526110                    /usr/local/lib/scilab-5.2.2/lib/scilab/libscipvm.so.5.0.2
7fc973b7b000-7fc973b7c000 r--p 00000000 09:00 2526110                    /usr/local/lib/scilab-5.2.2/lib/scilab/libscipvm.so.5.0.2
7fc973b7c000-7fc973b7d000 rw-p 00001000 09:00 2526110                    /usr/local/lib/scilab-5.2.2/lib/scilab/libscipvm.so.5.0.2
7fc973b7d000-7fc973b7e000 r-xp 00000000 09:00 2526115                    /usr/local/lib/scilab-5.2.2/lib/scilab/libsciwindows_tools.so.5.0.2
7fc973b7e000-7fc973d7d000 ---p 00001000 09:00 2526115                    /usr/local/lib/scilab-5.2.2/lib/scilab/libsciwindows_tools.so.5.0.2
7fc973d7d000-7fc973d7e000 r--p 00000000 09:00 2526115                    /usr/local/lib/scilab-5.2.2/lib/scilab/libsciwindows_tools.so.5.0.2
7fc973d7e000-7fc973d7f000 rw-p 00001000 09:00 2526115                    /usr/local/lib/scilab-5.2.2/lib/scilab/libsciwindows_tools.so.5.0.2
7fc973d7f000-7fc973d80000 rw-p 00000000 00:00 0 
7fc973d80000-7fc973d83000 r-xp 00000000 09:00 2526016                    /usr/local/lib/scilab-5.2.2/lib/scilab/libscitime.so.5.0.2
7fc973d83000-7fc973f83000 ---p 00003000 09:00 2526016                    /usr/local/lib/scilab-5.2.2/lib/scilab/libscitime.so.5.0.2
7fc973f83000-7fc973f84000 r--p 00003000 09:00 2526016                    /usr/local/lib/scilab-5.2.2/lib/scilab/libscitime.so.5.0.2
7fc973f84000-7fc973f85000 rw-p 00004000 09:00 2526016                    /usr/local/lib/scilab-5.2.2/lib/scilab/libscitime.so.5.0.2
7fc973f85000-7fc973f9f000 r-xp 00000000 09:00 2526195                    /usr/local/lib/scilab-5.2.2/lib/scilab/libscistatistics.so.5.0.2
7fc973f9f000-7fc97419e000 ---p 0001a000 09:00 2526195                    /usr/local/lib/scilab-5.2.2/lib/scilab/libscistatistics.so.5.0.2
7fc97419e000-7fc97419f000 r--p 00019000 09:00 2526195                    /usr/local/lib/scilab-5.2.2/lib/scilab/libscistatistics.so.5.0.2
7fc97419f000-7fc9741a0000 rw-p 0001a000 09:00 2526195                    /usr/local/lib/scilab-5.2.2/lib/scilab/libscistatistics.so.5.0.2
7fc9741a0000-7fc97425a000 rw-p 00000000 00:00 0 
7fc97425a000-7fc974264000 r-xp 00000000 09:00 2526153                    /usr/local/lib/scilab-5.2.2/lib/scilab/libscispecial_functions.so.5.0.2
7fc974264000-7fc974464000 ---p 0000a000 09:00 2526153                    /usr/local/lib/scilab-5.2.2/lib/scilab/libscispecial_functions.so.5.0.2
7fc974464000-7fc974465000 r--p 0000a000 09:00 2526153                    /usr/local/lib/scilab-5.2.2/lib/scilab/libscispecial_functions.so.5.0.2
7fc974465000-7fc974466000 rw-p 0000b000 09:00 2526153                    /usr/local/lib/scilab-5.2.2/lib/scilab/libscispecial_functions.so.5.0.2
7fc974466000-7fc974521000 rw-p 00000000 00:00 0 
7fc974521000-7fc974523000 r-xp 00000000 09:00 2526013                    /usr/local/lib/scilab-5.2.2/lib/scilab/libsciintersci.so.5.0.2
7fc974523000-7fc974722000 ---p 00002000 09:00 2526013                    /usr/local/lib/scilab-5.2.2/lib/scilab/libsciintersci.so.5.0.2
7fc974722000-7fc974723000 r--p 00001000 09:00 2526013                    /usr/local/lib/scilab-5.2.2/lib/scilab/libsciintersci.so.5.0.2
7fc974723000-7fc974724000 rw-p 00002000 09:00 2526013                    /usr/local/lib/scilab-5.2.2/lib/scilab/libsciintersci.so.5.0.2
7fc974724000-7fc97472d000 r-xp 00000000 09:00 2525981                    /usr/local/lib/scilab-5.2.2/lib/scilab/libsciboolean.so.5.0.2
7fc97472d000-7fc97492c000 ---p 00009000 09:00 2525981                    /usr/local/lib/scilab-5.2.2/lib/scilab/libsciboolean.so.5.0.2
7fc97492c000-7fc97492d000 r--p 00008000 09:00 2525981                    /usr/local/lib/scilab-5.2.2/lib/scilab/libsciboolean.so.5.0.2
7fc97492d000-7fc97492e000 rw-p 00009000 09:00 2525981                    /usr/local/lib/scilab-5.2.2/lib/scilab/libsciboolean.so.5.0.2
7fc97492e000-7fc9749e8000 rw-p 00000000 00:00 0 
7fc9749e8000-7fc9749f9000 r-xp 00000000 09:00 2526129                    /usr/local/lib/scilab-5.2.2/lib/scilab/libscidouble.so.5.0.2
7fc9749f9000-7fc974bf8000 ---p 00011000 09:00 2526129                    /usr/local/lib/scilab-5.2.2/lib/scilab/libscidouble.so.5.0.2
7fc974bf8000-7fc974bf9000 r--p 00010000 09:00 2526129                    /usr/local/lib/scilab-5.2.2/lib/scilab/libscidouble.so.5.0.2
7fc974bf9000-7fc974bfa000 rw-p 00011000 09:00 2526129                    /usr/local/lib/scilab-5.2.2/lib/scilab/libscidouble.so.5.0.2
7fc974bfa000-7fc974cb5000 rw-p 00000000 00:00 0 
7fc974cb5000-7fc974cb8000 r-xp 00000000 09:00 2526089                    /usr/local/lib/scilab-5.2.2/lib/scilab/libscicall_scilab.so.5.0.2
7fc974cb8000-7fc974eb7000 ---p 00003000 09:00 2526089                    /usr/local/lib/scilab-5.2.2/lib/scilab/libscicall_scilab.so.5.0.2
7fc974eb7000-7fc974eb8000 r--p 00002000 09:00 2526089                    /usr/local/lib/scilab-5.2.2/lib/scilab/libscicall_scilab.so.5.0.2
7fc974eb8000-7fc974eb9000 rw-p 00003000 09:00 2526089                    /usr/local/lib/scilab-5.2.2/lib/scilab/libscicall_scilab.so.5.0.2
7fc974eb9000-7fc974eba000 r-xp 00000000 09:00 2526188                    /usr/local/lib/scilab-5.2.2/lib/scilab/libscilab.so.0.0.0
7fc974eba000-7fc9750ba000 ---p 00001000 09:00 2526188                    /usr/local/lib/scilab-5.2.2/lib/scilab/libscilab.so.0.0.0
7fc9750ba000-7fc9750bb000 r--p 00001000 09:00 2526188                    /usr/local/lib/scilab-5.2.2/lib/scilab/libscilab.so.0.0.0
7fc9750bb000-7fc9750bc000 rw-p 00002000 09:00 2526188                    /usr/local/lib/scilab-5.2.2/lib/scilab/libscilab.so.0.0.0
7fc9750bc000-7fc9750d2000 r-xp 00000000 09:00 2526123                    /usr/local/lib/scilab-5.2.2/lib/scilab/libsciio.so.5.0.2
7fc9750d2000-7fc9752d1000 ---p 00016000 09:00 2526123                    /usr/local/lib/scilab-5.2.2/lib/scilab/libsciio.so.5.0.2
7fc9752d1000-7fc9752d2000 r--p 00015000 09:00 2526123                    /usr/local/lib/scilab-5.2.2/lib/scilab/libsciio.so.5.0.2
7fc9752d2000-7fc9752d3000 rw-p 00016000 09:00 2526123                    /usr/local/lib/scilab-5.2.2/lib/scilab/libsciio.so.5.0.2
7fc9752d3000-7fc97538e000 rw-p 00000000 00:00 0 
7fc97538e000-7fc975392000 r-xp 00000000 09:00 2526027                    /usr/local/lib/scilab-5.2.2/lib/scilab/libscilocalization.so.5.0.2
7fc975392000-7fc975591000 ---p 00004000 09:00 2526027                    /usr/local/lib/scilab-5.2.2/lib/scilab/libscilocalization.so.5.0.2
7fc975591000-7fc975592000 r--p 00003000 09:00 2526027                    /usr/local/lib/scilab-5.2.2/lib/scilab/libscilocalization.so.5.0.2
7fc975592000-7fc975597000 rw-p 00004000 09:00 2526027                    /usr/local/lib/scilab-5.2.2/lib/scilab/libscilocalization.so.5.0.2
7fc975597000-7fc97559e000 r-xp 00000000 09:00 2526055                    /usr/local/lib/scilab-5.2.2/lib/scilab/libscicompletion.so.5.0.2
7fc97559e000-7fc97579d000 ---p 00007000 09:00 2526055                    /usr/local/lib/scilab-5.2.2/lib/scilab/libscicompletion.so.5.0.2
7fc97579d000-7fc97579e000 r--p 00006000 09:00 2526055                    /usr/local/lib/scilab-5.2.2/lib/scilab/libscicompletion.so.5.0.2
7fc97579e000-7fc97579f000 rw-p 00007000 09:00 2526055                    /usr/local/lib/scilab-5.2.2/lib/scilab/libscicompletion.so.5.0.2
7fc97579f000-7fc975825000 r-xp 00000000 09:00 2526131                    /usr/local/lib/scilab-5.2.2/lib/scilab/libscicore.so.5.0.2
7fc975825000-7fc975a25000 ---p 00086000 09:00 2526131                    /usr/local/lib/scilab-5.2.2/lib/scilab/libscicore.so.5.0.2
7fc975a25000-7fc975a27000 r--p 00086000 09:00 2526131                    /usr/local/lib/scilab-5.2.2/lib/scilab/libscicore.so.5.0.2
7fc975a27000-7fc975a2a000 rw-p 00088000 09:00 2526131                    /usr/local/lib/scilab-5.2.2/lib/scilab/libscicore.so.5.0.2
7fc975a2a000-7fc975b28000 rw-p 00000000 00:00 0 
7fc975b28000-7fc975b31000 r-xp 00000000 09:00 2525955                    /usr/local/lib/scilab-5.2.2/lib/scilab/libscishell.so.5.0.2
7fc975b31000-7fc975d31000 ---p 00009000 09:00 2525955                    /usr/local/lib/scilab-5.2.2/lib/scilab/libscishell.so.5.0.2
7fc975d31000-7fc975d32000 r--p 00009000 09:00 2525955                    /usr/local/lib/scilab-5.2.2/lib/scilab/libscishell.so.5.0.2
7fc975d32000-7fc975d33000 rw-p 0000a000 09:00 2525955                    /usr/local/lib/scilab-5.2.2/lib/scilab/libscishell.so.5.0.2
7fc975d33000-7fc975d35000 rw-p 00000000 00:00 0 
7fff2a3ae000-7fff2a3b1000 ---p 00000000 00:00 0 
7fff2a3b1000-7fff2a4ae000 rwxp 00000000 00:00 0                          [stack]
7fff2a4ae000-7fff2a4af000 rw-p 00000000 00:00 0 
7fff2a5ff000-7fff2a600000 r-xp 00000000 00:00 0                          [vdso]
ffffffffff600000-ffffffffff601000 r-xp 00000000 00:00 0                  [vsyscall]

VM Arguments:
jvm_args: -Djava.library.path= -Djava.compiler=JIT -Xmx256m -Dapple.laf.useScreenMenuBar=true 
java_command: <unknown>
Launcher Type: generic

Environment Variables:
JAVA_HOME=/usr/local/lib/scilab-5.2.2/thirdparty/java
JRE_HOME=/usr/local/lib/scilab-5.2.2/thirdparty/java
CLASSPATH=/usr/local/lib/scilab-5.2.2/thirdparty:/usr/local/lib/scilab-5.2.2/thirdparty/java/lib
PATH=/usr/local/lib/scilab-5.2.2/bin:/usr/local/bin:/usr/lib64/qt-3.3/bin:/usr/kerberos/bin:/usr/lib64/ccache:/usr/local/bin:/bin:/usr/bin:/usr/lib64/paraview-3.6.1-Linux-x86_64/bin/:/usr/local/sbin:/usr/sbin:/sbin:/usr/lib64/paraview-3.6.1-Linux-x86_64/bin/:/home/M2SITN/delanoue/bin:/usr/lib64/paraview-3.6.1-Linux-x86_64/bin/:/usr/local/lib/scilab-5.2.2/share/scilab/modules/scicos/
LD_LIBRARY_PATH=/usr/local/lib/scilab-5.2.2/share/scilab/bin:/usr/local/lib/scilab-5.2.2/share/scilab/lib/scilab/:/usr/local/lib/scilab-5.2.2/share/scilab/lib64/scilab/:/usr/local/lib/scilab-5.2.2/lib/scilab:/usr/local/lib/scilab-5.2.2/lib/thirdparty:/usr/local/lib/scilab-5.2.2/thirdparty/java/lib/amd64:/usr/local/lib/scilab-5.2.2/thirdparty/java/lib/amd64/server:/usr/local/lib/scilab-5.2.2/thirdparty/java/lib/amd64/native_threads
SHELL=/bin/bash
DISPLAY=:2003.0

Signal Handlers:
SIGSEGV: [libjvm.so+0x70f1a0], sa_mask[0]=0x7ffbfeff, sa_flags=0x10000004
SIGBUS: [libjvm.so+0x70f1a0], sa_mask[0]=0x7ffbfeff, sa_flags=0x10000004
SIGFPE: [libjvm.so+0x5d7f70], sa_mask[0]=0x7ffbfeff, sa_flags=0x10000004
SIGPIPE: SIG_IGN, sa_mask[0]=0x00001000, sa_flags=0x10000000
SIGXFSZ: [libjvm.so+0x5d7f70], sa_mask[0]=0x7ffbfeff, sa_flags=0x10000004
SIGILL: [libjvm.so+0x5d7f70], sa_mask[0]=0x7ffbfeff, sa_flags=0x10000004
SIGUSR1: SIG_DFL, sa_mask[0]=0x00000000, sa_flags=0x00000000
SIGUSR2: [libjvm.so+0x5da790], sa_mask[0]=0x00000000, sa_flags=0x10000004
SIGHUP: [libjvm.so+0x5da4e0], sa_mask[0]=0x7ffbfeff, sa_flags=0x10000004
SIGINT: [libscicore.so.5+0x2c190], sa_mask[0]=0x00000002, sa_flags=0x10000000
SIGTERM: [libjvm.so+0x5da4e0], sa_mask[0]=0x7ffbfeff, sa_flags=0x10000004
SIGQUIT: [libjvm.so+0x5da4e0], sa_mask[0]=0x7ffbfeff, sa_flags=0x10000004


---------------  S Y S T E M  ---------------

OS:Fedora release 11 (Leonidas)

uname:Linux 2.6.30.9-90.fc11.x86_64 #1 SMP Sat Oct 17 11:25:35 EDT 2009 x86_64
libc:glibc 2.10.1 NPTL 2.10.1 
rlimit: STACK 10240k, CORE 0k, NPROC 1024, NOFILE 1024, AS infinity
load average:1.47 1.17 0.68

CPU:total 16 (8 cores per cpu, 2 threads per core) family 6 model 26 stepping 5, cmov, cx8, fxsr, mmx, sse, sse2, sse3, ssse3, sse4.1, sse4.2, popcnt, ht

Memory: 4k page, physical 49065876k(6033696k free), swap 50331632k(50197916k free)

vm_info: Java HotSpot(TM) 64-Bit Server VM (16.0-b13) for linux-amd64 JRE (1.6.0_18-b07), built on Dec 17 2009 13:42:22 by "java_re" with gcc 3.2.2 (SuSE Linux)

time: Fri Jul  9 16:17:10 2010
elapsed time: 3390 seconds

