#
# A fatal error has been detected by the Java Runtime Environment:
#
#  SIGSEGV (0xb) at pc=0x00007f1c7eaa5440, pid=27092, tid=139762885248784
#
# JRE version: 6.0_18-b07
# Java VM: Java HotSpot(TM) 64-Bit Server VM (16.0-b13 mixed mode linux-amd64 )
# Problematic frame:
# C  [libGL.so.1+0x7f440]
#
# If you would like to submit a bug report, please visit:
#   http://java.sun.com/webapps/bugreport/crash.jsp
# The crash happened outside the Java Virtual Machine in native code.
# See problematic frame for where to report the bug.
#

---------------  T H R E A D  ---------------

Current thread (0x00000000025fe000):  JavaThread "main" [_thread_in_native, id=27092, stack(0x00007fffd0d4b000,0x00007fffd0e4b000)]

siginfo:si_signo=SIGSEGV: si_errno=0, si_code=1 (SEGV_MAPERR), si_addr=0x0000000000000000

Registers:
RAX=0x0000000000000000, RBX=0x0000000002832fa0, RCX=0x0000003be3769e88, RDX=0x0000000000000000
RSP=0x00007fffd0e4a2f0, RBP=0x00007f1c7ebe7020, RSI=0x0000000000000000, RDI=0x0000003be3769e80
R8 =0x0000000000000000, R9 =0x0000000000000000, R10=0x00007fffd0e4a090, R11=0x0000000000000000
R12=0x0000003bf0420790, R13=0x00007f1c7ebfd360, R14=0x000000000284b2d0, R15=0x0000000000000050
RIP=0x00007f1c7eaa5440, EFL=0x0000000000010246, CSGSFS=0x0000000000000033, ERR=0x0000000000000004
  TRAPNO=0x000000000000000e

Top of Stack: (sp=0x00007fffd0e4a2f0)
0x00007fffd0e4a2f0:   00007f1c7ebe7020 00000000000069d4
0x00007fffd0e4a300:   0000003bf0420790 00007f1c7ea964e5
0x00007fffd0e4a310:   00007fffd0e4a320 000000000000008a
0x00007fffd0e4a320:   00007fffd0e4a810 0000000000000000
0x00007fffd0e4a330:   0000003be301f008 0000003be2e0f0cc
0x00007fffd0e4a340:   00007f1d1fe66000 00007f1d1fe66590
0x00007fffd0e4a350:   00007f1d1f4bf508 00007f1d1a172000
0x00007fffd0e4a360:   00007f1d1fe65a38 00007f1d1fc59510
0x00007fffd0e4a370:   00007f1d1fc59a30 00007f1d1deb1a30
0x00007fffd0e4a380:   00007f1d1f4bf000 00007f1d1f4bfa18
0x00007fffd0e4a390:   00007f1d1ede6000 00007f1d1ede6520
0x00007fffd0e4a3a0:   00007f1d1ede6a40 00007f1d1e652000
0x00007fffd0e4a3b0:   00007f1d1e652530 00007f1d1e652a48
0x00007fffd0e4a3c0:   00007f1d1deb1520 00007f1d1d7a2000
0x00007fffd0e4a3d0:   00007f1d1d7a2518 00007f1d1d7a2a28
0x00007fffd0e4a3e0:   00007f1d1cf0e000 00007f1d1cf0e520
0x00007fffd0e4a3f0:   00007f1d1cf0ea58 00007f1d1c7c0000
0x00007fffd0e4a400:   00007f1d1c7c0530 00007f1d1c7c0a58
0x00007fffd0e4a410:   00007f1d1bf26000 00007f1d1bf26518
0x00007fffd0e4a420:   00007f1d1b70e000 00007f1d1b70e510
0x00007fffd0e4a430:   00007f1d1b70ea30 00007f1d1afb4520
0x00007fffd0e4a440:   00007f1d1afb4a38 00007f1d1a93da60
0x00007fffd0e4a450:   00007f1d1a172528 00007f1d1a172a60
0x00007fffd0e4a460:   00007f1d19b51000 00007f1d19b51510
0x00007fffd0e4a470:   00007f1d19b51a30 00007f1d19449530
0x00007fffd0e4a480:   00007f1d19449a50 00007f1d18ca4a48
0x00007fffd0e4a490:   00007f1d1868c000 00007f1d1fc59000
0x00007fffd0e4a4a0:   00007f1d1deb1000 00007f1d1bf26a28
0x00007fffd0e4a4b0:   00007f1d1afb4000 00007f1d1a93d000
0x00007fffd0e4a4c0:   00007f1d1a93d528 00007f1d19449000
0x00007fffd0e4a4d0:   00007f1d18ca4000 00007f1d18ca4520
0x00007fffd0e4a4e0:   00007f1d1868c508 00007f1d1868ca18 

Instructions: (pc=0x00007f1c7eaa5440)
0x00007f1c7eaa5430:   10 48 85 d2 74 43 48 8b 42 10 48 8b 5a 08 31 d2
0x00007f1c7eaa5440:   44 8b 20 48 89 df 44 89 e6 e8 42 a9 fb ff 31 d2 

Stack: [0x00007fffd0d4b000,0x00007fffd0e4b000],  sp=0x00007fffd0e4a2f0,  free space=3fc0000000000000018k
Native frames: (J=compiled Java code, j=interpreted, Vv=VM code, C=native code)
C  [libGL.so.1+0x7f440]


---------------  P R O C E S S  ---------------

Java Threads: ( => current thread )
  0x00007f1c78003000 JavaThread "Thread-12" [_thread_blocked, id=27148, stack(0x00007f1c7f5ff000,0x00007f1c80000000)]
  0x00007f1c78009000 JavaThread "Thread-7" [_thread_in_native, id=27138, stack(0x00007f1c7f5ff000,0x00007f1c80000000)]
  0x00007f1c78008000 JavaThread "Thread-6" [_thread_in_native, id=27137, stack(0x00007f1c7f5ff000,0x00007f1c80000000)]
  0x00007f1c78001000 JavaThread "Thread-5" [_thread_in_native, id=27135, stack(0x00007f1c7f5ff000,0x00007f1c80000000)]
  0x0000000002b98800 JavaThread "TimerQueue" daemon [_thread_blocked, id=27133, stack(0x00007f1cece31000,0x00007f1cecf32000)]
  0x0000000002ae2800 JavaThread "AWT-EventQueue-0" [_thread_blocked, id=27132, stack(0x00007f1cecf32000,0x00007f1ced033000)]
  0x0000000002ad0000 JavaThread "AWT-Shutdown" [_thread_blocked, id=27131, stack(0x00007f1ced033000,0x00007f1ced134000)]
  0x00000000028ae800 JavaThread "AWT-XAWT" daemon [_thread_in_native, id=27125, stack(0x00007f1cedc79000,0x00007f1cedd7a000)]
  0x0000000002860000 JavaThread "Java2D Disposer" daemon [_thread_blocked, id=27124, stack(0x00007f1cedf99000,0x00007f1cee09a000)]
  0x00000000026f3000 JavaThread "Low Memory Detector" daemon [_thread_blocked, id=27122, stack(0x00007f1cee6eb000,0x00007f1cee7ec000)]
  0x00000000026f1000 JavaThread "CompilerThread1" daemon [_thread_blocked, id=27121, stack(0x00007f1cee7ec000,0x00007f1cee8ed000)]
  0x00000000026ee000 JavaThread "CompilerThread0" daemon [_thread_blocked, id=27120, stack(0x00007f1cee8ed000,0x00007f1cee9ee000)]
  0x00000000026ec000 JavaThread "Signal Dispatcher" daemon [_thread_blocked, id=27119, stack(0x00007f1cee9ee000,0x00007f1ceeaef000)]
  0x00000000026cf800 JavaThread "Finalizer" daemon [_thread_blocked, id=27118, stack(0x00007f1ceeaef000,0x00007f1ceebf0000)]
  0x00000000026cd800 JavaThread "Reference Handler" daemon [_thread_blocked, id=27117, stack(0x00007f1ceebf0000,0x00007f1ceecf1000)]
=>0x00000000025fe000 JavaThread "main" [_thread_in_native, id=27092, stack(0x00007fffd0d4b000,0x00007fffd0e4b000)]

Other Threads:
  0x00000000026c9000 VMThread [stack: 0x00007f1ceecf1000,0x00007f1ceedf2000] [id=27116]
  0x00000000026f5800 WatcherThread [stack: 0x00007f1cee5ea000,0x00007f1cee6eb000] [id=27123]

VM state:not at safepoint (normal execution)

VM Mutex/Monitor currently owned by a thread: None

Heap
 PSYoungGen      total 76480K, used 67992K [0x00007f1cffab0000, 0x00007f1d05000000, 0x00007f1d05000000)
  eden space 65600K, 87% used [0x00007f1cffab0000,0x00007f1d03276bb8,0x00007f1d03ac0000)
  from space 10880K, 99% used [0x00007f1d03ac0000,0x00007f1d0455f468,0x00007f1d04560000)
  to   space 10880K, 0% used [0x00007f1d04560000,0x00007f1d04560000,0x00007f1d05000000)
 PSOldGen        total 174784K, used 2730K [0x00007f1cf5000000, 0x00007f1cffab0000, 0x00007f1cffab0000)
  object space 174784K, 1% used [0x00007f1cf5000000,0x00007f1cf52aaa58,0x00007f1cffab0000)
 PSPermGen       total 29504K, used 29386K [0x00007f1cefc00000, 0x00007f1cf18d0000, 0x00007f1cf5000000)
  object space 29504K, 99% used [0x00007f1cefc00000,0x00007f1cf18b2bb0,0x00007f1cf18d0000)

Dynamic libraries:
00400000-00402000 r-xp 00000000 09:00 2526212                            /usr/local/lib/scilab-5.2.2/bin/scilab-bin
00601000-00602000 r--p 00001000 09:00 2526212                            /usr/local/lib/scilab-5.2.2/bin/scilab-bin
00602000-00603000 rw-p 00002000 09:00 2526212                            /usr/local/lib/scilab-5.2.2/bin/scilab-bin
025ee000-0334e000 rw-p 00000000 00:00 0                                  [heap]
40212000-40214000 rwxp 00000000 00:0f 703                                /dev/zero
3be2e00000-3be2e1f000 r-xp 00000000 09:00 3622                           /lib64/ld-2.10.1.so
3be301e000-3be301f000 r--p 0001e000 09:00 3622                           /lib64/ld-2.10.1.so
3be301f000-3be3020000 rw-p 0001f000 09:00 3622                           /lib64/ld-2.10.1.so
3be3200000-3be3201000 r-xp 00000000 09:00 55465                          /usr/lib64/nvidia/tls/libnvidia-tls.so.185.18.36
3be3201000-3be3301000 ---p 00001000 09:00 55465                          /usr/lib64/nvidia/tls/libnvidia-tls.so.185.18.36
3be3301000-3be3302000 rw-p 00001000 09:00 55465                          /usr/lib64/nvidia/tls/libnvidia-tls.so.185.18.36
3be3400000-3be3564000 r-xp 00000000 09:00 6311                           /lib64/libc-2.10.1.so
3be3564000-3be3764000 ---p 00164000 09:00 6311                           /lib64/libc-2.10.1.so
3be3764000-3be3768000 r--p 00164000 09:00 6311                           /lib64/libc-2.10.1.so
3be3768000-3be3769000 rw-p 00168000 09:00 6311                           /lib64/libc-2.10.1.so
3be3769000-3be376e000 rw-p 00000000 00:00 0 
3be3800000-3be3802000 r-xp 00000000 09:00 270374                         /lib64/libdl-2.10.1.so
3be3802000-3be3a02000 ---p 00002000 09:00 270374                         /lib64/libdl-2.10.1.so
3be3a02000-3be3a03000 r--p 00002000 09:00 270374                         /lib64/libdl-2.10.1.so
3be3a03000-3be3a04000 rw-p 00003000 09:00 270374                         /lib64/libdl-2.10.1.so
3be3c00000-3be3c82000 r-xp 00000000 09:00 11622                          /lib64/libm-2.10.1.so
3be3c82000-3be3e82000 ---p 00082000 09:00 11622                          /lib64/libm-2.10.1.so
3be3e82000-3be3e83000 r--p 00082000 09:00 11622                          /lib64/libm-2.10.1.so
3be3e83000-3be3e84000 rw-p 00083000 09:00 11622                          /lib64/libm-2.10.1.so
3be4000000-3be4017000 r-xp 00000000 09:00 262769                         /lib64/libpthread-2.10.1.so
3be4017000-3be4216000 ---p 00017000 09:00 262769                         /lib64/libpthread-2.10.1.so
3be4216000-3be4217000 r--p 00016000 09:00 262769                         /lib64/libpthread-2.10.1.so
3be4217000-3be4218000 rw-p 00017000 09:00 262769                         /lib64/libpthread-2.10.1.so
3be4218000-3be421c000 rw-p 00000000 00:00 0 
3be4800000-3be4934000 r-xp 00000000 09:00 262666                         /usr/lib64/libX11.so.6.2.0
3be4934000-3be4b33000 ---p 00134000 09:00 262666                         /usr/lib64/libX11.so.6.2.0
3be4b33000-3be4b39000 rw-p 00133000 09:00 262666                         /usr/lib64/libX11.so.6.2.0
3be4c00000-3be4c02000 r-xp 00000000 09:00 262162                         /usr/lib64/libXau.so.6.0.0
3be4c02000-3be4e01000 ---p 00002000 09:00 262162                         /usr/lib64/libXau.so.6.0.0
3be4e01000-3be4e02000 rw-p 00001000 09:00 262162                         /usr/lib64/libXau.so.6.0.0
3be5000000-3be501a000 r-xp 00000000 09:00 262665                         /usr/lib64/libxcb.so.1.1.0
3be501a000-3be521a000 ---p 0001a000 09:00 262665                         /usr/lib64/libxcb.so.1.1.0
3be521a000-3be521b000 rw-p 0001a000 09:00 262665                         /usr/lib64/libxcb.so.1.1.0
3be5400000-3be541c000 r-xp 00000000 09:00 262763                         /lib64/libselinux.so.1
3be541c000-3be561b000 ---p 0001c000 09:00 262763                         /lib64/libselinux.so.1
3be561b000-3be561c000 r--p 0001b000 09:00 262763                         /lib64/libselinux.so.1
3be561c000-3be561d000 rw-p 0001c000 09:00 262763                         /lib64/libselinux.so.1
3be561d000-3be561e000 rw-p 00000000 00:00 0 
3be5800000-3be5811000 r-xp 00000000 09:00 262755                         /usr/lib64/libXext.so.6.4.0
3be5811000-3be5a11000 ---p 00011000 09:00 262755                         /usr/lib64/libXext.so.6.4.0
3be5a11000-3be5a12000 rw-p 00011000 09:00 262755                         /usr/lib64/libXext.so.6.4.0
3be5c00000-3be5cdd000 r-xp 00000000 09:00 262670                         /lib64/libglib-2.0.so.0.2000.5
3be5cdd000-3be5edc000 ---p 000dd000 09:00 262670                         /lib64/libglib-2.0.so.0.2000.5
3be5edc000-3be5ede000 rw-p 000dc000 09:00 262670                         /lib64/libglib-2.0.so.0.2000.5
3be6000000-3be6007000 r-xp 00000000 09:00 262770                         /lib64/librt-2.10.1.so
3be6007000-3be6206000 ---p 00007000 09:00 262770                         /lib64/librt-2.10.1.so
3be6206000-3be6207000 r--p 00006000 09:00 262770                         /lib64/librt-2.10.1.so
3be6207000-3be6208000 rw-p 00007000 09:00 262770                         /lib64/librt-2.10.1.so
3be6400000-3be6441000 r-xp 00000000 09:00 262671                         /lib64/libgobject-2.0.so.0.2000.5
3be6441000-3be6641000 ---p 00041000 09:00 262671                         /lib64/libgobject-2.0.so.0.2000.5
3be6641000-3be6643000 rw-p 00041000 09:00 262671                         /lib64/libgobject-2.0.so.0.2000.5
3be6800000-3be6826000 r-xp 00000000 09:00 95997                          /lib64/libexpat.so.1.5.2
3be6826000-3be6a25000 ---p 00026000 09:00 95997                          /lib64/libexpat.so.1.5.2
3be6a25000-3be6a28000 rw-p 00025000 09:00 95997                          /lib64/libexpat.so.1.5.2
3be6c00000-3be6c03000 r-xp 00000000 09:00 262672                         /lib64/libgmodule-2.0.so.0.2000.5
3be6c03000-3be6e02000 ---p 00003000 09:00 262672                         /lib64/libgmodule-2.0.so.0.2000.5
3be6e02000-3be6e03000 rw-p 00002000 09:00 262672                         /lib64/libgmodule-2.0.so.0.2000.5
3be7000000-3be7093000 r-xp 00000000 09:00 95977                          /usr/lib64/libfreetype.so.6.3.20
3be7093000-3be7293000 ---p 00093000 09:00 95977                          /usr/lib64/libfreetype.so.6.3.20
3be7293000-3be7299000 rw-p 00093000 09:00 95977                          /usr/lib64/libfreetype.so.6.3.20
3be7400000-3be7425000 r-xp 00000000 09:00 270373                         /usr/lib64/libpng12.so.0.37.0
3be7425000-3be7624000 ---p 00025000 09:00 270373                         /usr/lib64/libpng12.so.0.37.0
3be7624000-3be7625000 rw-p 00024000 09:00 270373                         /usr/lib64/libpng12.so.0.37.0
3be7800000-3be7833000 r-xp 00000000 09:00 130668                         /usr/lib64/libfontconfig.so.1.4.1
3be7833000-3be7a32000 ---p 00033000 09:00 130668                         /usr/lib64/libfontconfig.so.1.4.1
3be7a32000-3be7a34000 rw-p 00032000 09:00 130668                         /usr/lib64/libfontconfig.so.1.4.1
3be7c00000-3be7c75000 r-xp 00000000 09:00 262764                         /lib64/libgio-2.0.so.0.2000.5
3be7c75000-3be7e75000 ---p 00075000 09:00 262764                         /lib64/libgio-2.0.so.0.2000.5
3be7e75000-3be7e77000 rw-p 00075000 09:00 262764                         /lib64/libgio-2.0.so.0.2000.5
3be7e77000-3be7e78000 rw-p 00000000 00:00 0 
3be8000000-3be803b000 r-xp 00000000 09:00 125888                         /usr/lib64/libibus.so.1.0.0
3be803b000-3be823b000 ---p 0003b000 09:00 125888                         /usr/lib64/libibus.so.1.0.0
3be823b000-3be823e000 rw-p 0003b000 09:00 125888                         /usr/lib64/libibus.so.1.0.0
3be8400000-3be8409000 r-xp 00000000 09:00 262668                         /usr/lib64/libXrender.so.1.3.0
3be8409000-3be8608000 ---p 00009000 09:00 262668                         /usr/lib64/libXrender.so.1.3.0
3be8608000-3be8609000 rw-p 00008000 09:00 262668                         /usr/lib64/libXrender.so.1.3.0
3be8800000-3be8802000 r-xp 00000000 09:00 262756                         /usr/lib64/libXinerama.so.1.0.0
3be8802000-3be8a01000 ---p 00002000 09:00 262756                         /usr/lib64/libXinerama.so.1.0.0
3be8a01000-3be8a02000 rw-p 00001000 09:00 262756                         /usr/lib64/libXinerama.so.1.0.0
3be8c00000-3be8c08000 r-xp 00000000 09:00 262758                         /usr/lib64/libXrandr.so.2.2.0
3be8c08000-3be8e07000 ---p 00008000 09:00 262758                         /usr/lib64/libXrandr.so.2.2.0
3be8e07000-3be8e08000 rw-p 00007000 09:00 262758                         /usr/lib64/libXrandr.so.2.2.0
3be9000000-3be9004000 r-xp 00000000 09:00 262771                         /lib64/libgthread-2.0.so.0.2000.5
3be9004000-3be9203000 ---p 00004000 09:00 262771                         /lib64/libgthread-2.0.so.0.2000.5
3be9203000-3be9204000 rw-p 00003000 09:00 262771                         /lib64/libgthread-2.0.so.0.2000.5
3be9400000-3be9409000 r-xp 00000000 09:00 262760                         /usr/lib64/libXcursor.so.1.0.2
3be9409000-3be9609000 ---p 00009000 09:00 262760                         /usr/lib64/libXcursor.so.1.0.2
3be9609000-3be960a000 rw-p 00009000 09:00 262760                         /usr/lib64/libXcursor.so.1.0.2
3be9800000-3be9805000 r-xp 00000000 09:00 262759                         /usr/lib64/libXfixes.so.3.1.0
3be9805000-3be9a04000 ---p 00005000 09:00 262759                         /usr/lib64/libXfixes.so.3.1.0
3be9a04000-3be9a05000 rw-p 00004000 09:00 262759                         /usr/lib64/libXfixes.so.3.1.0
3bea400000-3bea409000 r-xp 00000000 09:00 262757                         /usr/lib64/libXi.so.6.0.0
3bea409000-3bea609000 ---p 00009000 09:00 262757                         /usr/lib64/libXi.so.6.0.0
3bea609000-3bea60a000 rw-p 00009000 09:00 262757                         /usr/lib64/libXi.so.6.0.0
3bea800000-3bea804000 r-xp 00000000 09:00 27035                          /lib64/libattr.so.1.1.0
3bea804000-3beaa03000 ---p 00004000 09:00 27035                          /lib64/libattr.so.1.1.0
3beaa03000-3beaa04000 rw-p 00003000 09:00 27035                          /lib64/libattr.so.1.1.0
3beac00000-3beac1d000 r-xp 00000000 09:00 262765                         /usr/lib64/libgdk_pixbuf-2.0.so.0.1600.6
3beac1d000-3beae1d000 ---p 0001d000 09:00 262765                         /usr/lib64/libgdk_pixbuf-2.0.so.0.1600.6
3beae1d000-3beae1e000 rw-p 0001d000 09:00 262765                         /usr/lib64/libgdk_pixbuf-2.0.so.0.1600.6
3beb000000-3beb004000 r-xp 00000000 09:00 270409                         /lib64/libcap.so.2.16
3beb004000-3beb203000 ---p 00004000 09:00 270409                         /lib64/libcap.so.2.16
3beb203000-3beb204000 rw-p 00003000 09:00 270409                         /lib64/libcap.so.2.16
3beb400000-3beb43c000 r-xp 00000000 09:00 262781                         /lib64/libdbus-1.so.3.4.0
3beb43c000-3beb63c000 ---p 0003c000 09:00 262781                         /lib64/libdbus-1.so.3.4.0
3beb63c000-3beb63d000 r--p 0003c000 09:00 262781                         /lib64/libdbus-1.so.3.4.0
3beb63d000-3beb63e000 rw-p 0003d000 09:00 262781                         /lib64/libdbus-1.so.3.4.0
3beb800000-3beb802000 r-xp 00000000 09:00 262761                         /usr/lib64/libXcomposite.so.1.0.0
3beb802000-3beba01000 ---p 00002000 09:00 262761                         /usr/lib64/libXcomposite.so.1.0.0
3beba01000-3beba02000 rw-p 00001000 09:00 262761                         /usr/lib64/libXcomposite.so.1.0.0
3bebc00000-3bebc2c000 r-xp 00000000 09:00 262674                         /usr/lib64/libpangoft2-1.0.so.0.2400.5
3bebc2c000-3bebe2b000 ---p 0002c000 09:00 262674                         /usr/lib64/libpangoft2-1.0.so.0.2400.5
3bebe2b000-3bebe2d000 rw-p 0002b000 09:00 262674                         /usr/lib64/libpangoft2-1.0.so.0.2400.5
3bec000000-3bec00b000 r-xp 00000000 09:00 262675                         /usr/lib64/libpangocairo-1.0.so.0.2400.5
3bec00b000-3bec20a000 ---p 0000b000 09:00 262675                         /usr/lib64/libpangocairo-1.0.so.0.2400.5
3bec20a000-3bec20b000 rw-p 0000a000 09:00 262675                         /usr/lib64/libpangocairo-1.0.so.0.2400.5
3bec400000-3bec41d000 r-xp 00000000 09:00 262767                         /usr/lib64/libatk-1.0.so.0.2511.1
3bec41d000-3bec61c000 ---p 0001d000 09:00 262767                         /usr/lib64/libatk-1.0.so.0.2511.1
3bec61c000-3bec61f000 rw-p 0001c000 09:00 262767                         /usr/lib64/libatk-1.0.so.0.2511.1
3bec800000-3becc21000 r-xp 00000000 09:00 262768                         /usr/lib64/libgtk-x11-2.0.so.0.1600.6
3becc21000-3bece20000 ---p 00421000 09:00 262768                         /usr/lib64/libgtk-x11-2.0.so.0.1600.6
3bece20000-3bece2b000 rw-p 00420000 09:00 262768                         /usr/lib64/libgtk-x11-2.0.so.0.1600.6
3bece2b000-3bece2d000 rw-p 00000000 00:00 0 
3bed000000-3bed043000 r-xp 00000000 09:00 66380                          /usr/lib64/libpixman-1.so.0.14.0
3bed043000-3bed242000 ---p 00043000 09:00 66380                          /usr/lib64/libpixman-1.so.0.14.0
3bed242000-3bed245000 rw-p 00042000 09:00 66380                          /usr/lib64/libpixman-1.so.0.14.0
3bed400000-3bed4a5000 r-xp 00000000 09:00 262766                         /usr/lib64/libgdk-x11-2.0.so.0.1600.6
3bed4a5000-3bed6a5000 ---p 000a5000 09:00 262766                         /usr/lib64/libgdk-x11-2.0.so.0.1600.6
3bed6a5000-3bed6aa000 rw-p 000a5000 09:00 262766                         /usr/lib64/libgdk-x11-2.0.so.0.1600.6
3bed800000-3bed846000 r-xp 00000000 09:00 262673                         /usr/lib64/libpango-1.0.so.0.2400.5
3bed846000-3beda46000 ---p 00046000 09:00 262673                         /usr/lib64/libpango-1.0.so.0.2400.5
3beda46000-3beda49000 rw-p 00046000 09:00 262673                         /usr/lib64/libpango-1.0.so.0.2400.5
3bedc00000-3bedc74000 r-xp 00000000 09:00 262669                         /usr/lib64/libcairo.so.2.10800.8
3bedc74000-3bede73000 ---p 00074000 09:00 262669                         /usr/lib64/libcairo.so.2.10800.8
3bede73000-3bede76000 rw-p 00073000 09:00 262669                         /usr/lib64/libcairo.so.2.10800.8
3bee000000-3bee002000 r-xp 00000000 09:00 262762                         /usr/lib64/libXdamage.so.1.1.0
3bee002000-3bee201000 ---p 00002000 09:00 262762                         /usr/lib64/libXdamage.so.1.1.0
3bee201000-3bee202000 rw-p 00001000 09:00 262762                         /usr/lib64/libXdamage.so.1.1.0
3bef000000-3bef016000 r-xp 00000000 09:00 6957                           /lib64/libnsl-2.10.1.so
3bef016000-3bef216000 ---p 00016000 09:00 6957                           /lib64/libnsl-2.10.1.so
3bef216000-3bef217000 r--p 00016000 09:00 6957                           /lib64/libnsl-2.10.1.so
3bef217000-3bef218000 rw-p 00017000 09:00 6957                           /lib64/libnsl-2.10.1.so
3bef218000-3bef21a000 rw-p 00000000 00:00 0 
3bef800000-3bef805000 r-xp 00000000 09:00 262772                         /usr/lib64/libXxf86vm.so.1.0.0
3bef805000-3befa04000 ---p 00005000 09:00 262772                         /usr/lib64/libXxf86vm.so.1.0.0
3befa04000-3befa05000 rw-p 00004000 09:00 262772                         /usr/lib64/libXxf86vm.so.1.0.0
3befc00000-3bf09da000 r-xp 00000000 09:00 34119                          /usr/lib64/nvidia/libGLcore.so.185.18.36
3bf09da000-3bf0ada000 ---p 00dda000 09:00 34119                          /usr/lib64/nvidia/libGLcore.so.185.18.36
3bf0ada000-3bf0f13000 rwxp 00dda000 09:00 34119                          /usr/lib64/nvidia/libGLcore.so.185.18.36
3bf0f13000-3bf0f26000 rwxp 00000000 00:00 0 
3bf2800000-3bf2802000 r-xp 00000000 09:00 107166                         /lib64/libutil-2.10.1.so
3bf2802000-3bf2a01000 ---p 00002000 09:00 107166                         /lib64/libutil-2.10.1.so
3bf2a01000-3bf2a02000 r--p 00001000 09:00 107166                         /lib64/libutil-2.10.1.so
3bf2a02000-3bf2a03000 rw-p 00002000 09:00 107166                         /lib64/libutil-2.10.1.so
3bf3000000-3bf3005000 r-xp 00000000 09:00 270436                         /usr/lib64/libXtst.so.6.1.0
3bf3005000-3bf3205000 ---p 00005000 09:00 270436                         /usr/lib64/libXtst.so.6.1.0
3bf3205000-3bf3206000 rw-p 00005000 09:00 270436                         /usr/lib64/libXtst.so.6.1.0
3bf6400000-3bf6414000 r-xp 00000000 09:00 29307                          /usr/lib64/libXft.so.2.1.13
3bf6414000-3bf6613000 ---p 00014000 09:00 29307                          /usr/lib64/libXft.so.2.1.13
3bf6613000-3bf6614000 rw-p 00013000 09:00 29307                          /usr/lib64/libXft.so.2.1.13
3bf6e00000-3bf6e02000 r-xp 00000000 09:00 81010                          /usr/lib64/libXss.so.1.0.0
3bf6e02000-3bf7002000 ---p 00002000 09:00 81010                          /usr/lib64/libXss.so.1.0.0
3bf7002000-3bf7003000 rw-p 00002000 09:00 81010                          /usr/lib64/libXss.so.1.0.0
7f1c742f3000-7f1c76a7b000 rw-p 00000000 00:00 0 
7f1c78000000-7f1c78021000 rw-p 00000000 00:00 0 
7f1c78021000-7f1c7c000000 ---p 00000000 00:00 0 
7f1c7e352000-7f1c7e363000 r--s 00000000 09:00 18973                      /usr/share/fonts/default/ghostscript/bchr.pfa
7f1c7e363000-7f1c7e36e000 r--s 00000000 09:00 19012                      /usr/share/fonts/default/ghostscript/hrscc.pfa
7f1c7e36e000-7f1c7e380000 r--s 00000000 09:00 19021                      /usr/share/fonts/default/ghostscript/putr.pfa
7f1c7e380000-7f1c7e38a000 r--s 00000000 09:00 19015                      /usr/share/fonts/default/ghostscript/hrscs.pfa
7f1c7e38a000-7f1c7e39d000 r--s 00000000 09:00 19022                      /usr/share/fonts/default/ghostscript/putri.pfa
7f1c7e39d000-7f1c7e3ae000 r--s 00000000 09:00 18971                      /usr/share/fonts/default/ghostscript/bchbi.pfa
7f1c7e3ae000-7f1c7e3bd000 r--s 00000000 09:00 19008                      /usr/share/fonts/default/ghostscript/hrplt.pfa
7f1c7e3bd000-7f1c7e3ce000 r--s 00000000 09:00 18975                      /usr/share/fonts/default/ghostscript/bchri.pfa
7f1c7e3ce000-7f1c7e3df000 r--s 00000000 09:00 18969                      /usr/share/fonts/default/ghostscript/bchb.pfa
7f1c7e3df000-7f1c7e3ee000 r--s 00000000 09:00 18984                      /usr/share/fonts/default/ghostscript/hrger.pfa
7f1c7e3ee000-7f1c7e3f9000 r--s 00000000 09:00 18996                      /usr/share/fonts/default/ghostscript/hrpld.pfa
7f1c7e3f9000-7f1c7e408000 r--s 00000000 09:00 18990                      /usr/share/fonts/default/ghostscript/hrgrr.pfa
7f1c7e408000-7f1c7e41b000 r--s 00000000 09:00 19020                      /usr/share/fonts/default/ghostscript/putbi.pfa
7f1c7e41b000-7f1c7e428000 r--s 00000000 09:00 18993                      /usr/share/fonts/default/ghostscript/hritr.pfa
7f1c7e428000-7f1c7e433000 r--s 00000000 09:00 18999                      /usr/share/fonts/default/ghostscript/hrpldi.pfa
7f1c7e433000-7f1c7e445000 r--s 00000000 09:00 19019                      /usr/share/fonts/default/ghostscript/putb.pfa
7f1c7e445000-7f1c7e454000 r--s 00000000 09:00 19011                      /usr/share/fonts/default/ghostscript/hrplti.pfa
7f1c7e454000-7f1c7e45e000 r--s 00000000 09:00 243927                     /usr/share/X11/fonts/Type1/c0419bt_.pfb
7f1c7e45e000-7f1c7e468000 r--s 00000000 09:00 243929                     /usr/share/X11/fonts/Type1/c0582bt_.pfb
7f1c7e468000-7f1c7e476000 r--s 00000000 09:00 243942                     /usr/share/X11/fonts/Type1/cursor.pfa
7f1c7e476000-7f1c7e480000 r--s 00000000 09:00 243931                     /usr/share/X11/fonts/Type1/c0583bt_.pfb
7f1c7e480000-7f1c7e492000 r--s 00000000 09:00 243921                     /usr/share/X11/fonts/Type1/UTB_____.pfa
7f1c7e492000-7f1c7e49b000 r--s 00000000 09:00 243941                     /usr/share/X11/fonts/Type1/c0649bt_.pfb
7f1c7e49b000-7f1c7e4a4000 r--s 00000000 09:00 243935                     /usr/share/X11/fonts/Type1/c0632bt_.pfb
7f1c7e4a4000-7f1c7e4b6000 r--s 00000000 09:00 243925                     /usr/share/X11/fonts/Type1/UTRG____.pfa
7f1c7e4b6000-7f1c7e4bf000 r--s 00000000 09:00 243937                     /usr/share/X11/fonts/Type1/c0633bt_.pfb
7f1c7e4bf000-7f1c7e4d2000 r--s 00000000 09:00 243919                     /usr/share/X11/fonts/Type1/UTBI____.pfa
7f1c7e4d2000-7f1c7e4dc000 r--s 00000000 09:00 243933                     /usr/share/X11/fonts/Type1/c0611bt_.pfb
7f1c7e4dc000-7f1c7e4e5000 r--s 00000000 09:00 243939                     /usr/share/X11/fonts/Type1/c0648bt_.pfb
7f1c7e4e5000-7f1c7e4f8000 r--s 00000000 09:00 243923                     /usr/share/X11/fonts/Type1/UTI_____.pfa
7f1c7e4f8000-7f1c7e50b000 r--s 00000000 09:00 18851                      /usr/share/fonts/default/Type1/n019064l.pfb
7f1c7e50b000-7f1c7e524000 r--s 00000000 09:00 18863                      /usr/share/fonts/default/Type1/n022004l.pfb
7f1c7e524000-7f1c7e536000 r--s 00000000 09:00 18825                      /usr/share/fonts/default/Type1/b018035l.pfb
7f1c7e536000-7f1c7e547000 r--s 00000000 09:00 18841                      /usr/share/fonts/default/Type1/n019023l.pfb
7f1c7e547000-7f1c7e55e000 r--s 00000000 09:00 18857                      /usr/share/fonts/default/Type1/n021023l.pfb
7f1c7e55e000-7f1c7e578000 r--s 00000000 09:00 18827                      /usr/share/fonts/default/Type1/c059013l.pfb
7f1c7e578000-7f1c7e58c000 r--s 00000000 09:00 18837                      /usr/share/fonts/default/Type1/n019003l.pfb
7f1c7e58c000-7f1c7e59e000 r--s 00000000 09:00 18847                      /usr/share/fonts/default/Type1/n019044l.pfb
7f1c7e59e000-7f1c7e5b0000 r--s 00000000 09:00 18839                      /usr/share/fonts/default/Type1/n019004l.pfb
7f1c7e5b0000-7f1c7e5c8000 r--s 00000000 09:00 18861                      /usr/share/fonts/default/Type1/n022003l.pfb
7f1c7e5c8000-7f1c7e5de000 r--s 00000000 09:00 18859                      /usr/share/fonts/default/Type1/n021024l.pfb
7f1c7e5de000-7f1c7e5f0000 r--s 00000000 09:00 18845                      /usr/share/fonts/default/Type1/n019043l.pfb
7f1c7e5f0000-7f1c7e606000 r--s 00000000 09:00 18865                      /usr/share/fonts/default/Type1/n022023l.pfb
7f1c7e606000-7f1c7e617000 r--s 00000000 09:00 18817                      /usr/share/fonts/default/Type1/a010035l.pfb
7f1c7e617000-7f1c7e633000 r--s 00000000 09:00 18875                      /usr/share/fonts/default/Type1/p052024l.pfb
7f1c7e633000-7f1c7e635000 r-xp 00000000 09:00 2525838                    /usr/local/lib/scilab-5.2.2/lib/thirdparty/libjogl_awt.so
7f1c7e635000-7f1c7e734000 ---p 00002000 09:00 2525838                    /usr/local/lib/scilab-5.2.2/lib/thirdparty/libjogl_awt.so
7f1c7e734000-7f1c7e735000 rw-p 00001000 09:00 2525838                    /usr/local/lib/scilab-5.2.2/lib/thirdparty/libjogl_awt.so
7f1c7e735000-7f1c7e736000 r-xp 00000000 09:00 2526431                    /usr/local/lib/scilab-5.2.2/thirdparty/java/lib/amd64/libjawt.so
7f1c7e736000-7f1c7e835000 ---p 00001000 09:00 2526431                    /usr/local/lib/scilab-5.2.2/thirdparty/java/lib/amd64/libjawt.so
7f1c7e835000-7f1c7e836000 rw-p 00000000 09:00 2526431                    /usr/local/lib/scilab-5.2.2/thirdparty/java/lib/amd64/libjawt.so
7f1c7e836000-7f1c7e925000 r-xp 00000000 09:00 2525930                    /usr/local/lib/scilab-5.2.2/lib/thirdparty/libjogl.so
7f1c7e925000-7f1c7ea25000 ---p 000ef000 09:00 2525930                    /usr/local/lib/scilab-5.2.2/lib/thirdparty/libjogl.so
7f1c7ea25000-7f1c7ea26000 rw-p 000ef000 09:00 2525930                    /usr/local/lib/scilab-5.2.2/lib/thirdparty/libjogl.so
7f1c7ea26000-7f1c7eab3000 r-xp 00000000 09:00 55479                      /usr/lib64/nvidia/libGL.so.185.18.36
7f1c7eab3000-7f1c7ebb2000 ---p 0008d000 09:00 55479                      /usr/lib64/nvidia/libGL.so.185.18.36
7f1c7ebb2000-7f1c7ebe7000 rwxp 0008c000 09:00 55479                      /usr/lib64/nvidia/libGL.so.185.18.36
7f1c7ebe7000-7f1c7ebfe000 rwxp 00000000 00:00 0 
7f1c7ebfe000-7f1c7ebff000 ---p 00000000 00:00 0 
7f1c7ebff000-7f1c7f5ff000 rwxp 00000000 00:00 0 
7f1c7f5ff000-7f1c7f602000 ---p 00000000 00:00 0 
7f1c7f602000-7f1c80000000 rwxp 00000000 00:00 0 
7f1c80000000-7f1c801d1000 rw-p 00000000 00:00 0 
7f1c801d1000-7f1c84000000 ---p 00000000 00:00 0 
7f1c84000000-7f1c84021000 rw-p 00000000 00:00 0 
7f1c84021000-7f1c88000000 ---p 00000000 00:00 0 
7f1c88000000-7f1c8817e000 rw-p 00000000 00:00 0 
7f1c8817e000-7f1c8c000000 ---p 00000000 00:00 0 
7f1c8c000000-7f1c8c021000 rw-p 00000000 00:00 0 
7f1c8c021000-7f1c90000000 ---p 00000000 00:00 0 
7f1c90000000-7f1c90021000 rw-p 00000000 00:00 0 
7f1c90021000-7f1c94000000 ---p 00000000 00:00 0 
7f1c94000000-7f1c94021000 rw-p 00000000 00:00 0 
7f1c94021000-7f1c98000000 ---p 00000000 00:00 0 
7f1c98000000-7f1c98021000 rw-p 00000000 00:00 0 
7f1c98021000-7f1c9c000000 ---p 00000000 00:00 0 
7f1c9c000000-7f1c9c021000 rw-p 00000000 00:00 0 
7f1c9c021000-7f1ca0000000 ---p 00000000 00:00 0 
7f1ca0000000-7f1ca06d7000 rw-p 00000000 00:00 0 
7f1ca06d7000-7f1ca4000000 ---p 00000000 00:00 0 
7f1ca4000000-7f1ca4851000 rw-p 00000000 00:00 0 
7f1ca4851000-7f1ca8000000 ---p 00000000 00:00 0 
7f1ca8000000-7f1ca8021000 rw-p 00000000 00:00 0 
7f1ca8021000-7f1cac000000 ---p 00000000 00:00 0 
7f1cac000000-7f1cac021000 rw-p 00000000 00:00 0 
7f1cac021000-7f1cb0000000 ---p 00000000 00:00 0 
7f1cb0000000-7f1cb0021000 rw-p 00000000 00:00 0 
7f1cb0021000-7f1cb4000000 ---p 00000000 00:00 0 
7f1cb4000000-7f1cb4021000 rw-p 00000000 00:00 0 
7f1cb4021000-7f1cb8000000 ---p 00000000 00:00 0 
7f1cb8000000-7f1cb8021000 rw-p 00000000 00:00 0 
7f1cb8021000-7f1cbc000000 ---p 00000000 00:00 0 
7f1cbc000000-7f1cbc021000 rw-p 00000000 00:00 0 
7f1cbc021000-7f1cc0000000 ---p 00000000 00:00 0 
7f1cc0000000-7f1cc0021000 rw-p 00000000 00:00 0 
7f1cc0021000-7f1cc4000000 ---p 00000000 00:00 0 
7f1cc4000000-7f1cc4021000 rw-p 00000000 00:00 0 
7f1cc4021000-7f1cc8000000 ---p 00000000 00:00 0 
7f1cc8000000-7f1cc8021000 rw-p 00000000 00:00 0 
7f1cc8021000-7f1ccc000000 ---p 00000000 00:00 0 
7f1ccc000000-7f1ccc021000 rw-p 00000000 00:00 0 
7f1ccc021000-7f1cd0000000 ---p 00000000 00:00 0 
7f1cd0000000-7f1cd0021000 rw-p 00000000 00:00 0 
7f1cd0021000-7f1cd4000000 ---p 00000000 00:00 0 
7f1cd4000000-7f1cd4021000 rw-p 00000000 00:00 0 
7f1cd4021000-7f1cd8000000 ---p 00000000 00:00 0 
7f1cd8000000-7f1cd8021000 rw-p 00000000 00:00 0 
7f1cd8021000-7f1cdc000000 ---p 00000000 00:00 0 
7f1cdc000000-7f1cdc021000 rw-p 00000000 00:00 0 
7f1cdc021000-7f1ce0000000 ---p 00000000 00:00 0 
7f1ce0000000-7f1ce0021000 rw-p 00000000 00:00 0 
7f1ce0021000-7f1ce4000000 ---p 00000000 00:00 0 
7f1ce4000000-7f1ce4021000 rw-p 00000000 00:00 0 
7f1ce4021000-7f1ce8000000 ---p 00000000 00:00 0 
7f1ce8000000-7f1ce8021000 rw-p 00000000 00:00 0 
7f1ce8021000-7f1cec000000 ---p 00000000 00:00 0 
7f1cec002000-7f1cec019000 r--s 00000000 09:00 18879                      /usr/share/fonts/default/Type1/z003034l.pfb
7f1cec019000-7f1cec034000 r--s 00000000 09:00 18869                      /usr/share/fonts/default/Type1/p052003l.pfb
7f1cec034000-7f1cec04c000 r--s 00000000 09:00 18833                      /usr/share/fonts/default/Type1/c059036l.pfb
7f1cec04c000-7f1cec065000 r--s 00000000 09:00 18853                      /usr/share/fonts/default/Type1/n021003l.pfb
7f1cec065000-7f1cec076000 r--s 00000000 09:00 18849                      /usr/share/fonts/default/Type1/n019063l.pfb
7f1cec076000-7f1cec077000 r-xp 00000000 09:00 2525767                    /usr/local/lib/scilab-5.2.2/lib/thirdparty/libgluegen-rt.so
7f1cec077000-7f1cec176000 ---p 00001000 09:00 2525767                    /usr/local/lib/scilab-5.2.2/lib/thirdparty/libgluegen-rt.so
7f1cec176000-7f1cec177000 rw-p 00000000 09:00 2525767                    /usr/local/lib/scilab-5.2.2/lib/thirdparty/libgluegen-rt.so
7f1cec177000-7f1cec34f000 rw-s 00000000 00:08 1281065109                 /SYSV00000000 (deleted)
7f1cec568000-7f1cec571000 r--s 0004f000 09:00 3497141                    /usr/local/lib/scilab-5.2.2/share/scilab/modules/xcos/jar/org.scilab.modules.xcos.jar
7f1cec571000-7f1cec749000 rw-p 00000000 00:00 0 
7f1cec749000-7f1cec895000 rw-s 00000000 00:08 1280671879                 /SYSV00000000 (deleted)
7f1cec89c000-7f1cec8b7000 r--s 00000000 09:00 18873                      /usr/share/fonts/default/Type1/p052023l.pfb
7f1cec8b7000-7f1cec8c7000 r--s 00000000 09:00 18811                      /usr/share/fonts/default/Type1/a010013l.pfb
7f1cec8c7000-7f1cec8d7000 r--s 00000000 09:00 18815                      /usr/share/fonts/default/Type1/a010033l.pfb
7f1cec8d7000-7f1cec8f0000 r--s 00000000 09:00 18819                      /usr/share/fonts/default/Type1/b018012l.pfb
7f1cec8f0000-7f1cec90b000 r--s 00000000 09:00 18829                      /usr/share/fonts/default/Type1/c059016l.pfb
7f1cec90b000-7f1cecae3000 rw-p 00000000 00:00 0 
7f1cecae3000-7f1cecaf3000 r-xp 00000000 09:00 139155                     /usr/lib64/gio/modules/libgioremote-volume-monitor.so
7f1cecaf3000-7f1ceccf3000 ---p 00010000 09:00 139155                     /usr/lib64/gio/modules/libgioremote-volume-monitor.so
7f1ceccf3000-7f1ceccf4000 rw-p 00010000 09:00 139155                     /usr/lib64/gio/modules/libgioremote-volume-monitor.so
7f1ceccf6000-7f1cecd02000 r--s 00000000 09:00 18835                      /usr/share/fonts/default/Type1/d050000l.pfb
7f1cecd02000-7f1cecd1b000 r--s 00000000 09:00 18855                      /usr/share/fonts/default/Type1/n021004l.pfb
7f1cecd1b000-7f1cecd30000 r--s 00000000 09:00 18823                      /usr/share/fonts/default/Type1/b018032l.pfb
7f1cecd30000-7f1cecd33000 ---p 00000000 00:00 0 
7f1cecd33000-7f1cece31000 rwxp 00000000 00:00 0 
7f1cece31000-7f1cece34000 ---p 00000000 00:00 0 
7f1cece34000-7f1cecf32000 rwxp 00000000 00:00 0 
7f1cecf32000-7f1cecf35000 ---p 00000000 00:00 0 
7f1cecf35000-7f1ced033000 rwxp 00000000 00:00 0 
7f1ced033000-7f1ced036000 ---p 00000000 00:00 0 
7f1ced036000-7f1ced134000 rwxp 00000000 00:00 0 
7f1ced134000-7f1ced149000 r-xp 00000000 09:00 10016                      /usr/lib64/libgvfscommon.so.0.0.0
7f1ced149000-7f1ced349000 ---p 00015000 09:00 10016                      /usr/lib64/libgvfscommon.so.0.0.0
7f1ced349000-7f1ced34a000 rw-p 00015000 09:00 10016                      /usr/lib64/libgvfscommon.so.0.0.0
7f1ced34a000-7f1ced34c000 r--s 0000b000 09:00 2526229                    /usr/local/lib/scilab-5.2.2/thirdparty/jhdf5.jar
7f1ced34c000-7f1ced352000 r--s 0004a000 09:00 2526540                    /usr/local/lib/scilab-5.2.2/thirdparty/jgraphx.jar
7f1ced352000-7f1ced35b000 r--s 00000000 09:00 18877                      /usr/share/fonts/default/Type1/s050000l.pfb
7f1ced35b000-7f1ced36c000 r--s 00000000 09:00 18843                      /usr/share/fonts/default/Type1/n019024l.pfb
7f1ced36c000-7f1ced389000 r-xp 00000000 09:00 139156                     /usr/lib64/gio/modules/libgvfsdbus.so
7f1ced389000-7f1ced589000 ---p 0001d000 09:00 139156                     /usr/lib64/gio/modules/libgvfsdbus.so
7f1ced589000-7f1ced58a000 rw-p 0001d000 09:00 139156                     /usr/lib64/gio/modules/libgvfsdbus.so
7f1ced58a000-7f1ced5a2000 r--s 00000000 09:00 18831                      /usr/share/fonts/default/Type1/c059033l.pfb
7f1ced5a2000-7f1ced5b2000 r--s 00000000 09:00 18813                      /usr/share/fonts/default/Type1/a010015l.pfb
7f1ced5b2000-7f1ced5c5000 r--s 00000000 09:00 18821                      /usr/share/fonts/default/Type1/b018015l.pfb
7f1ced5c5000-7f1ced5db000 r--s 00000000 09:00 18867                      /usr/share/fonts/default/Type1/n022024l.pfb
7f1ced5db000-7f1ced5f6000 r--s 00000000 09:00 18871                      /usr/share/fonts/default/Type1/p052004l.pfb
7f1ced5f6000-7f1ced5f7000 r--s 00004000 09:00 2526508                    /usr/local/lib/scilab-5.2.2/thirdparty/gluegen-rt.jar
7f1ced5f7000-7f1ced602000 r--s 00108000 09:00 2526551                    /usr/local/lib/scilab-5.2.2/thirdparty/jogl.jar
7f1ced602000-7f1ced60b000 rw-s 00000000 00:08 1280868497                 /SYSV00000000 (deleted)
7f1ced60b000-7f1ced60f000 r--s 000c8000 09:00 3486237                    /usr/local/lib/scilab-5.2.2/thirdparty/java/lib/ext/localedata.jar
7f1ced60f000-7f1ced613000 r--s 00024000 09:00 3498597                    /usr/local/lib/scilab-5.2.2/share/scilab/modules/xpad/jar/org.scilab.modules.xpad.jar
7f1ced613000-7f1ced614000 rw-p 00000000 00:00 0 
7f1ced614000-7f1ced674000 rw-s 00000000 00:08 1280606334                 /SYSV00000000 (deleted)
7f1ced674000-7f1ced67b000 r--s 00111000 09:00 2526355                    /usr/local/lib/scilab-5.2.2/thirdparty/java/lib/resources.jar
7f1ced67b000-7f1ced67e000 ---p 00000000 00:00 0 
7f1ced67e000-7f1ced77c000 rwxp 00000000 00:00 0 
7f1ced77c000-7f1ced782000 r--s 00024000 09:00 3504846                    /usr/local/lib/scilab-5.2.2/share/scilab/modules/renderer/jar/org.scilab.modules.renderer.jar
7f1ced782000-7f1ced78d000 r--p 00000000 09:00 94600                      /usr/share/locale/fr/LC_MESSAGES/glib20.mo
7f1ced78d000-7f1ced792000 r-xp 00000000 09:00 94558                      /usr/lib64/gtk-2.0/2.10.0/immodules/im-ibus.so
7f1ced792000-7f1ced992000 ---p 00005000 09:00 94558                      /usr/lib64/gtk-2.0/2.10.0/immodules/im-ibus.so
7f1ced992000-7f1ced993000 rw-p 00005000 09:00 94558                      /usr/lib64/gtk-2.0/2.10.0/immodules/im-ibus.so
7f1ced993000-7f1ceda2b000 r--p 00000000 09:00 11249                      /usr/share/fonts/dejavu/DejaVuSans.ttf
7f1ceda2b000-7f1ceda3d000 r-xp 00000000 09:00 45401                      /usr/lib64/gtk-2.0/2.10.0/engines/libnodoka.so
7f1ceda3d000-7f1cedc3d000 ---p 00012000 09:00 45401                      /usr/lib64/gtk-2.0/2.10.0/engines/libnodoka.so
7f1cedc3d000-7f1cedc3e000 rw-p 00012000 09:00 45401                      /usr/lib64/gtk-2.0/2.10.0/engines/libnodoka.so
7f1cedc3e000-7f1cedc66000 r--p 00000000 09:00 532351                     /usr/share/locale/fr/LC_MESSAGES/gtk20-properties.mo
7f1cedc66000-7f1cedc79000 r--p 00000000 09:00 94773                      /usr/share/locale/fr/LC_MESSAGES/gtk20.mo
7f1cedc79000-7f1cedc7c000 ---p 00000000 00:00 0 
7f1cedc7c000-7f1cedd7a000 rwxp 00000000 00:00 0 
7f1cedd7a000-7f1cedd81000 r-xp 00000000 09:00 2526404                    /usr/local/lib/scilab-5.2.2/thirdparty/java/lib/amd64/libnio.so
7f1cedd81000-7f1cede80000 ---p 00007000 09:00 2526404                    /usr/local/lib/scilab-5.2.2/thirdparty/java/lib/amd64/libnio.so
7f1cede80000-7f1cede82000 rw-p 00006000 09:00 2526404                    /usr/local/lib/scilab-5.2.2/thirdparty/java/lib/amd64/libnio.so
7f1cede82000-7f1cede95000 r-xp 00000000 09:00 2526432                    /usr/local/lib/scilab-5.2.2/thirdparty/java/lib/amd64/libnet.so
7f1cede95000-7f1cedf96000 ---p 00013000 09:00 2526432                    /usr/local/lib/scilab-5.2.2/thirdparty/java/lib/amd64/libnet.so
7f1cedf96000-7f1cedf99000 rw-p 00014000 09:00 2526432                    /usr/local/lib/scilab-5.2.2/thirdparty/java/lib/amd64/libnet.so
7f1cedf99000-7f1cedf9c000 ---p 00000000 00:00 0 
7f1cedf9c000-7f1cee09a000 rwxp 00000000 00:00 0 
7f1cee09a000-7f1cee118000 r-xp 00000000 09:00 2526407                    /usr/local/lib/scilab-5.2.2/thirdparty/java/lib/amd64/libfontmanager.so
7f1cee118000-7f1cee217000 ---p 0007e000 09:00 2526407                    /usr/local/lib/scilab-5.2.2/thirdparty/java/lib/amd64/libfontmanager.so
7f1cee217000-7f1cee22d000 rw-p 0007d000 09:00 2526407                    /usr/local/lib/scilab-5.2.2/thirdparty/java/lib/amd64/libfontmanager.so
7f1cee22d000-7f1cee23e000 rw-p 00000000 00:00 0 
7f1cee23e000-7f1cee248000 r--s 0004a000 09:00 3489405                    /usr/local/lib/scilab-5.2.2/share/scilab/modules/gui/jar/org.scilab.modules.gui.jar
7f1cee248000-7f1cee249000 r--s 00000000 09:00 3500272                    /usr/local/lib/scilab-5.2.2/share/scilab/modules/action_binding/jar/org.scilab.modules.action_binding.jar
7f1cee249000-7f1cee24a000 r--s 00000000 09:00 3490441                    /usr/local/lib/scilab-5.2.2/share/scilab/modules/localization/jar/org.scilab.modules.localization.jar
7f1cee24a000-7f1cee24c000 r--s 0000a000 09:00 3497021                    /usr/local/lib/scilab-5.2.2/share/scilab/modules/console/jar/org.scilab.modules.console.jar
7f1cee24c000-7f1cee24d000 r--s 00000000 09:00 3494430                    /usr/local/lib/scilab-5.2.2/share/scilab/modules/completion/jar/org.scilab.modules.completion.jar
7f1cee24d000-7f1cee24e000 r--s 00000000 09:00 3499431                    /usr/local/lib/scilab-5.2.2/share/scilab/modules/history_manager/jar/org.scilab.modules.history_manager.jar
7f1cee24e000-7f1cee24f000 r--s 00000000 09:00 3498556                    /usr/local/lib/scilab-5.2.2/share/scilab/modules/shell/jar/org.scilab.modules.shell.jar
7f1cee24f000-7f1cee251000 r--s 00006000 09:00 3488337                    /usr/local/lib/scilab-5.2.2/share/scilab/modules/hdf5/jar/org.scilab.modules.hdf5.jar
7f1cee251000-7f1cee25b000 r--s 00087000 09:00 2526239                    /usr/local/lib/scilab-5.2.2/thirdparty/jhall.jar
7f1cee25b000-7f1cee29d000 r-xp 00000000 09:00 2526426                    /usr/local/lib/scilab-5.2.2/thirdparty/java/lib/amd64/xawt/libmawt.so
7f1cee29d000-7f1cee39c000 ---p 00042000 09:00 2526426                    /usr/local/lib/scilab-5.2.2/thirdparty/java/lib/amd64/xawt/libmawt.so
7f1cee39c000-7f1cee3a7000 rw-p 00041000 09:00 2526426                    /usr/local/lib/scilab-5.2.2/thirdparty/java/lib/amd64/xawt/libmawt.so
7f1cee3a7000-7f1cee3a9000 rw-p 00000000 00:00 0 
7f1cee3a9000-7f1cee43b000 r-xp 00000000 09:00 2526408                    /usr/local/lib/scilab-5.2.2/thirdparty/java/lib/amd64/libawt.so
7f1cee43b000-7f1cee53a000 ---p 00092000 09:00 2526408                    /usr/local/lib/scilab-5.2.2/thirdparty/java/lib/amd64/libawt.so
7f1cee53a000-7f1cee553000 rw-p 00091000 09:00 2526408                    /usr/local/lib/scilab-5.2.2/thirdparty/java/lib/amd64/libawt.so
7f1cee553000-7f1cee578000 rw-p 00000000 00:00 0 
7f1cee578000-7f1cee57f000 r--s 00000000 09:00 5866                       /usr/lib64/gconv/gconv-modules.cache
7f1cee57f000-7f1cee5e8000 r--p 00000000 09:00 3488255                    /usr/local/lib/scilab-5.2.2/share/locale/fr_FR/LC_MESSAGES/scilab.mo
7f1cee5e8000-7f1cee5ea000 r--s 00001000 09:00 3499088                    /usr/local/lib/scilab-5.2.2/share/scilab/modules/jvm/jar/org.scilab.modules.jvm.jar
7f1cee5ea000-7f1cee5eb000 ---p 00000000 00:00 0 
7f1cee5eb000-7f1cee6eb000 rwxp 00000000 00:00 0 
7f1cee6eb000-7f1cee6ee000 ---p 00000000 00:00 0 
7f1cee6ee000-7f1cee7ec000 rwxp 00000000 00:00 0 
7f1cee7ec000-7f1cee7ef000 ---p 00000000 00:00 0 
7f1cee7ef000-7f1cee8ed000 rwxp 00000000 00:00 0 
7f1cee8ed000-7f1cee8f0000 ---p 00000000 00:00 0 
7f1cee8f0000-7f1cee9ee000 rwxp 00000000 00:00 0 
7f1cee9ee000-7f1cee9f1000 ---p 00000000 00:00 0 
7f1cee9f1000-7f1ceeaef000 rwxp 00000000 00:00 0 
7f1ceeaef000-7f1ceeaf2000 ---p 00000000 00:00 0 
7f1ceeaf2000-7f1ceebf0000 rwxp 00000000 00:00 0 
7f1ceebf0000-7f1ceebf3000 ---p 00000000 00:00 0 
7f1ceebf3000-7f1ceecf1000 rwxp 00000000 00:00 0 
7f1ceecf1000-7f1ceecf2000 ---p 00000000 00:00 0 
7f1ceecf2000-7f1ceedf2000 rwxp 00000000 00:00 0 
7f1ceedf2000-7f1cf18d0000 rw-p 00000000 00:00 0 
7f1cf18d0000-7f1cf5000000 rw-p 00000000 00:00 0 
7f1cf5000000-7f1d05000000 rw-p 00000000 00:00 0 
7f1d05000000-7f1d05270000 rwxp 00000000 00:00 0 
7f1d05270000-7f1d08273000 rw-p 00000000 00:00 0 
7f1d08273000-7f1d0c000000 ---p 00000000 00:00 0 
7f1d0c000000-7f1d0c001000 r--s 00001000 09:00 2526548                    /usr/local/lib/scilab-5.2.2/thirdparty/jrosetta-API.jar
7f1d0c001000-7f1d0c00b000 r--s 0006a000 09:00 2526542                    /usr/local/lib/scilab-5.2.2/thirdparty/flexdock-0.5.1.jar
7f1d0c00b000-7f1d0c02e000 r--p 00000000 09:00 270348                     /usr/share/locale/fr/LC_MESSAGES/libc.mo
7f1d0c02e000-7f1d0c1c5000 r--s 02ab6000 09:00 2526467                    /usr/local/lib/scilab-5.2.2/thirdparty/java/lib/rt.jar
7f1d0c1c5000-7f1d0c1c6000 ---p 00000000 00:00 0 
7f1d0c1c6000-7f1d0c2c6000 rwxp 00000000 00:00 0 
7f1d0c2c6000-7f1d0c2c7000 ---p 00000000 00:00 0 
7f1d0c2c7000-7f1d0c3c7000 rwxp 00000000 00:00 0 
7f1d0c3c7000-7f1d0c3c8000 ---p 00000000 00:00 0 
7f1d0c3c8000-7f1d0c4c8000 rwxp 00000000 00:00 0 
7f1d0c4c8000-7f1d0c4c9000 ---p 00000000 00:00 0 
7f1d0c4c9000-7f1d0c5c9000 rwxp 00000000 00:00 0 
7f1d0c5c9000-7f1d0c5ca000 ---p 00000000 00:00 0 
7f1d0c5ca000-7f1d0c6ca000 rwxp 00000000 00:00 0 
7f1d0c6ca000-7f1d0c6cb000 ---p 00000000 00:00 0 
7f1d0c6cb000-7f1d0c7cb000 rwxp 00000000 00:00 0 
7f1d0c7cb000-7f1d0c7cc000 ---p 00000000 00:00 0 
7f1d0c7cc000-7f1d0c8cc000 rwxp 00000000 00:00 0 
7f1d0c8cc000-7f1d0c8cd000 ---p 00000000 00:00 0 
7f1d0c8cd000-7f1d0c9cd000 rwxp 00000000 00:00 0 
7f1d0c9cd000-7f1d0c9ce000 ---p 00000000 00:00 0 
7f1d0c9ce000-7f1d0cace000 rwxp 00000000 00:00 0 
7f1d0cace000-7f1d0cacf000 ---p 00000000 00:00 0 
7f1d0cacf000-7f1d0cbcf000 rwxp 00000000 00:00 0 
7f1d0cbcf000-7f1d0cbd0000 ---p 00000000 00:00 0 
7f1d0cbd0000-7f1d0ccd0000 rwxp 00000000 00:00 0 
7f1d0ccd0000-7f1d0ccd1000 ---p 00000000 00:00 0 
7f1d0ccd1000-7f1d0cdd1000 rwxp 00000000 00:00 0 
7f1d0cdd1000-7f1d0cdd2000 ---p 00000000 00:00 0 
7f1d0cdd2000-7f1d0ced2000 rwxp 00000000 00:00 0 
7f1d0ced2000-7f1d0cee1000 rw-p 00000000 00:00 0 
7f1d0cee1000-7f1d0cefc000 rw-p 00000000 00:00 0 
7f1d0cefc000-7f1d0cf0b000 rw-p 00000000 00:00 0 
7f1d0cf0b000-7f1d0cf26000 rw-p 00000000 00:00 0 
7f1d0cf26000-7f1d0cfb1000 rw-p 00000000 00:00 0 
7f1d0cfb1000-7f1d0d067000 rw-p 00000000 00:00 0 
7f1d0d067000-7f1d0d075000 r-xp 00000000 09:00 2526429                    /usr/local/lib/scilab-5.2.2/thirdparty/java/lib/amd64/libzip.so
7f1d0d075000-7f1d0d177000 ---p 0000e000 09:00 2526429                    /usr/local/lib/scilab-5.2.2/thirdparty/java/lib/amd64/libzip.so
7f1d0d177000-7f1d0d17a000 rw-p 00010000 09:00 2526429                    /usr/local/lib/scilab-5.2.2/thirdparty/java/lib/amd64/libzip.so
7f1d0d17a000-7f1d0d17b000 rw-p 00000000 00:00 0 
7f1d0d17b000-7f1d0d182000 r-xp 00000000 09:00 2526439                    /usr/local/lib/scilab-5.2.2/thirdparty/java/lib/amd64/native_threads/libhpi.so
7f1d0d182000-7f1d0d283000 ---p 00007000 09:00 2526439                    /usr/local/lib/scilab-5.2.2/thirdparty/java/lib/amd64/native_threads/libhpi.so
7f1d0d283000-7f1d0d285000 rw-p 00008000 09:00 2526439                    /usr/local/lib/scilab-5.2.2/thirdparty/java/lib/amd64/native_threads/libhpi.so
7f1d0d285000-7f1d0d286000 rw-p 00000000 00:00 0 
7f1d0d286000-7f1d0d2af000 r-xp 00000000 09:00 2526423                    /usr/local/lib/scilab-5.2.2/thirdparty/java/lib/amd64/libjava.so
7f1d0d2af000-7f1d0d3ae000 ---p 00029000 09:00 2526423                    /usr/local/lib/scilab-5.2.2/thirdparty/java/lib/amd64/libjava.so
7f1d0d3ae000-7f1d0d3b5000 rw-p 00028000 09:00 2526423                    /usr/local/lib/scilab-5.2.2/thirdparty/java/lib/amd64/libjava.so
7f1d0d3b5000-7f1d0d3c2000 r-xp 00000000 09:00 2526411                    /usr/local/lib/scilab-5.2.2/thirdparty/java/lib/amd64/libverify.so
7f1d0d3c2000-7f1d0d4c1000 ---p 0000d000 09:00 2526411                    /usr/local/lib/scilab-5.2.2/thirdparty/java/lib/amd64/libverify.so
7f1d0d4c1000-7f1d0d4c4000 rw-p 0000c000 09:00 2526411                    /usr/local/lib/scilab-5.2.2/thirdparty/java/lib/amd64/libverify.so
7f1d0d4c4000-7f1d0dc78000 r-xp 00000000 09:00 2526395                    /usr/local/lib/scilab-5.2.2/thirdparty/java/lib/amd64/server/libjvm.so
7f1d0dc78000-7f1d0dd78000 ---p 007b4000 09:00 2526395                    /usr/local/lib/scilab-5.2.2/thirdparty/java/lib/amd64/server/libjvm.so
7f1d0dd78000-7f1d0df02000 rw-p 007b4000 09:00 2526395                    /usr/local/lib/scilab-5.2.2/thirdparty/java/lib/amd64/server/libjvm.so
7f1d0df02000-7f1d0df3b000 rw-p 00000000 00:00 0 
7f1d0df3b000-7f1d0df3c000 ---p 00000000 00:00 0 
7f1d0df3c000-7f1d0e93c000 rwxp 00000000 00:00 0 
7f1d0e93c000-7f1d0e9d4000 r--p 00000000 09:00 11249                      /usr/share/fonts/dejavu/DejaVuSans.ttf
7f1d0e9d4000-7f1d0ea21000 rw-p 00000000 00:00 0 
7f1d0ea23000-7f1d0ea24000 r--p 00000000 00:00 0 
7f1d0ea24000-7f1d0ea25000 r--s 00007000 09:00 3494023                    /usr/local/lib/scilab-5.2.2/share/scilab/modules/graphic_export/jar/org.scilab.modules.graphic_export.jar
7f1d0ea25000-7f1d0ea26000 r--s 0000c000 09:00 2526238                    /usr/local/lib/scilab-5.2.2/thirdparty/commons-logging.jar
7f1d0ea26000-7f1d0ea2f000 r--s 0005b000 09:00 2526230                    /usr/local/lib/scilab-5.2.2/thirdparty/looks-2.1.1.jar
7f1d0ea2f000-7f1d0ea35000 r--s 0004c000 09:00 2526231                    /usr/local/lib/scilab-5.2.2/thirdparty/skinlf.jar
7f1d0ea35000-7f1d0ea36000 r--s 00001000 09:00 2526548                    /usr/local/lib/scilab-5.2.2/thirdparty/jrosetta-API.jar
7f1d0ea36000-7f1d0ea38000 r--s 00008000 09:00 2526514                    /usr/local/lib/scilab-5.2.2/thirdparty/jrosetta-engine.jar
7f1d0ea38000-7f1d0ea8e000 rw-p 00000000 00:00 0 
7f1d0ea8e000-7f1d0ea96000 rw-s 00000000 09:00 3505914                    /tmp/hsperfdata_delanoue/27092
7f1d0ea96000-7f1d0ea97000 rw-p 00000000 00:00 0 
7f1d0ea97000-7f1d0ea98000 r--p 00000000 00:00 0 
7f1d0ea98000-7f1d0ea9c000 r--s 00000000 09:00 94081                      /var/cache/fontconfig/87f5e051180a7a75f16eb6fe7dbd3749-x86-64.cache-2
7f1d0ea9c000-7f1d0eaa5000 r--s 00000000 09:00 94080                      /var/cache/fontconfig/b79f3aaa7d385a141ab53ec885cc22a8-x86-64.cache-2
7f1d0eaa5000-7f1d0eaaa000 r--s 00000000 09:00 1323005                    /var/cache/fontconfig/103e7fb1ea2629e851f0af6e29d50d14-x86-64.cache-2
7f1d0eaaa000-7f1d0eaaf000 r--s 00000000 09:00 1323004                    /var/cache/fontconfig/c4c72d5f47a988aa2d2b5e019553fb0a-x86-64.cache-2
7f1d0eaaf000-7f1d0eab4000 r--s 00000000 09:00 1323003                    /var/cache/fontconfig/f51c2ebd7e636ed1629dff932acec21b-x86-64.cache-2
7f1d0eab4000-7f1d0eab6000 r--s 00000000 09:00 93647                      /var/cache/fontconfig/2e1514a9fdd499050989183bb65136db-x86-64.cache-2
7f1d0eab6000-7f1d0eacf000 r--s 00000000 09:00 94090                      /var/cache/fontconfig/7a7f22e4c6b2236c525eb458794c6fd2-x86-64.cache-2
7f1d0eacf000-7f1d0eadb000 r-xp 00000000 09:00 129671                     /lib64/libnss_files-2.10.1.so
7f1d0eadb000-7f1d0ecda000 ---p 0000c000 09:00 129671                     /lib64/libnss_files-2.10.1.so
7f1d0ecda000-7f1d0ecdb000 r--p 0000b000 09:00 129671                     /lib64/libnss_files-2.10.1.so
7f1d0ecdb000-7f1d0ecdc000 rw-p 0000c000 09:00 129671                     /lib64/libnss_files-2.10.1.so
7f1d0ecdc000-7f1d0ecde000 r--s 00000000 09:00 94096                      /var/cache/fontconfig/5c755b2f27115486aa6359c84dd3cbda-x86-64.cache-2
7f1d0ecde000-7f1d0ece0000 r--s 00000000 09:00 94095                      /var/cache/fontconfig/3f821257dd33660ba7bbb45c32deb84c-x86-64.cache-2
7f1d0ece0000-7f1d0ece2000 r--s 00000000 09:00 94094                      /var/cache/fontconfig/830f035fa84a65ce80e050178dbb630d-x86-64.cache-2
7f1d0ece2000-7f1d0ece3000 r--s 00000000 09:00 94093                      /var/cache/fontconfig/81a173283b451552b599cfaafd6236bd-x86-64.cache-2
7f1d0ece3000-7f1d0ece6000 r--s 00000000 09:00 10702                      /var/cache/fontconfig/cfde08ab28ad1d91784abb10973575e3-x86-64.cache-2
7f1d0ece6000-7f1d0ece9000 r--s 00000000 09:00 128494                     /var/cache/fontconfig/6082f993537e886e2b8c280984f3ae67-x86-64.cache-2
7f1d0ece9000-7f1d0ecea000 r--s 00000000 09:00 94087                      /var/cache/fontconfig/e61abf8156cc476151baa07d67337cae-x86-64.cache-2
7f1d0ecea000-7f1d0ecee000 r--s 00000000 09:00 94086                      /var/cache/fontconfig/b67b32625a2bb51b023d3814a918f351-x86-64.cache-2
7f1d0ecee000-7f1d0ecf0000 r--s 00000000 09:00 94085                      /var/cache/fontconfig/d3379abda271c4acd2ad0c01f565d0b0-x86-64.cache-2
7f1d0ecf0000-7f1d0ecf5000 r--s 00000000 09:00 94084                      /var/cache/fontconfig/46b47dbc682d2ca4191e148ea7bde7f2-x86-64.cache-2
7f1d0ecf5000-7f1d0ecfe000 r--s 00000000 09:00 94082                      /var/cache/fontconfig/12b26b760a24f8b4feb03ad48a333a72-x86-64.cache-2
7f1d0ecfe000-7f1d0ecff000 ---p 00000000 00:00 0 
7f1d0ecff000-7f1d0f6ff000 rwxp 00000000 00:00 0 
7f1d0f6ff000-7f1d0f700000 ---p 00000000 00:00 0 
7f1d0f700000-7f1d10100000 rwxp 00000000 00:00 0 
7f1d10139000-7f1d1520c000 r--p 00000000 09:00 270371                     /usr/lib/locale/locale-archive
7f1d1520c000-7f1d15216000 rw-p 00000000 00:00 0 
7f1d15216000-7f1d15308000 r-xp 00000000 09:00 2525855                    /usr/local/lib/scilab-5.2.2/lib/thirdparty/libstdc++.so.6.0.13
7f1d15308000-7f1d15508000 ---p 000f2000 09:00 2525855                    /usr/local/lib/scilab-5.2.2/lib/thirdparty/libstdc++.so.6.0.13
7f1d15508000-7f1d1550f000 r--p 000f2000 09:00 2525855                    /usr/local/lib/scilab-5.2.2/lib/thirdparty/libstdc++.so.6.0.13
7f1d1550f000-7f1d15511000 rw-p 000f9000 09:00 2525855                    /usr/local/lib/scilab-5.2.2/lib/thirdparty/libstdc++.so.6.0.13
7f1d15511000-7f1d15529000 rw-p 00000000 00:00 0 
7f1d15529000-7f1d1553f000 r-xp 00000000 09:00 2525895                    /usr/local/lib/scilab-5.2.2/lib/thirdparty/libgcc_s.so.1
7f1d1553f000-7f1d1573f000 ---p 00016000 09:00 2525895                    /usr/local/lib/scilab-5.2.2/lib/thirdparty/libgcc_s.so.1
7f1d1573f000-7f1d15740000 rw-p 00016000 09:00 2525895                    /usr/local/lib/scilab-5.2.2/lib/thirdparty/libgcc_s.so.1
7f1d15740000-7f1d15741000 rw-p 00000000 00:00 0 
7f1d15741000-7f1d15757000 r-xp 00000000 09:00 2525914                    /usr/local/lib/scilab-5.2.2/lib/thirdparty/libz.so.1.2.3.3
7f1d15757000-7f1d15957000 ---p 00016000 09:00 2525914                    /usr/local/lib/scilab-5.2.2/lib/thirdparty/libz.so.1.2.3.3
7f1d15957000-7f1d15958000 rw-p 00016000 09:00 2525914                    /usr/local/lib/scilab-5.2.2/lib/thirdparty/libz.so.1.2.3.3
7f1d15958000-7f1d15959000 rw-p 00000000 00:00 0 
7f1d15959000-7f1d15994000 r-xp 00000000 09:00 2525782                    /usr/local/lib/scilab-5.2.2/lib/thirdparty/libncurses.so.5.7
7f1d15994000-7f1d15b93000 ---p 0003b000 09:00 2525782                    /usr/local/lib/scilab-5.2.2/lib/thirdparty/libncurses.so.5.7
7f1d15b93000-7f1d15b98000 rw-p 0003a000 09:00 2525782                    /usr/local/lib/scilab-5.2.2/lib/thirdparty/libncurses.so.5.7
7f1d15b98000-7f1d15b99000 r--s 00000000 09:00 94092                      /var/cache/fontconfig/6cfc7d49b27ba7d3eb71ab86e04def2c-x86-64.cache-2
7f1d15b99000-7f1d15b9a000 r--s 00000000 09:00 94091                      /var/cache/fontconfig/044963cbb93fcb06c61d94a50dee394f-x86-64.cache-2
7f1d15b9a000-7f1d15b9b000 r--s 00000000 09:00 130217                     /var/cache/fontconfig/6fcb01a03a016cc71057b587cdea6709-x86-64.cache-2
7f1d15b9b000-7f1d15b9c000 r--s 00000000 09:00 94083                      /var/cache/fontconfig/b4d0b56f766d89640448751fcd18ec1e-x86-64.cache-2
7f1d15b9c000-7f1d15ba3000 r--s 00000000 09:00 94078                      /var/cache/fontconfig/928306c3ad40271d946e41014a49fc28-x86-64.cache-2
7f1d15ba3000-7f1d15baa000 r--s 00000000 09:00 94077                      /var/cache/fontconfig/fa1582dab13e7e8e44e5a9424d309f0e-x86-64.cache-2
7f1d15baa000-7f1d15bb5000 r--s 00000000 09:00 94076                      /var/cache/fontconfig/e19de935dec46bbf3ed114ee4965548a-x86-64.cache-2
7f1d15bb5000-7f1d15bb6000 r--s 00000000 09:00 94016                      /var/cache/fontconfig/1248881498ac025e45c3042f6afe9284-x86-64.cache-2
7f1d15bb6000-7f1d15bb7000 r--s 00000000 09:00 244142                     /var/cache/fontconfig/d04038e664b0033ae700a78c51f179d3-x86-64.cache-2
7f1d15bb7000-7f1d15bba000 r--s 00000000 09:00 243947                     /var/cache/fontconfig/beeeeb3dfe132a8a0633a017c99ce0c0-x86-64.cache-2
7f1d15bba000-7f1d15c93000 r-xp 00000000 09:00 2525911                    /usr/local/lib/scilab-5.2.2/lib/thirdparty/libgfortran.so.3.0.0
7f1d15c93000-7f1d15e93000 ---p 000d9000 09:00 2525911                    /usr/local/lib/scilab-5.2.2/lib/thirdparty/libgfortran.so.3.0.0
7f1d15e93000-7f1d15e95000 rw-p 000d9000 09:00 2525911                    /usr/local/lib/scilab-5.2.2/lib/thirdparty/libgfortran.so.3.0.0
7f1d15e95000-7f1d15e96000 rw-p 00000000 00:00 0 
7f1d15e96000-7f1d16647000 r-xp 00000000 09:00 2525773                    /usr/local/lib/scilab-5.2.2/lib/thirdparty/liblapack.so.3gf.0
7f1d16647000-7f1d16846000 ---p 007b1000 09:00 2525773                    /usr/local/lib/scilab-5.2.2/lib/thirdparty/liblapack.so.3gf.0
7f1d16846000-7f1d16847000 r--p 007b0000 09:00 2525773                    /usr/local/lib/scilab-5.2.2/lib/thirdparty/liblapack.so.3gf.0
7f1d16847000-7f1d1684b000 rw-p 007b1000 09:00 2525773                    /usr/local/lib/scilab-5.2.2/lib/thirdparty/liblapack.so.3gf.0
7f1d1684b000-7f1d16958000 rw-p 00000000 00:00 0 
7f1d16958000-7f1d16987000 r-xp 00000000 09:00 2525819                    /usr/local/lib/scilab-5.2.2/lib/thirdparty/libpcre.so.7.8.0
7f1d16987000-7f1d16b86000 ---p 0002f000 09:00 2525819                    /usr/local/lib/scilab-5.2.2/lib/thirdparty/libpcre.so.7.8.0
7f1d16b86000-7f1d16b87000 rw-p 0002e000 09:00 2525819                    /usr/local/lib/scilab-5.2.2/lib/thirdparty/libpcre.so.7.8.0
7f1d16b87000-7f1d16b89000 r-xp 00000000 09:00 2525810                    /usr/local/lib/scilab-5.2.2/lib/thirdparty/libpcreposix.so.7.8.0
7f1d16b89000-7f1d16d88000 ---p 00002000 09:00 2525810                    /usr/local/lib/scilab-5.2.2/lib/thirdparty/libpcreposix.so.7.8.0
7f1d16d88000-7f1d16d89000 rw-p 00001000 09:00 2525810                    /usr/local/lib/scilab-5.2.2/lib/thirdparty/libpcreposix.so.7.8.0
7f1d16d89000-7f1d16d8a000 rw-p 00000000 00:00 0 
7f1d16d8a000-7f1d16e97000 r-xp 00000000 09:00 2525769                    /usr/local/lib/scilab-5.2.2/lib/thirdparty/libtcl8.5.3.so
7f1d16e97000-7f1d17097000 ---p 0010d000 09:00 2525769                    /usr/local/lib/scilab-5.2.2/lib/thirdparty/libtcl8.5.3.so
7f1d17097000-7f1d170a6000 rw-p 0010d000 09:00 2525769                    /usr/local/lib/scilab-5.2.2/lib/thirdparty/libtcl8.5.3.so
7f1d170a6000-7f1d170a7000 rw-p 00000000 00:00 0 
7f1d170a7000-7f1d171d0000 r-xp 00000000 09:00 2525784                    /usr/local/lib/scilab-5.2.2/lib/thirdparty/libtk8.5.3.so
7f1d171d0000-7f1d173d0000 ---p 00129000 09:00 2525784                    /usr/local/lib/scilab-5.2.2/lib/thirdparty/libtk8.5.3.so
7f1d173d0000-7f1d173ed000 rw-p 00129000 09:00 2525784                    /usr/local/lib/scilab-5.2.2/lib/thirdparty/libtk8.5.3.so
7f1d173ed000-7f1d173ee000 rw-p 00000000 00:00 0 
7f1d173ee000-7f1d1747c000 r-xp 00000000 09:00 2525886                    /usr/local/lib/scilab-5.2.2/lib/thirdparty/libblas.so.3gf.0
7f1d1747c000-7f1d1767c000 ---p 0008e000 09:00 2525886                    /usr/local/lib/scilab-5.2.2/lib/thirdparty/libblas.so.3gf.0
7f1d1767c000-7f1d1767d000 rw-p 0008e000 09:00 2525886                    /usr/local/lib/scilab-5.2.2/lib/thirdparty/libblas.so.3gf.0
7f1d1767d000-7f1d1767e000 rw-p 00000000 00:00 0 
7f1d1767e000-7f1d17926000 r-xp 00000000 09:00 2525859                    /usr/local/lib/scilab-5.2.2/lib/thirdparty/libhdf5-1.8.3.so.6.0.2
7f1d17926000-7f1d17a26000 ---p 002a8000 09:00 2525859                    /usr/local/lib/scilab-5.2.2/lib/thirdparty/libhdf5-1.8.3.so.6.0.2
7f1d17a26000-7f1d17a30000 rw-p 002a8000 09:00 2525859                    /usr/local/lib/scilab-5.2.2/lib/thirdparty/libhdf5-1.8.3.so.6.0.2
7f1d17a30000-7f1d17a31000 rw-p 00000000 00:00 0 
7f1d17a31000-7f1d17a35000 r-xp 00000000 09:00 2526128                    /usr/local/lib/scilab-5.2.2/lib/scilab/libscihdf5-forceload.so.5.0.2
7f1d17a35000-7f1d17c34000 ---p 00004000 09:00 2526128                    /usr/local/lib/scilab-5.2.2/lib/scilab/libscihdf5-forceload.so.5.0.2
7f1d17c34000-7f1d17c35000 r--p 00003000 09:00 2526128                    /usr/local/lib/scilab-5.2.2/lib/scilab/libscihdf5-forceload.so.5.0.2
7f1d17c35000-7f1d17c36000 rw-p 00004000 09:00 2526128                    /usr/local/lib/scilab-5.2.2/lib/scilab/libscihdf5-forceload.so.5.0.2
7f1d17c36000-7f1d17c63000 r-xp 00000000 09:00 2526031                    /usr/local/lib/scilab-5.2.2/lib/scilab/libscioutput_stream.so.5.0.2
7f1d17c63000-7f1d17e62000 ---p 0002d000 09:00 2526031                    /usr/local/lib/scilab-5.2.2/lib/scilab/libscioutput_stream.so.5.0.2
7f1d17e62000-7f1d17e63000 r--p 0002c000 09:00 2526031                    /usr/local/lib/scilab-5.2.2/lib/scilab/libscioutput_stream.so.5.0.2
7f1d17e63000-7f1d17e64000 rw-p 0002d000 09:00 2526031                    /usr/local/lib/scilab-5.2.2/lib/scilab/libscioutput_stream.so.5.0.2
7f1d17e64000-7f1d17f22000 rw-p 00000000 00:00 0 
7f1d17f22000-7f1d17f23000 r-xp 00000000 09:00 2526136                    /usr/local/lib/scilab-5.2.2/lib/scilab/libscimalloc.so.5.0.2
7f1d17f23000-7f1d18122000 ---p 00001000 09:00 2526136                    /usr/local/lib/scilab-5.2.2/lib/scilab/libscimalloc.so.5.0.2
7f1d18122000-7f1d18123000 r--p 00000000 09:00 2526136                    /usr/local/lib/scilab-5.2.2/lib/scilab/libscimalloc.so.5.0.2
7f1d18123000-7f1d18124000 rw-p 00001000 09:00 2526136                    /usr/local/lib/scilab-5.2.2/lib/scilab/libscimalloc.so.5.0.2
7f1d18124000-7f1d18275000 r-xp 00000000 09:00 2525921                    /usr/local/lib/scilab-5.2.2/lib/thirdparty/libxml2.so.2.7.6
7f1d18275000-7f1d18474000 ---p 00151000 09:00 2525921                    /usr/local/lib/scilab-5.2.2/lib/thirdparty/libxml2.so.2.7.6
7f1d18474000-7f1d1847e000 rw-p 00150000 09:00 2525921                    /usr/local/lib/scilab-5.2.2/lib/thirdparty/libxml2.so.2.7.6
7f1d1847e000-7f1d1847f000 rw-p 00000000 00:00 0 
7f1d1847f000-7f1d1848b000 r-xp 00000000 09:00 2526183                    /usr/local/lib/scilab-5.2.2/lib/scilab/libscixpad.so.5.0.2
7f1d1848b000-7f1d1868a000 ---p 0000c000 09:00 2526183                    /usr/local/lib/scilab-5.2.2/lib/scilab/libscixpad.so.5.0.2
7f1d1868a000-7f1d1868b000 r--p 0000b000 09:00 2526183                    /usr/local/lib/scilab-5.2.2/lib/scilab/libscixpad.so.5.0.2
7f1d1868b000-7f1d1868c000 rw-p 0000c000 09:00 2526183                    /usr/local/lib/scilab-5.2.2/lib/scilab/libscixpad.so.5.0.2
7f1d1868c000-7f1d1868d000 rw-p 00000000 00:00 0 
7f1d1868d000-7f1d1869d000 r-xp 00000000 09:00 2525978                    /usr/local/lib/scilab-5.2.2/lib/scilab/libscixcos.so.5.0.2
7f1d1869d000-7f1d1889c000 ---p 00010000 09:00 2525978                    /usr/local/lib/scilab-5.2.2/lib/scilab/libscixcos.so.5.0.2
7f1d1889c000-7f1d1889d000 r--p 0000f000 09:00 2525978                    /usr/local/lib/scilab-5.2.2/lib/scilab/libscixcos.so.5.0.2
7f1d1889d000-7f1d1889e000 rw-p 00010000 09:00 2525978                    /usr/local/lib/scilab-5.2.2/lib/scilab/libscixcos.so.5.0.2
7f1d1889e000-7f1d1889f000 r-xp 00000000 09:00 2526192                    /usr/local/lib/scilab-5.2.2/lib/scilab/libscidynamiclibrary.so.5.0.2
7f1d1889f000-7f1d18a9e000 ---p 00001000 09:00 2526192                    /usr/local/lib/scilab-5.2.2/lib/scilab/libscidynamiclibrary.so.5.0.2
7f1d18a9e000-7f1d18a9f000 r--p 00000000 09:00 2526192                    /usr/local/lib/scilab-5.2.2/lib/scilab/libscidynamiclibrary.so.5.0.2
7f1d18a9f000-7f1d18aa0000 rw-p 00001000 09:00 2526192                    /usr/local/lib/scilab-5.2.2/lib/scilab/libscidynamiclibrary.so.5.0.2
7f1d18aa0000-7f1d18aa3000 r-xp 00000000 09:00 2526099                    /usr/local/lib/scilab-5.2.2/lib/scilab/libscilibst.so.5.0.2
7f1d18aa3000-7f1d18ca2000 ---p 00003000 09:00 2526099                    /usr/local/lib/scilab-5.2.2/lib/scilab/libscilibst.so.5.0.2
7f1d18ca2000-7f1d18ca3000 r--p 00002000 09:00 2526099                    /usr/local/lib/scilab-5.2.2/lib/scilab/libscilibst.so.5.0.2
7f1d18ca3000-7f1d18ca4000 rw-p 00003000 09:00 2526099                    /usr/local/lib/scilab-5.2.2/lib/scilab/libscilibst.so.5.0.2
7f1d18ca4000-7f1d18ca5000 rw-p 00000000 00:00 0 
7f1d18ca5000-7f1d18cc1000 r-xp 00000000 09:00 2526010                    /usr/local/lib/scilab-5.2.2/lib/scilab/libsciapi_scilab.so.5.0.2
7f1d18cc1000-7f1d18ec0000 ---p 0001c000 09:00 2526010                    /usr/local/lib/scilab-5.2.2/lib/scilab/libsciapi_scilab.so.5.0.2
7f1d18ec0000-7f1d18ec1000 r--p 0001b000 09:00 2526010                    /usr/local/lib/scilab-5.2.2/lib/scilab/libsciapi_scilab.so.5.0.2
7f1d18ec1000-7f1d18ec2000 rw-p 0001c000 09:00 2526010                    /usr/local/lib/scilab-5.2.2/lib/scilab/libsciapi_scilab.so.5.0.2
7f1d18ec2000-7f1d18ef6000 r-xp 00000000 09:00 2526185                    /usr/local/lib/scilab-5.2.2/lib/scilab/libsciarnoldi.so.5.0.2
7f1d18ef6000-7f1d190f6000 ---p 00034000 09:00 2526185                    /usr/local/lib/scilab-5.2.2/lib/scilab/libsciarnoldi.so.5.0.2
7f1d190f6000-7f1d190f7000 r--p 00034000 09:00 2526185                    /usr/local/lib/scilab-5.2.2/lib/scilab/libsciarnoldi.so.5.0.2
7f1d190f7000-7f1d190f8000 rw-p 00035000 09:00 2526185                    /usr/local/lib/scilab-5.2.2/lib/scilab/libsciarnoldi.so.5.0.2
7f1d190f8000-7f1d1918a000 r-xp 00000000 09:00 2526001                    /usr/local/lib/scilab-5.2.2/lib/scilab/libscielementary_functions.so.5.0.2
7f1d1918a000-7f1d19389000 ---p 00092000 09:00 2526001                    /usr/local/lib/scilab-5.2.2/lib/scilab/libscielementary_functions.so.5.0.2
7f1d19389000-7f1d1938a000 r--p 00091000 09:00 2526001                    /usr/local/lib/scilab-5.2.2/lib/scilab/libscielementary_functions.so.5.0.2
7f1d1938a000-7f1d1938e000 rw-p 00092000 09:00 2526001                    /usr/local/lib/scilab-5.2.2/lib/scilab/libscielementary_functions.so.5.0.2
7f1d1938e000-7f1d1944a000 rw-p 00000000 00:00 0 
7f1d1944a000-7f1d19468000 r-xp 00000000 09:00 2525936                    /usr/local/lib/scilab-5.2.2/lib/scilab/libscistring.so.5.0.2
7f1d19468000-7f1d19667000 ---p 0001e000 09:00 2525936                    /usr/local/lib/scilab-5.2.2/lib/scilab/libscistring.so.5.0.2
7f1d19667000-7f1d19668000 r--p 0001d000 09:00 2525936                    /usr/local/lib/scilab-5.2.2/lib/scilab/libscistring.so.5.0.2
7f1d19668000-7f1d19669000 rw-p 0001e000 09:00 2525936                    /usr/local/lib/scilab-5.2.2/lib/scilab/libscistring.so.5.0.2
7f1d19669000-7f1d19723000 rw-p 00000000 00:00 0 
7f1d19723000-7f1d19747000 r-xp 00000000 09:00 2525938                    /usr/local/lib/scilab-5.2.2/lib/scilab/libscifileio.so.5.0.2
7f1d19747000-7f1d19946000 ---p 00024000 09:00 2525938                    /usr/local/lib/scilab-5.2.2/lib/scilab/libscifileio.so.5.0.2
7f1d19946000-7f1d19947000 r--p 00023000 09:00 2525938                    /usr/local/lib/scilab-5.2.2/lib/scilab/libscifileio.so.5.0.2
7f1d19947000-7f1d19948000 rw-p 00024000 09:00 2525938                    /usr/local/lib/scilab-5.2.2/lib/scilab/libscifileio.so.5.0.2
7f1d19948000-7f1d1994f000 r-xp 00000000 09:00 2525942                    /usr/local/lib/scilab-5.2.2/lib/scilab/libscijvm.so.5.0.2
7f1d1994f000-7f1d19b4f000 ---p 00007000 09:00 2525942                    /usr/local/lib/scilab-5.2.2/lib/scilab/libscijvm.so.5.0.2
7f1d19b4f000-7f1d19b50000 r--p 00007000 09:00 2525942                    /usr/local/lib/scilab-5.2.2/lib/scilab/libscijvm.so.5.0.2
7f1d19b50000-7f1d19b51000 rw-p 00008000 09:00 2525942                    /usr/local/lib/scilab-5.2.2/lib/scilab/libscijvm.so.5.0.2
7f1d19b51000-7f1d19b52000 rw-p 00000000 00:00 0 
7f1d19b52000-7f1d19b60000 r-xp 00000000 09:00 2526138                    /usr/local/lib/scilab-5.2.2/lib/scilab/libscihistory_manager.so.5.0.2
7f1d19b60000-7f1d19d5f000 ---p 0000e000 09:00 2526138                    /usr/local/lib/scilab-5.2.2/lib/scilab/libscihistory_manager.so.5.0.2
7f1d19d5f000-7f1d19d60000 r--p 0000d000 09:00 2526138                    /usr/local/lib/scilab-5.2.2/lib/scilab/libscihistory_manager.so.5.0.2
7f1d19d60000-7f1d19d61000 rw-p 0000e000 09:00 2526138                    /usr/local/lib/scilab-5.2.2/lib/scilab/libscihistory_manager.so.5.0.2
7f1d19d61000-7f1d19d63000 r-xp 00000000 09:00 2526028                    /usr/local/lib/scilab-5.2.2/lib/scilab/libsciaction_binding.so.5.0.2
7f1d19d63000-7f1d19f62000 ---p 00002000 09:00 2526028                    /usr/local/lib/scilab-5.2.2/lib/scilab/libsciaction_binding.so.5.0.2
7f1d19f62000-7f1d19f63000 r--p 00001000 09:00 2526028                    /usr/local/lib/scilab-5.2.2/lib/scilab/libsciaction_binding.so.5.0.2
7f1d19f63000-7f1d19f64000 rw-p 00002000 09:00 2526028                    /usr/local/lib/scilab-5.2.2/lib/scilab/libsciaction_binding.so.5.0.2
7f1d19f64000-7f1d19f71000 r-xp 00000000 09:00 2525940                    /usr/local/lib/scilab-5.2.2/lib/scilab/libsciconsole.so.5.0.2
7f1d19f71000-7f1d1a170000 ---p 0000d000 09:00 2525940                    /usr/local/lib/scilab-5.2.2/lib/scilab/libsciconsole.so.5.0.2
7f1d1a170000-7f1d1a171000 r--p 0000c000 09:00 2525940                    /usr/local/lib/scilab-5.2.2/lib/scilab/libsciconsole.so.5.0.2
7f1d1a171000-7f1d1a172000 rw-p 0000d000 09:00 2525940                    /usr/local/lib/scilab-5.2.2/lib/scilab/libsciconsole.so.5.0.2
7f1d1a172000-7f1d1a173000 rw-p 00000000 00:00 0 
7f1d1a173000-7f1d1a1a7000 r-xp 00000000 09:00 2526097                    /usr/local/lib/scilab-5.2.2/lib/scilab/libscigraphic_export.so.5.0.2
7f1d1a1a7000-7f1d1a3a6000 ---p 00034000 09:00 2526097                    /usr/local/lib/scilab-5.2.2/lib/scilab/libscigraphic_export.so.5.0.2
7f1d1a3a6000-7f1d1a3a7000 r--p 00033000 09:00 2526097                    /usr/local/lib/scilab-5.2.2/lib/scilab/libscigraphic_export.so.5.0.2
7f1d1a3a7000-7f1d1a3a8000 rw-p 00034000 09:00 2526097                    /usr/local/lib/scilab-5.2.2/lib/scilab/libscigraphic_export.so.5.0.2
7f1d1a3a8000-7f1d1a3aa000 r-xp 00000000 09:00 2525988                    /usr/local/lib/scilab-5.2.2/lib/scilab/libscidoublylinkedlist.so.5.0.2
7f1d1a3aa000-7f1d1a5a9000 ---p 00002000 09:00 2525988                    /usr/local/lib/scilab-5.2.2/lib/scilab/libscidoublylinkedlist.so.5.0.2
7f1d1a5a9000-7f1d1a5aa000 r--p 00001000 09:00 2525988                    /usr/local/lib/scilab-5.2.2/lib/scilab/libscidoublylinkedlist.so.5.0.2
7f1d1a5aa000-7f1d1a5ab000 rw-p 00002000 09:00 2525988                    /usr/local/lib/scilab-5.2.2/lib/scilab/libscidoublylinkedlist.so.5.0.2
7f1d1a5ab000-7f1d1a723000 r-xp 00000000 09:00 2525962                    /usr/local/lib/scilab-5.2.2/lib/scilab/libscirenderer.so.5.0.2
7f1d1a723000-7f1d1a922000 ---p 00178000 09:00 2525962                    /usr/local/lib/scilab-5.2.2/lib/scilab/libscirenderer.so.5.0.2
7f1d1a922000-7f1d1a93a000 r--p 00177000 09:00 2525962                    /usr/local/lib/scilab-5.2.2/lib/scilab/libscirenderer.so.5.0.2
7f1d1a93a000-7f1d1a93d000 rw-p 0018f000 09:00 2525962                    /usr/local/lib/scilab-5.2.2/lib/scilab/libscirenderer.so.5.0.2
7f1d1a93d000-7f1d1a93e000 rw-p 00000000 00:00 0 
7f1d1a93e000-7f1d1a9a4000 r-xp 00000000 09:00 2526049                    /usr/local/lib/scilab-5.2.2/lib/scilab/libscigui.so.5.0.2
7f1d1a9a4000-7f1d1aba3000 ---p 00066000 09:00 2526049                    /usr/local/lib/scilab-5.2.2/lib/scilab/libscigui.so.5.0.2
7f1d1aba3000-7f1d1aba4000 r--p 00065000 09:00 2526049                    /usr/local/lib/scilab-5.2.2/lib/scilab/libscigui.so.5.0.2
7f1d1aba4000-7f1d1aba6000 rw-p 00066000 09:00 2526049                    /usr/local/lib/scilab-5.2.2/lib/scilab/libscigui.so.5.0.2
7f1d1aba6000-7f1d1abb0000 r-xp 00000000 09:00 2526052                    /usr/local/lib/scilab-5.2.2/lib/scilab/libscitclsci.so.5.0.2
7f1d1abb0000-7f1d1adaf000 ---p 0000a000 09:00 2526052                    /usr/local/lib/scilab-5.2.2/lib/scilab/libscitclsci.so.5.0.2
7f1d1adaf000-7f1d1adb0000 r--p 00009000 09:00 2526052                    /usr/local/lib/scilab-5.2.2/lib/scilab/libscitclsci.so.5.0.2
7f1d1adb0000-7f1d1adb1000 rw-p 0000a000 09:00 2526052                    /usr/local/lib/scilab-5.2.2/lib/scilab/libscitclsci.so.5.0.2
7f1d1adb1000-7f1d1adb3000 r-xp 00000000 09:00 2526197                    /usr/local/lib/scilab-5.2.2/lib/scilab/libscihashtable.so.5.0.2
7f1d1adb3000-7f1d1afb2000 ---p 00002000 09:00 2526197                    /usr/local/lib/scilab-5.2.2/lib/scilab/libscihashtable.so.5.0.2
7f1d1afb2000-7f1d1afb3000 r--p 00001000 09:00 2526197                    /usr/local/lib/scilab-5.2.2/lib/scilab/libscihashtable.so.5.0.2
7f1d1afb3000-7f1d1afb4000 rw-p 00002000 09:00 2526197                    /usr/local/lib/scilab-5.2.2/lib/scilab/libscihashtable.so.5.0.2
7f1d1afb4000-7f1d1afb5000 rw-p 00000000 00:00 0 
7f1d1afb5000-7f1d1b02f000 r-xp 00000000 09:00 2526117                    /usr/local/lib/scilab-5.2.2/lib/scilab/libscigraphics.so.5.0.2
7f1d1b02f000-7f1d1b22e000 ---p 0007a000 09:00 2526117                    /usr/local/lib/scilab-5.2.2/lib/scilab/libscigraphics.so.5.0.2
7f1d1b22e000-7f1d1b230000 r--p 00079000 09:00 2526117                    /usr/local/lib/scilab-5.2.2/lib/scilab/libscigraphics.so.5.0.2
7f1d1b230000-7f1d1b233000 rw-p 0007b000 09:00 2526117                    /usr/local/lib/scilab-5.2.2/lib/scilab/libscigraphics.so.5.0.2
7f1d1b233000-7f1d1b234000 rw-p 00000000 00:00 0 
7f1d1b234000-7f1d1b23d000 r-xp 00000000 09:00 2526030                    /usr/local/lib/scilab-5.2.2/lib/scilab/libscifunctions.so.5.0.2
7f1d1b23d000-7f1d1b43c000 ---p 00009000 09:00 2526030                    /usr/local/lib/scilab-5.2.2/lib/scilab/libscifunctions.so.5.0.2
7f1d1b43c000-7f1d1b43d000 r--p 00008000 09:00 2526030                    /usr/local/lib/scilab-5.2.2/lib/scilab/libscifunctions.so.5.0.2
7f1d1b43d000-7f1d1b43e000 rw-p 00009000 09:00 2526030                    /usr/local/lib/scilab-5.2.2/lib/scilab/libscifunctions.so.5.0.2
7f1d1b43e000-7f1d1b4f8000 rw-p 00000000 00:00 0 
7f1d1b4f8000-7f1d1b50d000 r-xp 00000000 09:00 2526160                    /usr/local/lib/scilab-5.2.2/lib/scilab/libscihdf5.so.5.0.2
7f1d1b50d000-7f1d1b70c000 ---p 00015000 09:00 2526160                    /usr/local/lib/scilab-5.2.2/lib/scilab/libscihdf5.so.5.0.2
7f1d1b70c000-7f1d1b70d000 r--p 00014000 09:00 2526160                    /usr/local/lib/scilab-5.2.2/lib/scilab/libscihdf5.so.5.0.2
7f1d1b70d000-7f1d1b70e000 rw-p 00015000 09:00 2526160                    /usr/local/lib/scilab-5.2.2/lib/scilab/libscihdf5.so.5.0.2
7f1d1b70e000-7f1d1b70f000 rw-p 00000000 00:00 0 
7f1d1b70f000-7f1d1b80c000 r-xp 00000000 09:00 2525856                    /usr/local/lib/scilab-5.2.2/lib/thirdparty/libfftw3.so.3.2.3
7f1d1b80c000-7f1d1ba0c000 ---p 000fd000 09:00 2525856                    /usr/local/lib/scilab-5.2.2/lib/thirdparty/libfftw3.so.3.2.3
7f1d1ba0c000-7f1d1ba13000 rw-p 000fd000 09:00 2525856                    /usr/local/lib/scilab-5.2.2/lib/thirdparty/libfftw3.so.3.2.3
7f1d1ba13000-7f1d1ba19000 r-xp 00000000 09:00 2525952                    /usr/local/lib/scilab-5.2.2/lib/scilab/libscifftw.so.5.0.2
7f1d1ba19000-7f1d1bc18000 ---p 00006000 09:00 2525952                    /usr/local/lib/scilab-5.2.2/lib/scilab/libscifftw.so.5.0.2
7f1d1bc18000-7f1d1bc19000 r--p 00005000 09:00 2525952                    /usr/local/lib/scilab-5.2.2/lib/scilab/libscifftw.so.5.0.2
7f1d1bc19000-7f1d1bc1a000 rw-p 00006000 09:00 2525952                    /usr/local/lib/scilab-5.2.2/lib/scilab/libscifftw.so.5.0.2
7f1d1bc1a000-7f1d1bc23000 r-xp 00000000 09:00 2526018                    /usr/local/lib/scilab-5.2.2/lib/scilab/libscidynamic_link.so.5.0.2
7f1d1bc23000-7f1d1be22000 ---p 00009000 09:00 2526018                    /usr/local/lib/scilab-5.2.2/lib/scilab/libscidynamic_link.so.5.0.2
7f1d1be22000-7f1d1be23000 r--p 00008000 09:00 2526018                    /usr/local/lib/scilab-5.2.2/lib/scilab/libscidynamic_link.so.5.0.2
7f1d1be23000-7f1d1be24000 rw-p 00009000 09:00 2526018                    /usr/local/lib/scilab-5.2.2/lib/scilab/libscidynamic_link.so.5.0.2
7f1d1be24000-7f1d1bf27000 rw-p 00000000 00:00 0 
7f1d1bf27000-7f1d1bf52000 r-xp 00000000 09:00 2526102                    /usr/local/lib/scilab-5.2.2/lib/scilab/libscilinear_algebra.so.5.0.2
7f1d1bf52000-7f1d1c151000 ---p 0002b000 09:00 2526102                    /usr/local/lib/scilab-5.2.2/lib/scilab/libscilinear_algebra.so.5.0.2
7f1d1c151000-7f1d1c152000 r--p 0002a000 09:00 2526102                    /usr/local/lib/scilab-5.2.2/lib/scilab/libscilinear_algebra.so.5.0.2
7f1d1c152000-7f1d1c153000 rw-p 0002b000 09:00 2526102                    /usr/local/lib/scilab-5.2.2/lib/scilab/libscilinear_algebra.so.5.0.2
7f1d1c153000-7f1d1c20d000 rw-p 00000000 00:00 0 
7f1d1c20d000-7f1d1c23a000 r-xp 00000000 09:00 2526167                    /usr/local/lib/scilab-5.2.2/lib/scilab/libsciinteger.so.5.0.2
7f1d1c23a000-7f1d1c439000 ---p 0002d000 09:00 2526167                    /usr/local/lib/scilab-5.2.2/lib/scilab/libsciinteger.so.5.0.2
7f1d1c439000-7f1d1c43a000 r--p 0002c000 09:00 2526167                    /usr/local/lib/scilab-5.2.2/lib/scilab/libsciinteger.so.5.0.2
7f1d1c43a000-7f1d1c43b000 rw-p 0002d000 09:00 2526167                    /usr/local/lib/scilab-5.2.2/lib/scilab/libsciinteger.so.5.0.2
7f1d1c43b000-7f1d1c4f5000 rw-p 00000000 00:00 0 
7f1d1c4f5000-7f1d1c505000 r-xp 00000000 09:00 2526040                    /usr/local/lib/scilab-5.2.2/lib/scilab/libscidata_structures.so.5.0.2
7f1d1c505000-7f1d1c704000 ---p 00010000 09:00 2526040                    /usr/local/lib/scilab-5.2.2/lib/scilab/libscidata_structures.so.5.0.2
7f1d1c704000-7f1d1c705000 r--p 0000f000 09:00 2526040                    /usr/local/lib/scilab-5.2.2/lib/scilab/libscidata_structures.so.5.0.2
7f1d1c705000-7f1d1c706000 rw-p 00010000 09:00 2526040                    /usr/local/lib/scilab-5.2.2/lib/scilab/libscidata_structures.so.5.0.2
7f1d1c706000-7f1d1c7c1000 rw-p 00000000 00:00 0 
7f1d1c7c1000-7f1d1c7cd000 r-xp 00000000 09:00 2526198                    /usr/local/lib/scilab-5.2.2/lib/scilab/libmex.so.5.0.2
7f1d1c7cd000-7f1d1c9cc000 ---p 0000c000 09:00 2526198                    /usr/local/lib/scilab-5.2.2/lib/scilab/libmex.so.5.0.2
7f1d1c9cc000-7f1d1c9cd000 r--p 0000b000 09:00 2526198                    /usr/local/lib/scilab-5.2.2/lib/scilab/libmex.so.5.0.2
7f1d1c9cd000-7f1d1c9ce000 rw-p 0000c000 09:00 2526198                    /usr/local/lib/scilab-5.2.2/lib/scilab/libmex.so.5.0.2
7f1d1c9ce000-7f1d1c9d0000 rw-p 00000000 00:00 0 
7f1d1c9d0000-7f1d1ca3b000 r-xp 00000000 09:00 2525987                    /usr/local/lib/scilab-5.2.2/lib/scilab/libscidifferential_equations.so.5.0.2
7f1d1ca3b000-7f1d1cc3b000 ---p 0006b000 09:00 2525987                    /usr/local/lib/scilab-5.2.2/lib/scilab/libscidifferential_equations.so.5.0.2
7f1d1cc3b000-7f1d1cc3c000 r--p 0006b000 09:00 2525987                    /usr/local/lib/scilab-5.2.2/lib/scilab/libscidifferential_equations.so.5.0.2
7f1d1cc3c000-7f1d1cc3d000 rw-p 0006c000 09:00 2525987                    /usr/local/lib/scilab-5.2.2/lib/scilab/libscidifferential_equations.so.5.0.2
7f1d1cc3d000-7f1d1ccff000 rw-p 00000000 00:00 0 
7f1d1ccff000-7f1d1cd0b000 r-xp 00000000 09:00 2525996                    /usr/local/lib/scilab-5.2.2/lib/scilab/libmat.so.5.0.2
7f1d1cd0b000-7f1d1cf0a000 ---p 0000c000 09:00 2525996                    /usr/local/lib/scilab-5.2.2/lib/scilab/libmat.so.5.0.2
7f1d1cf0a000-7f1d1cf0b000 r--p 0000b000 09:00 2525996                    /usr/local/lib/scilab-5.2.2/lib/scilab/libmat.so.5.0.2
7f1d1cf0b000-7f1d1cf0c000 rw-p 0000c000 09:00 2525996                    /usr/local/lib/scilab-5.2.2/lib/scilab/libmat.so.5.0.2
7f1d1cf0c000-7f1d1cf0f000 rw-p 00000000 00:00 0 
7f1d1cf0f000-7f1d1cf1b000 r-xp 00000000 09:00 2525939                    /usr/local/lib/scilab-5.2.2/lib/scilab/libmx.so.5.0.2
7f1d1cf1b000-7f1d1d11a000 ---p 0000c000 09:00 2525939                    /usr/local/lib/scilab-5.2.2/lib/scilab/libmx.so.5.0.2
7f1d1d11a000-7f1d1d11b000 r--p 0000b000 09:00 2525939                    /usr/local/lib/scilab-5.2.2/lib/scilab/libmx.so.5.0.2
7f1d1d11b000-7f1d1d11c000 rw-p 0000c000 09:00 2525939                    /usr/local/lib/scilab-5.2.2/lib/scilab/libmx.so.5.0.2
7f1d1d11c000-7f1d1d11e000 rw-p 00000000 00:00 0 
7f1d1d11e000-7f1d1d1fd000 r-xp 00000000 09:00 2526190                    /usr/local/lib/scilab-5.2.2/lib/scilab/libscicacsd.so.5.0.2
7f1d1d1fd000-7f1d1d3fd000 ---p 000df000 09:00 2526190                    /usr/local/lib/scilab-5.2.2/lib/scilab/libscicacsd.so.5.0.2
7f1d1d3fd000-7f1d1d3fe000 r--p 000df000 09:00 2526190                    /usr/local/lib/scilab-5.2.2/lib/scilab/libscicacsd.so.5.0.2
7f1d1d3fe000-7f1d1d3ff000 rw-p 000e0000 09:00 2526190                    /usr/local/lib/scilab-5.2.2/lib/scilab/libscicacsd.so.5.0.2
7f1d1d3ff000-7f1d1d4b9000 rw-p 00000000 00:00 0 
7f1d1d4b9000-7f1d1d4e6000 r-xp 00000000 09:00 2526113                    /usr/local/lib/scilab-5.2.2/lib/scilab/libscipolynomials.so.5.0.2
7f1d1d4e6000-7f1d1d6e5000 ---p 0002d000 09:00 2526113                    /usr/local/lib/scilab-5.2.2/lib/scilab/libscipolynomials.so.5.0.2
7f1d1d6e5000-7f1d1d6e6000 r--p 0002c000 09:00 2526113                    /usr/local/lib/scilab-5.2.2/lib/scilab/libscipolynomials.so.5.0.2
7f1d1d6e6000-7f1d1d6e7000 rw-p 0002d000 09:00 2526113                    /usr/local/lib/scilab-5.2.2/lib/scilab/libscipolynomials.so.5.0.2
7f1d1d6e7000-7f1d1d7a3000 rw-p 00000000 00:00 0 
7f1d1d7a3000-7f1d1d7f2000 r-xp 00000000 09:00 2526125                    /usr/local/lib/scilab-5.2.2/lib/scilab/libscisparse.so.5.0.2
7f1d1d7f2000-7f1d1d9f1000 ---p 0004f000 09:00 2526125                    /usr/local/lib/scilab-5.2.2/lib/scilab/libscisparse.so.5.0.2
7f1d1d9f1000-7f1d1d9f2000 r--p 0004e000 09:00 2526125                    /usr/local/lib/scilab-5.2.2/lib/scilab/libscisparse.so.5.0.2
7f1d1d9f2000-7f1d1d9f3000 rw-p 0004f000 09:00 2526125                    /usr/local/lib/scilab-5.2.2/lib/scilab/libscisparse.so.5.0.2
7f1d1d9f3000-7f1d1daad000 rw-p 00000000 00:00 0 
7f1d1daad000-7f1d1daae000 r-xp 00000000 09:00 2526110                    /usr/local/lib/scilab-5.2.2/lib/scilab/libscipvm.so.5.0.2
7f1d1daae000-7f1d1dcad000 ---p 00001000 09:00 2526110                    /usr/local/lib/scilab-5.2.2/lib/scilab/libscipvm.so.5.0.2
7f1d1dcad000-7f1d1dcae000 r--p 00000000 09:00 2526110                    /usr/local/lib/scilab-5.2.2/lib/scilab/libscipvm.so.5.0.2
7f1d1dcae000-7f1d1dcaf000 rw-p 00001000 09:00 2526110                    /usr/local/lib/scilab-5.2.2/lib/scilab/libscipvm.so.5.0.2
7f1d1dcaf000-7f1d1dcb0000 r-xp 00000000 09:00 2526115                    /usr/local/lib/scilab-5.2.2/lib/scilab/libsciwindows_tools.so.5.0.2
7f1d1dcb0000-7f1d1deaf000 ---p 00001000 09:00 2526115                    /usr/local/lib/scilab-5.2.2/lib/scilab/libsciwindows_tools.so.5.0.2
7f1d1deaf000-7f1d1deb0000 r--p 00000000 09:00 2526115                    /usr/local/lib/scilab-5.2.2/lib/scilab/libsciwindows_tools.so.5.0.2
7f1d1deb0000-7f1d1deb1000 rw-p 00001000 09:00 2526115                    /usr/local/lib/scilab-5.2.2/lib/scilab/libsciwindows_tools.so.5.0.2
7f1d1deb1000-7f1d1deb2000 rw-p 00000000 00:00 0 
7f1d1deb2000-7f1d1deb5000 r-xp 00000000 09:00 2526016                    /usr/local/lib/scilab-5.2.2/lib/scilab/libscitime.so.5.0.2
7f1d1deb5000-7f1d1e0b5000 ---p 00003000 09:00 2526016                    /usr/local/lib/scilab-5.2.2/lib/scilab/libscitime.so.5.0.2
7f1d1e0b5000-7f1d1e0b6000 r--p 00003000 09:00 2526016                    /usr/local/lib/scilab-5.2.2/lib/scilab/libscitime.so.5.0.2
7f1d1e0b6000-7f1d1e0b7000 rw-p 00004000 09:00 2526016                    /usr/local/lib/scilab-5.2.2/lib/scilab/libscitime.so.5.0.2
7f1d1e0b7000-7f1d1e0d1000 r-xp 00000000 09:00 2526195                    /usr/local/lib/scilab-5.2.2/lib/scilab/libscistatistics.so.5.0.2
7f1d1e0d1000-7f1d1e2d0000 ---p 0001a000 09:00 2526195                    /usr/local/lib/scilab-5.2.2/lib/scilab/libscistatistics.so.5.0.2
7f1d1e2d0000-7f1d1e2d1000 r--p 00019000 09:00 2526195                    /usr/local/lib/scilab-5.2.2/lib/scilab/libscistatistics.so.5.0.2
7f1d1e2d1000-7f1d1e2d2000 rw-p 0001a000 09:00 2526195                    /usr/local/lib/scilab-5.2.2/lib/scilab/libscistatistics.so.5.0.2
7f1d1e2d2000-7f1d1e38c000 rw-p 00000000 00:00 0 
7f1d1e38c000-7f1d1e396000 r-xp 00000000 09:00 2526153                    /usr/local/lib/scilab-5.2.2/lib/scilab/libscispecial_functions.so.5.0.2
7f1d1e396000-7f1d1e596000 ---p 0000a000 09:00 2526153                    /usr/local/lib/scilab-5.2.2/lib/scilab/libscispecial_functions.so.5.0.2
7f1d1e596000-7f1d1e597000 r--p 0000a000 09:00 2526153                    /usr/local/lib/scilab-5.2.2/lib/scilab/libscispecial_functions.so.5.0.2
7f1d1e597000-7f1d1e598000 rw-p 0000b000 09:00 2526153                    /usr/local/lib/scilab-5.2.2/lib/scilab/libscispecial_functions.so.5.0.2
7f1d1e598000-7f1d1e653000 rw-p 00000000 00:00 0 
7f1d1e653000-7f1d1e655000 r-xp 00000000 09:00 2526013                    /usr/local/lib/scilab-5.2.2/lib/scilab/libsciintersci.so.5.0.2
7f1d1e655000-7f1d1e854000 ---p 00002000 09:00 2526013                    /usr/local/lib/scilab-5.2.2/lib/scilab/libsciintersci.so.5.0.2
7f1d1e854000-7f1d1e855000 r--p 00001000 09:00 2526013                    /usr/local/lib/scilab-5.2.2/lib/scilab/libsciintersci.so.5.0.2
7f1d1e855000-7f1d1e856000 rw-p 00002000 09:00 2526013                    /usr/local/lib/scilab-5.2.2/lib/scilab/libsciintersci.so.5.0.2
7f1d1e856000-7f1d1e85f000 r-xp 00000000 09:00 2525981                    /usr/local/lib/scilab-5.2.2/lib/scilab/libsciboolean.so.5.0.2
7f1d1e85f000-7f1d1ea5e000 ---p 00009000 09:00 2525981                    /usr/local/lib/scilab-5.2.2/lib/scilab/libsciboolean.so.5.0.2
7f1d1ea5e000-7f1d1ea5f000 r--p 00008000 09:00 2525981                    /usr/local/lib/scilab-5.2.2/lib/scilab/libsciboolean.so.5.0.2
7f1d1ea5f000-7f1d1ea60000 rw-p 00009000 09:00 2525981                    /usr/local/lib/scilab-5.2.2/lib/scilab/libsciboolean.so.5.0.2
7f1d1ea60000-7f1d1eb1a000 rw-p 00000000 00:00 0 
7f1d1eb1a000-7f1d1eb2b000 r-xp 00000000 09:00 2526129                    /usr/local/lib/scilab-5.2.2/lib/scilab/libscidouble.so.5.0.2
7f1d1eb2b000-7f1d1ed2a000 ---p 00011000 09:00 2526129                    /usr/local/lib/scilab-5.2.2/lib/scilab/libscidouble.so.5.0.2
7f1d1ed2a000-7f1d1ed2b000 r--p 00010000 09:00 2526129                    /usr/local/lib/scilab-5.2.2/lib/scilab/libscidouble.so.5.0.2
7f1d1ed2b000-7f1d1ed2c000 rw-p 00011000 09:00 2526129                    /usr/local/lib/scilab-5.2.2/lib/scilab/libscidouble.so.5.0.2
7f1d1ed2c000-7f1d1ede7000 rw-p 00000000 00:00 0 
7f1d1ede7000-7f1d1edea000 r-xp 00000000 09:00 2526089                    /usr/local/lib/scilab-5.2.2/lib/scilab/libscicall_scilab.so.5.0.2
7f1d1edea000-7f1d1efe9000 ---p 00003000 09:00 2526089                    /usr/local/lib/scilab-5.2.2/lib/scilab/libscicall_scilab.so.5.0.2
7f1d1efe9000-7f1d1efea000 r--p 00002000 09:00 2526089                    /usr/local/lib/scilab-5.2.2/lib/scilab/libscicall_scilab.so.5.0.2
7f1d1efea000-7f1d1efeb000 rw-p 00003000 09:00 2526089                    /usr/local/lib/scilab-5.2.2/lib/scilab/libscicall_scilab.so.5.0.2
7f1d1efeb000-7f1d1efec000 r-xp 00000000 09:00 2526188                    /usr/local/lib/scilab-5.2.2/lib/scilab/libscilab.so.0.0.0
7f1d1efec000-7f1d1f1ec000 ---p 00001000 09:00 2526188                    /usr/local/lib/scilab-5.2.2/lib/scilab/libscilab.so.0.0.0
7f1d1f1ec000-7f1d1f1ed000 r--p 00001000 09:00 2526188                    /usr/local/lib/scilab-5.2.2/lib/scilab/libscilab.so.0.0.0
7f1d1f1ed000-7f1d1f1ee000 rw-p 00002000 09:00 2526188                    /usr/local/lib/scilab-5.2.2/lib/scilab/libscilab.so.0.0.0
7f1d1f1ee000-7f1d1f204000 r-xp 00000000 09:00 2526123                    /usr/local/lib/scilab-5.2.2/lib/scilab/libsciio.so.5.0.2
7f1d1f204000-7f1d1f403000 ---p 00016000 09:00 2526123                    /usr/local/lib/scilab-5.2.2/lib/scilab/libsciio.so.5.0.2
7f1d1f403000-7f1d1f404000 r--p 00015000 09:00 2526123                    /usr/local/lib/scilab-5.2.2/lib/scilab/libsciio.so.5.0.2
7f1d1f404000-7f1d1f405000 rw-p 00016000 09:00 2526123                    /usr/local/lib/scilab-5.2.2/lib/scilab/libsciio.so.5.0.2
7f1d1f405000-7f1d1f4c0000 rw-p 00000000 00:00 0 
7f1d1f4c0000-7f1d1f4c4000 r-xp 00000000 09:00 2526027                    /usr/local/lib/scilab-5.2.2/lib/scilab/libscilocalization.so.5.0.2
7f1d1f4c4000-7f1d1f6c3000 ---p 00004000 09:00 2526027                    /usr/local/lib/scilab-5.2.2/lib/scilab/libscilocalization.so.5.0.2
7f1d1f6c3000-7f1d1f6c4000 r--p 00003000 09:00 2526027                    /usr/local/lib/scilab-5.2.2/lib/scilab/libscilocalization.so.5.0.2
7f1d1f6c4000-7f1d1f6c9000 rw-p 00004000 09:00 2526027                    /usr/local/lib/scilab-5.2.2/lib/scilab/libscilocalization.so.5.0.2
7f1d1f6c9000-7f1d1f6d0000 r-xp 00000000 09:00 2526055                    /usr/local/lib/scilab-5.2.2/lib/scilab/libscicompletion.so.5.0.2
7f1d1f6d0000-7f1d1f8cf000 ---p 00007000 09:00 2526055                    /usr/local/lib/scilab-5.2.2/lib/scilab/libscicompletion.so.5.0.2
7f1d1f8cf000-7f1d1f8d0000 r--p 00006000 09:00 2526055                    /usr/local/lib/scilab-5.2.2/lib/scilab/libscicompletion.so.5.0.2
7f1d1f8d0000-7f1d1f8d1000 rw-p 00007000 09:00 2526055                    /usr/local/lib/scilab-5.2.2/lib/scilab/libscicompletion.so.5.0.2
7f1d1f8d1000-7f1d1f957000 r-xp 00000000 09:00 2526131                    /usr/local/lib/scilab-5.2.2/lib/scilab/libscicore.so.5.0.2
7f1d1f957000-7f1d1fb57000 ---p 00086000 09:00 2526131                    /usr/local/lib/scilab-5.2.2/lib/scilab/libscicore.so.5.0.2
7f1d1fb57000-7f1d1fb59000 r--p 00086000 09:00 2526131                    /usr/local/lib/scilab-5.2.2/lib/scilab/libscicore.so.5.0.2
7f1d1fb59000-7f1d1fb5c000 rw-p 00088000 09:00 2526131                    /usr/local/lib/scilab-5.2.2/lib/scilab/libscicore.so.5.0.2
7f1d1fb5c000-7f1d1fc5a000 rw-p 00000000 00:00 0 
7f1d1fc5a000-7f1d1fc63000 r-xp 00000000 09:00 2525955                    /usr/local/lib/scilab-5.2.2/lib/scilab/libscishell.so.5.0.2
7f1d1fc63000-7f1d1fe63000 ---p 00009000 09:00 2525955                    /usr/local/lib/scilab-5.2.2/lib/scilab/libscishell.so.5.0.2
7f1d1fe63000-7f1d1fe64000 r--p 00009000 09:00 2525955                    /usr/local/lib/scilab-5.2.2/lib/scilab/libscishell.so.5.0.2
7f1d1fe64000-7f1d1fe65000 rw-p 0000a000 09:00 2525955                    /usr/local/lib/scilab-5.2.2/lib/scilab/libscishell.so.5.0.2
7f1d1fe65000-7f1d1fe67000 rw-p 00000000 00:00 0 
7fffd0d4b000-7fffd0d4e000 ---p 00000000 00:00 0 
7fffd0d4e000-7fffd0e4b000 rwxp 00000000 00:00 0                          [stack]
7fffd0e4b000-7fffd0e4c000 rw-p 00000000 00:00 0 
7fffd0fff000-7fffd1000000 r-xp 00000000 00:00 0                          [vdso]
ffffffffff600000-ffffffffff601000 r-xp 00000000 00:00 0                  [vsyscall]

VM Arguments:
jvm_args: -Djava.library.path= -Djava.compiler=JIT -Xmx256m -Dapple.laf.useScreenMenuBar=true 
java_command: <unknown>
Launcher Type: generic

Environment Variables:
JAVA_HOME=/usr/local/lib/scilab-5.2.2/thirdparty/java
JRE_HOME=/usr/local/lib/scilab-5.2.2/thirdparty/java
CLASSPATH=/usr/local/lib/scilab-5.2.2/thirdparty:/usr/local/lib/scilab-5.2.2/thirdparty/java/lib
PATH=/usr/local/lib/scilab-5.2.2/bin:/usr/local/bin:/usr/lib64/qt-3.3/bin:/usr/kerberos/bin:/usr/lib64/ccache:/usr/local/bin:/bin:/usr/bin:/usr/lib64/paraview-3.6.1-Linux-x86_64/bin/:/usr/local/sbin:/usr/sbin:/sbin:/usr/lib64/paraview-3.6.1-Linux-x86_64/bin/:/home/M2SITN/delanoue/bin:/usr/lib64/paraview-3.6.1-Linux-x86_64/bin/:/usr/local/lib/scilab-5.2.2/share/scilab/modules/scicos/
LD_LIBRARY_PATH=/usr/local/lib/scilab-5.2.2/share/scilab/bin:/usr/local/lib/scilab-5.2.2/share/scilab/lib/scilab/:/usr/local/lib/scilab-5.2.2/share/scilab/lib64/scilab/:/usr/local/lib/scilab-5.2.2/lib/scilab:/usr/local/lib/scilab-5.2.2/lib/thirdparty:/usr/local/lib/scilab-5.2.2/thirdparty/java/lib/amd64:/usr/local/lib/scilab-5.2.2/thirdparty/java/lib/amd64/server:/usr/local/lib/scilab-5.2.2/thirdparty/java/lib/amd64/native_threads
SHELL=/bin/bash
DISPLAY=:2005.0

Signal Handlers:
SIGSEGV: [libjvm.so+0x70f1a0], sa_mask[0]=0x7ffbfeff, sa_flags=0x10000004
SIGBUS: [libjvm.so+0x70f1a0], sa_mask[0]=0x7ffbfeff, sa_flags=0x10000004
SIGFPE: [libjvm.so+0x5d7f70], sa_mask[0]=0x7ffbfeff, sa_flags=0x10000004
SIGPIPE: SIG_IGN, sa_mask[0]=0x00001000, sa_flags=0x10000000
SIGXFSZ: [libjvm.so+0x5d7f70], sa_mask[0]=0x7ffbfeff, sa_flags=0x10000004
SIGILL: [libjvm.so+0x5d7f70], sa_mask[0]=0x7ffbfeff, sa_flags=0x10000004
SIGUSR1: SIG_DFL, sa_mask[0]=0x00000000, sa_flags=0x00000000
SIGUSR2: [libjvm.so+0x5da790], sa_mask[0]=0x00000000, sa_flags=0x10000004
SIGHUP: [libjvm.so+0x5da4e0], sa_mask[0]=0x7ffbfeff, sa_flags=0x10000004
SIGINT: [libscicore.so.5+0x2c190], sa_mask[0]=0x00000002, sa_flags=0x10000000
SIGTERM: [libjvm.so+0x5da4e0], sa_mask[0]=0x7ffbfeff, sa_flags=0x10000004
SIGQUIT: [libjvm.so+0x5da4e0], sa_mask[0]=0x7ffbfeff, sa_flags=0x10000004


---------------  S Y S T E M  ---------------

OS:Fedora release 11 (Leonidas)

uname:Linux 2.6.30.9-90.fc11.x86_64 #1 SMP Sat Oct 17 11:25:35 EDT 2009 x86_64
libc:glibc 2.10.1 NPTL 2.10.1 
rlimit: STACK 10240k, CORE 0k, NPROC 1024, NOFILE 1024, AS infinity
load average:0.28 0.16 0.10

CPU:total 16 (8 cores per cpu, 2 threads per core) family 6 model 26 stepping 5, cmov, cx8, fxsr, mmx, sse, sse2, sse3, ssse3, sse4.1, sse4.2, popcnt, ht

Memory: 4k page, physical 49065876k(5389396k free), swap 50331632k(50029696k free)

vm_info: Java HotSpot(TM) 64-Bit Server VM (16.0-b13) for linux-amd64 JRE (1.6.0_18-b07), built on Dec 17 2009 13:42:22 by "java_re" with gcc 3.2.2 (SuSE Linux)

time: Tue Jul 13 09:09:19 2010
elapsed time: 67185 seconds

