#
# A fatal error has been detected by the Java Runtime Environment:
#
#  SIGSEGV (0xb) at pc=0x00007feb190ec440, pid=22803, tid=140649097815824
#
# JRE version: 6.0_18-b07
# Java VM: Java HotSpot(TM) 64-Bit Server VM (16.0-b13 mixed mode linux-amd64 )
# Problematic frame:
# C  [libGL.so.1+0x7f440]
#
# If you would like to submit a bug report, please visit:
#   http://java.sun.com/webapps/bugreport/crash.jsp
# The crash happened outside the Java Virtual Machine in native code.
# See problematic frame for where to report the bug.
#

---------------  T H R E A D  ---------------

Current thread (0x0000000001e80000):  JavaThread "main" [_thread_in_native, id=22803, stack(0x00007ffff40e5000,0x00007ffff41e5000)]

siginfo:si_signo=SIGSEGV: si_errno=0, si_code=1 (SEGV_MAPERR), si_addr=0x0000000000000000

Registers:
RAX=0x0000000000000000, RBX=0x00000000020b49a0, RCX=0x0000003be3769e88, RDX=0x0000000000000000
RSP=0x00007ffff41e4390, RBP=0x00007feb1922e020, RSI=0x0000000000000000, RDI=0x0000003be3769e80
R8 =0x0000000000000000, R9 =0x0000000000000000, R10=0x00007ffff41e4130, R11=0x0000000000000000
R12=0x0000003bf0420790, R13=0x00007feb19244360, R14=0x0000000001fba0b0, R15=0x0000000000000050
RIP=0x00007feb190ec440, EFL=0x0000000000010246, CSGSFS=0x0000000000000033, ERR=0x0000000000000004
  TRAPNO=0x000000000000000e

Top of Stack: (sp=0x00007ffff41e4390)
0x00007ffff41e4390:   00007feb1922e020 0000000000005913
0x00007ffff41e43a0:   0000003bf0420790 00007feb190dd4e5
0x00007ffff41e43b0:   00007ffff41e43c0 000000000000008a
0x00007ffff41e43c0:   00007ffff41e48b0 0000000000000000
0x00007ffff41e43d0:   0000003be301f008 0000003be2e0f0cc
0x00007ffff41e43e0:   00007feb76490000 00007feb76490590
0x00007ffff41e43f0:   00007feb75ae9508 00007feb7079c000
0x00007ffff41e4400:   00007feb7648fa38 00007feb76283510
0x00007ffff41e4410:   00007feb76283a30 00007feb744dba30
0x00007ffff41e4420:   00007feb75ae9000 00007feb75ae9a18
0x00007ffff41e4430:   00007feb75410000 00007feb75410520
0x00007ffff41e4440:   00007feb75410a40 00007feb74c7c000
0x00007ffff41e4450:   00007feb74c7c530 00007feb74c7ca48
0x00007ffff41e4460:   00007feb744db520 00007feb73dcc000
0x00007ffff41e4470:   00007feb73dcc518 00007feb73dcca28
0x00007ffff41e4480:   00007feb73538000 00007feb73538520
0x00007ffff41e4490:   00007feb73538a58 00007feb72dea000
0x00007ffff41e44a0:   00007feb72dea530 00007feb72deaa58
0x00007ffff41e44b0:   00007feb72550000 00007feb72550518
0x00007ffff41e44c0:   00007feb71d38000 00007feb71d38510
0x00007ffff41e44d0:   00007feb71d38a30 00007feb715de520
0x00007ffff41e44e0:   00007feb715dea38 00007feb70f67a60
0x00007ffff41e44f0:   00007feb7079c528 00007feb7079ca60
0x00007ffff41e4500:   00007feb7017b000 00007feb7017b510
0x00007ffff41e4510:   00007feb7017ba30 00007feb6fa73530
0x00007ffff41e4520:   00007feb6fa73a50 00007feb6f2cea48
0x00007ffff41e4530:   00007feb6ecb6000 00007feb76283000
0x00007ffff41e4540:   00007feb744db000 00007feb72550a28
0x00007ffff41e4550:   00007feb715de000 00007feb70f67000
0x00007ffff41e4560:   00007feb70f67528 00007feb6fa73000
0x00007ffff41e4570:   00007feb6f2ce000 00007feb6f2ce520
0x00007ffff41e4580:   00007feb6ecb6508 00007feb6ecb6a18 

Instructions: (pc=0x00007feb190ec440)
0x00007feb190ec430:   10 48 85 d2 74 43 48 8b 42 10 48 8b 5a 08 31 d2
0x00007feb190ec440:   44 8b 20 48 89 df 44 89 e6 e8 42 a9 fb ff 31 d2 

Stack: [0x00007ffff40e5000,0x00007ffff41e5000],  sp=0x00007ffff41e4390,  free space=3fc0000000000000018k
Native frames: (J=compiled Java code, j=interpreted, Vv=VM code, C=native code)
C  [libGL.so.1+0x7f440]


---------------  P R O C E S S  ---------------

Java Threads: ( => current thread )
  0x00007feacc009800 JavaThread "Thread-17" [_thread_blocked, id=22899, stack(0x00007feb1a218000,0x00007feb1ac19000)]
  0x00007feacc006000 JavaThread "Thread-16" [_thread_in_native, id=22898, stack(0x00007feb1a218000,0x00007feb1ac19000)]
  0x00007feacc008800 JavaThread "Thread-7" [_thread_in_native, id=22843, stack(0x00007feb1a218000,0x00007feb1ac19000)]
  0x00007feacc002800 JavaThread "Thread-6" [_thread_in_native, id=22842, stack(0x00007feb1a218000,0x00007feb1ac19000)]
  0x00007feacc001000 JavaThread "Thread-5" [_thread_in_native, id=22839, stack(0x00007feb1a218000,0x00007feb1ac19000)]
  0x0000000002412000 JavaThread "TimerQueue" daemon [_thread_blocked, id=22837, stack(0x00007feb1b428000,0x00007feb1b529000)]
  0x0000000002359000 JavaThread "AWT-EventQueue-0" [_thread_blocked, id=22836, stack(0x00007feb1b529000,0x00007feb1b62a000)]
  0x0000000002362000 JavaThread "AWT-Shutdown" [_thread_blocked, id=22835, stack(0x00007feb1b62a000,0x00007feb1b72b000)]
  0x0000000002128800 JavaThread "AWT-XAWT" daemon [_thread_in_native, id=22829, stack(0x00007feb442a3000,0x00007feb443a4000)]
  0x00000000020da000 JavaThread "Java2D Disposer" daemon [_thread_blocked, id=22828, stack(0x00007feb445c3000,0x00007feb446c4000)]
  0x0000000001f75000 JavaThread "Low Memory Detector" daemon [_thread_blocked, id=22826, stack(0x00007feb44d1c000,0x00007feb44e1d000)]
  0x0000000001f73000 JavaThread "CompilerThread1" daemon [_thread_in_native, id=22825, stack(0x00007feb44e1d000,0x00007feb44f1e000)]
  0x0000000001f70000 JavaThread "CompilerThread0" daemon [_thread_blocked, id=22824, stack(0x00007feb44f1e000,0x00007feb4501f000)]
  0x0000000001f6e000 JavaThread "Signal Dispatcher" daemon [_thread_blocked, id=22823, stack(0x00007feb4501f000,0x00007feb45120000)]
  0x0000000001f51800 JavaThread "Finalizer" daemon [_thread_blocked, id=22822, stack(0x00007feb45120000,0x00007feb45221000)]
  0x0000000001f4f800 JavaThread "Reference Handler" daemon [_thread_blocked, id=22821, stack(0x00007feb45221000,0x00007feb45322000)]
=>0x0000000001e80000 JavaThread "main" [_thread_in_native, id=22803, stack(0x00007ffff40e5000,0x00007ffff41e5000)]

Other Threads:
  0x0000000001f4b000 VMThread [stack: 0x00007feb45322000,0x00007feb45423000] [id=22820]
  0x0000000001f77800 WatcherThread [stack: 0x00007feb44c1b000,0x00007feb44d1c000] [id=22827]

VM state:not at safepoint (normal execution)

VM Mutex/Monitor currently owned by a thread: None

Heap
 PSYoungGen      total 76480K, used 68549K [0x00007feb57030000, 0x00007feb5c580000, 0x00007feb5c580000)
  eden space 65600K, 87% used [0x00007feb57030000,0x00007feb5a885210,0x00007feb5b040000)
  from space 10880K, 99% used [0x00007feb5b040000,0x00007feb5badc580,0x00007feb5bae0000)
  to   space 10880K, 0% used [0x00007feb5bae0000,0x00007feb5bae0000,0x00007feb5c580000)
 PSOldGen        total 174784K, used 4154K [0x00007feb4c580000, 0x00007feb57030000, 0x00007feb57030000)
  object space 174784K, 2% used [0x00007feb4c580000,0x00007feb4c98ebf8,0x00007feb57030000)
 PSPermGen       total 29696K, used 29614K [0x00007feb47180000, 0x00007feb48e80000, 0x00007feb4c580000)
  object space 29696K, 99% used [0x00007feb47180000,0x00007feb48e6bbf0,0x00007feb48e80000)

Dynamic libraries:
00400000-00402000 r-xp 00000000 09:00 2526212                            /usr/local/lib/scilab-5.2.2/bin/scilab-bin
00601000-00602000 r--p 00001000 09:00 2526212                            /usr/local/lib/scilab-5.2.2/bin/scilab-bin
00602000-00603000 rw-p 00002000 09:00 2526212                            /usr/local/lib/scilab-5.2.2/bin/scilab-bin
01e70000-02bd4000 rw-p 00000000 00:00 0                                  [heap]
40f39000-40f3b000 rwxp 00000000 00:0f 703                                /dev/zero
3be2e00000-3be2e1f000 r-xp 00000000 09:00 3622                           /lib64/ld-2.10.1.so
3be301e000-3be301f000 r--p 0001e000 09:00 3622                           /lib64/ld-2.10.1.so
3be301f000-3be3020000 rw-p 0001f000 09:00 3622                           /lib64/ld-2.10.1.so
3be3200000-3be3201000 r-xp 00000000 09:00 55465                          /usr/lib64/nvidia/tls/libnvidia-tls.so.185.18.36
3be3201000-3be3301000 ---p 00001000 09:00 55465                          /usr/lib64/nvidia/tls/libnvidia-tls.so.185.18.36
3be3301000-3be3302000 rw-p 00001000 09:00 55465                          /usr/lib64/nvidia/tls/libnvidia-tls.so.185.18.36
3be3400000-3be3564000 r-xp 00000000 09:00 6311                           /lib64/libc-2.10.1.so
3be3564000-3be3764000 ---p 00164000 09:00 6311                           /lib64/libc-2.10.1.so
3be3764000-3be3768000 r--p 00164000 09:00 6311                           /lib64/libc-2.10.1.so
3be3768000-3be3769000 rw-p 00168000 09:00 6311                           /lib64/libc-2.10.1.so
3be3769000-3be376e000 rw-p 00000000 00:00 0 
3be3800000-3be3802000 r-xp 00000000 09:00 270374                         /lib64/libdl-2.10.1.so
3be3802000-3be3a02000 ---p 00002000 09:00 270374                         /lib64/libdl-2.10.1.so
3be3a02000-3be3a03000 r--p 00002000 09:00 270374                         /lib64/libdl-2.10.1.so
3be3a03000-3be3a04000 rw-p 00003000 09:00 270374                         /lib64/libdl-2.10.1.so
3be3c00000-3be3c82000 r-xp 00000000 09:00 11622                          /lib64/libm-2.10.1.so
3be3c82000-3be3e82000 ---p 00082000 09:00 11622                          /lib64/libm-2.10.1.so
3be3e82000-3be3e83000 r--p 00082000 09:00 11622                          /lib64/libm-2.10.1.so
3be3e83000-3be3e84000 rw-p 00083000 09:00 11622                          /lib64/libm-2.10.1.so
3be4000000-3be4017000 r-xp 00000000 09:00 262769                         /lib64/libpthread-2.10.1.so
3be4017000-3be4216000 ---p 00017000 09:00 262769                         /lib64/libpthread-2.10.1.so
3be4216000-3be4217000 r--p 00016000 09:00 262769                         /lib64/libpthread-2.10.1.so
3be4217000-3be4218000 rw-p 00017000 09:00 262769                         /lib64/libpthread-2.10.1.so
3be4218000-3be421c000 rw-p 00000000 00:00 0 
3be4800000-3be4934000 r-xp 00000000 09:00 262666                         /usr/lib64/libX11.so.6.2.0
3be4934000-3be4b33000 ---p 00134000 09:00 262666                         /usr/lib64/libX11.so.6.2.0
3be4b33000-3be4b39000 rw-p 00133000 09:00 262666                         /usr/lib64/libX11.so.6.2.0
3be4c00000-3be4c02000 r-xp 00000000 09:00 262162                         /usr/lib64/libXau.so.6.0.0
3be4c02000-3be4e01000 ---p 00002000 09:00 262162                         /usr/lib64/libXau.so.6.0.0
3be4e01000-3be4e02000 rw-p 00001000 09:00 262162                         /usr/lib64/libXau.so.6.0.0
3be5000000-3be501a000 r-xp 00000000 09:00 262665                         /usr/lib64/libxcb.so.1.1.0
3be501a000-3be521a000 ---p 0001a000 09:00 262665                         /usr/lib64/libxcb.so.1.1.0
3be521a000-3be521b000 rw-p 0001a000 09:00 262665                         /usr/lib64/libxcb.so.1.1.0
3be5400000-3be541c000 r-xp 00000000 09:00 262763                         /lib64/libselinux.so.1
3be541c000-3be561b000 ---p 0001c000 09:00 262763                         /lib64/libselinux.so.1
3be561b000-3be561c000 r--p 0001b000 09:00 262763                         /lib64/libselinux.so.1
3be561c000-3be561d000 rw-p 0001c000 09:00 262763                         /lib64/libselinux.so.1
3be561d000-3be561e000 rw-p 00000000 00:00 0 
3be5800000-3be5811000 r-xp 00000000 09:00 262755                         /usr/lib64/libXext.so.6.4.0
3be5811000-3be5a11000 ---p 00011000 09:00 262755                         /usr/lib64/libXext.so.6.4.0
3be5a11000-3be5a12000 rw-p 00011000 09:00 262755                         /usr/lib64/libXext.so.6.4.0
3be5c00000-3be5cdd000 r-xp 00000000 09:00 262670                         /lib64/libglib-2.0.so.0.2000.5
3be5cdd000-3be5edc000 ---p 000dd000 09:00 262670                         /lib64/libglib-2.0.so.0.2000.5
3be5edc000-3be5ede000 rw-p 000dc000 09:00 262670                         /lib64/libglib-2.0.so.0.2000.5
3be6000000-3be6007000 r-xp 00000000 09:00 262770                         /lib64/librt-2.10.1.so
3be6007000-3be6206000 ---p 00007000 09:00 262770                         /lib64/librt-2.10.1.so
3be6206000-3be6207000 r--p 00006000 09:00 262770                         /lib64/librt-2.10.1.so
3be6207000-3be6208000 rw-p 00007000 09:00 262770                         /lib64/librt-2.10.1.so
3be6400000-3be6441000 r-xp 00000000 09:00 262671                         /lib64/libgobject-2.0.so.0.2000.5
3be6441000-3be6641000 ---p 00041000 09:00 262671                         /lib64/libgobject-2.0.so.0.2000.5
3be6641000-3be6643000 rw-p 00041000 09:00 262671                         /lib64/libgobject-2.0.so.0.2000.5
3be6800000-3be6826000 r-xp 00000000 09:00 95997                          /lib64/libexpat.so.1.5.2
3be6826000-3be6a25000 ---p 00026000 09:00 95997                          /lib64/libexpat.so.1.5.2
3be6a25000-3be6a28000 rw-p 00025000 09:00 95997                          /lib64/libexpat.so.1.5.2
3be6c00000-3be6c03000 r-xp 00000000 09:00 262672                         /lib64/libgmodule-2.0.so.0.2000.5
3be6c03000-3be6e02000 ---p 00003000 09:00 262672                         /lib64/libgmodule-2.0.so.0.2000.5
3be6e02000-3be6e03000 rw-p 00002000 09:00 262672                         /lib64/libgmodule-2.0.so.0.2000.5
3be7000000-3be7093000 r-xp 00000000 09:00 95977                          /usr/lib64/libfreetype.so.6.3.20
3be7093000-3be7293000 ---p 00093000 09:00 95977                          /usr/lib64/libfreetype.so.6.3.20
3be7293000-3be7299000 rw-p 00093000 09:00 95977                          /usr/lib64/libfreetype.so.6.3.20
3be7400000-3be7425000 r-xp 00000000 09:00 270373                         /usr/lib64/libpng12.so.0.37.0
3be7425000-3be7624000 ---p 00025000 09:00 270373                         /usr/lib64/libpng12.so.0.37.0
3be7624000-3be7625000 rw-p 00024000 09:00 270373                         /usr/lib64/libpng12.so.0.37.0
3be7800000-3be7833000 r-xp 00000000 09:00 130668                         /usr/lib64/libfontconfig.so.1.4.1
3be7833000-3be7a32000 ---p 00033000 09:00 130668                         /usr/lib64/libfontconfig.so.1.4.1
3be7a32000-3be7a34000 rw-p 00032000 09:00 130668                         /usr/lib64/libfontconfig.so.1.4.1
3be7c00000-3be7c75000 r-xp 00000000 09:00 262764                         /lib64/libgio-2.0.so.0.2000.5
3be7c75000-3be7e75000 ---p 00075000 09:00 262764                         /lib64/libgio-2.0.so.0.2000.5
3be7e75000-3be7e77000 rw-p 00075000 09:00 262764                         /lib64/libgio-2.0.so.0.2000.5
3be7e77000-3be7e78000 rw-p 00000000 00:00 0 
3be8000000-3be803b000 r-xp 00000000 09:00 125888                         /usr/lib64/libibus.so.1.0.0
3be803b000-3be823b000 ---p 0003b000 09:00 125888                         /usr/lib64/libibus.so.1.0.0
3be823b000-3be823e000 rw-p 0003b000 09:00 125888                         /usr/lib64/libibus.so.1.0.0
3be8400000-3be8409000 r-xp 00000000 09:00 262668                         /usr/lib64/libXrender.so.1.3.0
3be8409000-3be8608000 ---p 00009000 09:00 262668                         /usr/lib64/libXrender.so.1.3.0
3be8608000-3be8609000 rw-p 00008000 09:00 262668                         /usr/lib64/libXrender.so.1.3.0
3be8800000-3be8802000 r-xp 00000000 09:00 262756                         /usr/lib64/libXinerama.so.1.0.0
3be8802000-3be8a01000 ---p 00002000 09:00 262756                         /usr/lib64/libXinerama.so.1.0.0
3be8a01000-3be8a02000 rw-p 00001000 09:00 262756                         /usr/lib64/libXinerama.so.1.0.0
3be8c00000-3be8c08000 r-xp 00000000 09:00 262758                         /usr/lib64/libXrandr.so.2.2.0
3be8c08000-3be8e07000 ---p 00008000 09:00 262758                         /usr/lib64/libXrandr.so.2.2.0
3be8e07000-3be8e08000 rw-p 00007000 09:00 262758                         /usr/lib64/libXrandr.so.2.2.0
3be9000000-3be9004000 r-xp 00000000 09:00 262771                         /lib64/libgthread-2.0.so.0.2000.5
3be9004000-3be9203000 ---p 00004000 09:00 262771                         /lib64/libgthread-2.0.so.0.2000.5
3be9203000-3be9204000 rw-p 00003000 09:00 262771                         /lib64/libgthread-2.0.so.0.2000.5
3be9400000-3be9409000 r-xp 00000000 09:00 262760                         /usr/lib64/libXcursor.so.1.0.2
3be9409000-3be9609000 ---p 00009000 09:00 262760                         /usr/lib64/libXcursor.so.1.0.2
3be9609000-3be960a000 rw-p 00009000 09:00 262760                         /usr/lib64/libXcursor.so.1.0.2
3be9800000-3be9805000 r-xp 00000000 09:00 262759                         /usr/lib64/libXfixes.so.3.1.0
3be9805000-3be9a04000 ---p 00005000 09:00 262759                         /usr/lib64/libXfixes.so.3.1.0
3be9a04000-3be9a05000 rw-p 00004000 09:00 262759                         /usr/lib64/libXfixes.so.3.1.0
3bea400000-3bea409000 r-xp 00000000 09:00 262757                         /usr/lib64/libXi.so.6.0.0
3bea409000-3bea609000 ---p 00009000 09:00 262757                         /usr/lib64/libXi.so.6.0.0
3bea609000-3bea60a000 rw-p 00009000 09:00 262757                         /usr/lib64/libXi.so.6.0.0
3bea800000-3bea804000 r-xp 00000000 09:00 27035                          /lib64/libattr.so.1.1.0
3bea804000-3beaa03000 ---p 00004000 09:00 27035                          /lib64/libattr.so.1.1.0
3beaa03000-3beaa04000 rw-p 00003000 09:00 27035                          /lib64/libattr.so.1.1.0
3beac00000-3beac1d000 r-xp 00000000 09:00 262765                         /usr/lib64/libgdk_pixbuf-2.0.so.0.1600.6
3beac1d000-3beae1d000 ---p 0001d000 09:00 262765                         /usr/lib64/libgdk_pixbuf-2.0.so.0.1600.6
3beae1d000-3beae1e000 rw-p 0001d000 09:00 262765                         /usr/lib64/libgdk_pixbuf-2.0.so.0.1600.6
3beb000000-3beb004000 r-xp 00000000 09:00 270409                         /lib64/libcap.so.2.16
3beb004000-3beb203000 ---p 00004000 09:00 270409                         /lib64/libcap.so.2.16
3beb203000-3beb204000 rw-p 00003000 09:00 270409                         /lib64/libcap.so.2.16
3beb400000-3beb43c000 r-xp 00000000 09:00 262781                         /lib64/libdbus-1.so.3.4.0
3beb43c000-3beb63c000 ---p 0003c000 09:00 262781                         /lib64/libdbus-1.so.3.4.0
3beb63c000-3beb63d000 r--p 0003c000 09:00 262781                         /lib64/libdbus-1.so.3.4.0
3beb63d000-3beb63e000 rw-p 0003d000 09:00 262781                         /lib64/libdbus-1.so.3.4.0
3beb800000-3beb802000 r-xp 00000000 09:00 262761                         /usr/lib64/libXcomposite.so.1.0.0
3beb802000-3beba01000 ---p 00002000 09:00 262761                         /usr/lib64/libXcomposite.so.1.0.0
3beba01000-3beba02000 rw-p 00001000 09:00 262761                         /usr/lib64/libXcomposite.so.1.0.0
3bebc00000-3bebc2c000 r-xp 00000000 09:00 262674                         /usr/lib64/libpangoft2-1.0.so.0.2400.5
3bebc2c000-3bebe2b000 ---p 0002c000 09:00 262674                         /usr/lib64/libpangoft2-1.0.so.0.2400.5
3bebe2b000-3bebe2d000 rw-p 0002b000 09:00 262674                         /usr/lib64/libpangoft2-1.0.so.0.2400.5
3bec000000-3bec00b000 r-xp 00000000 09:00 262675                         /usr/lib64/libpangocairo-1.0.so.0.2400.5
3bec00b000-3bec20a000 ---p 0000b000 09:00 262675                         /usr/lib64/libpangocairo-1.0.so.0.2400.5
3bec20a000-3bec20b000 rw-p 0000a000 09:00 262675                         /usr/lib64/libpangocairo-1.0.so.0.2400.5
3bec400000-3bec41d000 r-xp 00000000 09:00 262767                         /usr/lib64/libatk-1.0.so.0.2511.1
3bec41d000-3bec61c000 ---p 0001d000 09:00 262767                         /usr/lib64/libatk-1.0.so.0.2511.1
3bec61c000-3bec61f000 rw-p 0001c000 09:00 262767                         /usr/lib64/libatk-1.0.so.0.2511.1
3bec800000-3becc21000 r-xp 00000000 09:00 262768                         /usr/lib64/libgtk-x11-2.0.so.0.1600.6
3becc21000-3bece20000 ---p 00421000 09:00 262768                         /usr/lib64/libgtk-x11-2.0.so.0.1600.6
3bece20000-3bece2b000 rw-p 00420000 09:00 262768                         /usr/lib64/libgtk-x11-2.0.so.0.1600.6
3bece2b000-3bece2d000 rw-p 00000000 00:00 0 
3bed000000-3bed043000 r-xp 00000000 09:00 66380                          /usr/lib64/libpixman-1.so.0.14.0
3bed043000-3bed242000 ---p 00043000 09:00 66380                          /usr/lib64/libpixman-1.so.0.14.0
3bed242000-3bed245000 rw-p 00042000 09:00 66380                          /usr/lib64/libpixman-1.so.0.14.0
3bed400000-3bed4a5000 r-xp 00000000 09:00 262766                         /usr/lib64/libgdk-x11-2.0.so.0.1600.6
3bed4a5000-3bed6a5000 ---p 000a5000 09:00 262766                         /usr/lib64/libgdk-x11-2.0.so.0.1600.6
3bed6a5000-3bed6aa000 rw-p 000a5000 09:00 262766                         /usr/lib64/libgdk-x11-2.0.so.0.1600.6
3bed800000-3bed846000 r-xp 00000000 09:00 262673                         /usr/lib64/libpango-1.0.so.0.2400.5
3bed846000-3beda46000 ---p 00046000 09:00 262673                         /usr/lib64/libpango-1.0.so.0.2400.5
3beda46000-3beda49000 rw-p 00046000 09:00 262673                         /usr/lib64/libpango-1.0.so.0.2400.5
3bedc00000-3bedc74000 r-xp 00000000 09:00 262669                         /usr/lib64/libcairo.so.2.10800.8
3bedc74000-3bede73000 ---p 00074000 09:00 262669                         /usr/lib64/libcairo.so.2.10800.8
3bede73000-3bede76000 rw-p 00073000 09:00 262669                         /usr/lib64/libcairo.so.2.10800.8
3bee000000-3bee002000 r-xp 00000000 09:00 262762                         /usr/lib64/libXdamage.so.1.1.0
3bee002000-3bee201000 ---p 00002000 09:00 262762                         /usr/lib64/libXdamage.so.1.1.0
3bee201000-3bee202000 rw-p 00001000 09:00 262762                         /usr/lib64/libXdamage.so.1.1.0
3bef000000-3bef016000 r-xp 00000000 09:00 6957                           /lib64/libnsl-2.10.1.so
3bef016000-3bef216000 ---p 00016000 09:00 6957                           /lib64/libnsl-2.10.1.so
3bef216000-3bef217000 r--p 00016000 09:00 6957                           /lib64/libnsl-2.10.1.so
3bef217000-3bef218000 rw-p 00017000 09:00 6957                           /lib64/libnsl-2.10.1.so
3bef218000-3bef21a000 rw-p 00000000 00:00 0 
3bef800000-3bef805000 r-xp 00000000 09:00 262772                         /usr/lib64/libXxf86vm.so.1.0.0
3bef805000-3befa04000 ---p 00005000 09:00 262772                         /usr/lib64/libXxf86vm.so.1.0.0
3befa04000-3befa05000 rw-p 00004000 09:00 262772                         /usr/lib64/libXxf86vm.so.1.0.0
3befc00000-3bf09da000 r-xp 00000000 09:00 34119                          /usr/lib64/nvidia/libGLcore.so.185.18.36
3bf09da000-3bf0ada000 ---p 00dda000 09:00 34119                          /usr/lib64/nvidia/libGLcore.so.185.18.36
3bf0ada000-3bf0f13000 rwxp 00dda000 09:00 34119                          /usr/lib64/nvidia/libGLcore.so.185.18.36
3bf0f13000-3bf0f26000 rwxp 00000000 00:00 0 
3bf2800000-3bf2802000 r-xp 00000000 09:00 107166                         /lib64/libutil-2.10.1.so
3bf2802000-3bf2a01000 ---p 00002000 09:00 107166                         /lib64/libutil-2.10.1.so
3bf2a01000-3bf2a02000 r--p 00001000 09:00 107166                         /lib64/libutil-2.10.1.so
3bf2a02000-3bf2a03000 rw-p 00002000 09:00 107166                         /lib64/libutil-2.10.1.so
3bf3000000-3bf3005000 r-xp 00000000 09:00 270436                         /usr/lib64/libXtst.so.6.1.0
3bf3005000-3bf3205000 ---p 00005000 09:00 270436                         /usr/lib64/libXtst.so.6.1.0
3bf3205000-3bf3206000 rw-p 00005000 09:00 270436                         /usr/lib64/libXtst.so.6.1.0
3bf6400000-3bf6414000 r-xp 00000000 09:00 29307                          /usr/lib64/libXft.so.2.1.13
3bf6414000-3bf6613000 ---p 00014000 09:00 29307                          /usr/lib64/libXft.so.2.1.13
3bf6613000-3bf6614000 rw-p 00013000 09:00 29307                          /usr/lib64/libXft.so.2.1.13
3bf6e00000-3bf6e02000 r-xp 00000000 09:00 81010                          /usr/lib64/libXss.so.1.0.0
3bf6e02000-3bf7002000 ---p 00002000 09:00 81010                          /usr/lib64/libXss.so.1.0.0
3bf7002000-3bf7003000 rw-p 00002000 09:00 81010                          /usr/lib64/libXss.so.1.0.0
7feac82f3000-7feacaa7b000 rw-p 00000000 00:00 0 
7feacc000000-7feacc021000 rw-p 00000000 00:00 0 
7feacc021000-7fead0000000 ---p 00000000 00:00 0 
7fead4000000-7fead4292000 rw-p 00000000 00:00 0 
7fead4292000-7fead8000000 ---p 00000000 00:00 0 
7fead8000000-7fead8021000 rw-p 00000000 00:00 0 
7fead8021000-7feadc000000 ---p 00000000 00:00 0 
7feadc000000-7feadc17e000 rw-p 00000000 00:00 0 
7feadc17e000-7feae0000000 ---p 00000000 00:00 0 
7feae0000000-7feae0021000 rw-p 00000000 00:00 0 
7feae0021000-7feae4000000 ---p 00000000 00:00 0 
7feae4000000-7feae4021000 rw-p 00000000 00:00 0 
7feae4021000-7feae8000000 ---p 00000000 00:00 0 
7feae8000000-7feae8021000 rw-p 00000000 00:00 0 
7feae8021000-7feaec000000 ---p 00000000 00:00 0 
7feaec000000-7feaec021000 rw-p 00000000 00:00 0 
7feaec021000-7feaf0000000 ---p 00000000 00:00 0 
7feaf0000000-7feaf0021000 rw-p 00000000 00:00 0 
7feaf0021000-7feaf4000000 ---p 00000000 00:00 0 
7feaf4000000-7feaf5e21000 rw-p 00000000 00:00 0 
7feaf5e21000-7feaf8000000 ---p 00000000 00:00 0 
7feaf8000000-7feaf9cfd000 rw-p 00000000 00:00 0 
7feaf9cfd000-7feafc000000 ---p 00000000 00:00 0 
7feafc000000-7feafc021000 rw-p 00000000 00:00 0 
7feafc021000-7feb00000000 ---p 00000000 00:00 0 
7feb00000000-7feb00021000 rw-p 00000000 00:00 0 
7feb00021000-7feb04000000 ---p 00000000 00:00 0 
7feb04000000-7feb04051000 rw-p 00000000 00:00 0 
7feb04051000-7feb08000000 ---p 00000000 00:00 0 
7feb08000000-7feb08021000 rw-p 00000000 00:00 0 
7feb08021000-7feb0c000000 ---p 00000000 00:00 0 
7feb0c000000-7feb0c021000 rw-p 00000000 00:00 0 
7feb0c021000-7feb10000000 ---p 00000000 00:00 0 
7feb10000000-7feb10021000 rw-p 00000000 00:00 0 
7feb10021000-7feb14000000 ---p 00000000 00:00 0 
7feb14000000-7feb14021000 rw-p 00000000 00:00 0 
7feb14021000-7feb18000000 ---p 00000000 00:00 0 
7feb18aa2000-7feb18c7a000 rw-s 00000000 00:08 1105264805                 /SYSV00000000 (deleted)
7feb18c7a000-7feb18c7c000 r-xp 00000000 09:00 2525838                    /usr/local/lib/scilab-5.2.2/lib/thirdparty/libjogl_awt.so
7feb18c7c000-7feb18d7b000 ---p 00002000 09:00 2525838                    /usr/local/lib/scilab-5.2.2/lib/thirdparty/libjogl_awt.so
7feb18d7b000-7feb18d7c000 rw-p 00001000 09:00 2525838                    /usr/local/lib/scilab-5.2.2/lib/thirdparty/libjogl_awt.so
7feb18d7c000-7feb18d7d000 r-xp 00000000 09:00 2526431                    /usr/local/lib/scilab-5.2.2/thirdparty/java/lib/amd64/libjawt.so
7feb18d7d000-7feb18e7c000 ---p 00001000 09:00 2526431                    /usr/local/lib/scilab-5.2.2/thirdparty/java/lib/amd64/libjawt.so
7feb18e7c000-7feb18e7d000 rw-p 00000000 09:00 2526431                    /usr/local/lib/scilab-5.2.2/thirdparty/java/lib/amd64/libjawt.so
7feb18e7d000-7feb18f6c000 r-xp 00000000 09:00 2525930                    /usr/local/lib/scilab-5.2.2/lib/thirdparty/libjogl.so
7feb18f6c000-7feb1906c000 ---p 000ef000 09:00 2525930                    /usr/local/lib/scilab-5.2.2/lib/thirdparty/libjogl.so
7feb1906c000-7feb1906d000 rw-p 000ef000 09:00 2525930                    /usr/local/lib/scilab-5.2.2/lib/thirdparty/libjogl.so
7feb1906d000-7feb190fa000 r-xp 00000000 09:00 55479                      /usr/lib64/nvidia/libGL.so.185.18.36
7feb190fa000-7feb191f9000 ---p 0008d000 09:00 55479                      /usr/lib64/nvidia/libGL.so.185.18.36
7feb191f9000-7feb1922e000 rwxp 0008c000 09:00 55479                      /usr/lib64/nvidia/libGL.so.185.18.36
7feb1922e000-7feb19245000 rwxp 00000000 00:00 0 
7feb194bf000-7feb194d2000 r--s 00000000 09:00 243923                     /usr/share/X11/fonts/Type1/UTI_____.pfa
7feb1962e000-7feb1963f000 r--s 00000000 09:00 18973                      /usr/share/fonts/default/ghostscript/bchr.pfa
7feb1963f000-7feb19817000 rw-p 00000000 00:00 0 
7feb19817000-7feb19818000 ---p 00000000 00:00 0 
7feb19818000-7feb1a218000 rwxp 00000000 00:00 0 
7feb1a218000-7feb1a21b000 ---p 00000000 00:00 0 
7feb1a21b000-7feb1ac19000 rwxp 00000000 00:00 0 
7feb1ac1a000-7feb1ac2c000 r--s 00000000 09:00 19021                      /usr/share/fonts/default/ghostscript/putr.pfa
7feb1ac2c000-7feb1ac3f000 r--s 00000000 09:00 19022                      /usr/share/fonts/default/ghostscript/putri.pfa
7feb1ac3f000-7feb1ac40000 r-xp 00000000 09:00 2525767                    /usr/local/lib/scilab-5.2.2/lib/thirdparty/libgluegen-rt.so
7feb1ac40000-7feb1ad3f000 ---p 00001000 09:00 2525767                    /usr/local/lib/scilab-5.2.2/lib/thirdparty/libgluegen-rt.so
7feb1ad3f000-7feb1ad40000 rw-p 00000000 09:00 2525767                    /usr/local/lib/scilab-5.2.2/lib/thirdparty/libgluegen-rt.so
7feb1ad40000-7feb1ae8c000 rw-s 00000000 00:08 1104183455                 /SYSV00000000 (deleted)
7feb1ae8c000-7feb1ae97000 r--s 00000000 09:00 19012                      /usr/share/fonts/default/ghostscript/hrscc.pfa
7feb1ae97000-7feb1aea8000 r--s 00000000 09:00 18971                      /usr/share/fonts/default/ghostscript/bchbi.pfa
7feb1aea8000-7feb1aeb7000 r--s 00000000 09:00 19008                      /usr/share/fonts/default/ghostscript/hrplt.pfa
7feb1aeb7000-7feb1aec8000 r--s 00000000 09:00 18975                      /usr/share/fonts/default/ghostscript/bchri.pfa
7feb1aec8000-7feb1aed9000 r--s 00000000 09:00 18969                      /usr/share/fonts/default/ghostscript/bchb.pfa
7feb1aed9000-7feb1aee8000 r--s 00000000 09:00 18984                      /usr/share/fonts/default/ghostscript/hrger.pfa
7feb1aee8000-7feb1aef3000 r--s 00000000 09:00 18996                      /usr/share/fonts/default/ghostscript/hrpld.pfa
7feb1aef3000-7feb1af02000 r--s 00000000 09:00 18990                      /usr/share/fonts/default/ghostscript/hrgrr.pfa
7feb1af02000-7feb1b0da000 rw-p 00000000 00:00 0 
7feb1b0da000-7feb1b0ea000 r-xp 00000000 09:00 139155                     /usr/lib64/gio/modules/libgioremote-volume-monitor.so
7feb1b0ea000-7feb1b2ea000 ---p 00010000 09:00 139155                     /usr/lib64/gio/modules/libgioremote-volume-monitor.so
7feb1b2ea000-7feb1b2eb000 rw-p 00010000 09:00 139155                     /usr/lib64/gio/modules/libgioremote-volume-monitor.so
7feb1b2eb000-7feb1b2f5000 r--s 00000000 09:00 19015                      /usr/share/fonts/default/ghostscript/hrscs.pfa
7feb1b2f5000-7feb1b308000 r--s 00000000 09:00 19020                      /usr/share/fonts/default/ghostscript/putbi.pfa
7feb1b308000-7feb1b315000 r--s 00000000 09:00 18993                      /usr/share/fonts/default/ghostscript/hritr.pfa
7feb1b315000-7feb1b327000 r--s 00000000 09:00 19019                      /usr/share/fonts/default/ghostscript/putb.pfa
7feb1b327000-7feb1b32a000 ---p 00000000 00:00 0 
7feb1b32a000-7feb1b428000 rwxp 00000000 00:00 0 
7feb1b428000-7feb1b42b000 ---p 00000000 00:00 0 
7feb1b42b000-7feb1b529000 rwxp 00000000 00:00 0 
7feb1b529000-7feb1b52c000 ---p 00000000 00:00 0 
7feb1b52c000-7feb1b62a000 rwxp 00000000 00:00 0 
7feb1b62a000-7feb1b62d000 ---p 00000000 00:00 0 
7feb1b62d000-7feb1b72b000 rwxp 00000000 00:00 0 
7feb1b72b000-7feb1b740000 r-xp 00000000 09:00 10016                      /usr/lib64/libgvfscommon.so.0.0.0
7feb1b740000-7feb1b940000 ---p 00015000 09:00 10016                      /usr/lib64/libgvfscommon.so.0.0.0
7feb1b940000-7feb1b941000 rw-p 00015000 09:00 10016                      /usr/lib64/libgvfscommon.so.0.0.0
7feb1b941000-7feb1b95e000 r-xp 00000000 09:00 139156                     /usr/lib64/gio/modules/libgvfsdbus.so
7feb1b95e000-7feb1bb5e000 ---p 0001d000 09:00 139156                     /usr/lib64/gio/modules/libgvfsdbus.so
7feb1bb5e000-7feb1bb5f000 rw-p 0001d000 09:00 139156                     /usr/lib64/gio/modules/libgvfsdbus.so
7feb1bb63000-7feb1bb72000 r--s 00000000 09:00 19011                      /usr/share/fonts/default/ghostscript/hrplti.pfa
7feb1bb72000-7feb1bb7c000 r--s 00000000 09:00 243927                     /usr/share/X11/fonts/Type1/c0419bt_.pfb
7feb1bb7c000-7feb1bb86000 r--s 00000000 09:00 243929                     /usr/share/X11/fonts/Type1/c0582bt_.pfb
7feb1bb86000-7feb1bb94000 r--s 00000000 09:00 243942                     /usr/share/X11/fonts/Type1/cursor.pfa
7feb1bb94000-7feb1bb9e000 r--s 00000000 09:00 243931                     /usr/share/X11/fonts/Type1/c0583bt_.pfb
7feb1bb9e000-7feb1bbb0000 r--s 00000000 09:00 243921                     /usr/share/X11/fonts/Type1/UTB_____.pfa
7feb1bbb0000-7feb1bbb9000 r--s 00000000 09:00 243941                     /usr/share/X11/fonts/Type1/c0649bt_.pfb
7feb1bbb9000-7feb1bbc2000 r--s 00000000 09:00 243935                     /usr/share/X11/fonts/Type1/c0632bt_.pfb
7feb1bbc2000-7feb1bbd4000 r--s 00000000 09:00 243925                     /usr/share/X11/fonts/Type1/UTRG____.pfa
7feb1bbd4000-7feb1bbdd000 r--s 00000000 09:00 243937                     /usr/share/X11/fonts/Type1/c0633bt_.pfb
7feb1bbdd000-7feb1bbf0000 r--s 00000000 09:00 243919                     /usr/share/X11/fonts/Type1/UTBI____.pfa
7feb1bbf0000-7feb1bc50000 rw-s 00000000 00:08 1104117913                 /SYSV00000000 (deleted)
7feb1bc50000-7feb1bc53000 ---p 00000000 00:00 0 
7feb1bc53000-7feb1bd51000 rwxp 00000000 00:00 0 
7feb1bd51000-7feb1bd57000 r--s 00024000 09:00 3504846                    /usr/local/lib/scilab-5.2.2/share/scilab/modules/renderer/jar/org.scilab.modules.renderer.jar
7feb1bd57000-7feb1bd62000 r--p 00000000 09:00 94600                      /usr/share/locale/fr/LC_MESSAGES/glib20.mo
7feb1bd62000-7feb1bd67000 r-xp 00000000 09:00 94558                      /usr/lib64/gtk-2.0/2.10.0/immodules/im-ibus.so
7feb1bd67000-7feb1bf67000 ---p 00005000 09:00 94558                      /usr/lib64/gtk-2.0/2.10.0/immodules/im-ibus.so
7feb1bf67000-7feb1bf68000 rw-p 00005000 09:00 94558                      /usr/lib64/gtk-2.0/2.10.0/immodules/im-ibus.so
7feb1bf68000-7feb1c000000 r--p 00000000 09:00 11249                      /usr/share/fonts/dejavu/DejaVuSans.ttf
7feb1c000000-7feb1c021000 rw-p 00000000 00:00 0 
7feb1c021000-7feb20000000 ---p 00000000 00:00 0 
7feb20000000-7feb20021000 rw-p 00000000 00:00 0 
7feb20021000-7feb24000000 ---p 00000000 00:00 0 
7feb24000000-7feb24021000 rw-p 00000000 00:00 0 
7feb24021000-7feb28000000 ---p 00000000 00:00 0 
7feb28000000-7feb28021000 rw-p 00000000 00:00 0 
7feb28021000-7feb2c000000 ---p 00000000 00:00 0 
7feb2c000000-7feb2c021000 rw-p 00000000 00:00 0 
7feb2c021000-7feb30000000 ---p 00000000 00:00 0 
7feb30000000-7feb30021000 rw-p 00000000 00:00 0 
7feb30021000-7feb34000000 ---p 00000000 00:00 0 
7feb34000000-7feb34021000 rw-p 00000000 00:00 0 
7feb34021000-7feb38000000 ---p 00000000 00:00 0 
7feb38000000-7feb38021000 rw-p 00000000 00:00 0 
7feb38021000-7feb3c000000 ---p 00000000 00:00 0 
7feb3c000000-7feb3c021000 rw-p 00000000 00:00 0 
7feb3c021000-7feb40000000 ---p 00000000 00:00 0 
7feb40000000-7feb40021000 rw-p 00000000 00:00 0 
7feb40021000-7feb44000000 ---p 00000000 00:00 0 
7feb44006000-7feb44011000 r--s 00000000 09:00 18999                      /usr/share/fonts/default/ghostscript/hrpldi.pfa
7feb44011000-7feb4401b000 r--s 00000000 09:00 243933                     /usr/share/X11/fonts/Type1/c0611bt_.pfb
7feb4401b000-7feb44024000 r--s 00000000 09:00 243939                     /usr/share/X11/fonts/Type1/c0648bt_.pfb
7feb44028000-7feb4402c000 r--s 00024000 09:00 3498597                    /usr/local/lib/scilab-5.2.2/share/scilab/modules/xpad/jar/org.scilab.modules.xpad.jar
7feb4402c000-7feb44035000 r--s 0004f000 09:00 3497141                    /usr/local/lib/scilab-5.2.2/share/scilab/modules/xcos/jar/org.scilab.modules.xcos.jar
7feb44035000-7feb44037000 r--s 0000b000 09:00 2526229                    /usr/local/lib/scilab-5.2.2/thirdparty/jhdf5.jar
7feb44037000-7feb44042000 r--s 00108000 09:00 2526551                    /usr/local/lib/scilab-5.2.2/thirdparty/jogl.jar
7feb44042000-7feb44048000 r--s 0004a000 09:00 2526540                    /usr/local/lib/scilab-5.2.2/thirdparty/jgraphx.jar
7feb44049000-7feb4404e000 rw-s 00000000 00:08 1104412833                 /SYSV00000000 (deleted)
7feb4404e000-7feb44055000 r--s 00111000 09:00 2526355                    /usr/local/lib/scilab-5.2.2/thirdparty/java/lib/resources.jar
7feb44055000-7feb44067000 r-xp 00000000 09:00 45401                      /usr/lib64/gtk-2.0/2.10.0/engines/libnodoka.so
7feb44067000-7feb44267000 ---p 00012000 09:00 45401                      /usr/lib64/gtk-2.0/2.10.0/engines/libnodoka.so
7feb44267000-7feb44268000 rw-p 00012000 09:00 45401                      /usr/lib64/gtk-2.0/2.10.0/engines/libnodoka.so
7feb44268000-7feb44290000 r--p 00000000 09:00 532351                     /usr/share/locale/fr/LC_MESSAGES/gtk20-properties.mo
7feb44290000-7feb442a3000 r--p 00000000 09:00 94773                      /usr/share/locale/fr/LC_MESSAGES/gtk20.mo
7feb442a3000-7feb442a6000 ---p 00000000 00:00 0 
7feb442a6000-7feb443a4000 rwxp 00000000 00:00 0 
7feb443a4000-7feb443ab000 r-xp 00000000 09:00 2526404                    /usr/local/lib/scilab-5.2.2/thirdparty/java/lib/amd64/libnio.so
7feb443ab000-7feb444aa000 ---p 00007000 09:00 2526404                    /usr/local/lib/scilab-5.2.2/thirdparty/java/lib/amd64/libnio.so
7feb444aa000-7feb444ac000 rw-p 00006000 09:00 2526404                    /usr/local/lib/scilab-5.2.2/thirdparty/java/lib/amd64/libnio.so
7feb444ac000-7feb444bf000 r-xp 00000000 09:00 2526432                    /usr/local/lib/scilab-5.2.2/thirdparty/java/lib/amd64/libnet.so
7feb444bf000-7feb445c0000 ---p 00013000 09:00 2526432                    /usr/local/lib/scilab-5.2.2/thirdparty/java/lib/amd64/libnet.so
7feb445c0000-7feb445c3000 rw-p 00014000 09:00 2526432                    /usr/local/lib/scilab-5.2.2/thirdparty/java/lib/amd64/libnet.so
7feb445c3000-7feb445c6000 ---p 00000000 00:00 0 
7feb445c6000-7feb446c4000 rwxp 00000000 00:00 0 
7feb446c4000-7feb44742000 r-xp 00000000 09:00 2526407                    /usr/local/lib/scilab-5.2.2/thirdparty/java/lib/amd64/libfontmanager.so
7feb44742000-7feb44841000 ---p 0007e000 09:00 2526407                    /usr/local/lib/scilab-5.2.2/thirdparty/java/lib/amd64/libfontmanager.so
7feb44841000-7feb44857000 rw-p 0007d000 09:00 2526407                    /usr/local/lib/scilab-5.2.2/thirdparty/java/lib/amd64/libfontmanager.so
7feb44857000-7feb44868000 rw-p 00000000 00:00 0 
7feb44868000-7feb44872000 r--s 0004a000 09:00 3489405                    /usr/local/lib/scilab-5.2.2/share/scilab/modules/gui/jar/org.scilab.modules.gui.jar
7feb44872000-7feb44895000 r--p 00000000 09:00 270348                     /usr/share/locale/fr/LC_MESSAGES/libc.mo
7feb44895000-7feb448d7000 r-xp 00000000 09:00 2526426                    /usr/local/lib/scilab-5.2.2/thirdparty/java/lib/amd64/xawt/libmawt.so
7feb448d7000-7feb449d6000 ---p 00042000 09:00 2526426                    /usr/local/lib/scilab-5.2.2/thirdparty/java/lib/amd64/xawt/libmawt.so
7feb449d6000-7feb449e1000 rw-p 00041000 09:00 2526426                    /usr/local/lib/scilab-5.2.2/thirdparty/java/lib/amd64/xawt/libmawt.so
7feb449e1000-7feb449e3000 rw-p 00000000 00:00 0 
7feb449e3000-7feb44a75000 r-xp 00000000 09:00 2526408                    /usr/local/lib/scilab-5.2.2/thirdparty/java/lib/amd64/libawt.so
7feb44a75000-7feb44b74000 ---p 00092000 09:00 2526408                    /usr/local/lib/scilab-5.2.2/thirdparty/java/lib/amd64/libawt.so
7feb44b74000-7feb44b8d000 rw-p 00091000 09:00 2526408                    /usr/local/lib/scilab-5.2.2/thirdparty/java/lib/amd64/libawt.so
7feb44b8d000-7feb44bb2000 rw-p 00000000 00:00 0 
7feb44bb2000-7feb44c1b000 r--p 00000000 09:00 3488255                    /usr/local/lib/scilab-5.2.2/share/locale/fr_FR/LC_MESSAGES/scilab.mo
7feb44c1b000-7feb44c1c000 ---p 00000000 00:00 0 
7feb44c1c000-7feb44d1c000 rwxp 00000000 00:00 0 
7feb44d1c000-7feb44d1f000 ---p 00000000 00:00 0 
7feb44d1f000-7feb44e1d000 rwxp 00000000 00:00 0 
7feb44e1d000-7feb44e20000 ---p 00000000 00:00 0 
7feb44e20000-7feb44f1e000 rwxp 00000000 00:00 0 
7feb44f1e000-7feb44f21000 ---p 00000000 00:00 0 
7feb44f21000-7feb4501f000 rwxp 00000000 00:00 0 
7feb4501f000-7feb45022000 ---p 00000000 00:00 0 
7feb45022000-7feb45120000 rwxp 00000000 00:00 0 
7feb45120000-7feb45123000 ---p 00000000 00:00 0 
7feb45123000-7feb45221000 rwxp 00000000 00:00 0 
7feb45221000-7feb45224000 ---p 00000000 00:00 0 
7feb45224000-7feb45322000 rwxp 00000000 00:00 0 
7feb45322000-7feb45323000 ---p 00000000 00:00 0 
7feb45323000-7feb45423000 rwxp 00000000 00:00 0 
7feb45423000-7feb46231000 rw-p 00000000 00:00 0 
7feb46231000-7feb463c8000 r--s 02ab6000 09:00 2526467                    /usr/local/lib/scilab-5.2.2/thirdparty/java/lib/rt.jar
7feb463c8000-7feb463c9000 ---p 00000000 00:00 0 
7feb463c9000-7feb464c9000 rwxp 00000000 00:00 0 
7feb464c9000-7feb464ca000 ---p 00000000 00:00 0 
7feb464ca000-7feb465ca000 rwxp 00000000 00:00 0 
7feb465ca000-7feb465cb000 ---p 00000000 00:00 0 
7feb465cb000-7feb466cb000 rwxp 00000000 00:00 0 
7feb466cb000-7feb466cc000 ---p 00000000 00:00 0 
7feb466cc000-7feb467cc000 rwxp 00000000 00:00 0 
7feb467cc000-7feb467cd000 ---p 00000000 00:00 0 
7feb467cd000-7feb468cd000 rwxp 00000000 00:00 0 
7feb468cd000-7feb468ce000 ---p 00000000 00:00 0 
7feb468ce000-7feb469ce000 rwxp 00000000 00:00 0 
7feb469ce000-7feb469cf000 ---p 00000000 00:00 0 
7feb469cf000-7feb46acf000 rwxp 00000000 00:00 0 
7feb46acf000-7feb46ad0000 ---p 00000000 00:00 0 
7feb46ad0000-7feb46bd0000 rwxp 00000000 00:00 0 
7feb46bd0000-7feb46bd1000 ---p 00000000 00:00 0 
7feb46bd1000-7feb46cd1000 rwxp 00000000 00:00 0 
7feb46cd1000-7feb46cd2000 ---p 00000000 00:00 0 
7feb46cd2000-7feb46dd2000 rwxp 00000000 00:00 0 
7feb46dd2000-7feb46dd3000 ---p 00000000 00:00 0 
7feb46dd3000-7feb46ed3000 rwxp 00000000 00:00 0 
7feb46ed3000-7feb46ed4000 ---p 00000000 00:00 0 
7feb46ed4000-7feb46fd4000 rwxp 00000000 00:00 0 
7feb46fd4000-7feb46fd5000 ---p 00000000 00:00 0 
7feb46fd5000-7feb470d5000 rwxp 00000000 00:00 0 
7feb470d5000-7feb470e4000 rw-p 00000000 00:00 0 
7feb470e4000-7feb470ff000 rw-p 00000000 00:00 0 
7feb470ff000-7feb48e80000 rw-p 00000000 00:00 0 
7feb48e80000-7feb4c580000 rw-p 00000000 00:00 0 
7feb4c580000-7feb5c581000 rw-p 00000000 00:00 0 
7feb5c581000-7feb5c582000 r--s 00004000 09:00 2526508                    /usr/local/lib/scilab-5.2.2/thirdparty/gluegen-rt.jar
7feb5c582000-7feb5c583000 r--p 00000000 00:00 0 
7feb5c583000-7feb5c584000 r--s 00007000 09:00 3494023                    /usr/local/lib/scilab-5.2.2/share/scilab/modules/graphic_export/jar/org.scilab.modules.graphic_export.jar
7feb5c584000-7feb5c585000 r--s 00000000 09:00 3500272                    /usr/local/lib/scilab-5.2.2/share/scilab/modules/action_binding/jar/org.scilab.modules.action_binding.jar
7feb5c585000-7feb5c586000 r--s 00000000 09:00 3490441                    /usr/local/lib/scilab-5.2.2/share/scilab/modules/localization/jar/org.scilab.modules.localization.jar
7feb5c586000-7feb5c588000 r--s 0000a000 09:00 3497021                    /usr/local/lib/scilab-5.2.2/share/scilab/modules/console/jar/org.scilab.modules.console.jar
7feb5c588000-7feb5c589000 r--s 00000000 09:00 3494430                    /usr/local/lib/scilab-5.2.2/share/scilab/modules/completion/jar/org.scilab.modules.completion.jar
7feb5c589000-7feb5c829000 rwxp 00000000 00:00 0 
7feb5c829000-7feb5f589000 rw-p 00000000 00:00 0 
7feb5f589000-7feb5fd3d000 r-xp 00000000 09:00 2526395                    /usr/local/lib/scilab-5.2.2/thirdparty/java/lib/amd64/server/libjvm.so
7feb5fd3d000-7feb5fe3d000 ---p 007b4000 09:00 2526395                    /usr/local/lib/scilab-5.2.2/thirdparty/java/lib/amd64/server/libjvm.so
7feb5fe3d000-7feb5ffc7000 rw-p 007b4000 09:00 2526395                    /usr/local/lib/scilab-5.2.2/thirdparty/java/lib/amd64/server/libjvm.so
7feb5ffc7000-7feb60000000 rw-p 00000000 00:00 0 
7feb60000000-7feb60273000 rw-p 00000000 00:00 0 
7feb60273000-7feb64000000 ---p 00000000 00:00 0 
7feb64000000-7feb64001000 r--s 00000000 09:00 3499431                    /usr/local/lib/scilab-5.2.2/share/scilab/modules/history_manager/jar/org.scilab.modules.history_manager.jar
7feb64001000-7feb64002000 r--s 00000000 09:00 3498556                    /usr/local/lib/scilab-5.2.2/share/scilab/modules/shell/jar/org.scilab.modules.shell.jar
7feb64002000-7feb64004000 r--s 00006000 09:00 3488337                    /usr/local/lib/scilab-5.2.2/share/scilab/modules/hdf5/jar/org.scilab.modules.hdf5.jar
7feb64004000-7feb6400e000 r--s 00087000 09:00 2526239                    /usr/local/lib/scilab-5.2.2/thirdparty/jhall.jar
7feb6400e000-7feb6400f000 r--s 0000c000 09:00 2526238                    /usr/local/lib/scilab-5.2.2/thirdparty/commons-logging.jar
7feb6400f000-7feb64018000 r--s 0005b000 09:00 2526230                    /usr/local/lib/scilab-5.2.2/thirdparty/looks-2.1.1.jar
7feb64018000-7feb6401e000 r--s 0004c000 09:00 2526231                    /usr/local/lib/scilab-5.2.2/thirdparty/skinlf.jar
7feb6401e000-7feb6402d000 rw-p 00000000 00:00 0 
7feb6402d000-7feb64048000 rw-p 00000000 00:00 0 
7feb64048000-7feb64053000 rw-p 00000000 00:00 0 
7feb64053000-7feb64108000 rw-p 00000000 00:00 0 
7feb64108000-7feb64116000 r-xp 00000000 09:00 2526429                    /usr/local/lib/scilab-5.2.2/thirdparty/java/lib/amd64/libzip.so
7feb64116000-7feb64218000 ---p 0000e000 09:00 2526429                    /usr/local/lib/scilab-5.2.2/thirdparty/java/lib/amd64/libzip.so
7feb64218000-7feb6421b000 rw-p 00010000 09:00 2526429                    /usr/local/lib/scilab-5.2.2/thirdparty/java/lib/amd64/libzip.so
7feb6421b000-7feb6421c000 rw-p 00000000 00:00 0 
7feb6421c000-7feb64223000 r-xp 00000000 09:00 2526439                    /usr/local/lib/scilab-5.2.2/thirdparty/java/lib/amd64/native_threads/libhpi.so
7feb64223000-7feb64324000 ---p 00007000 09:00 2526439                    /usr/local/lib/scilab-5.2.2/thirdparty/java/lib/amd64/native_threads/libhpi.so
7feb64324000-7feb64326000 rw-p 00008000 09:00 2526439                    /usr/local/lib/scilab-5.2.2/thirdparty/java/lib/amd64/native_threads/libhpi.so
7feb64326000-7feb64327000 rw-p 00000000 00:00 0 
7feb64327000-7feb64350000 r-xp 00000000 09:00 2526423                    /usr/local/lib/scilab-5.2.2/thirdparty/java/lib/amd64/libjava.so
7feb64350000-7feb6444f000 ---p 00029000 09:00 2526423                    /usr/local/lib/scilab-5.2.2/thirdparty/java/lib/amd64/libjava.so
7feb6444f000-7feb64456000 rw-p 00028000 09:00 2526423                    /usr/local/lib/scilab-5.2.2/thirdparty/java/lib/amd64/libjava.so
7feb64456000-7feb64463000 r-xp 00000000 09:00 2526411                    /usr/local/lib/scilab-5.2.2/thirdparty/java/lib/amd64/libverify.so
7feb64463000-7feb64562000 ---p 0000d000 09:00 2526411                    /usr/local/lib/scilab-5.2.2/thirdparty/java/lib/amd64/libverify.so
7feb64562000-7feb64565000 rw-p 0000c000 09:00 2526411                    /usr/local/lib/scilab-5.2.2/thirdparty/java/lib/amd64/libverify.so
7feb64565000-7feb64566000 ---p 00000000 00:00 0 
7feb64566000-7feb64f66000 rwxp 00000000 00:00 0 
7feb64f66000-7feb64ffe000 r--p 00000000 09:00 11249                      /usr/share/fonts/dejavu/DejaVuSans.ttf
7feb64ffe000-7feb6504b000 rw-p 00000000 00:00 0 
7feb6504b000-7feb6504c000 r--s 00001000 09:00 2526548                    /usr/local/lib/scilab-5.2.2/thirdparty/jrosetta-API.jar
7feb6504c000-7feb6504e000 r--s 00008000 09:00 2526514                    /usr/local/lib/scilab-5.2.2/thirdparty/jrosetta-engine.jar
7feb6504e000-7feb6504f000 r--s 00001000 09:00 2526548                    /usr/local/lib/scilab-5.2.2/thirdparty/jrosetta-API.jar
7feb6504f000-7feb65059000 r--s 0006a000 09:00 2526542                    /usr/local/lib/scilab-5.2.2/thirdparty/flexdock-0.5.1.jar
7feb65059000-7feb65060000 r--s 00000000 09:00 5866                       /usr/lib64/gconv/gconv-modules.cache
7feb65060000-7feb65062000 r--s 00001000 09:00 3499088                    /usr/local/lib/scilab-5.2.2/share/scilab/modules/jvm/jar/org.scilab.modules.jvm.jar
7feb65062000-7feb650b8000 rw-p 00000000 00:00 0 
7feb650b8000-7feb650c0000 rw-s 00000000 09:00 3571019                    /tmp/hsperfdata_delanoue/22803
7feb650c0000-7feb650c1000 rw-p 00000000 00:00 0 
7feb650c1000-7feb650c2000 r--p 00000000 00:00 0 
7feb650c2000-7feb650c6000 r--s 00000000 09:00 94081                      /var/cache/fontconfig/87f5e051180a7a75f16eb6fe7dbd3749-x86-64.cache-2
7feb650c6000-7feb650cf000 r--s 00000000 09:00 94080                      /var/cache/fontconfig/b79f3aaa7d385a141ab53ec885cc22a8-x86-64.cache-2
7feb650cf000-7feb650d4000 r--s 00000000 09:00 1323005                    /var/cache/fontconfig/103e7fb1ea2629e851f0af6e29d50d14-x86-64.cache-2
7feb650d4000-7feb650d9000 r--s 00000000 09:00 1323004                    /var/cache/fontconfig/c4c72d5f47a988aa2d2b5e019553fb0a-x86-64.cache-2
7feb650d9000-7feb650de000 r--s 00000000 09:00 1323003                    /var/cache/fontconfig/f51c2ebd7e636ed1629dff932acec21b-x86-64.cache-2
7feb650de000-7feb650e0000 r--s 00000000 09:00 93647                      /var/cache/fontconfig/2e1514a9fdd499050989183bb65136db-x86-64.cache-2
7feb650e0000-7feb650f9000 r--s 00000000 09:00 94090                      /var/cache/fontconfig/7a7f22e4c6b2236c525eb458794c6fd2-x86-64.cache-2
7feb650f9000-7feb65105000 r-xp 00000000 09:00 129671                     /lib64/libnss_files-2.10.1.so
7feb65105000-7feb65304000 ---p 0000c000 09:00 129671                     /lib64/libnss_files-2.10.1.so
7feb65304000-7feb65305000 r--p 0000b000 09:00 129671                     /lib64/libnss_files-2.10.1.so
7feb65305000-7feb65306000 rw-p 0000c000 09:00 129671                     /lib64/libnss_files-2.10.1.so
7feb65306000-7feb65308000 r--s 00000000 09:00 94096                      /var/cache/fontconfig/5c755b2f27115486aa6359c84dd3cbda-x86-64.cache-2
7feb65308000-7feb6530a000 r--s 00000000 09:00 94095                      /var/cache/fontconfig/3f821257dd33660ba7bbb45c32deb84c-x86-64.cache-2
7feb6530a000-7feb6530c000 r--s 00000000 09:00 94094                      /var/cache/fontconfig/830f035fa84a65ce80e050178dbb630d-x86-64.cache-2
7feb6530c000-7feb6530d000 r--s 00000000 09:00 94093                      /var/cache/fontconfig/81a173283b451552b599cfaafd6236bd-x86-64.cache-2
7feb6530d000-7feb65310000 r--s 00000000 09:00 10702                      /var/cache/fontconfig/cfde08ab28ad1d91784abb10973575e3-x86-64.cache-2
7feb65310000-7feb65313000 r--s 00000000 09:00 128494                     /var/cache/fontconfig/6082f993537e886e2b8c280984f3ae67-x86-64.cache-2
7feb65313000-7feb65314000 r--s 00000000 09:00 94087                      /var/cache/fontconfig/e61abf8156cc476151baa07d67337cae-x86-64.cache-2
7feb65314000-7feb65318000 r--s 00000000 09:00 94086                      /var/cache/fontconfig/b67b32625a2bb51b023d3814a918f351-x86-64.cache-2
7feb65318000-7feb6531a000 r--s 00000000 09:00 94085                      /var/cache/fontconfig/d3379abda271c4acd2ad0c01f565d0b0-x86-64.cache-2
7feb6531a000-7feb6531f000 r--s 00000000 09:00 94084                      /var/cache/fontconfig/46b47dbc682d2ca4191e148ea7bde7f2-x86-64.cache-2
7feb6531f000-7feb65328000 r--s 00000000 09:00 94082                      /var/cache/fontconfig/12b26b760a24f8b4feb03ad48a333a72-x86-64.cache-2
7feb65328000-7feb65329000 ---p 00000000 00:00 0 
7feb65329000-7feb65d29000 rwxp 00000000 00:00 0 
7feb65d29000-7feb65d2a000 ---p 00000000 00:00 0 
7feb65d2a000-7feb6672a000 rwxp 00000000 00:00 0 
7feb66763000-7feb6b836000 r--p 00000000 09:00 270371                     /usr/lib/locale/locale-archive
7feb6b836000-7feb6b840000 rw-p 00000000 00:00 0 
7feb6b840000-7feb6b932000 r-xp 00000000 09:00 2525855                    /usr/local/lib/scilab-5.2.2/lib/thirdparty/libstdc++.so.6.0.13
7feb6b932000-7feb6bb32000 ---p 000f2000 09:00 2525855                    /usr/local/lib/scilab-5.2.2/lib/thirdparty/libstdc++.so.6.0.13
7feb6bb32000-7feb6bb39000 r--p 000f2000 09:00 2525855                    /usr/local/lib/scilab-5.2.2/lib/thirdparty/libstdc++.so.6.0.13
7feb6bb39000-7feb6bb3b000 rw-p 000f9000 09:00 2525855                    /usr/local/lib/scilab-5.2.2/lib/thirdparty/libstdc++.so.6.0.13
7feb6bb3b000-7feb6bb53000 rw-p 00000000 00:00 0 
7feb6bb53000-7feb6bb69000 r-xp 00000000 09:00 2525895                    /usr/local/lib/scilab-5.2.2/lib/thirdparty/libgcc_s.so.1
7feb6bb69000-7feb6bd69000 ---p 00016000 09:00 2525895                    /usr/local/lib/scilab-5.2.2/lib/thirdparty/libgcc_s.so.1
7feb6bd69000-7feb6bd6a000 rw-p 00016000 09:00 2525895                    /usr/local/lib/scilab-5.2.2/lib/thirdparty/libgcc_s.so.1
7feb6bd6a000-7feb6bd6b000 rw-p 00000000 00:00 0 
7feb6bd6b000-7feb6bd81000 r-xp 00000000 09:00 2525914                    /usr/local/lib/scilab-5.2.2/lib/thirdparty/libz.so.1.2.3.3
7feb6bd81000-7feb6bf81000 ---p 00016000 09:00 2525914                    /usr/local/lib/scilab-5.2.2/lib/thirdparty/libz.so.1.2.3.3
7feb6bf81000-7feb6bf82000 rw-p 00016000 09:00 2525914                    /usr/local/lib/scilab-5.2.2/lib/thirdparty/libz.so.1.2.3.3
7feb6bf82000-7feb6bf83000 rw-p 00000000 00:00 0 
7feb6bf83000-7feb6bfbe000 r-xp 00000000 09:00 2525782                    /usr/local/lib/scilab-5.2.2/lib/thirdparty/libncurses.so.5.7
7feb6bfbe000-7feb6c1bd000 ---p 0003b000 09:00 2525782                    /usr/local/lib/scilab-5.2.2/lib/thirdparty/libncurses.so.5.7
7feb6c1bd000-7feb6c1c2000 rw-p 0003a000 09:00 2525782                    /usr/local/lib/scilab-5.2.2/lib/thirdparty/libncurses.so.5.7
7feb6c1c2000-7feb6c1c3000 r--s 00000000 09:00 94092                      /var/cache/fontconfig/6cfc7d49b27ba7d3eb71ab86e04def2c-x86-64.cache-2
7feb6c1c3000-7feb6c1c4000 r--s 00000000 09:00 94091                      /var/cache/fontconfig/044963cbb93fcb06c61d94a50dee394f-x86-64.cache-2
7feb6c1c4000-7feb6c1c5000 r--s 00000000 09:00 130217                     /var/cache/fontconfig/6fcb01a03a016cc71057b587cdea6709-x86-64.cache-2
7feb6c1c5000-7feb6c1c6000 r--s 00000000 09:00 94083                      /var/cache/fontconfig/b4d0b56f766d89640448751fcd18ec1e-x86-64.cache-2
7feb6c1c6000-7feb6c1cd000 r--s 00000000 09:00 94078                      /var/cache/fontconfig/928306c3ad40271d946e41014a49fc28-x86-64.cache-2
7feb6c1cd000-7feb6c1d4000 r--s 00000000 09:00 94077                      /var/cache/fontconfig/fa1582dab13e7e8e44e5a9424d309f0e-x86-64.cache-2
7feb6c1d4000-7feb6c1df000 r--s 00000000 09:00 94076                      /var/cache/fontconfig/e19de935dec46bbf3ed114ee4965548a-x86-64.cache-2
7feb6c1df000-7feb6c1e0000 r--s 00000000 09:00 94016                      /var/cache/fontconfig/1248881498ac025e45c3042f6afe9284-x86-64.cache-2
7feb6c1e0000-7feb6c1e1000 r--s 00000000 09:00 244142                     /var/cache/fontconfig/d04038e664b0033ae700a78c51f179d3-x86-64.cache-2
7feb6c1e1000-7feb6c1e4000 r--s 00000000 09:00 243947                     /var/cache/fontconfig/beeeeb3dfe132a8a0633a017c99ce0c0-x86-64.cache-2
7feb6c1e4000-7feb6c2bd000 r-xp 00000000 09:00 2525911                    /usr/local/lib/scilab-5.2.2/lib/thirdparty/libgfortran.so.3.0.0
7feb6c2bd000-7feb6c4bd000 ---p 000d9000 09:00 2525911                    /usr/local/lib/scilab-5.2.2/lib/thirdparty/libgfortran.so.3.0.0
7feb6c4bd000-7feb6c4bf000 rw-p 000d9000 09:00 2525911                    /usr/local/lib/scilab-5.2.2/lib/thirdparty/libgfortran.so.3.0.0
7feb6c4bf000-7feb6c4c0000 rw-p 00000000 00:00 0 
7feb6c4c0000-7feb6cc71000 r-xp 00000000 09:00 2525773                    /usr/local/lib/scilab-5.2.2/lib/thirdparty/liblapack.so.3gf.0
7feb6cc71000-7feb6ce70000 ---p 007b1000 09:00 2525773                    /usr/local/lib/scilab-5.2.2/lib/thirdparty/liblapack.so.3gf.0
7feb6ce70000-7feb6ce71000 r--p 007b0000 09:00 2525773                    /usr/local/lib/scilab-5.2.2/lib/thirdparty/liblapack.so.3gf.0
7feb6ce71000-7feb6ce75000 rw-p 007b1000 09:00 2525773                    /usr/local/lib/scilab-5.2.2/lib/thirdparty/liblapack.so.3gf.0
7feb6ce75000-7feb6cf82000 rw-p 00000000 00:00 0 
7feb6cf82000-7feb6cfb1000 r-xp 00000000 09:00 2525819                    /usr/local/lib/scilab-5.2.2/lib/thirdparty/libpcre.so.7.8.0
7feb6cfb1000-7feb6d1b0000 ---p 0002f000 09:00 2525819                    /usr/local/lib/scilab-5.2.2/lib/thirdparty/libpcre.so.7.8.0
7feb6d1b0000-7feb6d1b1000 rw-p 0002e000 09:00 2525819                    /usr/local/lib/scilab-5.2.2/lib/thirdparty/libpcre.so.7.8.0
7feb6d1b1000-7feb6d1b3000 r-xp 00000000 09:00 2525810                    /usr/local/lib/scilab-5.2.2/lib/thirdparty/libpcreposix.so.7.8.0
7feb6d1b3000-7feb6d3b2000 ---p 00002000 09:00 2525810                    /usr/local/lib/scilab-5.2.2/lib/thirdparty/libpcreposix.so.7.8.0
7feb6d3b2000-7feb6d3b3000 rw-p 00001000 09:00 2525810                    /usr/local/lib/scilab-5.2.2/lib/thirdparty/libpcreposix.so.7.8.0
7feb6d3b3000-7feb6d3b4000 rw-p 00000000 00:00 0 
7feb6d3b4000-7feb6d4c1000 r-xp 00000000 09:00 2525769                    /usr/local/lib/scilab-5.2.2/lib/thirdparty/libtcl8.5.3.so
7feb6d4c1000-7feb6d6c1000 ---p 0010d000 09:00 2525769                    /usr/local/lib/scilab-5.2.2/lib/thirdparty/libtcl8.5.3.so
7feb6d6c1000-7feb6d6d0000 rw-p 0010d000 09:00 2525769                    /usr/local/lib/scilab-5.2.2/lib/thirdparty/libtcl8.5.3.so
7feb6d6d0000-7feb6d6d1000 rw-p 00000000 00:00 0 
7feb6d6d1000-7feb6d7fa000 r-xp 00000000 09:00 2525784                    /usr/local/lib/scilab-5.2.2/lib/thirdparty/libtk8.5.3.so
7feb6d7fa000-7feb6d9fa000 ---p 00129000 09:00 2525784                    /usr/local/lib/scilab-5.2.2/lib/thirdparty/libtk8.5.3.so
7feb6d9fa000-7feb6da17000 rw-p 00129000 09:00 2525784                    /usr/local/lib/scilab-5.2.2/lib/thirdparty/libtk8.5.3.so
7feb6da17000-7feb6da18000 rw-p 00000000 00:00 0 
7feb6da18000-7feb6daa6000 r-xp 00000000 09:00 2525886                    /usr/local/lib/scilab-5.2.2/lib/thirdparty/libblas.so.3gf.0
7feb6daa6000-7feb6dca6000 ---p 0008e000 09:00 2525886                    /usr/local/lib/scilab-5.2.2/lib/thirdparty/libblas.so.3gf.0
7feb6dca6000-7feb6dca7000 rw-p 0008e000 09:00 2525886                    /usr/local/lib/scilab-5.2.2/lib/thirdparty/libblas.so.3gf.0
7feb6dca7000-7feb6dca8000 rw-p 00000000 00:00 0 
7feb6dca8000-7feb6df50000 r-xp 00000000 09:00 2525859                    /usr/local/lib/scilab-5.2.2/lib/thirdparty/libhdf5-1.8.3.so.6.0.2
7feb6df50000-7feb6e050000 ---p 002a8000 09:00 2525859                    /usr/local/lib/scilab-5.2.2/lib/thirdparty/libhdf5-1.8.3.so.6.0.2
7feb6e050000-7feb6e05a000 rw-p 002a8000 09:00 2525859                    /usr/local/lib/scilab-5.2.2/lib/thirdparty/libhdf5-1.8.3.so.6.0.2
7feb6e05a000-7feb6e05b000 rw-p 00000000 00:00 0 
7feb6e05b000-7feb6e05f000 r-xp 00000000 09:00 2526128                    /usr/local/lib/scilab-5.2.2/lib/scilab/libscihdf5-forceload.so.5.0.2
7feb6e05f000-7feb6e25e000 ---p 00004000 09:00 2526128                    /usr/local/lib/scilab-5.2.2/lib/scilab/libscihdf5-forceload.so.5.0.2
7feb6e25e000-7feb6e25f000 r--p 00003000 09:00 2526128                    /usr/local/lib/scilab-5.2.2/lib/scilab/libscihdf5-forceload.so.5.0.2
7feb6e25f000-7feb6e260000 rw-p 00004000 09:00 2526128                    /usr/local/lib/scilab-5.2.2/lib/scilab/libscihdf5-forceload.so.5.0.2
7feb6e260000-7feb6e28d000 r-xp 00000000 09:00 2526031                    /usr/local/lib/scilab-5.2.2/lib/scilab/libscioutput_stream.so.5.0.2
7feb6e28d000-7feb6e48c000 ---p 0002d000 09:00 2526031                    /usr/local/lib/scilab-5.2.2/lib/scilab/libscioutput_stream.so.5.0.2
7feb6e48c000-7feb6e48d000 r--p 0002c000 09:00 2526031                    /usr/local/lib/scilab-5.2.2/lib/scilab/libscioutput_stream.so.5.0.2
7feb6e48d000-7feb6e48e000 rw-p 0002d000 09:00 2526031                    /usr/local/lib/scilab-5.2.2/lib/scilab/libscioutput_stream.so.5.0.2
7feb6e48e000-7feb6e54c000 rw-p 00000000 00:00 0 
7feb6e54c000-7feb6e54d000 r-xp 00000000 09:00 2526136                    /usr/local/lib/scilab-5.2.2/lib/scilab/libscimalloc.so.5.0.2
7feb6e54d000-7feb6e74c000 ---p 00001000 09:00 2526136                    /usr/local/lib/scilab-5.2.2/lib/scilab/libscimalloc.so.5.0.2
7feb6e74c000-7feb6e74d000 r--p 00000000 09:00 2526136                    /usr/local/lib/scilab-5.2.2/lib/scilab/libscimalloc.so.5.0.2
7feb6e74d000-7feb6e74e000 rw-p 00001000 09:00 2526136                    /usr/local/lib/scilab-5.2.2/lib/scilab/libscimalloc.so.5.0.2
7feb6e74e000-7feb6e89f000 r-xp 00000000 09:00 2525921                    /usr/local/lib/scilab-5.2.2/lib/thirdparty/libxml2.so.2.7.6
7feb6e89f000-7feb6ea9e000 ---p 00151000 09:00 2525921                    /usr/local/lib/scilab-5.2.2/lib/thirdparty/libxml2.so.2.7.6
7feb6ea9e000-7feb6eaa8000 rw-p 00150000 09:00 2525921                    /usr/local/lib/scilab-5.2.2/lib/thirdparty/libxml2.so.2.7.6
7feb6eaa8000-7feb6eaa9000 rw-p 00000000 00:00 0 
7feb6eaa9000-7feb6eab5000 r-xp 00000000 09:00 2526183                    /usr/local/lib/scilab-5.2.2/lib/scilab/libscixpad.so.5.0.2
7feb6eab5000-7feb6ecb4000 ---p 0000c000 09:00 2526183                    /usr/local/lib/scilab-5.2.2/lib/scilab/libscixpad.so.5.0.2
7feb6ecb4000-7feb6ecb5000 r--p 0000b000 09:00 2526183                    /usr/local/lib/scilab-5.2.2/lib/scilab/libscixpad.so.5.0.2
7feb6ecb5000-7feb6ecb6000 rw-p 0000c000 09:00 2526183                    /usr/local/lib/scilab-5.2.2/lib/scilab/libscixpad.so.5.0.2
7feb6ecb6000-7feb6ecb7000 rw-p 00000000 00:00 0 
7feb6ecb7000-7feb6ecc7000 r-xp 00000000 09:00 2525978                    /usr/local/lib/scilab-5.2.2/lib/scilab/libscixcos.so.5.0.2
7feb6ecc7000-7feb6eec6000 ---p 00010000 09:00 2525978                    /usr/local/lib/scilab-5.2.2/lib/scilab/libscixcos.so.5.0.2
7feb6eec6000-7feb6eec7000 r--p 0000f000 09:00 2525978                    /usr/local/lib/scilab-5.2.2/lib/scilab/libscixcos.so.5.0.2
7feb6eec7000-7feb6eec8000 rw-p 00010000 09:00 2525978                    /usr/local/lib/scilab-5.2.2/lib/scilab/libscixcos.so.5.0.2
7feb6eec8000-7feb6eec9000 r-xp 00000000 09:00 2526192                    /usr/local/lib/scilab-5.2.2/lib/scilab/libscidynamiclibrary.so.5.0.2
7feb6eec9000-7feb6f0c8000 ---p 00001000 09:00 2526192                    /usr/local/lib/scilab-5.2.2/lib/scilab/libscidynamiclibrary.so.5.0.2
7feb6f0c8000-7feb6f0c9000 r--p 00000000 09:00 2526192                    /usr/local/lib/scilab-5.2.2/lib/scilab/libscidynamiclibrary.so.5.0.2
7feb6f0c9000-7feb6f0ca000 rw-p 00001000 09:00 2526192                    /usr/local/lib/scilab-5.2.2/lib/scilab/libscidynamiclibrary.so.5.0.2
7feb6f0ca000-7feb6f0cd000 r-xp 00000000 09:00 2526099                    /usr/local/lib/scilab-5.2.2/lib/scilab/libscilibst.so.5.0.2
7feb6f0cd000-7feb6f2cc000 ---p 00003000 09:00 2526099                    /usr/local/lib/scilab-5.2.2/lib/scilab/libscilibst.so.5.0.2
7feb6f2cc000-7feb6f2cd000 r--p 00002000 09:00 2526099                    /usr/local/lib/scilab-5.2.2/lib/scilab/libscilibst.so.5.0.2
7feb6f2cd000-7feb6f2ce000 rw-p 00003000 09:00 2526099                    /usr/local/lib/scilab-5.2.2/lib/scilab/libscilibst.so.5.0.2
7feb6f2ce000-7feb6f2cf000 rw-p 00000000 00:00 0 
7feb6f2cf000-7feb6f2eb000 r-xp 00000000 09:00 2526010                    /usr/local/lib/scilab-5.2.2/lib/scilab/libsciapi_scilab.so.5.0.2
7feb6f2eb000-7feb6f4ea000 ---p 0001c000 09:00 2526010                    /usr/local/lib/scilab-5.2.2/lib/scilab/libsciapi_scilab.so.5.0.2
7feb6f4ea000-7feb6f4eb000 r--p 0001b000 09:00 2526010                    /usr/local/lib/scilab-5.2.2/lib/scilab/libsciapi_scilab.so.5.0.2
7feb6f4eb000-7feb6f4ec000 rw-p 0001c000 09:00 2526010                    /usr/local/lib/scilab-5.2.2/lib/scilab/libsciapi_scilab.so.5.0.2
7feb6f4ec000-7feb6f520000 r-xp 00000000 09:00 2526185                    /usr/local/lib/scilab-5.2.2/lib/scilab/libsciarnoldi.so.5.0.2
7feb6f520000-7feb6f720000 ---p 00034000 09:00 2526185                    /usr/local/lib/scilab-5.2.2/lib/scilab/libsciarnoldi.so.5.0.2
7feb6f720000-7feb6f721000 r--p 00034000 09:00 2526185                    /usr/local/lib/scilab-5.2.2/lib/scilab/libsciarnoldi.so.5.0.2
7feb6f721000-7feb6f722000 rw-p 00035000 09:00 2526185                    /usr/local/lib/scilab-5.2.2/lib/scilab/libsciarnoldi.so.5.0.2
7feb6f722000-7feb6f7b4000 r-xp 00000000 09:00 2526001                    /usr/local/lib/scilab-5.2.2/lib/scilab/libscielementary_functions.so.5.0.2
7feb6f7b4000-7feb6f9b3000 ---p 00092000 09:00 2526001                    /usr/local/lib/scilab-5.2.2/lib/scilab/libscielementary_functions.so.5.0.2
7feb6f9b3000-7feb6f9b4000 r--p 00091000 09:00 2526001                    /usr/local/lib/scilab-5.2.2/lib/scilab/libscielementary_functions.so.5.0.2
7feb6f9b4000-7feb6f9b8000 rw-p 00092000 09:00 2526001                    /usr/local/lib/scilab-5.2.2/lib/scilab/libscielementary_functions.so.5.0.2
7feb6f9b8000-7feb6fa74000 rw-p 00000000 00:00 0 
7feb6fa74000-7feb6fa92000 r-xp 00000000 09:00 2525936                    /usr/local/lib/scilab-5.2.2/lib/scilab/libscistring.so.5.0.2
7feb6fa92000-7feb6fc91000 ---p 0001e000 09:00 2525936                    /usr/local/lib/scilab-5.2.2/lib/scilab/libscistring.so.5.0.2
7feb6fc91000-7feb6fc92000 r--p 0001d000 09:00 2525936                    /usr/local/lib/scilab-5.2.2/lib/scilab/libscistring.so.5.0.2
7feb6fc92000-7feb6fc93000 rw-p 0001e000 09:00 2525936                    /usr/local/lib/scilab-5.2.2/lib/scilab/libscistring.so.5.0.2
7feb6fc93000-7feb6fd4d000 rw-p 00000000 00:00 0 
7feb6fd4d000-7feb6fd71000 r-xp 00000000 09:00 2525938                    /usr/local/lib/scilab-5.2.2/lib/scilab/libscifileio.so.5.0.2
7feb6fd71000-7feb6ff70000 ---p 00024000 09:00 2525938                    /usr/local/lib/scilab-5.2.2/lib/scilab/libscifileio.so.5.0.2
7feb6ff70000-7feb6ff71000 r--p 00023000 09:00 2525938                    /usr/local/lib/scilab-5.2.2/lib/scilab/libscifileio.so.5.0.2
7feb6ff71000-7feb6ff72000 rw-p 00024000 09:00 2525938                    /usr/local/lib/scilab-5.2.2/lib/scilab/libscifileio.so.5.0.2
7feb6ff72000-7feb6ff79000 r-xp 00000000 09:00 2525942                    /usr/local/lib/scilab-5.2.2/lib/scilab/libscijvm.so.5.0.2
7feb6ff79000-7feb70179000 ---p 00007000 09:00 2525942                    /usr/local/lib/scilab-5.2.2/lib/scilab/libscijvm.so.5.0.2
7feb70179000-7feb7017a000 r--p 00007000 09:00 2525942                    /usr/local/lib/scilab-5.2.2/lib/scilab/libscijvm.so.5.0.2
7feb7017a000-7feb7017b000 rw-p 00008000 09:00 2525942                    /usr/local/lib/scilab-5.2.2/lib/scilab/libscijvm.so.5.0.2
7feb7017b000-7feb7017c000 rw-p 00000000 00:00 0 
7feb7017c000-7feb7018a000 r-xp 00000000 09:00 2526138                    /usr/local/lib/scilab-5.2.2/lib/scilab/libscihistory_manager.so.5.0.2
7feb7018a000-7feb70389000 ---p 0000e000 09:00 2526138                    /usr/local/lib/scilab-5.2.2/lib/scilab/libscihistory_manager.so.5.0.2
7feb70389000-7feb7038a000 r--p 0000d000 09:00 2526138                    /usr/local/lib/scilab-5.2.2/lib/scilab/libscihistory_manager.so.5.0.2
7feb7038a000-7feb7038b000 rw-p 0000e000 09:00 2526138                    /usr/local/lib/scilab-5.2.2/lib/scilab/libscihistory_manager.so.5.0.2
7feb7038b000-7feb7038d000 r-xp 00000000 09:00 2526028                    /usr/local/lib/scilab-5.2.2/lib/scilab/libsciaction_binding.so.5.0.2
7feb7038d000-7feb7058c000 ---p 00002000 09:00 2526028                    /usr/local/lib/scilab-5.2.2/lib/scilab/libsciaction_binding.so.5.0.2
7feb7058c000-7feb7058d000 r--p 00001000 09:00 2526028                    /usr/local/lib/scilab-5.2.2/lib/scilab/libsciaction_binding.so.5.0.2
7feb7058d000-7feb7058e000 rw-p 00002000 09:00 2526028                    /usr/local/lib/scilab-5.2.2/lib/scilab/libsciaction_binding.so.5.0.2
7feb7058e000-7feb7059b000 r-xp 00000000 09:00 2525940                    /usr/local/lib/scilab-5.2.2/lib/scilab/libsciconsole.so.5.0.2
7feb7059b000-7feb7079a000 ---p 0000d000 09:00 2525940                    /usr/local/lib/scilab-5.2.2/lib/scilab/libsciconsole.so.5.0.2
7feb7079a000-7feb7079b000 r--p 0000c000 09:00 2525940                    /usr/local/lib/scilab-5.2.2/lib/scilab/libsciconsole.so.5.0.2
7feb7079b000-7feb7079c000 rw-p 0000d000 09:00 2525940                    /usr/local/lib/scilab-5.2.2/lib/scilab/libsciconsole.so.5.0.2
7feb7079c000-7feb7079d000 rw-p 00000000 00:00 0 
7feb7079d000-7feb707d1000 r-xp 00000000 09:00 2526097                    /usr/local/lib/scilab-5.2.2/lib/scilab/libscigraphic_export.so.5.0.2
7feb707d1000-7feb709d0000 ---p 00034000 09:00 2526097                    /usr/local/lib/scilab-5.2.2/lib/scilab/libscigraphic_export.so.5.0.2
7feb709d0000-7feb709d1000 r--p 00033000 09:00 2526097                    /usr/local/lib/scilab-5.2.2/lib/scilab/libscigraphic_export.so.5.0.2
7feb709d1000-7feb709d2000 rw-p 00034000 09:00 2526097                    /usr/local/lib/scilab-5.2.2/lib/scilab/libscigraphic_export.so.5.0.2
7feb709d2000-7feb709d4000 r-xp 00000000 09:00 2525988                    /usr/local/lib/scilab-5.2.2/lib/scilab/libscidoublylinkedlist.so.5.0.2
7feb709d4000-7feb70bd3000 ---p 00002000 09:00 2525988                    /usr/local/lib/scilab-5.2.2/lib/scilab/libscidoublylinkedlist.so.5.0.2
7feb70bd3000-7feb70bd4000 r--p 00001000 09:00 2525988                    /usr/local/lib/scilab-5.2.2/lib/scilab/libscidoublylinkedlist.so.5.0.2
7feb70bd4000-7feb70bd5000 rw-p 00002000 09:00 2525988                    /usr/local/lib/scilab-5.2.2/lib/scilab/libscidoublylinkedlist.so.5.0.2
7feb70bd5000-7feb70d4d000 r-xp 00000000 09:00 2525962                    /usr/local/lib/scilab-5.2.2/lib/scilab/libscirenderer.so.5.0.2
7feb70d4d000-7feb70f4c000 ---p 00178000 09:00 2525962                    /usr/local/lib/scilab-5.2.2/lib/scilab/libscirenderer.so.5.0.2
7feb70f4c000-7feb70f64000 r--p 00177000 09:00 2525962                    /usr/local/lib/scilab-5.2.2/lib/scilab/libscirenderer.so.5.0.2
7feb70f64000-7feb70f67000 rw-p 0018f000 09:00 2525962                    /usr/local/lib/scilab-5.2.2/lib/scilab/libscirenderer.so.5.0.2
7feb70f67000-7feb70f68000 rw-p 00000000 00:00 0 
7feb70f68000-7feb70fce000 r-xp 00000000 09:00 2526049                    /usr/local/lib/scilab-5.2.2/lib/scilab/libscigui.so.5.0.2
7feb70fce000-7feb711cd000 ---p 00066000 09:00 2526049                    /usr/local/lib/scilab-5.2.2/lib/scilab/libscigui.so.5.0.2
7feb711cd000-7feb711ce000 r--p 00065000 09:00 2526049                    /usr/local/lib/scilab-5.2.2/lib/scilab/libscigui.so.5.0.2
7feb711ce000-7feb711d0000 rw-p 00066000 09:00 2526049                    /usr/local/lib/scilab-5.2.2/lib/scilab/libscigui.so.5.0.2
7feb711d0000-7feb711da000 r-xp 00000000 09:00 2526052                    /usr/local/lib/scilab-5.2.2/lib/scilab/libscitclsci.so.5.0.2
7feb711da000-7feb713d9000 ---p 0000a000 09:00 2526052                    /usr/local/lib/scilab-5.2.2/lib/scilab/libscitclsci.so.5.0.2
7feb713d9000-7feb713da000 r--p 00009000 09:00 2526052                    /usr/local/lib/scilab-5.2.2/lib/scilab/libscitclsci.so.5.0.2
7feb713da000-7feb713db000 rw-p 0000a000 09:00 2526052                    /usr/local/lib/scilab-5.2.2/lib/scilab/libscitclsci.so.5.0.2
7feb713db000-7feb713dd000 r-xp 00000000 09:00 2526197                    /usr/local/lib/scilab-5.2.2/lib/scilab/libscihashtable.so.5.0.2
7feb713dd000-7feb715dc000 ---p 00002000 09:00 2526197                    /usr/local/lib/scilab-5.2.2/lib/scilab/libscihashtable.so.5.0.2
7feb715dc000-7feb715dd000 r--p 00001000 09:00 2526197                    /usr/local/lib/scilab-5.2.2/lib/scilab/libscihashtable.so.5.0.2
7feb715dd000-7feb715de000 rw-p 00002000 09:00 2526197                    /usr/local/lib/scilab-5.2.2/lib/scilab/libscihashtable.so.5.0.2
7feb715de000-7feb715df000 rw-p 00000000 00:00 0 
7feb715df000-7feb71659000 r-xp 00000000 09:00 2526117                    /usr/local/lib/scilab-5.2.2/lib/scilab/libscigraphics.so.5.0.2
7feb71659000-7feb71858000 ---p 0007a000 09:00 2526117                    /usr/local/lib/scilab-5.2.2/lib/scilab/libscigraphics.so.5.0.2
7feb71858000-7feb7185a000 r--p 00079000 09:00 2526117                    /usr/local/lib/scilab-5.2.2/lib/scilab/libscigraphics.so.5.0.2
7feb7185a000-7feb7185d000 rw-p 0007b000 09:00 2526117                    /usr/local/lib/scilab-5.2.2/lib/scilab/libscigraphics.so.5.0.2
7feb7185d000-7feb7185e000 rw-p 00000000 00:00 0 
7feb7185e000-7feb71867000 r-xp 00000000 09:00 2526030                    /usr/local/lib/scilab-5.2.2/lib/scilab/libscifunctions.so.5.0.2
7feb71867000-7feb71a66000 ---p 00009000 09:00 2526030                    /usr/local/lib/scilab-5.2.2/lib/scilab/libscifunctions.so.5.0.2
7feb71a66000-7feb71a67000 r--p 00008000 09:00 2526030                    /usr/local/lib/scilab-5.2.2/lib/scilab/libscifunctions.so.5.0.2
7feb71a67000-7feb71a68000 rw-p 00009000 09:00 2526030                    /usr/local/lib/scilab-5.2.2/lib/scilab/libscifunctions.so.5.0.2
7feb71a68000-7feb71b22000 rw-p 00000000 00:00 0 
7feb71b22000-7feb71b37000 r-xp 00000000 09:00 2526160                    /usr/local/lib/scilab-5.2.2/lib/scilab/libscihdf5.so.5.0.2
7feb71b37000-7feb71d36000 ---p 00015000 09:00 2526160                    /usr/local/lib/scilab-5.2.2/lib/scilab/libscihdf5.so.5.0.2
7feb71d36000-7feb71d37000 r--p 00014000 09:00 2526160                    /usr/local/lib/scilab-5.2.2/lib/scilab/libscihdf5.so.5.0.2
7feb71d37000-7feb71d38000 rw-p 00015000 09:00 2526160                    /usr/local/lib/scilab-5.2.2/lib/scilab/libscihdf5.so.5.0.2
7feb71d38000-7feb71d39000 rw-p 00000000 00:00 0 
7feb71d39000-7feb71e36000 r-xp 00000000 09:00 2525856                    /usr/local/lib/scilab-5.2.2/lib/thirdparty/libfftw3.so.3.2.3
7feb71e36000-7feb72036000 ---p 000fd000 09:00 2525856                    /usr/local/lib/scilab-5.2.2/lib/thirdparty/libfftw3.so.3.2.3
7feb72036000-7feb7203d000 rw-p 000fd000 09:00 2525856                    /usr/local/lib/scilab-5.2.2/lib/thirdparty/libfftw3.so.3.2.3
7feb7203d000-7feb72043000 r-xp 00000000 09:00 2525952                    /usr/local/lib/scilab-5.2.2/lib/scilab/libscifftw.so.5.0.2
7feb72043000-7feb72242000 ---p 00006000 09:00 2525952                    /usr/local/lib/scilab-5.2.2/lib/scilab/libscifftw.so.5.0.2
7feb72242000-7feb72243000 r--p 00005000 09:00 2525952                    /usr/local/lib/scilab-5.2.2/lib/scilab/libscifftw.so.5.0.2
7feb72243000-7feb72244000 rw-p 00006000 09:00 2525952                    /usr/local/lib/scilab-5.2.2/lib/scilab/libscifftw.so.5.0.2
7feb72244000-7feb7224d000 r-xp 00000000 09:00 2526018                    /usr/local/lib/scilab-5.2.2/lib/scilab/libscidynamic_link.so.5.0.2
7feb7224d000-7feb7244c000 ---p 00009000 09:00 2526018                    /usr/local/lib/scilab-5.2.2/lib/scilab/libscidynamic_link.so.5.0.2
7feb7244c000-7feb7244d000 r--p 00008000 09:00 2526018                    /usr/local/lib/scilab-5.2.2/lib/scilab/libscidynamic_link.so.5.0.2
7feb7244d000-7feb7244e000 rw-p 00009000 09:00 2526018                    /usr/local/lib/scilab-5.2.2/lib/scilab/libscidynamic_link.so.5.0.2
7feb7244e000-7feb72551000 rw-p 00000000 00:00 0 
7feb72551000-7feb7257c000 r-xp 00000000 09:00 2526102                    /usr/local/lib/scilab-5.2.2/lib/scilab/libscilinear_algebra.so.5.0.2
7feb7257c000-7feb7277b000 ---p 0002b000 09:00 2526102                    /usr/local/lib/scilab-5.2.2/lib/scilab/libscilinear_algebra.so.5.0.2
7feb7277b000-7feb7277c000 r--p 0002a000 09:00 2526102                    /usr/local/lib/scilab-5.2.2/lib/scilab/libscilinear_algebra.so.5.0.2
7feb7277c000-7feb7277d000 rw-p 0002b000 09:00 2526102                    /usr/local/lib/scilab-5.2.2/lib/scilab/libscilinear_algebra.so.5.0.2
7feb7277d000-7feb72837000 rw-p 00000000 00:00 0 
7feb72837000-7feb72864000 r-xp 00000000 09:00 2526167                    /usr/local/lib/scilab-5.2.2/lib/scilab/libsciinteger.so.5.0.2
7feb72864000-7feb72a63000 ---p 0002d000 09:00 2526167                    /usr/local/lib/scilab-5.2.2/lib/scilab/libsciinteger.so.5.0.2
7feb72a63000-7feb72a64000 r--p 0002c000 09:00 2526167                    /usr/local/lib/scilab-5.2.2/lib/scilab/libsciinteger.so.5.0.2
7feb72a64000-7feb72a65000 rw-p 0002d000 09:00 2526167                    /usr/local/lib/scilab-5.2.2/lib/scilab/libsciinteger.so.5.0.2
7feb72a65000-7feb72b1f000 rw-p 00000000 00:00 0 
7feb72b1f000-7feb72b2f000 r-xp 00000000 09:00 2526040                    /usr/local/lib/scilab-5.2.2/lib/scilab/libscidata_structures.so.5.0.2
7feb72b2f000-7feb72d2e000 ---p 00010000 09:00 2526040                    /usr/local/lib/scilab-5.2.2/lib/scilab/libscidata_structures.so.5.0.2
7feb72d2e000-7feb72d2f000 r--p 0000f000 09:00 2526040                    /usr/local/lib/scilab-5.2.2/lib/scilab/libscidata_structures.so.5.0.2
7feb72d2f000-7feb72d30000 rw-p 00010000 09:00 2526040                    /usr/local/lib/scilab-5.2.2/lib/scilab/libscidata_structures.so.5.0.2
7feb72d30000-7feb72deb000 rw-p 00000000 00:00 0 
7feb72deb000-7feb72df7000 r-xp 00000000 09:00 2526198                    /usr/local/lib/scilab-5.2.2/lib/scilab/libmex.so.5.0.2
7feb72df7000-7feb72ff6000 ---p 0000c000 09:00 2526198                    /usr/local/lib/scilab-5.2.2/lib/scilab/libmex.so.5.0.2
7feb72ff6000-7feb72ff7000 r--p 0000b000 09:00 2526198                    /usr/local/lib/scilab-5.2.2/lib/scilab/libmex.so.5.0.2
7feb72ff7000-7feb72ff8000 rw-p 0000c000 09:00 2526198                    /usr/local/lib/scilab-5.2.2/lib/scilab/libmex.so.5.0.2
7feb72ff8000-7feb72ffa000 rw-p 00000000 00:00 0 
7feb72ffa000-7feb73065000 r-xp 00000000 09:00 2525987                    /usr/local/lib/scilab-5.2.2/lib/scilab/libscidifferential_equations.so.5.0.2
7feb73065000-7feb73265000 ---p 0006b000 09:00 2525987                    /usr/local/lib/scilab-5.2.2/lib/scilab/libscidifferential_equations.so.5.0.2
7feb73265000-7feb73266000 r--p 0006b000 09:00 2525987                    /usr/local/lib/scilab-5.2.2/lib/scilab/libscidifferential_equations.so.5.0.2
7feb73266000-7feb73267000 rw-p 0006c000 09:00 2525987                    /usr/local/lib/scilab-5.2.2/lib/scilab/libscidifferential_equations.so.5.0.2
7feb73267000-7feb73329000 rw-p 00000000 00:00 0 
7feb73329000-7feb73335000 r-xp 00000000 09:00 2525996                    /usr/local/lib/scilab-5.2.2/lib/scilab/libmat.so.5.0.2
7feb73335000-7feb73534000 ---p 0000c000 09:00 2525996                    /usr/local/lib/scilab-5.2.2/lib/scilab/libmat.so.5.0.2
7feb73534000-7feb73535000 r--p 0000b000 09:00 2525996                    /usr/local/lib/scilab-5.2.2/lib/scilab/libmat.so.5.0.2
7feb73535000-7feb73536000 rw-p 0000c000 09:00 2525996                    /usr/local/lib/scilab-5.2.2/lib/scilab/libmat.so.5.0.2
7feb73536000-7feb73539000 rw-p 00000000 00:00 0 
7feb73539000-7feb73545000 r-xp 00000000 09:00 2525939                    /usr/local/lib/scilab-5.2.2/lib/scilab/libmx.so.5.0.2
7feb73545000-7feb73744000 ---p 0000c000 09:00 2525939                    /usr/local/lib/scilab-5.2.2/lib/scilab/libmx.so.5.0.2
7feb73744000-7feb73745000 r--p 0000b000 09:00 2525939                    /usr/local/lib/scilab-5.2.2/lib/scilab/libmx.so.5.0.2
7feb73745000-7feb73746000 rw-p 0000c000 09:00 2525939                    /usr/local/lib/scilab-5.2.2/lib/scilab/libmx.so.5.0.2
7feb73746000-7feb73748000 rw-p 00000000 00:00 0 
7feb73748000-7feb73827000 r-xp 00000000 09:00 2526190                    /usr/local/lib/scilab-5.2.2/lib/scilab/libscicacsd.so.5.0.2
7feb73827000-7feb73a27000 ---p 000df000 09:00 2526190                    /usr/local/lib/scilab-5.2.2/lib/scilab/libscicacsd.so.5.0.2
7feb73a27000-7feb73a28000 r--p 000df000 09:00 2526190                    /usr/local/lib/scilab-5.2.2/lib/scilab/libscicacsd.so.5.0.2
7feb73a28000-7feb73a29000 rw-p 000e0000 09:00 2526190                    /usr/local/lib/scilab-5.2.2/lib/scilab/libscicacsd.so.5.0.2
7feb73a29000-7feb73ae3000 rw-p 00000000 00:00 0 
7feb73ae3000-7feb73b10000 r-xp 00000000 09:00 2526113                    /usr/local/lib/scilab-5.2.2/lib/scilab/libscipolynomials.so.5.0.2
7feb73b10000-7feb73d0f000 ---p 0002d000 09:00 2526113                    /usr/local/lib/scilab-5.2.2/lib/scilab/libscipolynomials.so.5.0.2
7feb73d0f000-7feb73d10000 r--p 0002c000 09:00 2526113                    /usr/local/lib/scilab-5.2.2/lib/scilab/libscipolynomials.so.5.0.2
7feb73d10000-7feb73d11000 rw-p 0002d000 09:00 2526113                    /usr/local/lib/scilab-5.2.2/lib/scilab/libscipolynomials.so.5.0.2
7feb73d11000-7feb73dcd000 rw-p 00000000 00:00 0 
7feb73dcd000-7feb73e1c000 r-xp 00000000 09:00 2526125                    /usr/local/lib/scilab-5.2.2/lib/scilab/libscisparse.so.5.0.2
7feb73e1c000-7feb7401b000 ---p 0004f000 09:00 2526125                    /usr/local/lib/scilab-5.2.2/lib/scilab/libscisparse.so.5.0.2
7feb7401b000-7feb7401c000 r--p 0004e000 09:00 2526125                    /usr/local/lib/scilab-5.2.2/lib/scilab/libscisparse.so.5.0.2
7feb7401c000-7feb7401d000 rw-p 0004f000 09:00 2526125                    /usr/local/lib/scilab-5.2.2/lib/scilab/libscisparse.so.5.0.2
7feb7401d000-7feb740d7000 rw-p 00000000 00:00 0 
7feb740d7000-7feb740d8000 r-xp 00000000 09:00 2526110                    /usr/local/lib/scilab-5.2.2/lib/scilab/libscipvm.so.5.0.2
7feb740d8000-7feb742d7000 ---p 00001000 09:00 2526110                    /usr/local/lib/scilab-5.2.2/lib/scilab/libscipvm.so.5.0.2
7feb742d7000-7feb742d8000 r--p 00000000 09:00 2526110                    /usr/local/lib/scilab-5.2.2/lib/scilab/libscipvm.so.5.0.2
7feb742d8000-7feb742d9000 rw-p 00001000 09:00 2526110                    /usr/local/lib/scilab-5.2.2/lib/scilab/libscipvm.so.5.0.2
7feb742d9000-7feb742da000 r-xp 00000000 09:00 2526115                    /usr/local/lib/scilab-5.2.2/lib/scilab/libsciwindows_tools.so.5.0.2
7feb742da000-7feb744d9000 ---p 00001000 09:00 2526115                    /usr/local/lib/scilab-5.2.2/lib/scilab/libsciwindows_tools.so.5.0.2
7feb744d9000-7feb744da000 r--p 00000000 09:00 2526115                    /usr/local/lib/scilab-5.2.2/lib/scilab/libsciwindows_tools.so.5.0.2
7feb744da000-7feb744db000 rw-p 00001000 09:00 2526115                    /usr/local/lib/scilab-5.2.2/lib/scilab/libsciwindows_tools.so.5.0.2
7feb744db000-7feb744dc000 rw-p 00000000 00:00 0 
7feb744dc000-7feb744df000 r-xp 00000000 09:00 2526016                    /usr/local/lib/scilab-5.2.2/lib/scilab/libscitime.so.5.0.2
7feb744df000-7feb746df000 ---p 00003000 09:00 2526016                    /usr/local/lib/scilab-5.2.2/lib/scilab/libscitime.so.5.0.2
7feb746df000-7feb746e0000 r--p 00003000 09:00 2526016                    /usr/local/lib/scilab-5.2.2/lib/scilab/libscitime.so.5.0.2
7feb746e0000-7feb746e1000 rw-p 00004000 09:00 2526016                    /usr/local/lib/scilab-5.2.2/lib/scilab/libscitime.so.5.0.2
7feb746e1000-7feb746fb000 r-xp 00000000 09:00 2526195                    /usr/local/lib/scilab-5.2.2/lib/scilab/libscistatistics.so.5.0.2
7feb746fb000-7feb748fa000 ---p 0001a000 09:00 2526195                    /usr/local/lib/scilab-5.2.2/lib/scilab/libscistatistics.so.5.0.2
7feb748fa000-7feb748fb000 r--p 00019000 09:00 2526195                    /usr/local/lib/scilab-5.2.2/lib/scilab/libscistatistics.so.5.0.2
7feb748fb000-7feb748fc000 rw-p 0001a000 09:00 2526195                    /usr/local/lib/scilab-5.2.2/lib/scilab/libscistatistics.so.5.0.2
7feb748fc000-7feb749b6000 rw-p 00000000 00:00 0 
7feb749b6000-7feb749c0000 r-xp 00000000 09:00 2526153                    /usr/local/lib/scilab-5.2.2/lib/scilab/libscispecial_functions.so.5.0.2
7feb749c0000-7feb74bc0000 ---p 0000a000 09:00 2526153                    /usr/local/lib/scilab-5.2.2/lib/scilab/libscispecial_functions.so.5.0.2
7feb74bc0000-7feb74bc1000 r--p 0000a000 09:00 2526153                    /usr/local/lib/scilab-5.2.2/lib/scilab/libscispecial_functions.so.5.0.2
7feb74bc1000-7feb74bc2000 rw-p 0000b000 09:00 2526153                    /usr/local/lib/scilab-5.2.2/lib/scilab/libscispecial_functions.so.5.0.2
7feb74bc2000-7feb74c7d000 rw-p 00000000 00:00 0 
7feb74c7d000-7feb74c7f000 r-xp 00000000 09:00 2526013                    /usr/local/lib/scilab-5.2.2/lib/scilab/libsciintersci.so.5.0.2
7feb74c7f000-7feb74e7e000 ---p 00002000 09:00 2526013                    /usr/local/lib/scilab-5.2.2/lib/scilab/libsciintersci.so.5.0.2
7feb74e7e000-7feb74e7f000 r--p 00001000 09:00 2526013                    /usr/local/lib/scilab-5.2.2/lib/scilab/libsciintersci.so.5.0.2
7feb74e7f000-7feb74e80000 rw-p 00002000 09:00 2526013                    /usr/local/lib/scilab-5.2.2/lib/scilab/libsciintersci.so.5.0.2
7feb74e80000-7feb74e89000 r-xp 00000000 09:00 2525981                    /usr/local/lib/scilab-5.2.2/lib/scilab/libsciboolean.so.5.0.2
7feb74e89000-7feb75088000 ---p 00009000 09:00 2525981                    /usr/local/lib/scilab-5.2.2/lib/scilab/libsciboolean.so.5.0.2
7feb75088000-7feb75089000 r--p 00008000 09:00 2525981                    /usr/local/lib/scilab-5.2.2/lib/scilab/libsciboolean.so.5.0.2
7feb75089000-7feb7508a000 rw-p 00009000 09:00 2525981                    /usr/local/lib/scilab-5.2.2/lib/scilab/libsciboolean.so.5.0.2
7feb7508a000-7feb75144000 rw-p 00000000 00:00 0 
7feb75144000-7feb75155000 r-xp 00000000 09:00 2526129                    /usr/local/lib/scilab-5.2.2/lib/scilab/libscidouble.so.5.0.2
7feb75155000-7feb75354000 ---p 00011000 09:00 2526129                    /usr/local/lib/scilab-5.2.2/lib/scilab/libscidouble.so.5.0.2
7feb75354000-7feb75355000 r--p 00010000 09:00 2526129                    /usr/local/lib/scilab-5.2.2/lib/scilab/libscidouble.so.5.0.2
7feb75355000-7feb75356000 rw-p 00011000 09:00 2526129                    /usr/local/lib/scilab-5.2.2/lib/scilab/libscidouble.so.5.0.2
7feb75356000-7feb75411000 rw-p 00000000 00:00 0 
7feb75411000-7feb75414000 r-xp 00000000 09:00 2526089                    /usr/local/lib/scilab-5.2.2/lib/scilab/libscicall_scilab.so.5.0.2
7feb75414000-7feb75613000 ---p 00003000 09:00 2526089                    /usr/local/lib/scilab-5.2.2/lib/scilab/libscicall_scilab.so.5.0.2
7feb75613000-7feb75614000 r--p 00002000 09:00 2526089                    /usr/local/lib/scilab-5.2.2/lib/scilab/libscicall_scilab.so.5.0.2
7feb75614000-7feb75615000 rw-p 00003000 09:00 2526089                    /usr/local/lib/scilab-5.2.2/lib/scilab/libscicall_scilab.so.5.0.2
7feb75615000-7feb75616000 r-xp 00000000 09:00 2526188                    /usr/local/lib/scilab-5.2.2/lib/scilab/libscilab.so.0.0.0
7feb75616000-7feb75816000 ---p 00001000 09:00 2526188                    /usr/local/lib/scilab-5.2.2/lib/scilab/libscilab.so.0.0.0
7feb75816000-7feb75817000 r--p 00001000 09:00 2526188                    /usr/local/lib/scilab-5.2.2/lib/scilab/libscilab.so.0.0.0
7feb75817000-7feb75818000 rw-p 00002000 09:00 2526188                    /usr/local/lib/scilab-5.2.2/lib/scilab/libscilab.so.0.0.0
7feb75818000-7feb7582e000 r-xp 00000000 09:00 2526123                    /usr/local/lib/scilab-5.2.2/lib/scilab/libsciio.so.5.0.2
7feb7582e000-7feb75a2d000 ---p 00016000 09:00 2526123                    /usr/local/lib/scilab-5.2.2/lib/scilab/libsciio.so.5.0.2
7feb75a2d000-7feb75a2e000 r--p 00015000 09:00 2526123                    /usr/local/lib/scilab-5.2.2/lib/scilab/libsciio.so.5.0.2
7feb75a2e000-7feb75a2f000 rw-p 00016000 09:00 2526123                    /usr/local/lib/scilab-5.2.2/lib/scilab/libsciio.so.5.0.2
7feb75a2f000-7feb75aea000 rw-p 00000000 00:00 0 
7feb75aea000-7feb75aee000 r-xp 00000000 09:00 2526027                    /usr/local/lib/scilab-5.2.2/lib/scilab/libscilocalization.so.5.0.2
7feb75aee000-7feb75ced000 ---p 00004000 09:00 2526027                    /usr/local/lib/scilab-5.2.2/lib/scilab/libscilocalization.so.5.0.2
7feb75ced000-7feb75cee000 r--p 00003000 09:00 2526027                    /usr/local/lib/scilab-5.2.2/lib/scilab/libscilocalization.so.5.0.2
7feb75cee000-7feb75cf3000 rw-p 00004000 09:00 2526027                    /usr/local/lib/scilab-5.2.2/lib/scilab/libscilocalization.so.5.0.2
7feb75cf3000-7feb75cfa000 r-xp 00000000 09:00 2526055                    /usr/local/lib/scilab-5.2.2/lib/scilab/libscicompletion.so.5.0.2
7feb75cfa000-7feb75ef9000 ---p 00007000 09:00 2526055                    /usr/local/lib/scilab-5.2.2/lib/scilab/libscicompletion.so.5.0.2
7feb75ef9000-7feb75efa000 r--p 00006000 09:00 2526055                    /usr/local/lib/scilab-5.2.2/lib/scilab/libscicompletion.so.5.0.2
7feb75efa000-7feb75efb000 rw-p 00007000 09:00 2526055                    /usr/local/lib/scilab-5.2.2/lib/scilab/libscicompletion.so.5.0.2
7feb75efb000-7feb75f81000 r-xp 00000000 09:00 2526131                    /usr/local/lib/scilab-5.2.2/lib/scilab/libscicore.so.5.0.2
7feb75f81000-7feb76181000 ---p 00086000 09:00 2526131                    /usr/local/lib/scilab-5.2.2/lib/scilab/libscicore.so.5.0.2
7feb76181000-7feb76183000 r--p 00086000 09:00 2526131                    /usr/local/lib/scilab-5.2.2/lib/scilab/libscicore.so.5.0.2
7feb76183000-7feb76186000 rw-p 00088000 09:00 2526131                    /usr/local/lib/scilab-5.2.2/lib/scilab/libscicore.so.5.0.2
7feb76186000-7feb76284000 rw-p 00000000 00:00 0 
7feb76284000-7feb7628d000 r-xp 00000000 09:00 2525955                    /usr/local/lib/scilab-5.2.2/lib/scilab/libscishell.so.5.0.2
7feb7628d000-7feb7648d000 ---p 00009000 09:00 2525955                    /usr/local/lib/scilab-5.2.2/lib/scilab/libscishell.so.5.0.2
7feb7648d000-7feb7648e000 r--p 00009000 09:00 2525955                    /usr/local/lib/scilab-5.2.2/lib/scilab/libscishell.so.5.0.2
7feb7648e000-7feb7648f000 rw-p 0000a000 09:00 2525955                    /usr/local/lib/scilab-5.2.2/lib/scilab/libscishell.so.5.0.2
7feb7648f000-7feb76491000 rw-p 00000000 00:00 0 
7ffff40e5000-7ffff40e8000 ---p 00000000 00:00 0 
7ffff40e8000-7ffff41e5000 rwxp 00000000 00:00 0                          [stack]
7ffff41e5000-7ffff41e7000 rw-p 00000000 00:00 0 
7ffff41ff000-7ffff4200000 r-xp 00000000 00:00 0                          [vdso]
ffffffffff600000-ffffffffff601000 r-xp 00000000 00:00 0                  [vsyscall]

VM Arguments:
jvm_args: -Djava.library.path= -Djava.compiler=JIT -Xmx256m -Dapple.laf.useScreenMenuBar=true 
java_command: <unknown>
Launcher Type: generic

Environment Variables:
JAVA_HOME=/usr/local/lib/scilab-5.2.2/thirdparty/java
JRE_HOME=/usr/local/lib/scilab-5.2.2/thirdparty/java
CLASSPATH=/usr/local/lib/scilab-5.2.2/thirdparty:/usr/local/lib/scilab-5.2.2/thirdparty/java/lib
PATH=/usr/local/lib/scilab-5.2.2/bin:/usr/local/bin:/usr/lib64/qt-3.3/bin:/usr/kerberos/bin:/usr/lib64/ccache:/usr/local/bin:/bin:/usr/bin:/usr/lib64/paraview-3.6.1-Linux-x86_64/bin/:/usr/local/sbin:/usr/sbin:/sbin:/usr/lib64/paraview-3.6.1-Linux-x86_64/bin/:/home/M2SITN/delanoue/bin:/usr/lib64/paraview-3.6.1-Linux-x86_64/bin/:/usr/local/lib/scilab-5.2.2/share/scilab/modules/scicos/
LD_LIBRARY_PATH=/usr/local/lib/scilab-5.2.2/share/scilab/bin:/usr/local/lib/scilab-5.2.2/share/scilab/lib/scilab/:/usr/local/lib/scilab-5.2.2/share/scilab/lib64/scilab/:/usr/local/lib/scilab-5.2.2/lib/scilab:/usr/local/lib/scilab-5.2.2/lib/thirdparty:/usr/local/lib/scilab-5.2.2/thirdparty/java/lib/amd64:/usr/local/lib/scilab-5.2.2/thirdparty/java/lib/amd64/server:/usr/local/lib/scilab-5.2.2/thirdparty/java/lib/amd64/native_threads
SHELL=/bin/bash
DISPLAY=:2003.0

Signal Handlers:
SIGSEGV: [libjvm.so+0x70f1a0], sa_mask[0]=0x7ffbfeff, sa_flags=0x10000004
SIGBUS: [libjvm.so+0x70f1a0], sa_mask[0]=0x7ffbfeff, sa_flags=0x10000004
SIGFPE: [libjvm.so+0x5d7f70], sa_mask[0]=0x7ffbfeff, sa_flags=0x10000004
SIGPIPE: SIG_IGN, sa_mask[0]=0x00001000, sa_flags=0x10000000
SIGXFSZ: [libjvm.so+0x5d7f70], sa_mask[0]=0x7ffbfeff, sa_flags=0x10000004
SIGILL: [libjvm.so+0x5d7f70], sa_mask[0]=0x7ffbfeff, sa_flags=0x10000004
SIGUSR1: SIG_DFL, sa_mask[0]=0x00000000, sa_flags=0x00000000
SIGUSR2: [libjvm.so+0x5da790], sa_mask[0]=0x00000000, sa_flags=0x10000004
SIGHUP: [libjvm.so+0x5da4e0], sa_mask[0]=0x7ffbfeff, sa_flags=0x10000004
SIGINT: [libscicore.so.5+0x2c190], sa_mask[0]=0x00000002, sa_flags=0x10000000
SIGTERM: [libjvm.so+0x5da4e0], sa_mask[0]=0x7ffbfeff, sa_flags=0x10000004
SIGQUIT: [libjvm.so+0x5da4e0], sa_mask[0]=0x7ffbfeff, sa_flags=0x10000004


---------------  S Y S T E M  ---------------

OS:Fedora release 11 (Leonidas)

uname:Linux 2.6.30.9-90.fc11.x86_64 #1 SMP Sat Oct 17 11:25:35 EDT 2009 x86_64
libc:glibc 2.10.1 NPTL 2.10.1 
rlimit: STACK 10240k, CORE 0k, NPROC 1024, NOFILE 1024, AS infinity
load average:0.20 0.24 0.25

CPU:total 16 (8 cores per cpu, 2 threads per core) family 6 model 26 stepping 5, cmov, cx8, fxsr, mmx, sse, sse2, sse3, ssse3, sse4.1, sse4.2, popcnt, ht

Memory: 4k page, physical 49065876k(4426772k free), swap 50331632k(50197916k free)

vm_info: Java HotSpot(TM) 64-Bit Server VM (16.0-b13) for linux-amd64 JRE (1.6.0_18-b07), built on Dec 17 2009 13:42:22 by "java_re" with gcc 3.2.2 (SuSE Linux)

time: Fri Jul  9 15:30:51 2010
elapsed time: 332 seconds

