#
# A fatal error has been detected by the Java Runtime Environment:
#
#  SIGSEGV (0xb) at pc=0x00007fe3d8202440, pid=29473, tid=140618134333200
#
# JRE version: 6.0_18-b07
# Java VM: Java HotSpot(TM) 64-Bit Server VM (16.0-b13 mixed mode linux-amd64 )
# Problematic frame:
# C  [libGL.so.1+0x7f440]
#
# If you would like to submit a bug report, please visit:
#   http://java.sun.com/webapps/bugreport/crash.jsp
# The crash happened outside the Java Virtual Machine in native code.
# See problematic frame for where to report the bug.
#

---------------  T H R E A D  ---------------

Current thread (0x000000000248d000):  JavaThread "main" [_thread_in_native, id=29473, stack(0x00007fffaf420000,0x00007fffaf520000)]

siginfo:si_signo=SIGSEGV: si_errno=0, si_code=1 (SEGV_MAPERR), si_addr=0x0000000000000000

Registers:
RAX=0x0000000000000000, RBX=0x00000000026a9fd0, RCX=0x0000003be3769e88, RDX=0x0000000000000000
RSP=0x00007fffaf51edd0, RBP=0x00007fe3d8344020, RSI=0x0000000000000000, RDI=0x0000003be3769e80
R8 =0x0000000000000000, R9 =0x0000000000000000, R10=0x00007fffaf51eb70, R11=0x0000000000000000
R12=0x0000003bf0420790, R13=0x00007fe3d835a360, R14=0x00000000029a02d0, R15=0x0000000000000050
RIP=0x00007fe3d8202440, EFL=0x0000000000010246, CSGSFS=0x0000000000000033, ERR=0x0000000000000004
  TRAPNO=0x000000000000000e

Top of Stack: (sp=0x00007fffaf51edd0)
0x00007fffaf51edd0:   00007fe3d8344020 0000000000007321
0x00007fffaf51ede0:   0000003bf0420790 00007fe3d81f34e5
0x00007fffaf51edf0:   00007fffaf51ee00 000000000000008a
0x00007fffaf51ee00:   00007fffaf51f2f0 0000000000000000
0x00007fffaf51ee10:   0000003be301f008 0000003be2e0f0cc
0x00007fffaf51ee20:   00007fe440b7c000 00007fe440b7c590
0x00007fffaf51ee30:   00007fe4401d5508 00007fe43ae88000
0x00007fffaf51ee40:   00007fe440b7ba38 00007fe44096f510
0x00007fffaf51ee50:   00007fe44096fa30 00007fe43ebc7a30
0x00007fffaf51ee60:   00007fe4401d5000 00007fe4401d5a18
0x00007fffaf51ee70:   00007fe43fafc000 00007fe43fafc520
0x00007fffaf51ee80:   00007fe43fafca40 00007fe43f368000
0x00007fffaf51ee90:   00007fe43f368530 00007fe43f368a48
0x00007fffaf51eea0:   00007fe43ebc7520 00007fe43e4b8000
0x00007fffaf51eeb0:   00007fe43e4b8518 00007fe43e4b8a28
0x00007fffaf51eec0:   00007fe43dc24000 00007fe43dc24520
0x00007fffaf51eed0:   00007fe43dc24a58 00007fe43d4d6000
0x00007fffaf51eee0:   00007fe43d4d6530 00007fe43d4d6a58
0x00007fffaf51eef0:   00007fe43cc3c000 00007fe43cc3c518
0x00007fffaf51ef00:   00007fe43c424000 00007fe43c424510
0x00007fffaf51ef10:   00007fe43c424a30 00007fe43bcca520
0x00007fffaf51ef20:   00007fe43bccaa38 00007fe43b653a60
0x00007fffaf51ef30:   00007fe43ae88528 00007fe43ae88a60
0x00007fffaf51ef40:   00007fe43a867000 00007fe43a867510
0x00007fffaf51ef50:   00007fe43a867a30 00007fe43a15f530
0x00007fffaf51ef60:   00007fe43a15fa50 00007fe4399baa48
0x00007fffaf51ef70:   00007fe4393a2000 00007fe44096f000
0x00007fffaf51ef80:   00007fe43ebc7000 00007fe43cc3ca28
0x00007fffaf51ef90:   00007fe43bcca000 00007fe43b653000
0x00007fffaf51efa0:   00007fe43b653528 00007fe43a15f000
0x00007fffaf51efb0:   00007fe4399ba000 00007fe4399ba520
0x00007fffaf51efc0:   00007fe4393a2508 00007fe4393a2a18 

Instructions: (pc=0x00007fe3d8202440)
0x00007fe3d8202430:   10 48 85 d2 74 43 48 8b 42 10 48 8b 5a 08 31 d2
0x00007fe3d8202440:   44 8b 20 48 89 df 44 89 e6 e8 42 a9 fb ff 31 d2 

Stack: [0x00007fffaf420000,0x00007fffaf520000],  sp=0x00007fffaf51edd0,  free space=3fb0000000000000018k
Native frames: (J=compiled Java code, j=interpreted, Vv=VM code, C=native code)
C  [libGL.so.1+0x7f440]


---------------  P R O C E S S  ---------------

Java Threads: ( => current thread )
  0x00007fe3a0008800 JavaThread "Thread-7" [_thread_blocked, id=29514, stack(0x00007fe3d892d000,0x00007fe3d932e000)]
  0x00007fe3a0008000 JavaThread "Thread-6" [_thread_in_native, id=29512, stack(0x00007fe3d892d000,0x00007fe3d932e000)]
  0x00007fe3a0001000 JavaThread "Thread-5" [_thread_in_native, id=29509, stack(0x00007fe3d892d000,0x00007fe3d932e000)]
  0x0000000002a0f000 JavaThread "TimerQueue" daemon [_thread_blocked, id=29507, stack(0x00007fe3d9b3d000,0x00007fe3d9c3e000)]
  0x0000000002956000 JavaThread "AWT-EventQueue-0" [_thread_blocked, id=29506, stack(0x00007fe3d9c3e000,0x00007fe3d9d3f000)]
  0x0000000002946800 JavaThread "AWT-Shutdown" [_thread_blocked, id=29505, stack(0x00007fe3d9d3f000,0x00007fe3d9e40000)]
  0x0000000002725800 JavaThread "AWT-XAWT" daemon [_thread_in_native, id=29499, stack(0x00007fe3da985000,0x00007fe3daa86000)]
  0x00000000026d7000 JavaThread "Java2D Disposer" daemon [_thread_blocked, id=29498, stack(0x00007fe3daca5000,0x00007fe3dada6000)]
  0x0000000002582000 JavaThread "Low Memory Detector" daemon [_thread_blocked, id=29496, stack(0x00007fe3db3f4000,0x00007fe3db4f5000)]
  0x0000000002580000 JavaThread "CompilerThread1" daemon [_thread_blocked, id=29495, stack(0x00007fe3db4f5000,0x00007fe3db5f6000)]
  0x000000000257d000 JavaThread "CompilerThread0" daemon [_thread_blocked, id=29494, stack(0x00007fe3db5f6000,0x00007fe3db6f7000)]
  0x000000000257b000 JavaThread "Signal Dispatcher" daemon [_thread_blocked, id=29493, stack(0x00007fe3db6f7000,0x00007fe3db7f8000)]
  0x000000000255e800 JavaThread "Finalizer" daemon [_thread_blocked, id=29492, stack(0x00007fe3db7f8000,0x00007fe3db8f9000)]
  0x000000000255c800 JavaThread "Reference Handler" daemon [_thread_blocked, id=29491, stack(0x00007fe3db8f9000,0x00007fe3db9fa000)]
=>0x000000000248d000 JavaThread "main" [_thread_in_native, id=29473, stack(0x00007fffaf420000,0x00007fffaf520000)]

Other Threads:
  0x0000000002558000 VMThread [stack: 0x00007fe3db9fa000,0x00007fe3dbafb000] [id=29490]
  0x0000000002584800 WatcherThread [stack: 0x00007fe3db2f3000,0x00007fe3db3f4000] [id=29497]

VM state:not at safepoint (normal execution)

VM Mutex/Monitor currently owned by a thread: None

Heap
 PSYoungGen      total 9856K, used 7738K [0x00007fe421710000, 0x00007fe4223b0000, 0x00007fe426c60000)
  eden space 9792K, 78% used [0x00007fe421710000,0x00007fe421e96b80,0x00007fe4220a0000)
  from space 64K, 50% used [0x00007fe4223a0000,0x00007fe4223a8000,0x00007fe4223b0000)
  to   space 192K, 0% used [0x00007fe422350000,0x00007fe422350000,0x00007fe422380000)
 PSOldGen        total 174784K, used 17994K [0x00007fe416c60000, 0x00007fe421710000, 0x00007fe421710000)
  object space 174784K, 10% used [0x00007fe416c60000,0x00007fe417df2810,0x00007fe421710000)
 PSPermGen       total 29504K, used 29503K [0x00007fe411860000, 0x00007fe413530000, 0x00007fe416c60000)
  object space 29504K, 99% used [0x00007fe411860000,0x00007fe41352fe80,0x00007fe413530000)

Dynamic libraries:
00400000-00402000 r-xp 00000000 09:00 2526212                            /usr/local/lib/scilab-5.2.2/bin/scilab-bin
00601000-00602000 r--p 00001000 09:00 2526212                            /usr/local/lib/scilab-5.2.2/bin/scilab-bin
00602000-00603000 rw-p 00002000 09:00 2526212                            /usr/local/lib/scilab-5.2.2/bin/scilab-bin
0247d000-03105000 rw-p 00000000 00:00 0                                  [heap]
40be4000-40be6000 rwxp 00000000 00:0f 703                                /dev/zero
3be2e00000-3be2e1f000 r-xp 00000000 09:00 3622                           /lib64/ld-2.10.1.so
3be301e000-3be301f000 r--p 0001e000 09:00 3622                           /lib64/ld-2.10.1.so
3be301f000-3be3020000 rw-p 0001f000 09:00 3622                           /lib64/ld-2.10.1.so
3be3200000-3be3201000 r-xp 00000000 09:00 55465                          /usr/lib64/nvidia/tls/libnvidia-tls.so.185.18.36
3be3201000-3be3301000 ---p 00001000 09:00 55465                          /usr/lib64/nvidia/tls/libnvidia-tls.so.185.18.36
3be3301000-3be3302000 rw-p 00001000 09:00 55465                          /usr/lib64/nvidia/tls/libnvidia-tls.so.185.18.36
3be3400000-3be3564000 r-xp 00000000 09:00 6311                           /lib64/libc-2.10.1.so
3be3564000-3be3764000 ---p 00164000 09:00 6311                           /lib64/libc-2.10.1.so
3be3764000-3be3768000 r--p 00164000 09:00 6311                           /lib64/libc-2.10.1.so
3be3768000-3be3769000 rw-p 00168000 09:00 6311                           /lib64/libc-2.10.1.so
3be3769000-3be376e000 rw-p 00000000 00:00 0 
3be3800000-3be3802000 r-xp 00000000 09:00 270374                         /lib64/libdl-2.10.1.so
3be3802000-3be3a02000 ---p 00002000 09:00 270374                         /lib64/libdl-2.10.1.so
3be3a02000-3be3a03000 r--p 00002000 09:00 270374                         /lib64/libdl-2.10.1.so
3be3a03000-3be3a04000 rw-p 00003000 09:00 270374                         /lib64/libdl-2.10.1.so
3be3c00000-3be3c82000 r-xp 00000000 09:00 11622                          /lib64/libm-2.10.1.so
3be3c82000-3be3e82000 ---p 00082000 09:00 11622                          /lib64/libm-2.10.1.so
3be3e82000-3be3e83000 r--p 00082000 09:00 11622                          /lib64/libm-2.10.1.so
3be3e83000-3be3e84000 rw-p 00083000 09:00 11622                          /lib64/libm-2.10.1.so
3be4000000-3be4017000 r-xp 00000000 09:00 262769                         /lib64/libpthread-2.10.1.so
3be4017000-3be4216000 ---p 00017000 09:00 262769                         /lib64/libpthread-2.10.1.so
3be4216000-3be4217000 r--p 00016000 09:00 262769                         /lib64/libpthread-2.10.1.so
3be4217000-3be4218000 rw-p 00017000 09:00 262769                         /lib64/libpthread-2.10.1.so
3be4218000-3be421c000 rw-p 00000000 00:00 0 
3be4800000-3be4934000 r-xp 00000000 09:00 262666                         /usr/lib64/libX11.so.6.2.0
3be4934000-3be4b33000 ---p 00134000 09:00 262666                         /usr/lib64/libX11.so.6.2.0
3be4b33000-3be4b39000 rw-p 00133000 09:00 262666                         /usr/lib64/libX11.so.6.2.0
3be4c00000-3be4c02000 r-xp 00000000 09:00 262162                         /usr/lib64/libXau.so.6.0.0
3be4c02000-3be4e01000 ---p 00002000 09:00 262162                         /usr/lib64/libXau.so.6.0.0
3be4e01000-3be4e02000 rw-p 00001000 09:00 262162                         /usr/lib64/libXau.so.6.0.0
3be5000000-3be501a000 r-xp 00000000 09:00 262665                         /usr/lib64/libxcb.so.1.1.0
3be501a000-3be521a000 ---p 0001a000 09:00 262665                         /usr/lib64/libxcb.so.1.1.0
3be521a000-3be521b000 rw-p 0001a000 09:00 262665                         /usr/lib64/libxcb.so.1.1.0
3be5400000-3be541c000 r-xp 00000000 09:00 262763                         /lib64/libselinux.so.1
3be541c000-3be561b000 ---p 0001c000 09:00 262763                         /lib64/libselinux.so.1
3be561b000-3be561c000 r--p 0001b000 09:00 262763                         /lib64/libselinux.so.1
3be561c000-3be561d000 rw-p 0001c000 09:00 262763                         /lib64/libselinux.so.1
3be561d000-3be561e000 rw-p 00000000 00:00 0 
3be5800000-3be5811000 r-xp 00000000 09:00 262755                         /usr/lib64/libXext.so.6.4.0
3be5811000-3be5a11000 ---p 00011000 09:00 262755                         /usr/lib64/libXext.so.6.4.0
3be5a11000-3be5a12000 rw-p 00011000 09:00 262755                         /usr/lib64/libXext.so.6.4.0
3be5c00000-3be5cdd000 r-xp 00000000 09:00 262670                         /lib64/libglib-2.0.so.0.2000.5
3be5cdd000-3be5edc000 ---p 000dd000 09:00 262670                         /lib64/libglib-2.0.so.0.2000.5
3be5edc000-3be5ede000 rw-p 000dc000 09:00 262670                         /lib64/libglib-2.0.so.0.2000.5
3be6000000-3be6007000 r-xp 00000000 09:00 262770                         /lib64/librt-2.10.1.so
3be6007000-3be6206000 ---p 00007000 09:00 262770                         /lib64/librt-2.10.1.so
3be6206000-3be6207000 r--p 00006000 09:00 262770                         /lib64/librt-2.10.1.so
3be6207000-3be6208000 rw-p 00007000 09:00 262770                         /lib64/librt-2.10.1.so
3be6400000-3be6441000 r-xp 00000000 09:00 262671                         /lib64/libgobject-2.0.so.0.2000.5
3be6441000-3be6641000 ---p 00041000 09:00 262671                         /lib64/libgobject-2.0.so.0.2000.5
3be6641000-3be6643000 rw-p 00041000 09:00 262671                         /lib64/libgobject-2.0.so.0.2000.5
3be6800000-3be6826000 r-xp 00000000 09:00 95997                          /lib64/libexpat.so.1.5.2
3be6826000-3be6a25000 ---p 00026000 09:00 95997                          /lib64/libexpat.so.1.5.2
3be6a25000-3be6a28000 rw-p 00025000 09:00 95997                          /lib64/libexpat.so.1.5.2
3be6c00000-3be6c03000 r-xp 00000000 09:00 262672                         /lib64/libgmodule-2.0.so.0.2000.5
3be6c03000-3be6e02000 ---p 00003000 09:00 262672                         /lib64/libgmodule-2.0.so.0.2000.5
3be6e02000-3be6e03000 rw-p 00002000 09:00 262672                         /lib64/libgmodule-2.0.so.0.2000.5
3be7000000-3be7093000 r-xp 00000000 09:00 95977                          /usr/lib64/libfreetype.so.6.3.20
3be7093000-3be7293000 ---p 00093000 09:00 95977                          /usr/lib64/libfreetype.so.6.3.20
3be7293000-3be7299000 rw-p 00093000 09:00 95977                          /usr/lib64/libfreetype.so.6.3.20
3be7400000-3be7425000 r-xp 00000000 09:00 270373                         /usr/lib64/libpng12.so.0.37.0
3be7425000-3be7624000 ---p 00025000 09:00 270373                         /usr/lib64/libpng12.so.0.37.0
3be7624000-3be7625000 rw-p 00024000 09:00 270373                         /usr/lib64/libpng12.so.0.37.0
3be7800000-3be7833000 r-xp 00000000 09:00 130668                         /usr/lib64/libfontconfig.so.1.4.1
3be7833000-3be7a32000 ---p 00033000 09:00 130668                         /usr/lib64/libfontconfig.so.1.4.1
3be7a32000-3be7a34000 rw-p 00032000 09:00 130668                         /usr/lib64/libfontconfig.so.1.4.1
3be7c00000-3be7c75000 r-xp 00000000 09:00 262764                         /lib64/libgio-2.0.so.0.2000.5
3be7c75000-3be7e75000 ---p 00075000 09:00 262764                         /lib64/libgio-2.0.so.0.2000.5
3be7e75000-3be7e77000 rw-p 00075000 09:00 262764                         /lib64/libgio-2.0.so.0.2000.5
3be7e77000-3be7e78000 rw-p 00000000 00:00 0 
3be8000000-3be803b000 r-xp 00000000 09:00 125888                         /usr/lib64/libibus.so.1.0.0
3be803b000-3be823b000 ---p 0003b000 09:00 125888                         /usr/lib64/libibus.so.1.0.0
3be823b000-3be823e000 rw-p 0003b000 09:00 125888                         /usr/lib64/libibus.so.1.0.0
3be8400000-3be8409000 r-xp 00000000 09:00 262668                         /usr/lib64/libXrender.so.1.3.0
3be8409000-3be8608000 ---p 00009000 09:00 262668                         /usr/lib64/libXrender.so.1.3.0
3be8608000-3be8609000 rw-p 00008000 09:00 262668                         /usr/lib64/libXrender.so.1.3.0
3be8800000-3be8802000 r-xp 00000000 09:00 262756                         /usr/lib64/libXinerama.so.1.0.0
3be8802000-3be8a01000 ---p 00002000 09:00 262756                         /usr/lib64/libXinerama.so.1.0.0
3be8a01000-3be8a02000 rw-p 00001000 09:00 262756                         /usr/lib64/libXinerama.so.1.0.0
3be8c00000-3be8c08000 r-xp 00000000 09:00 262758                         /usr/lib64/libXrandr.so.2.2.0
3be8c08000-3be8e07000 ---p 00008000 09:00 262758                         /usr/lib64/libXrandr.so.2.2.0
3be8e07000-3be8e08000 rw-p 00007000 09:00 262758                         /usr/lib64/libXrandr.so.2.2.0
3be9000000-3be9004000 r-xp 00000000 09:00 262771                         /lib64/libgthread-2.0.so.0.2000.5
3be9004000-3be9203000 ---p 00004000 09:00 262771                         /lib64/libgthread-2.0.so.0.2000.5
3be9203000-3be9204000 rw-p 00003000 09:00 262771                         /lib64/libgthread-2.0.so.0.2000.5
3be9400000-3be9409000 r-xp 00000000 09:00 262760                         /usr/lib64/libXcursor.so.1.0.2
3be9409000-3be9609000 ---p 00009000 09:00 262760                         /usr/lib64/libXcursor.so.1.0.2
3be9609000-3be960a000 rw-p 00009000 09:00 262760                         /usr/lib64/libXcursor.so.1.0.2
3be9800000-3be9805000 r-xp 00000000 09:00 262759                         /usr/lib64/libXfixes.so.3.1.0
3be9805000-3be9a04000 ---p 00005000 09:00 262759                         /usr/lib64/libXfixes.so.3.1.0
3be9a04000-3be9a05000 rw-p 00004000 09:00 262759                         /usr/lib64/libXfixes.so.3.1.0
3bea400000-3bea409000 r-xp 00000000 09:00 262757                         /usr/lib64/libXi.so.6.0.0
3bea409000-3bea609000 ---p 00009000 09:00 262757                         /usr/lib64/libXi.so.6.0.0
3bea609000-3bea60a000 rw-p 00009000 09:00 262757                         /usr/lib64/libXi.so.6.0.0
3bea800000-3bea804000 r-xp 00000000 09:00 27035                          /lib64/libattr.so.1.1.0
3bea804000-3beaa03000 ---p 00004000 09:00 27035                          /lib64/libattr.so.1.1.0
3beaa03000-3beaa04000 rw-p 00003000 09:00 27035                          /lib64/libattr.so.1.1.0
3beac00000-3beac1d000 r-xp 00000000 09:00 262765                         /usr/lib64/libgdk_pixbuf-2.0.so.0.1600.6
3beac1d000-3beae1d000 ---p 0001d000 09:00 262765                         /usr/lib64/libgdk_pixbuf-2.0.so.0.1600.6
3beae1d000-3beae1e000 rw-p 0001d000 09:00 262765                         /usr/lib64/libgdk_pixbuf-2.0.so.0.1600.6
3beb000000-3beb004000 r-xp 00000000 09:00 270409                         /lib64/libcap.so.2.16
3beb004000-3beb203000 ---p 00004000 09:00 270409                         /lib64/libcap.so.2.16
3beb203000-3beb204000 rw-p 00003000 09:00 270409                         /lib64/libcap.so.2.16
3beb400000-3beb43c000 r-xp 00000000 09:00 262781                         /lib64/libdbus-1.so.3.4.0
3beb43c000-3beb63c000 ---p 0003c000 09:00 262781                         /lib64/libdbus-1.so.3.4.0
3beb63c000-3beb63d000 r--p 0003c000 09:00 262781                         /lib64/libdbus-1.so.3.4.0
3beb63d000-3beb63e000 rw-p 0003d000 09:00 262781                         /lib64/libdbus-1.so.3.4.0
3beb800000-3beb802000 r-xp 00000000 09:00 262761                         /usr/lib64/libXcomposite.so.1.0.0
3beb802000-3beba01000 ---p 00002000 09:00 262761                         /usr/lib64/libXcomposite.so.1.0.0
3beba01000-3beba02000 rw-p 00001000 09:00 262761                         /usr/lib64/libXcomposite.so.1.0.0
3bebc00000-3bebc2c000 r-xp 00000000 09:00 262674                         /usr/lib64/libpangoft2-1.0.so.0.2400.5
3bebc2c000-3bebe2b000 ---p 0002c000 09:00 262674                         /usr/lib64/libpangoft2-1.0.so.0.2400.5
3bebe2b000-3bebe2d000 rw-p 0002b000 09:00 262674                         /usr/lib64/libpangoft2-1.0.so.0.2400.5
3bec000000-3bec00b000 r-xp 00000000 09:00 262675                         /usr/lib64/libpangocairo-1.0.so.0.2400.5
3bec00b000-3bec20a000 ---p 0000b000 09:00 262675                         /usr/lib64/libpangocairo-1.0.so.0.2400.5
3bec20a000-3bec20b000 rw-p 0000a000 09:00 262675                         /usr/lib64/libpangocairo-1.0.so.0.2400.5
3bec400000-3bec41d000 r-xp 00000000 09:00 262767                         /usr/lib64/libatk-1.0.so.0.2511.1
3bec41d000-3bec61c000 ---p 0001d000 09:00 262767                         /usr/lib64/libatk-1.0.so.0.2511.1
3bec61c000-3bec61f000 rw-p 0001c000 09:00 262767                         /usr/lib64/libatk-1.0.so.0.2511.1
3bec800000-3becc21000 r-xp 00000000 09:00 262768                         /usr/lib64/libgtk-x11-2.0.so.0.1600.6
3becc21000-3bece20000 ---p 00421000 09:00 262768                         /usr/lib64/libgtk-x11-2.0.so.0.1600.6
3bece20000-3bece2b000 rw-p 00420000 09:00 262768                         /usr/lib64/libgtk-x11-2.0.so.0.1600.6
3bece2b000-3bece2d000 rw-p 00000000 00:00 0 
3bed000000-3bed043000 r-xp 00000000 09:00 66380                          /usr/lib64/libpixman-1.so.0.14.0
3bed043000-3bed242000 ---p 00043000 09:00 66380                          /usr/lib64/libpixman-1.so.0.14.0
3bed242000-3bed245000 rw-p 00042000 09:00 66380                          /usr/lib64/libpixman-1.so.0.14.0
3bed400000-3bed4a5000 r-xp 00000000 09:00 262766                         /usr/lib64/libgdk-x11-2.0.so.0.1600.6
3bed4a5000-3bed6a5000 ---p 000a5000 09:00 262766                         /usr/lib64/libgdk-x11-2.0.so.0.1600.6
3bed6a5000-3bed6aa000 rw-p 000a5000 09:00 262766                         /usr/lib64/libgdk-x11-2.0.so.0.1600.6
3bed800000-3bed846000 r-xp 00000000 09:00 262673                         /usr/lib64/libpango-1.0.so.0.2400.5
3bed846000-3beda46000 ---p 00046000 09:00 262673                         /usr/lib64/libpango-1.0.so.0.2400.5
3beda46000-3beda49000 rw-p 00046000 09:00 262673                         /usr/lib64/libpango-1.0.so.0.2400.5
3bedc00000-3bedc74000 r-xp 00000000 09:00 262669                         /usr/lib64/libcairo.so.2.10800.8
3bedc74000-3bede73000 ---p 00074000 09:00 262669                         /usr/lib64/libcairo.so.2.10800.8
3bede73000-3bede76000 rw-p 00073000 09:00 262669                         /usr/lib64/libcairo.so.2.10800.8
3bee000000-3bee002000 r-xp 00000000 09:00 262762                         /usr/lib64/libXdamage.so.1.1.0
3bee002000-3bee201000 ---p 00002000 09:00 262762                         /usr/lib64/libXdamage.so.1.1.0
3bee201000-3bee202000 rw-p 00001000 09:00 262762                         /usr/lib64/libXdamage.so.1.1.0
3bef000000-3bef016000 r-xp 00000000 09:00 6957                           /lib64/libnsl-2.10.1.so
3bef016000-3bef216000 ---p 00016000 09:00 6957                           /lib64/libnsl-2.10.1.so
3bef216000-3bef217000 r--p 00016000 09:00 6957                           /lib64/libnsl-2.10.1.so
3bef217000-3bef218000 rw-p 00017000 09:00 6957                           /lib64/libnsl-2.10.1.so
3bef218000-3bef21a000 rw-p 00000000 00:00 0 
3bef800000-3bef805000 r-xp 00000000 09:00 262772                         /usr/lib64/libXxf86vm.so.1.0.0
3bef805000-3befa04000 ---p 00005000 09:00 262772                         /usr/lib64/libXxf86vm.so.1.0.0
3befa04000-3befa05000 rw-p 00004000 09:00 262772                         /usr/lib64/libXxf86vm.so.1.0.0
3befc00000-3bf09da000 r-xp 00000000 09:00 34119                          /usr/lib64/nvidia/libGLcore.so.185.18.36
3bf09da000-3bf0ada000 ---p 00dda000 09:00 34119                          /usr/lib64/nvidia/libGLcore.so.185.18.36
3bf0ada000-3bf0f13000 rwxp 00dda000 09:00 34119                          /usr/lib64/nvidia/libGLcore.so.185.18.36
3bf0f13000-3bf0f26000 rwxp 00000000 00:00 0 
3bf2800000-3bf2802000 r-xp 00000000 09:00 107166                         /lib64/libutil-2.10.1.so
3bf2802000-3bf2a01000 ---p 00002000 09:00 107166                         /lib64/libutil-2.10.1.so
3bf2a01000-3bf2a02000 r--p 00001000 09:00 107166                         /lib64/libutil-2.10.1.so
3bf2a02000-3bf2a03000 rw-p 00002000 09:00 107166                         /lib64/libutil-2.10.1.so
3bf3000000-3bf3005000 r-xp 00000000 09:00 270436                         /usr/lib64/libXtst.so.6.1.0
3bf3005000-3bf3205000 ---p 00005000 09:00 270436                         /usr/lib64/libXtst.so.6.1.0
3bf3205000-3bf3206000 rw-p 00005000 09:00 270436                         /usr/lib64/libXtst.so.6.1.0
3bf6400000-3bf6414000 r-xp 00000000 09:00 29307                          /usr/lib64/libXft.so.2.1.13
3bf6414000-3bf6613000 ---p 00014000 09:00 29307                          /usr/lib64/libXft.so.2.1.13
3bf6613000-3bf6614000 rw-p 00013000 09:00 29307                          /usr/lib64/libXft.so.2.1.13
3bf6e00000-3bf6e02000 r-xp 00000000 09:00 81010                          /usr/lib64/libXss.so.1.0.0
3bf6e02000-3bf7002000 ---p 00002000 09:00 81010                          /usr/lib64/libXss.so.1.0.0
3bf7002000-3bf7003000 rw-p 00002000 09:00 81010                          /usr/lib64/libXss.so.1.0.0
7fe3945e7000-7fe396d6f000 rw-p 00000000 00:00 0 
7fe39b30d000-7fe39b30f000 r-xp 00000000 09:00 2525838                    /usr/local/lib/scilab-5.2.2/lib/thirdparty/libjogl_awt.so
7fe39b30f000-7fe39b40e000 ---p 00002000 09:00 2525838                    /usr/local/lib/scilab-5.2.2/lib/thirdparty/libjogl_awt.so
7fe39b40e000-7fe39b40f000 rw-p 00001000 09:00 2525838                    /usr/local/lib/scilab-5.2.2/lib/thirdparty/libjogl_awt.so
7fe39b40f000-7fe39b4fe000 r-xp 00000000 09:00 2525930                    /usr/local/lib/scilab-5.2.2/lib/thirdparty/libjogl.so
7fe39b4fe000-7fe39b5fe000 ---p 000ef000 09:00 2525930                    /usr/local/lib/scilab-5.2.2/lib/thirdparty/libjogl.so
7fe39b5fe000-7fe39b5ff000 rw-p 000ef000 09:00 2525930                    /usr/local/lib/scilab-5.2.2/lib/thirdparty/libjogl.so
7fe39b5ff000-7fe39b600000 ---p 00000000 00:00 0 
7fe39b600000-7fe39c000000 rwxp 00000000 00:00 0 
7fe39c000000-7fe39c021000 rw-p 00000000 00:00 0 
7fe39c021000-7fe3a0000000 ---p 00000000 00:00 0 
7fe3a0000000-7fe3a0021000 rw-p 00000000 00:00 0 
7fe3a0021000-7fe3a4000000 ---p 00000000 00:00 0 
7fe3a4000000-7fe3a4021000 rw-p 00000000 00:00 0 
7fe3a4021000-7fe3a8000000 ---p 00000000 00:00 0 
7fe3a8000000-7fe3a819e000 rw-p 00000000 00:00 0 
7fe3a819e000-7fe3ac000000 ---p 00000000 00:00 0 
7fe3ac000000-7fe3ac021000 rw-p 00000000 00:00 0 
7fe3ac021000-7fe3b0000000 ---p 00000000 00:00 0 
7fe3b0000000-7fe3b0183000 rw-p 00000000 00:00 0 
7fe3b0183000-7fe3b4000000 ---p 00000000 00:00 0 
7fe3b4000000-7fe3b4021000 rw-p 00000000 00:00 0 
7fe3b4021000-7fe3b8000000 ---p 00000000 00:00 0 
7fe3b8000000-7fe3b8021000 rw-p 00000000 00:00 0 
7fe3b8021000-7fe3bc000000 ---p 00000000 00:00 0 
7fe3bc000000-7fe3bce20000 rw-p 00000000 00:00 0 
7fe3bce20000-7fe3c0000000 ---p 00000000 00:00 0 
7fe3c0000000-7fe3c0021000 rw-p 00000000 00:00 0 
7fe3c0021000-7fe3c4000000 ---p 00000000 00:00 0 
7fe3c4000000-7fe3c4021000 rw-p 00000000 00:00 0 
7fe3c4021000-7fe3c8000000 ---p 00000000 00:00 0 
7fe3c8000000-7fe3c8b44000 rw-p 00000000 00:00 0 
7fe3c8b44000-7fe3cc000000 ---p 00000000 00:00 0 
7fe3cc000000-7fe3cc021000 rw-p 00000000 00:00 0 
7fe3cc021000-7fe3d0000000 ---p 00000000 00:00 0 
7fe3d0000000-7fe3d0021000 rw-p 00000000 00:00 0 
7fe3d0021000-7fe3d4000000 ---p 00000000 00:00 0 
7fe3d4000000-7fe3d4029000 rw-p 00000000 00:00 0 
7fe3d4029000-7fe3d8000000 ---p 00000000 00:00 0 
7fe3d8082000-7fe3d8083000 r-xp 00000000 09:00 2526431                    /usr/local/lib/scilab-5.2.2/thirdparty/java/lib/amd64/libjawt.so
7fe3d8083000-7fe3d8182000 ---p 00001000 09:00 2526431                    /usr/local/lib/scilab-5.2.2/thirdparty/java/lib/amd64/libjawt.so
7fe3d8182000-7fe3d8183000 rw-p 00000000 09:00 2526431                    /usr/local/lib/scilab-5.2.2/thirdparty/java/lib/amd64/libjawt.so
7fe3d8183000-7fe3d8210000 r-xp 00000000 09:00 55479                      /usr/lib64/nvidia/libGL.so.185.18.36
7fe3d8210000-7fe3d830f000 ---p 0008d000 09:00 55479                      /usr/lib64/nvidia/libGL.so.185.18.36
7fe3d830f000-7fe3d8344000 rwxp 0008c000 09:00 55479                      /usr/lib64/nvidia/libGL.so.185.18.36
7fe3d8344000-7fe3d835b000 rwxp 00000000 00:00 0 
7fe3d835b000-7fe3d870b000 rw-p 00000000 00:00 0 
7fe3d882a000-7fe3d892d000 rw-s 00000000 00:08 1189773417                 /SYSV00000000 (deleted)
7fe3d892d000-7fe3d8930000 ---p 00000000 00:00 0 
7fe3d8930000-7fe3d932e000 rwxp 00000000 00:00 0 
7fe3d9354000-7fe3d9355000 r-xp 00000000 09:00 2525767                    /usr/local/lib/scilab-5.2.2/lib/thirdparty/libgluegen-rt.so
7fe3d9355000-7fe3d9454000 ---p 00001000 09:00 2525767                    /usr/local/lib/scilab-5.2.2/lib/thirdparty/libgluegen-rt.so
7fe3d9454000-7fe3d9455000 rw-p 00000000 09:00 2525767                    /usr/local/lib/scilab-5.2.2/lib/thirdparty/libgluegen-rt.so
7fe3d9455000-7fe3d95a1000 rw-s 00000000 00:08 1132757110                 /SYSV00000000 (deleted)
7fe3d97ef000-7fe3d97ff000 r-xp 00000000 09:00 139155                     /usr/lib64/gio/modules/libgioremote-volume-monitor.so
7fe3d97ff000-7fe3d99ff000 ---p 00010000 09:00 139155                     /usr/lib64/gio/modules/libgioremote-volume-monitor.so
7fe3d99ff000-7fe3d9a00000 rw-p 00010000 09:00 139155                     /usr/lib64/gio/modules/libgioremote-volume-monitor.so
7fe3d9a3c000-7fe3d9a3f000 ---p 00000000 00:00 0 
7fe3d9a3f000-7fe3d9b3d000 rwxp 00000000 00:00 0 
7fe3d9b3d000-7fe3d9b40000 ---p 00000000 00:00 0 
7fe3d9b40000-7fe3d9c3e000 rwxp 00000000 00:00 0 
7fe3d9c3e000-7fe3d9c41000 ---p 00000000 00:00 0 
7fe3d9c41000-7fe3d9d3f000 rwxp 00000000 00:00 0 
7fe3d9d3f000-7fe3d9d42000 ---p 00000000 00:00 0 
7fe3d9d42000-7fe3d9e40000 rwxp 00000000 00:00 0 
7fe3d9e40000-7fe3d9e55000 r-xp 00000000 09:00 10016                      /usr/lib64/libgvfscommon.so.0.0.0
7fe3d9e55000-7fe3da055000 ---p 00015000 09:00 10016                      /usr/lib64/libgvfscommon.so.0.0.0
7fe3da055000-7fe3da056000 rw-p 00015000 09:00 10016                      /usr/lib64/libgvfscommon.so.0.0.0
7fe3da078000-7fe3da095000 r-xp 00000000 09:00 139156                     /usr/lib64/gio/modules/libgvfsdbus.so
7fe3da095000-7fe3da295000 ---p 0001d000 09:00 139156                     /usr/lib64/gio/modules/libgvfsdbus.so
7fe3da295000-7fe3da296000 rw-p 0001d000 09:00 139156                     /usr/lib64/gio/modules/libgvfsdbus.so
7fe3da300000-7fe3da309000 r--s 0004f000 09:00 3497141                    /usr/local/lib/scilab-5.2.2/share/scilab/modules/xcos/jar/org.scilab.modules.xcos.jar
7fe3da309000-7fe3da30b000 r--s 0000b000 09:00 2526229                    /usr/local/lib/scilab-5.2.2/thirdparty/jhdf5.jar
7fe3da30b000-7fe3da311000 r--s 0004a000 09:00 2526540                    /usr/local/lib/scilab-5.2.2/thirdparty/jgraphx.jar
7fe3da311000-7fe3da31c000 r--s 00108000 09:00 2526551                    /usr/local/lib/scilab-5.2.2/thirdparty/jogl.jar
7fe3da31d000-7fe3da321000 r--s 00024000 09:00 3498597                    /usr/local/lib/scilab-5.2.2/share/scilab/modules/xpad/jar/org.scilab.modules.xpad.jar
7fe3da321000-7fe3da326000 rw-s 00000000 00:08 1132953716                 /SYSV00000000 (deleted)
7fe3da326000-7fe3da386000 rw-s 00000000 00:08 1132691571                 /SYSV00000000 (deleted)
7fe3da386000-7fe3da38d000 r--s 00111000 09:00 2526355                    /usr/local/lib/scilab-5.2.2/thirdparty/java/lib/resources.jar
7fe3da38d000-7fe3da390000 ---p 00000000 00:00 0 
7fe3da390000-7fe3da48e000 rwxp 00000000 00:00 0 
7fe3da48e000-7fe3da499000 r--p 00000000 09:00 94600                      /usr/share/locale/fr/LC_MESSAGES/glib20.mo
7fe3da499000-7fe3da49e000 r-xp 00000000 09:00 94558                      /usr/lib64/gtk-2.0/2.10.0/immodules/im-ibus.so
7fe3da49e000-7fe3da69e000 ---p 00005000 09:00 94558                      /usr/lib64/gtk-2.0/2.10.0/immodules/im-ibus.so
7fe3da69e000-7fe3da69f000 rw-p 00005000 09:00 94558                      /usr/lib64/gtk-2.0/2.10.0/immodules/im-ibus.so
7fe3da69f000-7fe3da737000 r--p 00000000 09:00 11249                      /usr/share/fonts/dejavu/DejaVuSans.ttf
7fe3da737000-7fe3da749000 r-xp 00000000 09:00 45401                      /usr/lib64/gtk-2.0/2.10.0/engines/libnodoka.so
7fe3da749000-7fe3da949000 ---p 00012000 09:00 45401                      /usr/lib64/gtk-2.0/2.10.0/engines/libnodoka.so
7fe3da949000-7fe3da94a000 rw-p 00012000 09:00 45401                      /usr/lib64/gtk-2.0/2.10.0/engines/libnodoka.so
7fe3da94a000-7fe3da972000 r--p 00000000 09:00 532351                     /usr/share/locale/fr/LC_MESSAGES/gtk20-properties.mo
7fe3da972000-7fe3da985000 r--p 00000000 09:00 94773                      /usr/share/locale/fr/LC_MESSAGES/gtk20.mo
7fe3da985000-7fe3da988000 ---p 00000000 00:00 0 
7fe3da988000-7fe3daa86000 rwxp 00000000 00:00 0 
7fe3daa86000-7fe3daa8d000 r-xp 00000000 09:00 2526404                    /usr/local/lib/scilab-5.2.2/thirdparty/java/lib/amd64/libnio.so
7fe3daa8d000-7fe3dab8c000 ---p 00007000 09:00 2526404                    /usr/local/lib/scilab-5.2.2/thirdparty/java/lib/amd64/libnio.so
7fe3dab8c000-7fe3dab8e000 rw-p 00006000 09:00 2526404                    /usr/local/lib/scilab-5.2.2/thirdparty/java/lib/amd64/libnio.so
7fe3dab8e000-7fe3daba1000 r-xp 00000000 09:00 2526432                    /usr/local/lib/scilab-5.2.2/thirdparty/java/lib/amd64/libnet.so
7fe3daba1000-7fe3daca2000 ---p 00013000 09:00 2526432                    /usr/local/lib/scilab-5.2.2/thirdparty/java/lib/amd64/libnet.so
7fe3daca2000-7fe3daca5000 rw-p 00014000 09:00 2526432                    /usr/local/lib/scilab-5.2.2/thirdparty/java/lib/amd64/libnet.so
7fe3daca5000-7fe3daca8000 ---p 00000000 00:00 0 
7fe3daca8000-7fe3dada6000 rwxp 00000000 00:00 0 
7fe3dada6000-7fe3dae24000 r-xp 00000000 09:00 2526407                    /usr/local/lib/scilab-5.2.2/thirdparty/java/lib/amd64/libfontmanager.so
7fe3dae24000-7fe3daf23000 ---p 0007e000 09:00 2526407                    /usr/local/lib/scilab-5.2.2/thirdparty/java/lib/amd64/libfontmanager.so
7fe3daf23000-7fe3daf39000 rw-p 0007d000 09:00 2526407                    /usr/local/lib/scilab-5.2.2/thirdparty/java/lib/amd64/libfontmanager.so
7fe3daf39000-7fe3daf4a000 rw-p 00000000 00:00 0 
7fe3daf4a000-7fe3daf6d000 r--p 00000000 09:00 270348                     /usr/share/locale/fr/LC_MESSAGES/libc.mo
7fe3daf6d000-7fe3dafaf000 r-xp 00000000 09:00 2526426                    /usr/local/lib/scilab-5.2.2/thirdparty/java/lib/amd64/xawt/libmawt.so
7fe3dafaf000-7fe3db0ae000 ---p 00042000 09:00 2526426                    /usr/local/lib/scilab-5.2.2/thirdparty/java/lib/amd64/xawt/libmawt.so
7fe3db0ae000-7fe3db0b9000 rw-p 00041000 09:00 2526426                    /usr/local/lib/scilab-5.2.2/thirdparty/java/lib/amd64/xawt/libmawt.so
7fe3db0b9000-7fe3db0bb000 rw-p 00000000 00:00 0 
7fe3db0bb000-7fe3db14d000 r-xp 00000000 09:00 2526408                    /usr/local/lib/scilab-5.2.2/thirdparty/java/lib/amd64/libawt.so
7fe3db14d000-7fe3db24c000 ---p 00092000 09:00 2526408                    /usr/local/lib/scilab-5.2.2/thirdparty/java/lib/amd64/libawt.so
7fe3db24c000-7fe3db265000 rw-p 00091000 09:00 2526408                    /usr/local/lib/scilab-5.2.2/thirdparty/java/lib/amd64/libawt.so
7fe3db265000-7fe3db28a000 rw-p 00000000 00:00 0 
7fe3db28a000-7fe3db2f3000 r--p 00000000 09:00 3488255                    /usr/local/lib/scilab-5.2.2/share/locale/fr_FR/LC_MESSAGES/scilab.mo
7fe3db2f3000-7fe3db2f4000 ---p 00000000 00:00 0 
7fe3db2f4000-7fe3db3f4000 rwxp 00000000 00:00 0 
7fe3db3f4000-7fe3db3f7000 ---p 00000000 00:00 0 
7fe3db3f7000-7fe3db4f5000 rwxp 00000000 00:00 0 
7fe3db4f5000-7fe3db4f8000 ---p 00000000 00:00 0 
7fe3db4f8000-7fe3db5f6000 rwxp 00000000 00:00 0 
7fe3db5f6000-7fe3db5f9000 ---p 00000000 00:00 0 
7fe3db5f9000-7fe3db6f7000 rwxp 00000000 00:00 0 
7fe3db6f7000-7fe3db6fa000 ---p 00000000 00:00 0 
7fe3db6fa000-7fe3db7f8000 rwxp 00000000 00:00 0 
7fe3db7f8000-7fe3db7fb000 ---p 00000000 00:00 0 
7fe3db7fb000-7fe3db8f9000 rwxp 00000000 00:00 0 
7fe3db8f9000-7fe3db8fc000 ---p 00000000 00:00 0 
7fe3db8fc000-7fe3db9fa000 rwxp 00000000 00:00 0 
7fe3db9fa000-7fe3db9fb000 ---p 00000000 00:00 0 
7fe3db9fb000-7fe3dbafb000 rwxp 00000000 00:00 0 
7fe3dbafb000-7fe3dc000000 rw-p 00000000 00:00 0 
7fe3dc000000-7fe3dc021000 rw-p 00000000 00:00 0 
7fe3dc021000-7fe3e0000000 ---p 00000000 00:00 0 
7fe3e0000000-7fe3e0021000 rw-p 00000000 00:00 0 
7fe3e0021000-7fe3e4000000 ---p 00000000 00:00 0 
7fe3e4000000-7fe3e4021000 rw-p 00000000 00:00 0 
7fe3e4021000-7fe3e8000000 ---p 00000000 00:00 0 
7fe3e8000000-7fe3e8021000 rw-p 00000000 00:00 0 
7fe3e8021000-7fe3ec000000 ---p 00000000 00:00 0 
7fe3ec000000-7fe3ec021000 rw-p 00000000 00:00 0 
7fe3ec021000-7fe3f0000000 ---p 00000000 00:00 0 
7fe3f0000000-7fe3f0021000 rw-p 00000000 00:00 0 
7fe3f0021000-7fe3f4000000 ---p 00000000 00:00 0 
7fe3f4000000-7fe3f4021000 rw-p 00000000 00:00 0 
7fe3f4021000-7fe3f8000000 ---p 00000000 00:00 0 
7fe3f8000000-7fe3f8021000 rw-p 00000000 00:00 0 
7fe3f8021000-7fe3fc000000 ---p 00000000 00:00 0 
7fe3fc000000-7fe3fc021000 rw-p 00000000 00:00 0 
7fe3fc021000-7fe400000000 ---p 00000000 00:00 0 
7fe400000000-7fe400021000 rw-p 00000000 00:00 0 
7fe400021000-7fe404000000 ---p 00000000 00:00 0 
7fe404000000-7fe404021000 rw-p 00000000 00:00 0 
7fe404021000-7fe408000000 ---p 00000000 00:00 0 
7fe408000000-7fe408021000 rw-p 00000000 00:00 0 
7fe408021000-7fe40c000000 ---p 00000000 00:00 0 
7fe40c000000-7fe40c021000 rw-p 00000000 00:00 0 
7fe40c021000-7fe410000000 ---p 00000000 00:00 0 
7fe410002000-7fe410008000 r--s 00024000 09:00 3504846                    /usr/local/lib/scilab-5.2.2/share/scilab/modules/renderer/jar/org.scilab.modules.renderer.jar
7fe410008000-7fe410911000 rw-p 00000000 00:00 0 
7fe410911000-7fe410aa8000 r--s 02ab6000 09:00 2526467                    /usr/local/lib/scilab-5.2.2/thirdparty/java/lib/rt.jar
7fe410aa8000-7fe410aa9000 ---p 00000000 00:00 0 
7fe410aa9000-7fe410ba9000 rwxp 00000000 00:00 0 
7fe410ba9000-7fe410baa000 ---p 00000000 00:00 0 
7fe410baa000-7fe410caa000 rwxp 00000000 00:00 0 
7fe410caa000-7fe410cab000 ---p 00000000 00:00 0 
7fe410cab000-7fe410dab000 rwxp 00000000 00:00 0 
7fe410dab000-7fe410dac000 ---p 00000000 00:00 0 
7fe410dac000-7fe410eac000 rwxp 00000000 00:00 0 
7fe410eac000-7fe410ead000 ---p 00000000 00:00 0 
7fe410ead000-7fe410fad000 rwxp 00000000 00:00 0 
7fe410fad000-7fe410fae000 ---p 00000000 00:00 0 
7fe410fae000-7fe4110ae000 rwxp 00000000 00:00 0 
7fe4110ae000-7fe4110af000 ---p 00000000 00:00 0 
7fe4110af000-7fe4111af000 rwxp 00000000 00:00 0 
7fe4111af000-7fe4111b0000 ---p 00000000 00:00 0 
7fe4111b0000-7fe4112b0000 rwxp 00000000 00:00 0 
7fe4112b0000-7fe4112b1000 ---p 00000000 00:00 0 
7fe4112b1000-7fe4113b1000 rwxp 00000000 00:00 0 
7fe4113b1000-7fe4113b2000 ---p 00000000 00:00 0 
7fe4113b2000-7fe4114b2000 rwxp 00000000 00:00 0 
7fe4114b2000-7fe4114b3000 ---p 00000000 00:00 0 
7fe4114b3000-7fe4115b3000 rwxp 00000000 00:00 0 
7fe4115b3000-7fe4115b4000 ---p 00000000 00:00 0 
7fe4115b4000-7fe4116b4000 rwxp 00000000 00:00 0 
7fe4116b4000-7fe4116b5000 ---p 00000000 00:00 0 
7fe4116b5000-7fe4117b5000 rwxp 00000000 00:00 0 
7fe4117b5000-7fe4117c4000 rw-p 00000000 00:00 0 
7fe4117c4000-7fe4117df000 rw-p 00000000 00:00 0 
7fe4117df000-7fe41183b000 rw-p 00000000 00:00 0 
7fe41183b000-7fe41185f000 ---p 00000000 00:00 0 
7fe41185f000-7fe413530000 rw-p 00000000 00:00 0 
7fe413530000-7fe416c60000 rw-p 00000000 00:00 0 
7fe416c60000-7fe4223b0000 rw-p 00000000 00:00 0 
7fe4223b0000-7fe426c60000 ---p 00000000 00:00 0 
7fe426c60000-7fe426c6a000 r--s 0004a000 09:00 3489405                    /usr/local/lib/scilab-5.2.2/share/scilab/modules/gui/jar/org.scilab.modules.gui.jar
7fe426c6a000-7fe426c74000 rw-p 00000000 00:00 0 
7fe426c74000-7fe426d2a000 rw-p 00000000 00:00 0 
7fe426d2a000-7fe426f9a000 rwxp 00000000 00:00 0 
7fe426f9a000-7fe429d2a000 rw-p 00000000 00:00 0 
7fe429d2a000-7fe429d38000 r-xp 00000000 09:00 2526429                    /usr/local/lib/scilab-5.2.2/thirdparty/java/lib/amd64/libzip.so
7fe429d38000-7fe429e3a000 ---p 0000e000 09:00 2526429                    /usr/local/lib/scilab-5.2.2/thirdparty/java/lib/amd64/libzip.so
7fe429e3a000-7fe429e3d000 rw-p 00010000 09:00 2526429                    /usr/local/lib/scilab-5.2.2/thirdparty/java/lib/amd64/libzip.so
7fe429e3d000-7fe429e3e000 rw-p 00000000 00:00 0 
7fe429e3e000-7fe429e45000 r-xp 00000000 09:00 2526439                    /usr/local/lib/scilab-5.2.2/thirdparty/java/lib/amd64/native_threads/libhpi.so
7fe429e45000-7fe429f46000 ---p 00007000 09:00 2526439                    /usr/local/lib/scilab-5.2.2/thirdparty/java/lib/amd64/native_threads/libhpi.so
7fe429f46000-7fe429f48000 rw-p 00008000 09:00 2526439                    /usr/local/lib/scilab-5.2.2/thirdparty/java/lib/amd64/native_threads/libhpi.so
7fe429f48000-7fe429f49000 rw-p 00000000 00:00 0 
7fe429f49000-7fe429f72000 r-xp 00000000 09:00 2526423                    /usr/local/lib/scilab-5.2.2/thirdparty/java/lib/amd64/libjava.so
7fe429f72000-7fe42a071000 ---p 00029000 09:00 2526423                    /usr/local/lib/scilab-5.2.2/thirdparty/java/lib/amd64/libjava.so
7fe42a071000-7fe42a078000 rw-p 00028000 09:00 2526423                    /usr/local/lib/scilab-5.2.2/thirdparty/java/lib/amd64/libjava.so
7fe42a078000-7fe42a085000 r-xp 00000000 09:00 2526411                    /usr/local/lib/scilab-5.2.2/thirdparty/java/lib/amd64/libverify.so
7fe42a085000-7fe42a184000 ---p 0000d000 09:00 2526411                    /usr/local/lib/scilab-5.2.2/thirdparty/java/lib/amd64/libverify.so
7fe42a184000-7fe42a187000 rw-p 0000c000 09:00 2526411                    /usr/local/lib/scilab-5.2.2/thirdparty/java/lib/amd64/libverify.so
7fe42a187000-7fe42a93b000 r-xp 00000000 09:00 2526395                    /usr/local/lib/scilab-5.2.2/thirdparty/java/lib/amd64/server/libjvm.so
7fe42a93b000-7fe42aa3b000 ---p 007b4000 09:00 2526395                    /usr/local/lib/scilab-5.2.2/thirdparty/java/lib/amd64/server/libjvm.so
7fe42aa3b000-7fe42abc5000 rw-p 007b4000 09:00 2526395                    /usr/local/lib/scilab-5.2.2/thirdparty/java/lib/amd64/server/libjvm.so
7fe42abc5000-7fe42abfe000 rw-p 00000000 00:00 0 
7fe42abfe000-7fe42abff000 ---p 00000000 00:00 0 
7fe42abff000-7fe42b5ff000 rwxp 00000000 00:00 0 
7fe42b5ff000-7fe42b600000 ---p 00000000 00:00 0 
7fe42b600000-7fe42c000000 rwxp 00000000 00:00 0 
7fe42c000000-7fe42c273000 rw-p 00000000 00:00 0 
7fe42c273000-7fe430000000 ---p 00000000 00:00 0 
7fe430000000-7fe430001000 rw-p 00000000 00:00 0 
7fe430001000-7fe430002000 r--s 00004000 09:00 2526508                    /usr/local/lib/scilab-5.2.2/thirdparty/gluegen-rt.jar
7fe430002000-7fe430003000 r--s 00000000 09:00 3500272                    /usr/local/lib/scilab-5.2.2/share/scilab/modules/action_binding/jar/org.scilab.modules.action_binding.jar
7fe430003000-7fe430004000 r--s 00000000 09:00 3490441                    /usr/local/lib/scilab-5.2.2/share/scilab/modules/localization/jar/org.scilab.modules.localization.jar
7fe430004000-7fe430006000 r--s 0000a000 09:00 3497021                    /usr/local/lib/scilab-5.2.2/share/scilab/modules/console/jar/org.scilab.modules.console.jar
7fe430006000-7fe430007000 r--s 00000000 09:00 3494430                    /usr/local/lib/scilab-5.2.2/share/scilab/modules/completion/jar/org.scilab.modules.completion.jar
7fe430007000-7fe430008000 r--s 00000000 09:00 3499431                    /usr/local/lib/scilab-5.2.2/share/scilab/modules/history_manager/jar/org.scilab.modules.history_manager.jar
7fe430008000-7fe430009000 r--s 00000000 09:00 3498556                    /usr/local/lib/scilab-5.2.2/share/scilab/modules/shell/jar/org.scilab.modules.shell.jar
7fe430009000-7fe43000b000 r--s 00006000 09:00 3488337                    /usr/local/lib/scilab-5.2.2/share/scilab/modules/hdf5/jar/org.scilab.modules.hdf5.jar
7fe43000b000-7fe430015000 r--s 00087000 09:00 2526239                    /usr/local/lib/scilab-5.2.2/thirdparty/jhall.jar
7fe430015000-7fe430016000 r--s 0000c000 09:00 2526238                    /usr/local/lib/scilab-5.2.2/thirdparty/commons-logging.jar
7fe430016000-7fe43001f000 r--s 0005b000 09:00 2526230                    /usr/local/lib/scilab-5.2.2/thirdparty/looks-2.1.1.jar
7fe43001f000-7fe430075000 rw-p 00000000 00:00 0 
7fe430075000-7fe43010d000 r--p 00000000 09:00 11249                      /usr/share/fonts/dejavu/DejaVuSans.ttf
7fe43010d000-7fe43015a000 rw-p 00000000 00:00 0 
7fe43015c000-7fe43015d000 r--p 00000000 00:00 0 
7fe43015d000-7fe43015e000 r--s 00007000 09:00 3494023                    /usr/local/lib/scilab-5.2.2/share/scilab/modules/graphic_export/jar/org.scilab.modules.graphic_export.jar
7fe43015e000-7fe430164000 r--s 0004c000 09:00 2526231                    /usr/local/lib/scilab-5.2.2/thirdparty/skinlf.jar
7fe430164000-7fe430165000 r--s 00001000 09:00 2526548                    /usr/local/lib/scilab-5.2.2/thirdparty/jrosetta-API.jar
7fe430165000-7fe430167000 r--s 00008000 09:00 2526514                    /usr/local/lib/scilab-5.2.2/thirdparty/jrosetta-engine.jar
7fe430167000-7fe430168000 r--s 00001000 09:00 2526548                    /usr/local/lib/scilab-5.2.2/thirdparty/jrosetta-API.jar
7fe430168000-7fe430172000 r--s 0006a000 09:00 2526542                    /usr/local/lib/scilab-5.2.2/thirdparty/flexdock-0.5.1.jar
7fe430172000-7fe430179000 r--s 00000000 09:00 5866                       /usr/lib64/gconv/gconv-modules.cache
7fe430179000-7fe430188000 rw-p 00000000 00:00 0 
7fe430188000-7fe4301a3000 rw-p 00000000 00:00 0 
7fe4301a3000-7fe4301ab000 rw-s 00000000 09:00 3527154                    /tmp/hsperfdata_delanoue/29473
7fe4301ab000-7fe4301af000 r--s 00000000 09:00 94081                      /var/cache/fontconfig/87f5e051180a7a75f16eb6fe7dbd3749-x86-64.cache-2
7fe4301af000-7fe4301b8000 r--s 00000000 09:00 94080                      /var/cache/fontconfig/b79f3aaa7d385a141ab53ec885cc22a8-x86-64.cache-2
7fe4301b8000-7fe4301bd000 r--s 00000000 09:00 1323005                    /var/cache/fontconfig/103e7fb1ea2629e851f0af6e29d50d14-x86-64.cache-2
7fe4301bd000-7fe4301c2000 r--s 00000000 09:00 1323004                    /var/cache/fontconfig/c4c72d5f47a988aa2d2b5e019553fb0a-x86-64.cache-2
7fe4301c2000-7fe4301c7000 r--s 00000000 09:00 1323003                    /var/cache/fontconfig/f51c2ebd7e636ed1629dff932acec21b-x86-64.cache-2
7fe4301c7000-7fe4301c9000 r--s 00000000 09:00 93647                      /var/cache/fontconfig/2e1514a9fdd499050989183bb65136db-x86-64.cache-2
7fe4301c9000-7fe4301cb000 r--s 00000000 09:00 94096                      /var/cache/fontconfig/5c755b2f27115486aa6359c84dd3cbda-x86-64.cache-2
7fe4301cb000-7fe4301cd000 r--s 00000000 09:00 94095                      /var/cache/fontconfig/3f821257dd33660ba7bbb45c32deb84c-x86-64.cache-2
7fe4301cd000-7fe4301cf000 r--s 00000000 09:00 94094                      /var/cache/fontconfig/830f035fa84a65ce80e050178dbb630d-x86-64.cache-2
7fe4301cf000-7fe4301d0000 r--s 00000000 09:00 94093                      /var/cache/fontconfig/81a173283b451552b599cfaafd6236bd-x86-64.cache-2
7fe4301d0000-7fe4301d1000 r--s 00000000 09:00 94092                      /var/cache/fontconfig/6cfc7d49b27ba7d3eb71ab86e04def2c-x86-64.cache-2
7fe4301d1000-7fe4301d2000 r--s 00000000 09:00 94091                      /var/cache/fontconfig/044963cbb93fcb06c61d94a50dee394f-x86-64.cache-2
7fe4301d2000-7fe4301d3000 r--s 00000000 09:00 130217                     /var/cache/fontconfig/6fcb01a03a016cc71057b587cdea6709-x86-64.cache-2
7fe4301d3000-7fe4301ec000 r--s 00000000 09:00 94090                      /var/cache/fontconfig/7a7f22e4c6b2236c525eb458794c6fd2-x86-64.cache-2
7fe4301ec000-7fe4301ef000 r--s 00000000 09:00 10702                      /var/cache/fontconfig/cfde08ab28ad1d91784abb10973575e3-x86-64.cache-2
7fe4301ef000-7fe4301f2000 r--s 00000000 09:00 128494                     /var/cache/fontconfig/6082f993537e886e2b8c280984f3ae67-x86-64.cache-2
7fe4301f2000-7fe4301f3000 r--s 00000000 09:00 94087                      /var/cache/fontconfig/e61abf8156cc476151baa07d67337cae-x86-64.cache-2
7fe4301f3000-7fe4301f7000 r--s 00000000 09:00 94086                      /var/cache/fontconfig/b67b32625a2bb51b023d3814a918f351-x86-64.cache-2
7fe4301f7000-7fe4301f9000 r--s 00000000 09:00 94085                      /var/cache/fontconfig/d3379abda271c4acd2ad0c01f565d0b0-x86-64.cache-2
7fe4301f9000-7fe4301fe000 r--s 00000000 09:00 94084                      /var/cache/fontconfig/46b47dbc682d2ca4191e148ea7bde7f2-x86-64.cache-2
7fe4301fe000-7fe4301ff000 r--s 00000000 09:00 94083                      /var/cache/fontconfig/b4d0b56f766d89640448751fcd18ec1e-x86-64.cache-2
7fe4301ff000-7fe430208000 r--s 00000000 09:00 94082                      /var/cache/fontconfig/12b26b760a24f8b4feb03ad48a333a72-x86-64.cache-2
7fe430208000-7fe430214000 r-xp 00000000 09:00 129671                     /lib64/libnss_files-2.10.1.so
7fe430214000-7fe430413000 ---p 0000c000 09:00 129671                     /lib64/libnss_files-2.10.1.so
7fe430413000-7fe430414000 r--p 0000b000 09:00 129671                     /lib64/libnss_files-2.10.1.so
7fe430414000-7fe430415000 rw-p 0000c000 09:00 129671                     /lib64/libnss_files-2.10.1.so
7fe430415000-7fe430416000 ---p 00000000 00:00 0 
7fe430416000-7fe430e16000 rwxp 00000000 00:00 0 
7fe430e4f000-7fe435f22000 r--p 00000000 09:00 270371                     /usr/lib/locale/locale-archive
7fe435f22000-7fe435f2c000 rw-p 00000000 00:00 0 
7fe435f2c000-7fe43601e000 r-xp 00000000 09:00 2525855                    /usr/local/lib/scilab-5.2.2/lib/thirdparty/libstdc++.so.6.0.13
7fe43601e000-7fe43621e000 ---p 000f2000 09:00 2525855                    /usr/local/lib/scilab-5.2.2/lib/thirdparty/libstdc++.so.6.0.13
7fe43621e000-7fe436225000 r--p 000f2000 09:00 2525855                    /usr/local/lib/scilab-5.2.2/lib/thirdparty/libstdc++.so.6.0.13
7fe436225000-7fe436227000 rw-p 000f9000 09:00 2525855                    /usr/local/lib/scilab-5.2.2/lib/thirdparty/libstdc++.so.6.0.13
7fe436227000-7fe43623f000 rw-p 00000000 00:00 0 
7fe43623f000-7fe436255000 r-xp 00000000 09:00 2525895                    /usr/local/lib/scilab-5.2.2/lib/thirdparty/libgcc_s.so.1
7fe436255000-7fe436455000 ---p 00016000 09:00 2525895                    /usr/local/lib/scilab-5.2.2/lib/thirdparty/libgcc_s.so.1
7fe436455000-7fe436456000 rw-p 00016000 09:00 2525895                    /usr/local/lib/scilab-5.2.2/lib/thirdparty/libgcc_s.so.1
7fe436456000-7fe436457000 rw-p 00000000 00:00 0 
7fe436457000-7fe43646d000 r-xp 00000000 09:00 2525914                    /usr/local/lib/scilab-5.2.2/lib/thirdparty/libz.so.1.2.3.3
7fe43646d000-7fe43666d000 ---p 00016000 09:00 2525914                    /usr/local/lib/scilab-5.2.2/lib/thirdparty/libz.so.1.2.3.3
7fe43666d000-7fe43666e000 rw-p 00016000 09:00 2525914                    /usr/local/lib/scilab-5.2.2/lib/thirdparty/libz.so.1.2.3.3
7fe43666e000-7fe43666f000 rw-p 00000000 00:00 0 
7fe43666f000-7fe4366aa000 r-xp 00000000 09:00 2525782                    /usr/local/lib/scilab-5.2.2/lib/thirdparty/libncurses.so.5.7
7fe4366aa000-7fe4368a9000 ---p 0003b000 09:00 2525782                    /usr/local/lib/scilab-5.2.2/lib/thirdparty/libncurses.so.5.7
7fe4368a9000-7fe4368ae000 rw-p 0003a000 09:00 2525782                    /usr/local/lib/scilab-5.2.2/lib/thirdparty/libncurses.so.5.7
7fe4368ae000-7fe4368b0000 r--s 00001000 09:00 3499088                    /usr/local/lib/scilab-5.2.2/share/scilab/modules/jvm/jar/org.scilab.modules.jvm.jar
7fe4368b0000-7fe4368b1000 rw-p 00000000 00:00 0 
7fe4368b1000-7fe4368b2000 r--p 00000000 00:00 0 
7fe4368b2000-7fe4368b9000 r--s 00000000 09:00 94078                      /var/cache/fontconfig/928306c3ad40271d946e41014a49fc28-x86-64.cache-2
7fe4368b9000-7fe4368c0000 r--s 00000000 09:00 94077                      /var/cache/fontconfig/fa1582dab13e7e8e44e5a9424d309f0e-x86-64.cache-2
7fe4368c0000-7fe4368cb000 r--s 00000000 09:00 94076                      /var/cache/fontconfig/e19de935dec46bbf3ed114ee4965548a-x86-64.cache-2
7fe4368cb000-7fe4368cc000 r--s 00000000 09:00 94016                      /var/cache/fontconfig/1248881498ac025e45c3042f6afe9284-x86-64.cache-2
7fe4368cc000-7fe4368cd000 r--s 00000000 09:00 244142                     /var/cache/fontconfig/d04038e664b0033ae700a78c51f179d3-x86-64.cache-2
7fe4368cd000-7fe4368d0000 r--s 00000000 09:00 243947                     /var/cache/fontconfig/beeeeb3dfe132a8a0633a017c99ce0c0-x86-64.cache-2
7fe4368d0000-7fe4369a9000 r-xp 00000000 09:00 2525911                    /usr/local/lib/scilab-5.2.2/lib/thirdparty/libgfortran.so.3.0.0
7fe4369a9000-7fe436ba9000 ---p 000d9000 09:00 2525911                    /usr/local/lib/scilab-5.2.2/lib/thirdparty/libgfortran.so.3.0.0
7fe436ba9000-7fe436bab000 rw-p 000d9000 09:00 2525911                    /usr/local/lib/scilab-5.2.2/lib/thirdparty/libgfortran.so.3.0.0
7fe436bab000-7fe436bac000 rw-p 00000000 00:00 0 
7fe436bac000-7fe43735d000 r-xp 00000000 09:00 2525773                    /usr/local/lib/scilab-5.2.2/lib/thirdparty/liblapack.so.3gf.0
7fe43735d000-7fe43755c000 ---p 007b1000 09:00 2525773                    /usr/local/lib/scilab-5.2.2/lib/thirdparty/liblapack.so.3gf.0
7fe43755c000-7fe43755d000 r--p 007b0000 09:00 2525773                    /usr/local/lib/scilab-5.2.2/lib/thirdparty/liblapack.so.3gf.0
7fe43755d000-7fe437561000 rw-p 007b1000 09:00 2525773                    /usr/local/lib/scilab-5.2.2/lib/thirdparty/liblapack.so.3gf.0
7fe437561000-7fe43766e000 rw-p 00000000 00:00 0 
7fe43766e000-7fe43769d000 r-xp 00000000 09:00 2525819                    /usr/local/lib/scilab-5.2.2/lib/thirdparty/libpcre.so.7.8.0
7fe43769d000-7fe43789c000 ---p 0002f000 09:00 2525819                    /usr/local/lib/scilab-5.2.2/lib/thirdparty/libpcre.so.7.8.0
7fe43789c000-7fe43789d000 rw-p 0002e000 09:00 2525819                    /usr/local/lib/scilab-5.2.2/lib/thirdparty/libpcre.so.7.8.0
7fe43789d000-7fe43789f000 r-xp 00000000 09:00 2525810                    /usr/local/lib/scilab-5.2.2/lib/thirdparty/libpcreposix.so.7.8.0
7fe43789f000-7fe437a9e000 ---p 00002000 09:00 2525810                    /usr/local/lib/scilab-5.2.2/lib/thirdparty/libpcreposix.so.7.8.0
7fe437a9e000-7fe437a9f000 rw-p 00001000 09:00 2525810                    /usr/local/lib/scilab-5.2.2/lib/thirdparty/libpcreposix.so.7.8.0
7fe437a9f000-7fe437aa0000 rw-p 00000000 00:00 0 
7fe437aa0000-7fe437bad000 r-xp 00000000 09:00 2525769                    /usr/local/lib/scilab-5.2.2/lib/thirdparty/libtcl8.5.3.so
7fe437bad000-7fe437dad000 ---p 0010d000 09:00 2525769                    /usr/local/lib/scilab-5.2.2/lib/thirdparty/libtcl8.5.3.so
7fe437dad000-7fe437dbc000 rw-p 0010d000 09:00 2525769                    /usr/local/lib/scilab-5.2.2/lib/thirdparty/libtcl8.5.3.so
7fe437dbc000-7fe437dbd000 rw-p 00000000 00:00 0 
7fe437dbd000-7fe437ee6000 r-xp 00000000 09:00 2525784                    /usr/local/lib/scilab-5.2.2/lib/thirdparty/libtk8.5.3.so
7fe437ee6000-7fe4380e6000 ---p 00129000 09:00 2525784                    /usr/local/lib/scilab-5.2.2/lib/thirdparty/libtk8.5.3.so
7fe4380e6000-7fe438103000 rw-p 00129000 09:00 2525784                    /usr/local/lib/scilab-5.2.2/lib/thirdparty/libtk8.5.3.so
7fe438103000-7fe438104000 rw-p 00000000 00:00 0 
7fe438104000-7fe438192000 r-xp 00000000 09:00 2525886                    /usr/local/lib/scilab-5.2.2/lib/thirdparty/libblas.so.3gf.0
7fe438192000-7fe438392000 ---p 0008e000 09:00 2525886                    /usr/local/lib/scilab-5.2.2/lib/thirdparty/libblas.so.3gf.0
7fe438392000-7fe438393000 rw-p 0008e000 09:00 2525886                    /usr/local/lib/scilab-5.2.2/lib/thirdparty/libblas.so.3gf.0
7fe438393000-7fe438394000 rw-p 00000000 00:00 0 
7fe438394000-7fe43863c000 r-xp 00000000 09:00 2525859                    /usr/local/lib/scilab-5.2.2/lib/thirdparty/libhdf5-1.8.3.so.6.0.2
7fe43863c000-7fe43873c000 ---p 002a8000 09:00 2525859                    /usr/local/lib/scilab-5.2.2/lib/thirdparty/libhdf5-1.8.3.so.6.0.2
7fe43873c000-7fe438746000 rw-p 002a8000 09:00 2525859                    /usr/local/lib/scilab-5.2.2/lib/thirdparty/libhdf5-1.8.3.so.6.0.2
7fe438746000-7fe438747000 rw-p 00000000 00:00 0 
7fe438747000-7fe43874b000 r-xp 00000000 09:00 2526128                    /usr/local/lib/scilab-5.2.2/lib/scilab/libscihdf5-forceload.so.5.0.2
7fe43874b000-7fe43894a000 ---p 00004000 09:00 2526128                    /usr/local/lib/scilab-5.2.2/lib/scilab/libscihdf5-forceload.so.5.0.2
7fe43894a000-7fe43894b000 r--p 00003000 09:00 2526128                    /usr/local/lib/scilab-5.2.2/lib/scilab/libscihdf5-forceload.so.5.0.2
7fe43894b000-7fe43894c000 rw-p 00004000 09:00 2526128                    /usr/local/lib/scilab-5.2.2/lib/scilab/libscihdf5-forceload.so.5.0.2
7fe43894c000-7fe438979000 r-xp 00000000 09:00 2526031                    /usr/local/lib/scilab-5.2.2/lib/scilab/libscioutput_stream.so.5.0.2
7fe438979000-7fe438b78000 ---p 0002d000 09:00 2526031                    /usr/local/lib/scilab-5.2.2/lib/scilab/libscioutput_stream.so.5.0.2
7fe438b78000-7fe438b79000 r--p 0002c000 09:00 2526031                    /usr/local/lib/scilab-5.2.2/lib/scilab/libscioutput_stream.so.5.0.2
7fe438b79000-7fe438b7a000 rw-p 0002d000 09:00 2526031                    /usr/local/lib/scilab-5.2.2/lib/scilab/libscioutput_stream.so.5.0.2
7fe438b7a000-7fe438c38000 rw-p 00000000 00:00 0 
7fe438c38000-7fe438c39000 r-xp 00000000 09:00 2526136                    /usr/local/lib/scilab-5.2.2/lib/scilab/libscimalloc.so.5.0.2
7fe438c39000-7fe438e38000 ---p 00001000 09:00 2526136                    /usr/local/lib/scilab-5.2.2/lib/scilab/libscimalloc.so.5.0.2
7fe438e38000-7fe438e39000 r--p 00000000 09:00 2526136                    /usr/local/lib/scilab-5.2.2/lib/scilab/libscimalloc.so.5.0.2
7fe438e39000-7fe438e3a000 rw-p 00001000 09:00 2526136                    /usr/local/lib/scilab-5.2.2/lib/scilab/libscimalloc.so.5.0.2
7fe438e3a000-7fe438f8b000 r-xp 00000000 09:00 2525921                    /usr/local/lib/scilab-5.2.2/lib/thirdparty/libxml2.so.2.7.6
7fe438f8b000-7fe43918a000 ---p 00151000 09:00 2525921                    /usr/local/lib/scilab-5.2.2/lib/thirdparty/libxml2.so.2.7.6
7fe43918a000-7fe439194000 rw-p 00150000 09:00 2525921                    /usr/local/lib/scilab-5.2.2/lib/thirdparty/libxml2.so.2.7.6
7fe439194000-7fe439195000 rw-p 00000000 00:00 0 
7fe439195000-7fe4391a1000 r-xp 00000000 09:00 2526183                    /usr/local/lib/scilab-5.2.2/lib/scilab/libscixpad.so.5.0.2
7fe4391a1000-7fe4393a0000 ---p 0000c000 09:00 2526183                    /usr/local/lib/scilab-5.2.2/lib/scilab/libscixpad.so.5.0.2
7fe4393a0000-7fe4393a1000 r--p 0000b000 09:00 2526183                    /usr/local/lib/scilab-5.2.2/lib/scilab/libscixpad.so.5.0.2
7fe4393a1000-7fe4393a2000 rw-p 0000c000 09:00 2526183                    /usr/local/lib/scilab-5.2.2/lib/scilab/libscixpad.so.5.0.2
7fe4393a2000-7fe4393a3000 rw-p 00000000 00:00 0 
7fe4393a3000-7fe4393b3000 r-xp 00000000 09:00 2525978                    /usr/local/lib/scilab-5.2.2/lib/scilab/libscixcos.so.5.0.2
7fe4393b3000-7fe4395b2000 ---p 00010000 09:00 2525978                    /usr/local/lib/scilab-5.2.2/lib/scilab/libscixcos.so.5.0.2
7fe4395b2000-7fe4395b3000 r--p 0000f000 09:00 2525978                    /usr/local/lib/scilab-5.2.2/lib/scilab/libscixcos.so.5.0.2
7fe4395b3000-7fe4395b4000 rw-p 00010000 09:00 2525978                    /usr/local/lib/scilab-5.2.2/lib/scilab/libscixcos.so.5.0.2
7fe4395b4000-7fe4395b5000 r-xp 00000000 09:00 2526192                    /usr/local/lib/scilab-5.2.2/lib/scilab/libscidynamiclibrary.so.5.0.2
7fe4395b5000-7fe4397b4000 ---p 00001000 09:00 2526192                    /usr/local/lib/scilab-5.2.2/lib/scilab/libscidynamiclibrary.so.5.0.2
7fe4397b4000-7fe4397b5000 r--p 00000000 09:00 2526192                    /usr/local/lib/scilab-5.2.2/lib/scilab/libscidynamiclibrary.so.5.0.2
7fe4397b5000-7fe4397b6000 rw-p 00001000 09:00 2526192                    /usr/local/lib/scilab-5.2.2/lib/scilab/libscidynamiclibrary.so.5.0.2
7fe4397b6000-7fe4397b9000 r-xp 00000000 09:00 2526099                    /usr/local/lib/scilab-5.2.2/lib/scilab/libscilibst.so.5.0.2
7fe4397b9000-7fe4399b8000 ---p 00003000 09:00 2526099                    /usr/local/lib/scilab-5.2.2/lib/scilab/libscilibst.so.5.0.2
7fe4399b8000-7fe4399b9000 r--p 00002000 09:00 2526099                    /usr/local/lib/scilab-5.2.2/lib/scilab/libscilibst.so.5.0.2
7fe4399b9000-7fe4399ba000 rw-p 00003000 09:00 2526099                    /usr/local/lib/scilab-5.2.2/lib/scilab/libscilibst.so.5.0.2
7fe4399ba000-7fe4399bb000 rw-p 00000000 00:00 0 
7fe4399bb000-7fe4399d7000 r-xp 00000000 09:00 2526010                    /usr/local/lib/scilab-5.2.2/lib/scilab/libsciapi_scilab.so.5.0.2
7fe4399d7000-7fe439bd6000 ---p 0001c000 09:00 2526010                    /usr/local/lib/scilab-5.2.2/lib/scilab/libsciapi_scilab.so.5.0.2
7fe439bd6000-7fe439bd7000 r--p 0001b000 09:00 2526010                    /usr/local/lib/scilab-5.2.2/lib/scilab/libsciapi_scilab.so.5.0.2
7fe439bd7000-7fe439bd8000 rw-p 0001c000 09:00 2526010                    /usr/local/lib/scilab-5.2.2/lib/scilab/libsciapi_scilab.so.5.0.2
7fe439bd8000-7fe439c0c000 r-xp 00000000 09:00 2526185                    /usr/local/lib/scilab-5.2.2/lib/scilab/libsciarnoldi.so.5.0.2
7fe439c0c000-7fe439e0c000 ---p 00034000 09:00 2526185                    /usr/local/lib/scilab-5.2.2/lib/scilab/libsciarnoldi.so.5.0.2
7fe439e0c000-7fe439e0d000 r--p 00034000 09:00 2526185                    /usr/local/lib/scilab-5.2.2/lib/scilab/libsciarnoldi.so.5.0.2
7fe439e0d000-7fe439e0e000 rw-p 00035000 09:00 2526185                    /usr/local/lib/scilab-5.2.2/lib/scilab/libsciarnoldi.so.5.0.2
7fe439e0e000-7fe439ea0000 r-xp 00000000 09:00 2526001                    /usr/local/lib/scilab-5.2.2/lib/scilab/libscielementary_functions.so.5.0.2
7fe439ea0000-7fe43a09f000 ---p 00092000 09:00 2526001                    /usr/local/lib/scilab-5.2.2/lib/scilab/libscielementary_functions.so.5.0.2
7fe43a09f000-7fe43a0a0000 r--p 00091000 09:00 2526001                    /usr/local/lib/scilab-5.2.2/lib/scilab/libscielementary_functions.so.5.0.2
7fe43a0a0000-7fe43a0a4000 rw-p 00092000 09:00 2526001                    /usr/local/lib/scilab-5.2.2/lib/scilab/libscielementary_functions.so.5.0.2
7fe43a0a4000-7fe43a160000 rw-p 00000000 00:00 0 
7fe43a160000-7fe43a17e000 r-xp 00000000 09:00 2525936                    /usr/local/lib/scilab-5.2.2/lib/scilab/libscistring.so.5.0.2
7fe43a17e000-7fe43a37d000 ---p 0001e000 09:00 2525936                    /usr/local/lib/scilab-5.2.2/lib/scilab/libscistring.so.5.0.2
7fe43a37d000-7fe43a37e000 r--p 0001d000 09:00 2525936                    /usr/local/lib/scilab-5.2.2/lib/scilab/libscistring.so.5.0.2
7fe43a37e000-7fe43a37f000 rw-p 0001e000 09:00 2525936                    /usr/local/lib/scilab-5.2.2/lib/scilab/libscistring.so.5.0.2
7fe43a37f000-7fe43a439000 rw-p 00000000 00:00 0 
7fe43a439000-7fe43a45d000 r-xp 00000000 09:00 2525938                    /usr/local/lib/scilab-5.2.2/lib/scilab/libscifileio.so.5.0.2
7fe43a45d000-7fe43a65c000 ---p 00024000 09:00 2525938                    /usr/local/lib/scilab-5.2.2/lib/scilab/libscifileio.so.5.0.2
7fe43a65c000-7fe43a65d000 r--p 00023000 09:00 2525938                    /usr/local/lib/scilab-5.2.2/lib/scilab/libscifileio.so.5.0.2
7fe43a65d000-7fe43a65e000 rw-p 00024000 09:00 2525938                    /usr/local/lib/scilab-5.2.2/lib/scilab/libscifileio.so.5.0.2
7fe43a65e000-7fe43a665000 r-xp 00000000 09:00 2525942                    /usr/local/lib/scilab-5.2.2/lib/scilab/libscijvm.so.5.0.2
7fe43a665000-7fe43a865000 ---p 00007000 09:00 2525942                    /usr/local/lib/scilab-5.2.2/lib/scilab/libscijvm.so.5.0.2
7fe43a865000-7fe43a866000 r--p 00007000 09:00 2525942                    /usr/local/lib/scilab-5.2.2/lib/scilab/libscijvm.so.5.0.2
7fe43a866000-7fe43a867000 rw-p 00008000 09:00 2525942                    /usr/local/lib/scilab-5.2.2/lib/scilab/libscijvm.so.5.0.2
7fe43a867000-7fe43a868000 rw-p 00000000 00:00 0 
7fe43a868000-7fe43a876000 r-xp 00000000 09:00 2526138                    /usr/local/lib/scilab-5.2.2/lib/scilab/libscihistory_manager.so.5.0.2
7fe43a876000-7fe43aa75000 ---p 0000e000 09:00 2526138                    /usr/local/lib/scilab-5.2.2/lib/scilab/libscihistory_manager.so.5.0.2
7fe43aa75000-7fe43aa76000 r--p 0000d000 09:00 2526138                    /usr/local/lib/scilab-5.2.2/lib/scilab/libscihistory_manager.so.5.0.2
7fe43aa76000-7fe43aa77000 rw-p 0000e000 09:00 2526138                    /usr/local/lib/scilab-5.2.2/lib/scilab/libscihistory_manager.so.5.0.2
7fe43aa77000-7fe43aa79000 r-xp 00000000 09:00 2526028                    /usr/local/lib/scilab-5.2.2/lib/scilab/libsciaction_binding.so.5.0.2
7fe43aa79000-7fe43ac78000 ---p 00002000 09:00 2526028                    /usr/local/lib/scilab-5.2.2/lib/scilab/libsciaction_binding.so.5.0.2
7fe43ac78000-7fe43ac79000 r--p 00001000 09:00 2526028                    /usr/local/lib/scilab-5.2.2/lib/scilab/libsciaction_binding.so.5.0.2
7fe43ac79000-7fe43ac7a000 rw-p 00002000 09:00 2526028                    /usr/local/lib/scilab-5.2.2/lib/scilab/libsciaction_binding.so.5.0.2
7fe43ac7a000-7fe43ac87000 r-xp 00000000 09:00 2525940                    /usr/local/lib/scilab-5.2.2/lib/scilab/libsciconsole.so.5.0.2
7fe43ac87000-7fe43ae86000 ---p 0000d000 09:00 2525940                    /usr/local/lib/scilab-5.2.2/lib/scilab/libsciconsole.so.5.0.2
7fe43ae86000-7fe43ae87000 r--p 0000c000 09:00 2525940                    /usr/local/lib/scilab-5.2.2/lib/scilab/libsciconsole.so.5.0.2
7fe43ae87000-7fe43ae88000 rw-p 0000d000 09:00 2525940                    /usr/local/lib/scilab-5.2.2/lib/scilab/libsciconsole.so.5.0.2
7fe43ae88000-7fe43ae89000 rw-p 00000000 00:00 0 
7fe43ae89000-7fe43aebd000 r-xp 00000000 09:00 2526097                    /usr/local/lib/scilab-5.2.2/lib/scilab/libscigraphic_export.so.5.0.2
7fe43aebd000-7fe43b0bc000 ---p 00034000 09:00 2526097                    /usr/local/lib/scilab-5.2.2/lib/scilab/libscigraphic_export.so.5.0.2
7fe43b0bc000-7fe43b0bd000 r--p 00033000 09:00 2526097                    /usr/local/lib/scilab-5.2.2/lib/scilab/libscigraphic_export.so.5.0.2
7fe43b0bd000-7fe43b0be000 rw-p 00034000 09:00 2526097                    /usr/local/lib/scilab-5.2.2/lib/scilab/libscigraphic_export.so.5.0.2
7fe43b0be000-7fe43b0c0000 r-xp 00000000 09:00 2525988                    /usr/local/lib/scilab-5.2.2/lib/scilab/libscidoublylinkedlist.so.5.0.2
7fe43b0c0000-7fe43b2bf000 ---p 00002000 09:00 2525988                    /usr/local/lib/scilab-5.2.2/lib/scilab/libscidoublylinkedlist.so.5.0.2
7fe43b2bf000-7fe43b2c0000 r--p 00001000 09:00 2525988                    /usr/local/lib/scilab-5.2.2/lib/scilab/libscidoublylinkedlist.so.5.0.2
7fe43b2c0000-7fe43b2c1000 rw-p 00002000 09:00 2525988                    /usr/local/lib/scilab-5.2.2/lib/scilab/libscidoublylinkedlist.so.5.0.2
7fe43b2c1000-7fe43b439000 r-xp 00000000 09:00 2525962                    /usr/local/lib/scilab-5.2.2/lib/scilab/libscirenderer.so.5.0.2
7fe43b439000-7fe43b638000 ---p 00178000 09:00 2525962                    /usr/local/lib/scilab-5.2.2/lib/scilab/libscirenderer.so.5.0.2
7fe43b638000-7fe43b650000 r--p 00177000 09:00 2525962                    /usr/local/lib/scilab-5.2.2/lib/scilab/libscirenderer.so.5.0.2
7fe43b650000-7fe43b653000 rw-p 0018f000 09:00 2525962                    /usr/local/lib/scilab-5.2.2/lib/scilab/libscirenderer.so.5.0.2
7fe43b653000-7fe43b654000 rw-p 00000000 00:00 0 
7fe43b654000-7fe43b6ba000 r-xp 00000000 09:00 2526049                    /usr/local/lib/scilab-5.2.2/lib/scilab/libscigui.so.5.0.2
7fe43b6ba000-7fe43b8b9000 ---p 00066000 09:00 2526049                    /usr/local/lib/scilab-5.2.2/lib/scilab/libscigui.so.5.0.2
7fe43b8b9000-7fe43b8ba000 r--p 00065000 09:00 2526049                    /usr/local/lib/scilab-5.2.2/lib/scilab/libscigui.so.5.0.2
7fe43b8ba000-7fe43b8bc000 rw-p 00066000 09:00 2526049                    /usr/local/lib/scilab-5.2.2/lib/scilab/libscigui.so.5.0.2
7fe43b8bc000-7fe43b8c6000 r-xp 00000000 09:00 2526052                    /usr/local/lib/scilab-5.2.2/lib/scilab/libscitclsci.so.5.0.2
7fe43b8c6000-7fe43bac5000 ---p 0000a000 09:00 2526052                    /usr/local/lib/scilab-5.2.2/lib/scilab/libscitclsci.so.5.0.2
7fe43bac5000-7fe43bac6000 r--p 00009000 09:00 2526052                    /usr/local/lib/scilab-5.2.2/lib/scilab/libscitclsci.so.5.0.2
7fe43bac6000-7fe43bac7000 rw-p 0000a000 09:00 2526052                    /usr/local/lib/scilab-5.2.2/lib/scilab/libscitclsci.so.5.0.2
7fe43bac7000-7fe43bac9000 r-xp 00000000 09:00 2526197                    /usr/local/lib/scilab-5.2.2/lib/scilab/libscihashtable.so.5.0.2
7fe43bac9000-7fe43bcc8000 ---p 00002000 09:00 2526197                    /usr/local/lib/scilab-5.2.2/lib/scilab/libscihashtable.so.5.0.2
7fe43bcc8000-7fe43bcc9000 r--p 00001000 09:00 2526197                    /usr/local/lib/scilab-5.2.2/lib/scilab/libscihashtable.so.5.0.2
7fe43bcc9000-7fe43bcca000 rw-p 00002000 09:00 2526197                    /usr/local/lib/scilab-5.2.2/lib/scilab/libscihashtable.so.5.0.2
7fe43bcca000-7fe43bccb000 rw-p 00000000 00:00 0 
7fe43bccb000-7fe43bd45000 r-xp 00000000 09:00 2526117                    /usr/local/lib/scilab-5.2.2/lib/scilab/libscigraphics.so.5.0.2
7fe43bd45000-7fe43bf44000 ---p 0007a000 09:00 2526117                    /usr/local/lib/scilab-5.2.2/lib/scilab/libscigraphics.so.5.0.2
7fe43bf44000-7fe43bf46000 r--p 00079000 09:00 2526117                    /usr/local/lib/scilab-5.2.2/lib/scilab/libscigraphics.so.5.0.2
7fe43bf46000-7fe43bf49000 rw-p 0007b000 09:00 2526117                    /usr/local/lib/scilab-5.2.2/lib/scilab/libscigraphics.so.5.0.2
7fe43bf49000-7fe43bf4a000 rw-p 00000000 00:00 0 
7fe43bf4a000-7fe43bf53000 r-xp 00000000 09:00 2526030                    /usr/local/lib/scilab-5.2.2/lib/scilab/libscifunctions.so.5.0.2
7fe43bf53000-7fe43c152000 ---p 00009000 09:00 2526030                    /usr/local/lib/scilab-5.2.2/lib/scilab/libscifunctions.so.5.0.2
7fe43c152000-7fe43c153000 r--p 00008000 09:00 2526030                    /usr/local/lib/scilab-5.2.2/lib/scilab/libscifunctions.so.5.0.2
7fe43c153000-7fe43c154000 rw-p 00009000 09:00 2526030                    /usr/local/lib/scilab-5.2.2/lib/scilab/libscifunctions.so.5.0.2
7fe43c154000-7fe43c20e000 rw-p 00000000 00:00 0 
7fe43c20e000-7fe43c223000 r-xp 00000000 09:00 2526160                    /usr/local/lib/scilab-5.2.2/lib/scilab/libscihdf5.so.5.0.2
7fe43c223000-7fe43c422000 ---p 00015000 09:00 2526160                    /usr/local/lib/scilab-5.2.2/lib/scilab/libscihdf5.so.5.0.2
7fe43c422000-7fe43c423000 r--p 00014000 09:00 2526160                    /usr/local/lib/scilab-5.2.2/lib/scilab/libscihdf5.so.5.0.2
7fe43c423000-7fe43c424000 rw-p 00015000 09:00 2526160                    /usr/local/lib/scilab-5.2.2/lib/scilab/libscihdf5.so.5.0.2
7fe43c424000-7fe43c425000 rw-p 00000000 00:00 0 
7fe43c425000-7fe43c522000 r-xp 00000000 09:00 2525856                    /usr/local/lib/scilab-5.2.2/lib/thirdparty/libfftw3.so.3.2.3
7fe43c522000-7fe43c722000 ---p 000fd000 09:00 2525856                    /usr/local/lib/scilab-5.2.2/lib/thirdparty/libfftw3.so.3.2.3
7fe43c722000-7fe43c729000 rw-p 000fd000 09:00 2525856                    /usr/local/lib/scilab-5.2.2/lib/thirdparty/libfftw3.so.3.2.3
7fe43c729000-7fe43c72f000 r-xp 00000000 09:00 2525952                    /usr/local/lib/scilab-5.2.2/lib/scilab/libscifftw.so.5.0.2
7fe43c72f000-7fe43c92e000 ---p 00006000 09:00 2525952                    /usr/local/lib/scilab-5.2.2/lib/scilab/libscifftw.so.5.0.2
7fe43c92e000-7fe43c92f000 r--p 00005000 09:00 2525952                    /usr/local/lib/scilab-5.2.2/lib/scilab/libscifftw.so.5.0.2
7fe43c92f000-7fe43c930000 rw-p 00006000 09:00 2525952                    /usr/local/lib/scilab-5.2.2/lib/scilab/libscifftw.so.5.0.2
7fe43c930000-7fe43c939000 r-xp 00000000 09:00 2526018                    /usr/local/lib/scilab-5.2.2/lib/scilab/libscidynamic_link.so.5.0.2
7fe43c939000-7fe43cb38000 ---p 00009000 09:00 2526018                    /usr/local/lib/scilab-5.2.2/lib/scilab/libscidynamic_link.so.5.0.2
7fe43cb38000-7fe43cb39000 r--p 00008000 09:00 2526018                    /usr/local/lib/scilab-5.2.2/lib/scilab/libscidynamic_link.so.5.0.2
7fe43cb39000-7fe43cb3a000 rw-p 00009000 09:00 2526018                    /usr/local/lib/scilab-5.2.2/lib/scilab/libscidynamic_link.so.5.0.2
7fe43cb3a000-7fe43cc3d000 rw-p 00000000 00:00 0 
7fe43cc3d000-7fe43cc68000 r-xp 00000000 09:00 2526102                    /usr/local/lib/scilab-5.2.2/lib/scilab/libscilinear_algebra.so.5.0.2
7fe43cc68000-7fe43ce67000 ---p 0002b000 09:00 2526102                    /usr/local/lib/scilab-5.2.2/lib/scilab/libscilinear_algebra.so.5.0.2
7fe43ce67000-7fe43ce68000 r--p 0002a000 09:00 2526102                    /usr/local/lib/scilab-5.2.2/lib/scilab/libscilinear_algebra.so.5.0.2
7fe43ce68000-7fe43ce69000 rw-p 0002b000 09:00 2526102                    /usr/local/lib/scilab-5.2.2/lib/scilab/libscilinear_algebra.so.5.0.2
7fe43ce69000-7fe43cf23000 rw-p 00000000 00:00 0 
7fe43cf23000-7fe43cf50000 r-xp 00000000 09:00 2526167                    /usr/local/lib/scilab-5.2.2/lib/scilab/libsciinteger.so.5.0.2
7fe43cf50000-7fe43d14f000 ---p 0002d000 09:00 2526167                    /usr/local/lib/scilab-5.2.2/lib/scilab/libsciinteger.so.5.0.2
7fe43d14f000-7fe43d150000 r--p 0002c000 09:00 2526167                    /usr/local/lib/scilab-5.2.2/lib/scilab/libsciinteger.so.5.0.2
7fe43d150000-7fe43d151000 rw-p 0002d000 09:00 2526167                    /usr/local/lib/scilab-5.2.2/lib/scilab/libsciinteger.so.5.0.2
7fe43d151000-7fe43d20b000 rw-p 00000000 00:00 0 
7fe43d20b000-7fe43d21b000 r-xp 00000000 09:00 2526040                    /usr/local/lib/scilab-5.2.2/lib/scilab/libscidata_structures.so.5.0.2
7fe43d21b000-7fe43d41a000 ---p 00010000 09:00 2526040                    /usr/local/lib/scilab-5.2.2/lib/scilab/libscidata_structures.so.5.0.2
7fe43d41a000-7fe43d41b000 r--p 0000f000 09:00 2526040                    /usr/local/lib/scilab-5.2.2/lib/scilab/libscidata_structures.so.5.0.2
7fe43d41b000-7fe43d41c000 rw-p 00010000 09:00 2526040                    /usr/local/lib/scilab-5.2.2/lib/scilab/libscidata_structures.so.5.0.2
7fe43d41c000-7fe43d4d7000 rw-p 00000000 00:00 0 
7fe43d4d7000-7fe43d4e3000 r-xp 00000000 09:00 2526198                    /usr/local/lib/scilab-5.2.2/lib/scilab/libmex.so.5.0.2
7fe43d4e3000-7fe43d6e2000 ---p 0000c000 09:00 2526198                    /usr/local/lib/scilab-5.2.2/lib/scilab/libmex.so.5.0.2
7fe43d6e2000-7fe43d6e3000 r--p 0000b000 09:00 2526198                    /usr/local/lib/scilab-5.2.2/lib/scilab/libmex.so.5.0.2
7fe43d6e3000-7fe43d6e4000 rw-p 0000c000 09:00 2526198                    /usr/local/lib/scilab-5.2.2/lib/scilab/libmex.so.5.0.2
7fe43d6e4000-7fe43d6e6000 rw-p 00000000 00:00 0 
7fe43d6e6000-7fe43d751000 r-xp 00000000 09:00 2525987                    /usr/local/lib/scilab-5.2.2/lib/scilab/libscidifferential_equations.so.5.0.2
7fe43d751000-7fe43d951000 ---p 0006b000 09:00 2525987                    /usr/local/lib/scilab-5.2.2/lib/scilab/libscidifferential_equations.so.5.0.2
7fe43d951000-7fe43d952000 r--p 0006b000 09:00 2525987                    /usr/local/lib/scilab-5.2.2/lib/scilab/libscidifferential_equations.so.5.0.2
7fe43d952000-7fe43d953000 rw-p 0006c000 09:00 2525987                    /usr/local/lib/scilab-5.2.2/lib/scilab/libscidifferential_equations.so.5.0.2
7fe43d953000-7fe43da15000 rw-p 00000000 00:00 0 
7fe43da15000-7fe43da21000 r-xp 00000000 09:00 2525996                    /usr/local/lib/scilab-5.2.2/lib/scilab/libmat.so.5.0.2
7fe43da21000-7fe43dc20000 ---p 0000c000 09:00 2525996                    /usr/local/lib/scilab-5.2.2/lib/scilab/libmat.so.5.0.2
7fe43dc20000-7fe43dc21000 r--p 0000b000 09:00 2525996                    /usr/local/lib/scilab-5.2.2/lib/scilab/libmat.so.5.0.2
7fe43dc21000-7fe43dc22000 rw-p 0000c000 09:00 2525996                    /usr/local/lib/scilab-5.2.2/lib/scilab/libmat.so.5.0.2
7fe43dc22000-7fe43dc25000 rw-p 00000000 00:00 0 
7fe43dc25000-7fe43dc31000 r-xp 00000000 09:00 2525939                    /usr/local/lib/scilab-5.2.2/lib/scilab/libmx.so.5.0.2
7fe43dc31000-7fe43de30000 ---p 0000c000 09:00 2525939                    /usr/local/lib/scilab-5.2.2/lib/scilab/libmx.so.5.0.2
7fe43de30000-7fe43de31000 r--p 0000b000 09:00 2525939                    /usr/local/lib/scilab-5.2.2/lib/scilab/libmx.so.5.0.2
7fe43de31000-7fe43de32000 rw-p 0000c000 09:00 2525939                    /usr/local/lib/scilab-5.2.2/lib/scilab/libmx.so.5.0.2
7fe43de32000-7fe43de34000 rw-p 00000000 00:00 0 
7fe43de34000-7fe43df13000 r-xp 00000000 09:00 2526190                    /usr/local/lib/scilab-5.2.2/lib/scilab/libscicacsd.so.5.0.2
7fe43df13000-7fe43e113000 ---p 000df000 09:00 2526190                    /usr/local/lib/scilab-5.2.2/lib/scilab/libscicacsd.so.5.0.2
7fe43e113000-7fe43e114000 r--p 000df000 09:00 2526190                    /usr/local/lib/scilab-5.2.2/lib/scilab/libscicacsd.so.5.0.2
7fe43e114000-7fe43e115000 rw-p 000e0000 09:00 2526190                    /usr/local/lib/scilab-5.2.2/lib/scilab/libscicacsd.so.5.0.2
7fe43e115000-7fe43e1cf000 rw-p 00000000 00:00 0 
7fe43e1cf000-7fe43e1fc000 r-xp 00000000 09:00 2526113                    /usr/local/lib/scilab-5.2.2/lib/scilab/libscipolynomials.so.5.0.2
7fe43e1fc000-7fe43e3fb000 ---p 0002d000 09:00 2526113                    /usr/local/lib/scilab-5.2.2/lib/scilab/libscipolynomials.so.5.0.2
7fe43e3fb000-7fe43e3fc000 r--p 0002c000 09:00 2526113                    /usr/local/lib/scilab-5.2.2/lib/scilab/libscipolynomials.so.5.0.2
7fe43e3fc000-7fe43e3fd000 rw-p 0002d000 09:00 2526113                    /usr/local/lib/scilab-5.2.2/lib/scilab/libscipolynomials.so.5.0.2
7fe43e3fd000-7fe43e4b9000 rw-p 00000000 00:00 0 
7fe43e4b9000-7fe43e508000 r-xp 00000000 09:00 2526125                    /usr/local/lib/scilab-5.2.2/lib/scilab/libscisparse.so.5.0.2
7fe43e508000-7fe43e707000 ---p 0004f000 09:00 2526125                    /usr/local/lib/scilab-5.2.2/lib/scilab/libscisparse.so.5.0.2
7fe43e707000-7fe43e708000 r--p 0004e000 09:00 2526125                    /usr/local/lib/scilab-5.2.2/lib/scilab/libscisparse.so.5.0.2
7fe43e708000-7fe43e709000 rw-p 0004f000 09:00 2526125                    /usr/local/lib/scilab-5.2.2/lib/scilab/libscisparse.so.5.0.2
7fe43e709000-7fe43e7c3000 rw-p 00000000 00:00 0 
7fe43e7c3000-7fe43e7c4000 r-xp 00000000 09:00 2526110                    /usr/local/lib/scilab-5.2.2/lib/scilab/libscipvm.so.5.0.2
7fe43e7c4000-7fe43e9c3000 ---p 00001000 09:00 2526110                    /usr/local/lib/scilab-5.2.2/lib/scilab/libscipvm.so.5.0.2
7fe43e9c3000-7fe43e9c4000 r--p 00000000 09:00 2526110                    /usr/local/lib/scilab-5.2.2/lib/scilab/libscipvm.so.5.0.2
7fe43e9c4000-7fe43e9c5000 rw-p 00001000 09:00 2526110                    /usr/local/lib/scilab-5.2.2/lib/scilab/libscipvm.so.5.0.2
7fe43e9c5000-7fe43e9c6000 r-xp 00000000 09:00 2526115                    /usr/local/lib/scilab-5.2.2/lib/scilab/libsciwindows_tools.so.5.0.2
7fe43e9c6000-7fe43ebc5000 ---p 00001000 09:00 2526115                    /usr/local/lib/scilab-5.2.2/lib/scilab/libsciwindows_tools.so.5.0.2
7fe43ebc5000-7fe43ebc6000 r--p 00000000 09:00 2526115                    /usr/local/lib/scilab-5.2.2/lib/scilab/libsciwindows_tools.so.5.0.2
7fe43ebc6000-7fe43ebc7000 rw-p 00001000 09:00 2526115                    /usr/local/lib/scilab-5.2.2/lib/scilab/libsciwindows_tools.so.5.0.2
7fe43ebc7000-7fe43ebc8000 rw-p 00000000 00:00 0 
7fe43ebc8000-7fe43ebcb000 r-xp 00000000 09:00 2526016                    /usr/local/lib/scilab-5.2.2/lib/scilab/libscitime.so.5.0.2
7fe43ebcb000-7fe43edcb000 ---p 00003000 09:00 2526016                    /usr/local/lib/scilab-5.2.2/lib/scilab/libscitime.so.5.0.2
7fe43edcb000-7fe43edcc000 r--p 00003000 09:00 2526016                    /usr/local/lib/scilab-5.2.2/lib/scilab/libscitime.so.5.0.2
7fe43edcc000-7fe43edcd000 rw-p 00004000 09:00 2526016                    /usr/local/lib/scilab-5.2.2/lib/scilab/libscitime.so.5.0.2
7fe43edcd000-7fe43ede7000 r-xp 00000000 09:00 2526195                    /usr/local/lib/scilab-5.2.2/lib/scilab/libscistatistics.so.5.0.2
7fe43ede7000-7fe43efe6000 ---p 0001a000 09:00 2526195                    /usr/local/lib/scilab-5.2.2/lib/scilab/libscistatistics.so.5.0.2
7fe43efe6000-7fe43efe7000 r--p 00019000 09:00 2526195                    /usr/local/lib/scilab-5.2.2/lib/scilab/libscistatistics.so.5.0.2
7fe43efe7000-7fe43efe8000 rw-p 0001a000 09:00 2526195                    /usr/local/lib/scilab-5.2.2/lib/scilab/libscistatistics.so.5.0.2
7fe43efe8000-7fe43f0a2000 rw-p 00000000 00:00 0 
7fe43f0a2000-7fe43f0ac000 r-xp 00000000 09:00 2526153                    /usr/local/lib/scilab-5.2.2/lib/scilab/libscispecial_functions.so.5.0.2
7fe43f0ac000-7fe43f2ac000 ---p 0000a000 09:00 2526153                    /usr/local/lib/scilab-5.2.2/lib/scilab/libscispecial_functions.so.5.0.2
7fe43f2ac000-7fe43f2ad000 r--p 0000a000 09:00 2526153                    /usr/local/lib/scilab-5.2.2/lib/scilab/libscispecial_functions.so.5.0.2
7fe43f2ad000-7fe43f2ae000 rw-p 0000b000 09:00 2526153                    /usr/local/lib/scilab-5.2.2/lib/scilab/libscispecial_functions.so.5.0.2
7fe43f2ae000-7fe43f369000 rw-p 00000000 00:00 0 
7fe43f369000-7fe43f36b000 r-xp 00000000 09:00 2526013                    /usr/local/lib/scilab-5.2.2/lib/scilab/libsciintersci.so.5.0.2
7fe43f36b000-7fe43f56a000 ---p 00002000 09:00 2526013                    /usr/local/lib/scilab-5.2.2/lib/scilab/libsciintersci.so.5.0.2
7fe43f56a000-7fe43f56b000 r--p 00001000 09:00 2526013                    /usr/local/lib/scilab-5.2.2/lib/scilab/libsciintersci.so.5.0.2
7fe43f56b000-7fe43f56c000 rw-p 00002000 09:00 2526013                    /usr/local/lib/scilab-5.2.2/lib/scilab/libsciintersci.so.5.0.2
7fe43f56c000-7fe43f575000 r-xp 00000000 09:00 2525981                    /usr/local/lib/scilab-5.2.2/lib/scilab/libsciboolean.so.5.0.2
7fe43f575000-7fe43f774000 ---p 00009000 09:00 2525981                    /usr/local/lib/scilab-5.2.2/lib/scilab/libsciboolean.so.5.0.2
7fe43f774000-7fe43f775000 r--p 00008000 09:00 2525981                    /usr/local/lib/scilab-5.2.2/lib/scilab/libsciboolean.so.5.0.2
7fe43f775000-7fe43f776000 rw-p 00009000 09:00 2525981                    /usr/local/lib/scilab-5.2.2/lib/scilab/libsciboolean.so.5.0.2
7fe43f776000-7fe43f830000 rw-p 00000000 00:00 0 
7fe43f830000-7fe43f841000 r-xp 00000000 09:00 2526129                    /usr/local/lib/scilab-5.2.2/lib/scilab/libscidouble.so.5.0.2
7fe43f841000-7fe43fa40000 ---p 00011000 09:00 2526129                    /usr/local/lib/scilab-5.2.2/lib/scilab/libscidouble.so.5.0.2
7fe43fa40000-7fe43fa41000 r--p 00010000 09:00 2526129                    /usr/local/lib/scilab-5.2.2/lib/scilab/libscidouble.so.5.0.2
7fe43fa41000-7fe43fa42000 rw-p 00011000 09:00 2526129                    /usr/local/lib/scilab-5.2.2/lib/scilab/libscidouble.so.5.0.2
7fe43fa42000-7fe43fafd000 rw-p 00000000 00:00 0 
7fe43fafd000-7fe43fb00000 r-xp 00000000 09:00 2526089                    /usr/local/lib/scilab-5.2.2/lib/scilab/libscicall_scilab.so.5.0.2
7fe43fb00000-7fe43fcff000 ---p 00003000 09:00 2526089                    /usr/local/lib/scilab-5.2.2/lib/scilab/libscicall_scilab.so.5.0.2
7fe43fcff000-7fe43fd00000 r--p 00002000 09:00 2526089                    /usr/local/lib/scilab-5.2.2/lib/scilab/libscicall_scilab.so.5.0.2
7fe43fd00000-7fe43fd01000 rw-p 00003000 09:00 2526089                    /usr/local/lib/scilab-5.2.2/lib/scilab/libscicall_scilab.so.5.0.2
7fe43fd01000-7fe43fd02000 r-xp 00000000 09:00 2526188                    /usr/local/lib/scilab-5.2.2/lib/scilab/libscilab.so.0.0.0
7fe43fd02000-7fe43ff02000 ---p 00001000 09:00 2526188                    /usr/local/lib/scilab-5.2.2/lib/scilab/libscilab.so.0.0.0
7fe43ff02000-7fe43ff03000 r--p 00001000 09:00 2526188                    /usr/local/lib/scilab-5.2.2/lib/scilab/libscilab.so.0.0.0
7fe43ff03000-7fe43ff04000 rw-p 00002000 09:00 2526188                    /usr/local/lib/scilab-5.2.2/lib/scilab/libscilab.so.0.0.0
7fe43ff04000-7fe43ff1a000 r-xp 00000000 09:00 2526123                    /usr/local/lib/scilab-5.2.2/lib/scilab/libsciio.so.5.0.2
7fe43ff1a000-7fe440119000 ---p 00016000 09:00 2526123                    /usr/local/lib/scilab-5.2.2/lib/scilab/libsciio.so.5.0.2
7fe440119000-7fe44011a000 r--p 00015000 09:00 2526123                    /usr/local/lib/scilab-5.2.2/lib/scilab/libsciio.so.5.0.2
7fe44011a000-7fe44011b000 rw-p 00016000 09:00 2526123                    /usr/local/lib/scilab-5.2.2/lib/scilab/libsciio.so.5.0.2
7fe44011b000-7fe4401d6000 rw-p 00000000 00:00 0 
7fe4401d6000-7fe4401da000 r-xp 00000000 09:00 2526027                    /usr/local/lib/scilab-5.2.2/lib/scilab/libscilocalization.so.5.0.2
7fe4401da000-7fe4403d9000 ---p 00004000 09:00 2526027                    /usr/local/lib/scilab-5.2.2/lib/scilab/libscilocalization.so.5.0.2
7fe4403d9000-7fe4403da000 r--p 00003000 09:00 2526027                    /usr/local/lib/scilab-5.2.2/lib/scilab/libscilocalization.so.5.0.2
7fe4403da000-7fe4403df000 rw-p 00004000 09:00 2526027                    /usr/local/lib/scilab-5.2.2/lib/scilab/libscilocalization.so.5.0.2
7fe4403df000-7fe4403e6000 r-xp 00000000 09:00 2526055                    /usr/local/lib/scilab-5.2.2/lib/scilab/libscicompletion.so.5.0.2
7fe4403e6000-7fe4405e5000 ---p 00007000 09:00 2526055                    /usr/local/lib/scilab-5.2.2/lib/scilab/libscicompletion.so.5.0.2
7fe4405e5000-7fe4405e6000 r--p 00006000 09:00 2526055                    /usr/local/lib/scilab-5.2.2/lib/scilab/libscicompletion.so.5.0.2
7fe4405e6000-7fe4405e7000 rw-p 00007000 09:00 2526055                    /usr/local/lib/scilab-5.2.2/lib/scilab/libscicompletion.so.5.0.2
7fe4405e7000-7fe44066d000 r-xp 00000000 09:00 2526131                    /usr/local/lib/scilab-5.2.2/lib/scilab/libscicore.so.5.0.2
7fe44066d000-7fe44086d000 ---p 00086000 09:00 2526131                    /usr/local/lib/scilab-5.2.2/lib/scilab/libscicore.so.5.0.2
7fe44086d000-7fe44086f000 r--p 00086000 09:00 2526131                    /usr/local/lib/scilab-5.2.2/lib/scilab/libscicore.so.5.0.2
7fe44086f000-7fe440872000 rw-p 00088000 09:00 2526131                    /usr/local/lib/scilab-5.2.2/lib/scilab/libscicore.so.5.0.2
7fe440872000-7fe440970000 rw-p 00000000 00:00 0 
7fe440970000-7fe440979000 r-xp 00000000 09:00 2525955                    /usr/local/lib/scilab-5.2.2/lib/scilab/libscishell.so.5.0.2
7fe440979000-7fe440b79000 ---p 00009000 09:00 2525955                    /usr/local/lib/scilab-5.2.2/lib/scilab/libscishell.so.5.0.2
7fe440b79000-7fe440b7a000 r--p 00009000 09:00 2525955                    /usr/local/lib/scilab-5.2.2/lib/scilab/libscishell.so.5.0.2
7fe440b7a000-7fe440b7b000 rw-p 0000a000 09:00 2525955                    /usr/local/lib/scilab-5.2.2/lib/scilab/libscishell.so.5.0.2
7fe440b7b000-7fe440b7d000 rw-p 00000000 00:00 0 
7fffaf420000-7fffaf423000 ---p 00000000 00:00 0 
7fffaf423000-7fffaf520000 rwxp 00000000 00:00 0                          [stack]
7fffaf520000-7fffaf521000 rw-p 00000000 00:00 0 
7fffaf5ff000-7fffaf600000 r-xp 00000000 00:00 0                          [vdso]
ffffffffff600000-ffffffffff601000 r-xp 00000000 00:00 0                  [vsyscall]

VM Arguments:
jvm_args: -Djava.library.path= -Djava.compiler=JIT -Xmx256m -Dapple.laf.useScreenMenuBar=true 
java_command: <unknown>
Launcher Type: generic

Environment Variables:
JAVA_HOME=/usr/local/lib/scilab-5.2.2/thirdparty/java
JRE_HOME=/usr/local/lib/scilab-5.2.2/thirdparty/java
CLASSPATH=/usr/local/lib/scilab-5.2.2/thirdparty:/usr/local/lib/scilab-5.2.2/thirdparty/java/lib
PATH=/usr/local/lib/scilab-5.2.2/bin:/usr/local/bin:/usr/lib64/qt-3.3/bin:/usr/kerberos/bin:/usr/lib64/ccache:/usr/local/bin:/bin:/usr/bin:/usr/lib64/paraview-3.6.1-Linux-x86_64/bin/:/usr/local/sbin:/usr/sbin:/sbin:/usr/lib64/paraview-3.6.1-Linux-x86_64/bin/:/home/M2SITN/delanoue/bin:/usr/lib64/paraview-3.6.1-Linux-x86_64/bin/:/usr/local/lib/scilab-5.2.2/share/scilab/modules/scicos/
LD_LIBRARY_PATH=/usr/local/lib/scilab-5.2.2/share/scilab/bin:/usr/local/lib/scilab-5.2.2/share/scilab/lib/scilab/:/usr/local/lib/scilab-5.2.2/share/scilab/lib64/scilab/:/usr/local/lib/scilab-5.2.2/lib/scilab:/usr/local/lib/scilab-5.2.2/lib/thirdparty:/usr/local/lib/scilab-5.2.2/thirdparty/java/lib/amd64:/usr/local/lib/scilab-5.2.2/thirdparty/java/lib/amd64/server:/usr/local/lib/scilab-5.2.2/thirdparty/java/lib/amd64/native_threads
SHELL=/bin/bash
DISPLAY=:2005.0

Signal Handlers:
SIGSEGV: [libjvm.so+0x70f1a0], sa_mask[0]=0x7ffbfeff, sa_flags=0x10000004
SIGBUS: [libjvm.so+0x70f1a0], sa_mask[0]=0x7ffbfeff, sa_flags=0x10000004
SIGFPE: [libjvm.so+0x5d7f70], sa_mask[0]=0x7ffbfeff, sa_flags=0x10000004
SIGPIPE: SIG_IGN, sa_mask[0]=0x00001000, sa_flags=0x10000000
SIGXFSZ: [libjvm.so+0x5d7f70], sa_mask[0]=0x7ffbfeff, sa_flags=0x10000004
SIGILL: [libjvm.so+0x5d7f70], sa_mask[0]=0x7ffbfeff, sa_flags=0x10000004
SIGUSR1: SIG_DFL, sa_mask[0]=0x00000000, sa_flags=0x00000000
SIGUSR2: [libjvm.so+0x5da790], sa_mask[0]=0x00000000, sa_flags=0x10000004
SIGHUP: [libjvm.so+0x5da4e0], sa_mask[0]=0x7ffbfeff, sa_flags=0x10000004
SIGINT: [libscicore.so.5+0x2c190], sa_mask[0]=0x00000002, sa_flags=0x10000000
SIGTERM: [libjvm.so+0x5da4e0], sa_mask[0]=0x7ffbfeff, sa_flags=0x10000004
SIGQUIT: [libjvm.so+0x5da4e0], sa_mask[0]=0x7ffbfeff, sa_flags=0x10000004


---------------  S Y S T E M  ---------------

OS:Fedora release 11 (Leonidas)

uname:Linux 2.6.30.9-90.fc11.x86_64 #1 SMP Sat Oct 17 11:25:35 EDT 2009 x86_64
libc:glibc 2.10.1 NPTL 2.10.1 
rlimit: STACK 10240k, CORE 0k, NPROC 1024, NOFILE 1024, AS infinity
load average:0.32 0.22 0.12

CPU:total 16 (8 cores per cpu, 2 threads per core) family 6 model 26 stepping 5, cmov, cx8, fxsr, mmx, sse, sse2, sse3, ssse3, sse4.1, sse4.2, popcnt, ht

Memory: 4k page, physical 49065876k(10667984k free), swap 50331632k(50050944k free)

vm_info: Java HotSpot(TM) 64-Bit Server VM (16.0-b13) for linux-amd64 JRE (1.6.0_18-b07), built on Dec 17 2009 13:42:22 by "java_re" with gcc 3.2.2 (SuSE Linux)

time: Mon Jul 12 09:11:34 2010
elapsed time: 233525 seconds

