155 376 306 0
3.0000000000000000E+00  0.0000000000000000E+00 0.0000000000000000E+00
3.0000000000000000E+00  3.0000000000000000E+00 0.0000000000000000E+00
-3.0000000000000000E+00  3.0000000000000000E+00 0.0000000000000000E+00
-3.0000000000000000E+00  0.0000000000000000E+00 0.0000000000000000E+00
4.0000000000000000E+00  0.0000000000000000E+00 1.0000000000000000E+00
4.0000000000000000E+00  2.0000000000000000E+00 1.0000000000000000E+00
3.0000000000000000E+00  2.0000000000000000E+00 1.0000000000000000E+00
3.0000000000000000E+00  0.0000000000000000E+00 1.0000000000000000E+00
4.0000000000000000E+00  0.0000000000000000E+00 5.0000000000000000E+00
4.0000000000000000E+00  2.0000000000000000E+00 5.0000000000000000E+00
3.0000000000000000E+00  2.0000000000000000E+00 5.0000000000000000E+00
3.0000000000000000E+00  0.0000000000000000E+00 5.0000000000000000E+00
3.0000000000000000E+00  0.0000000000000000E+00 8.0000000000000000E+00
3.0000000000000000E+00  3.0000000000000000E+00 8.0000000000000000E+00
-3.0000000000000000E+00  3.0000000000000000E+00 8.0000000000000000E+00
-3.0000000000000000E+00  0.0000000000000000E+00 8.0000000000000000E+00
1.5000000000000000E+00  0.0000000000000000E+00 0.0000000000000000E+00
1.4678240000000000E+00  3.0901699999999999E-01 0.0000000000000000E+00
1.3800390000000000E+00  5.8778500000000000E-01 0.0000000000000000E+00
1.2631280000000000E+00  8.0901699999999999E-01 0.0000000000000000E+00
1.1599530000000000E+00  9.5105700000000004E-01 0.0000000000000000E+00
1.1180340000000000E+00  1.0000000000000000E+00 0.0000000000000000E+00
9.3483200000000000E-01  1.1730680000000000E+00 0.0000000000000000E+00
7.2524000000000000E-01  1.3130219999999999E+00 0.0000000000000000E+00
4.9517499999999998E-01  1.4159100000000000E+00 0.0000000000000000E+00
2.5113200000000002E-01  1.4788280000000000E+00 0.0000000000000000E+00
0.0000000000000000E+00  1.5000000000000000E+00 0.0000000000000000E+00
-2.5113200000000002E-01  1.4788280000000000E+00 0.0000000000000000E+00
-4.9517499999999998E-01  1.4159100000000000E+00 0.0000000000000000E+00
-7.2524000000000000E-01  1.3130219999999999E+00 0.0000000000000000E+00
-9.3483200000000000E-01  1.1730680000000000E+00 0.0000000000000000E+00
-1.1180340000000000E+00  1.0000000000000000E+00 0.0000000000000000E+00
-1.1599530000000000E+00  9.5105700000000004E-01 0.0000000000000000E+00
-1.2631280000000000E+00  8.0901699999999999E-01 0.0000000000000000E+00
-1.3800390000000000E+00  5.8778500000000000E-01 0.0000000000000000E+00
-1.4678240000000000E+00  3.0901699999999999E-01 0.0000000000000000E+00
-1.5000000000000000E+00  0.0000000000000000E+00 0.0000000000000000E+00
1.5000000000000000E+00  0.0000000000000000E+00 5.0000000000000000E+00
1.4678240000000000E+00  3.0901699999999999E-01 5.0000000000000000E+00
1.3800390000000000E+00  5.8778500000000000E-01 5.0000000000000000E+00
1.2631280000000000E+00  8.0901699999999999E-01 5.0000000000000000E+00
1.1599530000000000E+00  9.5105700000000004E-01 5.0000000000000000E+00
1.1180340000000000E+00  1.0000000000000000E+00 5.0000000000000000E+00
9.3483200000000000E-01  1.1730680000000000E+00 5.0000000000000000E+00
7.2524000000000000E-01  1.3130219999999999E+00 5.0000000000000000E+00
4.9517499999999998E-01  1.4159100000000000E+00 5.0000000000000000E+00
2.5113200000000002E-01  1.4788280000000000E+00 5.0000000000000000E+00
0.0000000000000000E+00  1.5000000000000000E+00 5.0000000000000000E+00
-2.5113200000000002E-01  1.4788280000000000E+00 5.0000000000000000E+00
-4.9517499999999998E-01  1.4159100000000000E+00 5.0000000000000000E+00
-7.2524000000000000E-01  1.3130219999999999E+00 5.0000000000000000E+00
-9.3483200000000000E-01  1.1730680000000000E+00 5.0000000000000000E+00
-1.1180340000000000E+00  1.0000000000000000E+00 5.0000000000000000E+00
-1.1599530000000000E+00  9.5105700000000004E-01 5.0000000000000000E+00
-1.2631280000000000E+00  8.0901699999999999E-01 5.0000000000000000E+00
-1.3800390000000000E+00  5.8778500000000000E-01 5.0000000000000000E+00
-1.4678240000000000E+00  3.0901699999999999E-01 5.0000000000000000E+00
-1.5000000000000000E+00  0.0000000000000000E+00 5.0000000000000000E+00
4.0000000000000000E+00  0.0000000000000000E+00 2.0000000000000000E+00
4.0000000000000000E+00  3.0901699999999999E-01 2.0489430000000000E+00
4.0000000000000000E+00  5.8778500000000000E-01 2.1909830000000001E+00
4.0000000000000000E+00  8.0901699999999999E-01 2.4122150000000002E+00
4.0000000000000000E+00  9.5105700000000004E-01 2.6909830000000001E+00
4.0000000000000000E+00  1.0000000000000000E+00 3.0000000000000000E+00
4.0000000000000000E+00  9.5105700000000004E-01 3.3090169999999999E+00
4.0000000000000000E+00  8.0901699999999999E-01 3.5877849999999998E+00
4.0000000000000000E+00  5.8778500000000000E-01 3.8090169999999999E+00
4.0000000000000000E+00  3.0901699999999999E-01 3.9510570000000000E+00
4.0000000000000000E+00  0.0000000000000000E+00 4.0000000000000000E+00
1.5000000000000000E+00  0.0000000000000000E+00 2.0000000000000000E+00
1.4678240000000000E+00  3.0901699999999999E-01 2.0489430000000000E+00
1.3800390000000000E+00  5.8778500000000000E-01 2.1909830000000001E+00
1.2631280000000000E+00  8.0901699999999999E-01 2.4122150000000002E+00
1.1599530000000000E+00  9.5105700000000004E-01 2.6909830000000001E+00
1.1180340000000000E+00  1.0000000000000000E+00 3.0000000000000000E+00
1.1599530000000000E+00  9.5105700000000004E-01 3.3090169999999999E+00
1.2631280000000000E+00  8.0901699999999999E-01 3.5877849999999998E+00
1.3800390000000000E+00  5.8778500000000000E-01 3.8090169999999999E+00
1.4678240000000000E+00  3.0901699999999999E-01 3.9510570000000000E+00
1.5000000000000000E+00  0.0000000000000000E+00 4.0000000000000000E+00
1.1180340000000000E+00  1.0000000000000000E+00 3.3156645784673979E+00
1.5971270682157663E+00  8.0901699999999999E-01 3.5877849999999998E+00
1.6975477594092818E+00  9.5105700000000004E-01 3.3090169999999999E+00
1.7766105869530127E+00  1.0000000000000000E+00 3.0000000000000000E+00
1.3800390000000000E+00  5.8778500000000000E-01 2.0489430000000000E+00
4.9517499999999998E-01  1.4159100000000000E+00 3.0000000000000000E+00
-1.1180340000000000E+00  1.0000000000000000E+00 3.0000000000000000E+00
-1.2631280000000000E+00  8.0901699999999999E-01 3.0000000000000000E+00
9.3483200000000000E-01  1.1730680000000000E+00 3.0000000000000000E+00
-4.9517499999999998E-01  1.4159100000000000E+00 3.0000000000000000E+00
-1.1599530000000000E+00  9.5105700000000004E-01 3.0000000000000000E+00
1.1180340000000000E+00  1.0000000000000000E+00 3.5877849999999998E+00
1.5971270682157663E+00  5.8778500000000000E-01 3.8090169999999999E+00
1.4678240000000000E+00  5.8778500000000000E-01 2.1909830000000001E+00
2.5113200000000002E-01  1.4788280000000000E+00 3.0000000000000000E+00
-2.5113200000000002E-01  1.4788280000000000E+00 3.0000000000000000E+00
1.6370098637805264E+00  8.0901699999999999E-01 2.4122150000000002E+00
3.0000000000000000E+00  3.0901699999999999E-01 2.0489430000000000E+00
9.3483200000000000E-01  1.1730680000000000E+00 3.5877849999999998E+00
1.1180340000000000E+00  1.0000000000000000E+00 2.6843354215326021E+00
1.1599530000000000E+00  9.5105700000000004E-01 2.3615409868186212E+00
0.0000000000000000E+00  1.5000000000000000E+00 3.0000000000000000E+00
3.0000000000000000E+00  5.8778500000000000E-01 2.1909830000000001E+00
-7.2524000000000000E-01  1.3130219999999999E+00 3.0000000000000000E+00
-1.3800390000000000E+00  5.8778500000000000E-01 3.0000000000000000E+00
1.1599530000000000E+00  9.5105700000000004E-01 2.0489430000000000E+00
1.2631280000000000E+00  8.0901699999999999E-01 2.0087463045489153E+00
1.5971270682157663E+00  3.0901699999999999E-01 3.9510570000000000E+00
1.2631280000000000E+00  8.0901699999999999E-01 3.9217840682157661E+00
1.3800390000000000E+00  5.8778500000000000E-01 3.9217840682157661E+00
1.1180340000000000E+00  1.0000000000000000E+00 3.9217840682157661E+00
9.3483200000000000E-01  1.1730680000000000E+00 2.0489430000000000E+00
3.0000000000000000E+00  8.0901699999999999E-01 2.4122150000000002E+00
4.9517499999999998E-01  1.4159100000000000E+00 2.0489430000000000E+00
0.0000000000000000E+00  1.5000000000000000E+00 2.0489430000000000E+00
-7.2524000000000000E-01  1.3130219999999999E+00 2.0489430000000000E+00
-1.1599530000000000E+00  9.5105700000000004E-01 2.0489430000000000E+00
2.5113200000000002E-01  1.4788280000000000E+00 2.0489430000000000E+00
9.3483200000000000E-01  1.1730680000000000E+00 3.9217840682157661E+00
-1.3800390000000000E+00  5.8778500000000000E-01 2.0489430000000000E+00
1.1599530000000000E+00  9.5105700000000004E-01 2.0087463045489153E+00
-9.3483200000000000E-01  1.1730680000000000E+00 2.0489430000000000E+00
-9.3483200000000000E-01  1.1730680000000000E+00 3.0000000000000000E+00
7.2524000000000000E-01  1.3130219999999999E+00 2.0489430000000000E+00
7.2524000000000000E-01  1.3130219999999999E+00 3.5877849999999998E+00
4.9517499999999998E-01  1.4159100000000000E+00 3.5877849999999998E+00
2.5113200000000002E-01  1.4788280000000000E+00 3.5877849999999998E+00
3.0000000000000000E+00  9.5105700000000004E-01 2.6909830000000001E+00
3.0000000000000000E+00  9.5105700000000004E-01 3.3090169999999999E+00
3.0000000000000000E+00  5.8778500000000000E-01 3.8090169999999999E+00
3.0000000000000000E+00  1.0000000000000000E+00 3.0000000000000000E+00
7.2524000000000000E-01  1.3130219999999999E+00 3.9217840682157661E+00
1.8514394446138567E+00  9.5105700000000004E-01 2.6909830000000001E+00
1.1180340000000000E+00  1.0000000000000000E+00 2.0087463045489153E+00
-2.5113200000000002E-01  1.4788280000000000E+00 2.0489430000000000E+00
3.0000000000000000E+00  8.0901699999999999E-01 3.5877849999999998E+00
-1.4678240000000000E+00  3.0901699999999999E-01 2.0489430000000000E+00
-4.9517499999999998E-01  1.4159100000000000E+00 2.0489430000000000E+00
1.1180340000000000E+00  1.0000000000000000E+00 2.3615409868186212E+00
0.0000000000000000E+00  1.5000000000000000E+00 3.5877849999999998E+00
-2.5113200000000002E-01  1.4788280000000000E+00 3.5877849999999998E+00
-4.9517499999999998E-01  1.4159100000000000E+00 3.5877849999999998E+00
-7.2524000000000000E-01  1.3130219999999999E+00 3.5877849999999998E+00
1.1599530000000000E+00  9.5105700000000004E-01 3.9251631674795560E+00
-1.4678240000000000E+00  3.0901699999999999E-01 3.0000000000000000E+00
-1.2631280000000000E+00  8.0901699999999999E-01 2.0489430000000000E+00
-9.3483200000000000E-01  1.1730680000000000E+00 3.5877849999999998E+00
-1.1599530000000000E+00  9.5105700000000004E-01 3.5877849999999998E+00
-1.2631280000000000E+00  8.0901699999999999E-01 3.5877849999999998E+00
-1.3800390000000000E+00  5.8778500000000000E-01 3.5877849999999998E+00
1.1599530000000000E+00  9.5105700000000004E-01 3.5951362367423063E+00
3.0000000000000000E+00  3.0901699999999999E-01 3.9510570000000000E+00
-1.1180340000000000E+00  1.0000000000000000E+00 3.5877849999999998E+00
-1.1180340000000000E+00  1.0000000000000000E+00 2.0489430000000000E+00
7.2524000000000000E-01  1.3130219999999999E+00 3.0000000000000000E+00
3 90 142 143 1
15 16 53 54 1
85 94 97 107 1
15 16 48 49 1
3 30 31 122 1
13 14 41 42 1
5 8 59 98 1
13 40 42 43 1
8 18 71 85 1
11 40 93 130 1
13 14 42 43 1
11 43 111 119 1
1 2 7 20 1
13 40 41 42 1
13 14 46 47 1
4 105 120 137 1
2 95 127 140 1
112 133 134 139 1
13 14 44 45 1
11 83 99 119 1
13 14 43 44 1
13 40 43 44 1
13 16 57 58 1
5 8 98 103 1
4 105 137 145 1
3 96 102 140 1
15 48 140 141 1
15 53 54 148 1
4 37 58 137 1
12 13 39 40 1
7 20 107 121 1
1 7 19 20 1
1 8 17 18 1
12 13 38 39 1
11 14 44 45 1
15 56 57 150 1
13 38 57 58 1
71 72 85 94 1
40 41 93 109 1
7 22 23 134 1
78 82 93 109 1
1 7 8 19 1
13 38 39 57 1
82 83 92 151 1
5 60 61 103 1
8 18 70 71 1
16 50 52 56 1
1 8 18 19 1
11 14 43 44 1
11 13 40 41 1
11 12 13 40 1
11 14 41 42 1
11 14 42 43 1
11 13 14 41 1
10 11 130 136 1
11 14 48 140 1
11 44 119 132 1
11 86 95 127 1
15 16 50 51 1
10 64 129 131 1
7 97 113 133 1
7 19 20 107 1
2 7 20 21 1
2 7 21 22 1
2 7 22 23 1
2 7 23 24 1
3 28 135 138 1
8 70 71 98 1
16 53 54 56 1
11 82 93 130 1
85 94 97 103 1
5 59 60 98 1
5 6 61 103 1
8 71 85 98 1
83 92 99 119 1
11 82 130 136 1
9 10 67 130 1
13 40 46 50 1
8 17 18 70 1
15 16 49 50 1
6 7 128 131 1
7 112 124 133 1
6 10 64 131 1
15 53 148 153 1
97 101 106 107 1
97 100 133 139 1
3 87 147 153 1
72 73 94 107 1
85 97 103 107 1
15 16 56 57 1
77 82 83 151 1
11 41 42 144 1
3 32 117 154 1
97 101 106 139 1
6 63 64 131 1
2 86 114 118 1
7 11 84 131 1
75 81 83 84 1
3 27 28 135 1
15 16 57 150 1
8 59 70 98 1
75 76 81 83 1
11 44 45 132 1
3 90 104 116 1
7 97 133 134 1
15 16 54 55 1
7 84 131 133 1
16 52 53 56 1
73 74 97 101 1
74 84 100 133 1
81 83 92 99 1
3 4 105 120 1
3 88 105 120 1
75 81 84 89 1
3 4 34 146 1
2 3 15 140 1
7 112 133 134 1
5 6 7 103 1
11 42 43 144 1
8 18 19 85 1
11 43 44 119 1
15 52 147 153 1
15 16 52 53 1
13 39 40 56 1
13 39 56 57 1
15 16 55 56 1
40 93 108 110 1
16 50 51 52 1
10 64 65 129 1
13 14 47 48 1
79 93 108 110 1
3 4 145 150 1
4 57 145 150 1
16 54 55 56 1
3 87 91 148 1
15 16 51 52 1
2 11 127 140 1
13 16 50 56 1
11 86 126 127 1
7 97 103 107 1
13 46 49 50 1
76 81 83 92 1
78 93 109 110 1
81 83 89 99 1
6 62 63 128 1
9 67 68 152 1
4 16 57 58 1
77 78 82 109 1
13 16 49 50 1
74 75 84 100 1
83 92 111 119 1
13 16 56 57 1
84 89 133 155 1
83 84 89 99 1
7 23 112 124 1
11 40 41 93 1
75 84 89 100 1
3 90 116 138 1
3 105 145 150 1
97 133 134 139 1
15 55 56 150 1
3 29 116 138 1
13 40 50 56 1
3 104 143 147 1
13 46 47 49 1
2 26 27 115 1
9 12 130 152 1
11 14 47 48 1
39 40 108 152 1
13 15 16 48 1
11 45 46 132 1
13 16 48 49 1
13 47 48 49 1
100 112 133 139 1
3 87 91 117 1
2 25 26 118 1
2 14 15 140 1
15 51 52 147 1
13 14 45 46 1
13 44 45 46 1
4 34 35 120 1
13 40 44 46 1
3 28 29 138 1
8 85 98 103 1
11 43 111 144 1
11 14 46 47 1
11 14 45 46 1
10 11 129 131 1
2 11 86 95 1
13 14 15 48 1
15 48 49 141 1
84 124 133 155 1
2 25 114 118 1
3 88 149 150 1
3 30 116 122 1
72 85 94 107 1
71 85 98 103 1
7 84 124 133 1
3 90 96 135 1
5 60 98 103 1
2 95 102 115 1
2 7 11 86 1
11 82 111 144 1
3 4 120 146 1
11 82 83 136 1
2 7 24 25 1
3 27 115 135 1
7 8 85 103 1
7 24 25 114 1
11 84 125 155 1
11 125 126 132 1
74 97 100 101 1
2 11 14 140 1
84 89 100 133 1
76 77 83 151 1
2 3 27 115 1
14 15 48 140 1
4 58 137 145 1
2 7 25 114 1
7 23 112 134 1
8 19 85 107 1
7 8 19 107 1
3 87 122 123 1
3 15 148 153 1
2 95 115 118 1
3 32 33 117 1
3 104 122 123 1
11 83 84 129 1
4 16 57 150 1
2 95 102 140 1
73 94 97 107 1
5 7 8 103 1
3 31 122 154 1
7 97 121 134 1
2 3 102 140 1
7 97 107 121 1
6 7 11 131 1
3 4 105 145 1
3 104 123 147 1
7 8 85 107 1
97 106 121 134 1
11 83 111 119 1
81 83 84 89 1
3 104 116 122 1
6 61 103 113 1
2 7 86 114 1
7 97 103 113 1
11 83 129 136 1
71 85 94 103 1
3 15 147 153 1
7 85 103 107 1
3 96 140 141 1
12 40 130 152 1
11 41 109 144 1
4 35 36 137 1
82 83 92 111 1
3 90 135 138 1
2 86 95 118 1
9 68 69 152 1
3 88 91 117 1
3 88 105 150 1
11 46 126 132 1
97 100 101 139 1
4 57 58 145 1
3 15 141 142 1
11 82 83 111 1
3 87 148 153 1
78 79 93 110 1
84 89 125 155 1
4 35 120 137 1
40 79 108 110 1
40 93 109 110 1
3 29 30 116 1
11 83 84 125 1
7 21 22 134 1
6 10 11 131 1
11 41 93 109 1
10 11 129 136 1
11 82 93 109 1
73 97 101 107 1
11 83 99 125 1
3 33 117 146 1
4 34 120 146 1
97 106 107 121 1
3 88 117 146 1
11 86 125 126 1
6 62 113 128 1
3 88 120 146 1
7 86 114 124 1
7 24 114 124 1
39 40 79 108 1
6 61 62 113 1
6 7 103 113 1
4 36 37 137 1
11 84 129 131 1
6 63 128 131 1
12 38 39 108 1
39 79 80 108 1
38 39 80 108 1
3 33 34 146 1
12 38 80 108 1
15 50 51 143 1
15 50 142 143 1
84 89 99 125 1
7 20 21 121 1
9 10 11 130 1
2 3 102 115 1
74 97 100 133 1
10 65 129 136 1
3 96 102 115 1
11 12 40 130 1
2 26 115 118 1
83 84 99 125 1
7 23 24 124 1
7 128 131 133 1
7 113 128 133 1
97 106 134 139 1
3 96 115 135 1
3 15 149 150 1
3 90 104 143 1
3 15 142 143 1
15 52 53 153 1
12 80 108 152 1
11 46 126 127 1
15 55 149 150 1
12 69 80 152 1
11 46 47 127 1
3 15 16 150 1
3 4 16 150 1
2 11 95 127 1
10 66 67 130 1
9 11 12 130 1
11 99 119 132 1
6 7 113 128 1
7 21 121 134 1
11 99 125 132 1
3 88 91 148 1
3 31 32 154 1
3 15 140 141 1
77 82 109 151 1
89 112 124 133 1
89 100 112 133 1
3 90 96 141 1
10 66 130 136 1
89 124 133 155 1
10 65 66 136 1
11 82 109 144 1
3 87 123 147 1
11 86 125 155 1
3 15 143 147 1
11 47 48 140 1
11 47 127 140 1
9 67 130 152 1
12 39 40 152 1
15 49 50 142 1
15 49 141 142 1
3 90 141 142 1
15 51 143 147 1
15 54 148 149 1
15 54 55 149 1
3 87 117 154 1
3 88 148 149 1
82 109 144 151 1
3 15 148 149 1
3 87 122 154 1
76 83 92 151 1
82 92 111 151 1
82 111 144 151 1
12 39 108 152 1
9 12 69 152 1
40 93 108 152 1
40 93 130 152 1
7 86 124 155 1
7 84 124 155 1
7 11 84 155 1
7 11 86 155 1
19 1 20 3
3 28 27 3
23 2 24 3
3 27 2 3
18 1 19 3
20 2 21 3
17 1 18 3
20 1 2 3
4 34 3 3
32 31 3 3
2 27 26 3
21 2 22 3
3 29 28 3
40 46 50 3
2 25 24 3
22 2 23 3
42 40 41 3
40 50 56 3
43 44 40 3
35 34 4 3
2 26 25 3
44 46 40 3
43 40 42 3
49 47 48 3
31 30 3 3
11 9 12 3
56 54 55 3
39 56 57 3
50 46 49 3
38 57 58 3
3 30 29 3
10 9 11 3
13 16 15 3
52 50 51 3
56 53 54 3
36 35 4 3
33 32 3 3
34 33 3 3
7 5 6 3
37 36 4 3
40 56 39 3
13 15 14 3
45 46 44 3
39 57 38 3
49 46 47 3
56 52 53 3
56 50 52 3
2 15 3 3
8 5 7 3
7 6 11 3
14 15 2 3
8 1 17 4
11 6 10 3
69 80 12 4
13 12 38 4
58 16 13 4
61 62 6 1
3 16 4 3
9 69 12 4
8 59 5 4
4 16 58 4
15 16 3 3
12 80 38 4
58 13 38 4
14 2 11 3
58 37 4 4
8 70 59 4
17 70 8 4
29 138 28 3
11 2 7 3
47 140 48 3
2 1 7 3
13 11 12 3
14 11 13 3
6 64 10 1
7 1 8 3
5 61 6 1
60 61 5 1
27 135 115 3
59 60 5 1
62 63 6 1
74 100 75 3
95 115 102 3
65 66 10 1
64 65 10 1
66 67 10 1
63 64 6 1
79 108 93 3
10 67 9 1
126 127 46 3
75 84 74 3
100 112 89 3
45 132 46 3
67 68 9 1
68 69 9 1
33 117 32 3
81 99 92 3
137 145 105 3
93 130 82 3
148 153 87 3
113 128 62 3
77 83 76 3
79 110 40 3
71 98 70 3
92 151 76 3
104 147 143 3
23 124 112 3
18 70 17 3
18 71 70 3
19 85 18 3
68 152 69 3
87 123 122 3
30 122 116 3
64 129 65 3
90 116 104 3
38 80 39 3
39 80 79 3
39 79 40 3
88 146 120 3
120 146 34 3
109 110 78 3
40 110 109 3
115 135 96 3
78 82 77 3
21 134 121 3
82 83 77 3
142 143 50 3
73 101 74 3
99 119 92 3
62 128 63 3
88 149 148 3
90 142 141 3
56 150 57 3
59 98 60 3
147 153 52 3
148 149 54 3
73 97 94 3
95 118 115 3
79 93 78 3
107 121 106 3
24 124 23 3
22 134 21 3
86 155 124 3
75 100 89 3
88 150 149 3
74 101 100 3
75 89 81 3
51 147 52 3
97 113 103 3
64 131 129 3
70 98 59 3
28 138 135 3
21 121 20 3
26 118 25 3
43 144 111 3
120 137 105 3
129 131 84 3
83 84 75 3
75 81 76 3
78 93 82 3
72 94 71 3
44 132 45 3
67 152 68 3
71 85 72 3
128 131 63 3
18 85 71 3
76 83 75 3
108 152 93 3
80 108 79 3
91 148 87 3
102 115 96 3
66 136 130 3
115 118 26 3
74 133 97 3
117 146 88 3
89 125 99 3
61 113 62 3
88 120 105 3
25 118 114 3
77 151 109 3
81 92 76 3
65 136 66 3
73 107 101 3
57 145 58 3
78 110 79 3
60 103 61 3
73 94 72 3
31 122 30 3
33 146 117 3
50 143 51 3
71 103 98 3
76 151 77 3
27 115 26 3
74 97 73 3
114 118 86 3
94 103 71 3
89 99 81 3
25 114 24 3
96 141 140 3
98 103 60 3
101 107 106 3
53 153 148 3
97 103 94 3
103 113 61 3
111 119 43 3
91 117 88 3
87 117 91 3
20 121 107 3
114 124 24 3
77 109 78 3
129 136 65 3
122 123 104 3
20 107 19 3
19 107 85 3
85 107 72 3
72 107 73 3
43 119 44 3
40 109 41 3
92 119 111 3
36 137 35 3
58 145 137 3
69 152 80 3
99 132 119 3
86 127 126 3
83 129 84 3
86 118 95 3
84 133 74 3
28 135 27 3
130 136 82 3
96 140 102 3
30 116 29 3
122 154 87 3
34 146 33 3
112 134 23 3
119 132 44 3
135 138 90 3
112 139 134 3
35 120 34 3
143 147 51 3
96 135 90 3
116 122 104 3
32 154 31 3
125 155 86 3
95 140 127 3
86 124 114 3
112 124 89 3
86 126 125 3
46 127 47 3
121 134 106 3
95 127 86 3
102 140 95 3
140 141 48 3
100 139 112 3
63 131 64 3
128 133 131 3
35 137 120 3
116 138 29 3
90 138 116 3
66 130 67 3
125 132 99 3
46 132 126 3
126 132 125 3
131 133 84 3
97 133 113 3
113 133 128 3
23 134 22 3
90 141 96 3
127 140 47 3
82 136 83 3
83 136 129 3
88 148 91 3
58 137 37 3
37 137 36 3
101 139 100 3
134 139 106 3
106 139 101 3
48 141 49 3
141 142 49 3
49 142 50 3
104 143 90 3
90 143 142 3
42 144 43 3
123 147 104 3
55 150 56 3
130 152 67 3
31 154 122 3
93 152 130 3
109 144 41 3
41 144 42 3
87 147 123 3
52 153 53 3
53 148 54 3
54 149 55 3
149 150 55 3
105 150 88 3
57 150 145 3
145 150 105 3
109 151 144 3
144 151 111 3
111 151 92 3
80 152 108 3
87 153 147 3
87 154 117 3
117 154 32 3
89 155 125 3
124 155 89 3
